[2023-06-14T00:14:02.369+0000] {taskinstance.py:1165} INFO - Dependencies all met for <TaskInstance: xcom_dag.processing_tasks.training_model_c scheduled__2023-06-13T00:00:00+00:00 [queued]>
[2023-06-14T00:14:02.423+0000] {taskinstance.py:1165} INFO - Dependencies all met for <TaskInstance: xcom_dag.processing_tasks.training_model_c scheduled__2023-06-13T00:00:00+00:00 [queued]>
[2023-06-14T00:14:02.427+0000] {taskinstance.py:1362} INFO - 
--------------------------------------------------------------------------------
[2023-06-14T00:14:02.431+0000] {taskinstance.py:1363} INFO - Starting attempt 1 of 1
[2023-06-14T00:14:02.434+0000] {taskinstance.py:1364} INFO - 
--------------------------------------------------------------------------------
[2023-06-14T00:14:03.549+0000] {taskinstance.py:1383} INFO - Executing <Task(PythonOperator): processing_tasks.training_model_c> on 2023-06-13 00:00:00+00:00
[2023-06-14T00:14:03.671+0000] {standard_task_runner.py:55} INFO - Started process 1137 to run task
[2023-06-14T00:14:03.881+0000] {standard_task_runner.py:82} INFO - Running: ['***', 'tasks', 'run', 'xcom_dag', 'processing_tasks.training_model_c', 'scheduled__2023-06-13T00:00:00+00:00', '--job-id', '152', '--raw', '--subdir', 'DAGS_FOLDER/xcom_dag.py', '--cfg-path', '/tmp/tmpi26aqu9o']
[2023-06-14T00:14:03.893+0000] {standard_task_runner.py:83} INFO - Job 152: Subtask processing_tasks.training_model_c
[2023-06-14T00:14:04.541+0000] {task_command.py:376} INFO - Running <TaskInstance: xcom_dag.processing_tasks.training_model_c scheduled__2023-06-13T00:00:00+00:00 [running]> on host 5f3b9c67a0bc
[2023-06-14T00:14:04.762+0000] {taskinstance.py:1592} INFO - Exporting the following env vars:
AIRFLOW_CTX_DAG_OWNER=***
AIRFLOW_CTX_DAG_ID=xcom_dag
AIRFLOW_CTX_TASK_ID=processing_tasks.training_model_c
AIRFLOW_CTX_EXECUTION_DATE=2023-06-13T00:00:00+00:00
AIRFLOW_CTX_TRY_NUMBER=1
AIRFLOW_CTX_DAG_RUN_ID=scheduled__2023-06-13T00:00:00+00:00
[2023-06-14T00:14:04.772+0000] {logging_mixin.py:120} INFO - model's accuracy: 4.5307039080281
[2023-06-14T00:14:04.862+0000] {python.py:177} INFO - Done. Returned value was: None
[2023-06-14T00:14:04.988+0000] {taskinstance.py:1406} INFO - Marking task as SUCCESS. dag_id=xcom_dag, task_id=processing_tasks.training_model_c, execution_date=20230613T000000, start_date=20230614T001402, end_date=20230614T001404
[2023-06-14T00:14:05.206+0000] {local_task_job.py:164} INFO - Task exited with return code 0
[2023-06-14T00:14:05.389+0000] {local_task_job.py:273} INFO - 0 downstream tasks scheduled from follow-on schedule check
[2023-06-14T04:38:15.524+0000] {taskinstance.py:1165} INFO - Dependencies all met for <TaskInstance: xcom_dag.processing_tasks.training_model_c scheduled__2023-06-13T00:00:00+00:00 [queued]>
[2023-06-14T04:38:15.533+0000] {taskinstance.py:1165} INFO - Dependencies all met for <TaskInstance: xcom_dag.processing_tasks.training_model_c scheduled__2023-06-13T00:00:00+00:00 [queued]>
[2023-06-14T04:38:15.536+0000] {taskinstance.py:1362} INFO - 
--------------------------------------------------------------------------------
[2023-06-14T04:38:15.537+0000] {taskinstance.py:1363} INFO - Starting attempt 1 of 1
[2023-06-14T04:38:15.538+0000] {taskinstance.py:1364} INFO - 
--------------------------------------------------------------------------------
[2023-06-14T04:38:15.550+0000] {taskinstance.py:1383} INFO - Executing <Task(PythonOperator): processing_tasks.training_model_c> on 2023-06-13 00:00:00+00:00
[2023-06-14T04:38:15.558+0000] {standard_task_runner.py:55} INFO - Started process 401 to run task
[2023-06-14T04:38:15.567+0000] {standard_task_runner.py:82} INFO - Running: ['***', 'tasks', 'run', 'xcom_dag', 'processing_tasks.training_model_c', 'scheduled__2023-06-13T00:00:00+00:00', '--job-id', '16', '--raw', '--subdir', 'DAGS_FOLDER/xcom_dag.py', '--cfg-path', '/tmp/tmplny01fz3']
[2023-06-14T04:38:15.569+0000] {standard_task_runner.py:83} INFO - Job 16: Subtask processing_tasks.training_model_c
[2023-06-14T04:38:15.634+0000] {task_command.py:376} INFO - Running <TaskInstance: xcom_dag.processing_tasks.training_model_c scheduled__2023-06-13T00:00:00+00:00 [running]> on host eccc8785320d
[2023-06-14T04:38:15.695+0000] {taskinstance.py:1592} INFO - Exporting the following env vars:
AIRFLOW_CTX_DAG_OWNER=***
AIRFLOW_CTX_DAG_ID=xcom_dag
AIRFLOW_CTX_TASK_ID=processing_tasks.training_model_c
AIRFLOW_CTX_EXECUTION_DATE=2023-06-13T00:00:00+00:00
AIRFLOW_CTX_TRY_NUMBER=1
AIRFLOW_CTX_DAG_RUN_ID=scheduled__2023-06-13T00:00:00+00:00
[2023-06-14T04:38:15.698+0000] {logging_mixin.py:120} INFO - model's accuracy: 9.583917244325024
[2023-06-14T04:38:15.713+0000] {python.py:177} INFO - Done. Returned value was: None
[2023-06-14T04:38:15.724+0000] {taskinstance.py:1406} INFO - Marking task as SUCCESS. dag_id=xcom_dag, task_id=processing_tasks.training_model_c, execution_date=20230613T000000, start_date=20230614T043815, end_date=20230614T043815
[2023-06-14T04:38:15.777+0000] {local_task_job.py:164} INFO - Task exited with return code 0
[2023-06-14T04:38:15.798+0000] {local_task_job.py:273} INFO - 0 downstream tasks scheduled from follow-on schedule check
