[2023-06-14T00:13:55.067+0000] {taskinstance.py:1165} INFO - Dependencies all met for <TaskInstance: group_dag.downloas.download_b scheduled__2023-06-13T00:00:00+00:00 [queued]>
[2023-06-14T00:13:55.292+0000] {taskinstance.py:1165} INFO - Dependencies all met for <TaskInstance: group_dag.downloas.download_b scheduled__2023-06-13T00:00:00+00:00 [queued]>
[2023-06-14T00:13:55.295+0000] {taskinstance.py:1362} INFO - 
--------------------------------------------------------------------------------
[2023-06-14T00:13:55.297+0000] {taskinstance.py:1363} INFO - Starting attempt 1 of 1
[2023-06-14T00:13:55.302+0000] {taskinstance.py:1364} INFO - 
--------------------------------------------------------------------------------
[2023-06-14T00:13:55.501+0000] {taskinstance.py:1383} INFO - Executing <Task(BashOperator): downloas.download_b> on 2023-06-13 00:00:00+00:00
[2023-06-14T00:13:55.562+0000] {standard_task_runner.py:55} INFO - Started process 1117 to run task
[2023-06-14T00:13:55.716+0000] {standard_task_runner.py:82} INFO - Running: ['***', 'tasks', 'run', 'group_dag', 'downloas.download_b', 'scheduled__2023-06-13T00:00:00+00:00', '--job-id', '142', '--raw', '--subdir', 'DAGS_FOLDER/group_dag.py', '--cfg-path', '/tmp/tmpt4vudy2b']
[2023-06-14T00:13:55.725+0000] {standard_task_runner.py:83} INFO - Job 142: Subtask downloas.download_b
[2023-06-14T00:13:56.179+0000] {task_command.py:376} INFO - Running <TaskInstance: group_dag.downloas.download_b scheduled__2023-06-13T00:00:00+00:00 [running]> on host 5f3b9c67a0bc
[2023-06-14T00:13:56.704+0000] {taskinstance.py:1592} INFO - Exporting the following env vars:
AIRFLOW_CTX_DAG_OWNER=***
AIRFLOW_CTX_DAG_ID=group_dag
AIRFLOW_CTX_TASK_ID=downloas.download_b
AIRFLOW_CTX_EXECUTION_DATE=2023-06-13T00:00:00+00:00
AIRFLOW_CTX_TRY_NUMBER=1
AIRFLOW_CTX_DAG_RUN_ID=scheduled__2023-06-13T00:00:00+00:00
[2023-06-14T00:13:56.709+0000] {subprocess.py:63} INFO - Tmp dir root location: 
 /tmp
[2023-06-14T00:13:56.713+0000] {subprocess.py:75} INFO - Running command: ['/bin/bash', '-c', 'sleep 10']
[2023-06-14T00:13:56.822+0000] {subprocess.py:86} INFO - Output:
[2023-06-14T00:14:06.846+0000] {subprocess.py:97} INFO - Command exited with return code 0
[2023-06-14T00:14:06.998+0000] {taskinstance.py:1406} INFO - Marking task as SUCCESS. dag_id=group_dag, task_id=downloas.download_b, execution_date=20230613T000000, start_date=20230614T001355, end_date=20230614T001406
[2023-06-14T00:14:07.131+0000] {local_task_job.py:164} INFO - Task exited with return code 0
[2023-06-14T00:14:07.233+0000] {local_task_job.py:273} INFO - 0 downstream tasks scheduled from follow-on schedule check
[2023-06-14T04:38:09.853+0000] {taskinstance.py:1165} INFO - Dependencies all met for <TaskInstance: group_dag.downloas.download_b scheduled__2023-06-13T00:00:00+00:00 [queued]>
[2023-06-14T04:38:09.896+0000] {taskinstance.py:1165} INFO - Dependencies all met for <TaskInstance: group_dag.downloas.download_b scheduled__2023-06-13T00:00:00+00:00 [queued]>
[2023-06-14T04:38:09.897+0000] {taskinstance.py:1362} INFO - 
--------------------------------------------------------------------------------
[2023-06-14T04:38:09.900+0000] {taskinstance.py:1363} INFO - Starting attempt 1 of 1
[2023-06-14T04:38:09.905+0000] {taskinstance.py:1364} INFO - 
--------------------------------------------------------------------------------
[2023-06-14T04:38:09.954+0000] {taskinstance.py:1383} INFO - Executing <Task(BashOperator): downloas.download_b> on 2023-06-13 00:00:00+00:00
[2023-06-14T04:38:09.969+0000] {standard_task_runner.py:55} INFO - Started process 375 to run task
[2023-06-14T04:38:10.000+0000] {standard_task_runner.py:82} INFO - Running: ['***', 'tasks', 'run', 'group_dag', 'downloas.download_b', 'scheduled__2023-06-13T00:00:00+00:00', '--job-id', '7', '--raw', '--subdir', 'DAGS_FOLDER/group_dag.py', '--cfg-path', '/tmp/tmpsk2t7rw8']
[2023-06-14T04:38:10.004+0000] {standard_task_runner.py:83} INFO - Job 7: Subtask downloas.download_b
[2023-06-14T04:38:10.181+0000] {task_command.py:376} INFO - Running <TaskInstance: group_dag.downloas.download_b scheduled__2023-06-13T00:00:00+00:00 [running]> on host eccc8785320d
[2023-06-14T04:38:10.355+0000] {taskinstance.py:1592} INFO - Exporting the following env vars:
AIRFLOW_CTX_DAG_OWNER=***
AIRFLOW_CTX_DAG_ID=group_dag
AIRFLOW_CTX_TASK_ID=downloas.download_b
AIRFLOW_CTX_EXECUTION_DATE=2023-06-13T00:00:00+00:00
AIRFLOW_CTX_TRY_NUMBER=1
AIRFLOW_CTX_DAG_RUN_ID=scheduled__2023-06-13T00:00:00+00:00
[2023-06-14T04:38:10.363+0000] {subprocess.py:63} INFO - Tmp dir root location: 
 /tmp
[2023-06-14T04:38:10.364+0000] {subprocess.py:75} INFO - Running command: ['/bin/bash', '-c', 'sleep 10']
[2023-06-14T04:38:10.416+0000] {subprocess.py:86} INFO - Output:
[2023-06-14T04:38:20.460+0000] {subprocess.py:97} INFO - Command exited with return code 0
[2023-06-14T04:38:20.489+0000] {taskinstance.py:1406} INFO - Marking task as SUCCESS. dag_id=group_dag, task_id=downloas.download_b, execution_date=20230613T000000, start_date=20230614T043809, end_date=20230614T043820
[2023-06-14T04:38:20.530+0000] {local_task_job.py:164} INFO - Task exited with return code 0
[2023-06-14T04:38:20.553+0000] {local_task_job.py:273} INFO - 0 downstream tasks scheduled from follow-on schedule check
