[2023-06-11T00:19:34.717+0000] {processor.py:154} INFO - Started process (PID=3248) to work on /opt/airflow/dags/producer.py
[2023-06-11T00:19:34.729+0000] {processor.py:756} INFO - Processing file /opt/airflow/dags/producer.py for tasks to queue
[2023-06-11T00:19:34.731+0000] {logging_mixin.py:120} INFO - [2023-06-11T00:19:34.731+0000] {dagbag.py:537} INFO - Filling up the DagBag from /opt/airflow/dags/producer.py
[2023-06-11T00:19:34.831+0000] {processor.py:766} INFO - DAG(s) dict_keys(['a_producer']) retrieved from /opt/airflow/dags/producer.py
[2023-06-11T00:19:35.034+0000] {logging_mixin.py:120} INFO - [2023-06-11T00:19:35.034+0000] {dag.py:2585} INFO - Sync 1 DAGs
[2023-06-11T00:19:35.118+0000] {logging_mixin.py:120} INFO - [2023-06-11T00:19:35.118+0000] {dag.py:3340} INFO - Setting next_dagrun for a_producer to 2023-06-11T00:00:00+00:00, run_after=2023-06-12T00:00:00+00:00
[2023-06-11T00:19:35.169+0000] {processor.py:176} INFO - Processing /opt/airflow/dags/producer.py took 0.456 seconds
[2023-06-11T01:40:55.127+0000] {processor.py:154} INFO - Started process (PID=3287) to work on /opt/airflow/dags/producer.py
[2023-06-11T01:40:55.134+0000] {processor.py:756} INFO - Processing file /opt/airflow/dags/producer.py for tasks to queue
[2023-06-11T01:40:55.138+0000] {logging_mixin.py:120} INFO - [2023-06-11T01:40:55.137+0000] {dagbag.py:537} INFO - Filling up the DagBag from /opt/airflow/dags/producer.py
[2023-06-11T01:40:55.246+0000] {processor.py:766} INFO - DAG(s) dict_keys(['a_producer']) retrieved from /opt/airflow/dags/producer.py
[2023-06-11T01:40:55.410+0000] {logging_mixin.py:120} INFO - [2023-06-11T01:40:55.409+0000] {dag.py:2585} INFO - Sync 1 DAGs
[2023-06-11T01:40:55.474+0000] {logging_mixin.py:120} INFO - [2023-06-11T01:40:55.473+0000] {dag.py:3340} INFO - Setting next_dagrun for a_producer to 2023-06-11T00:00:00+00:00, run_after=2023-06-12T00:00:00+00:00
[2023-06-11T01:40:55.551+0000] {processor.py:176} INFO - Processing /opt/airflow/dags/producer.py took 0.429 seconds
[2023-06-11T02:34:53.370+0000] {processor.py:154} INFO - Started process (PID=3309) to work on /opt/airflow/dags/producer.py
[2023-06-11T02:34:53.386+0000] {processor.py:756} INFO - Processing file /opt/airflow/dags/producer.py for tasks to queue
[2023-06-11T02:34:53.392+0000] {logging_mixin.py:120} INFO - [2023-06-11T02:34:53.392+0000] {dagbag.py:537} INFO - Filling up the DagBag from /opt/airflow/dags/producer.py
[2023-06-11T02:34:53.496+0000] {processor.py:766} INFO - DAG(s) dict_keys(['a_producer']) retrieved from /opt/airflow/dags/producer.py
[2023-06-11T02:34:53.612+0000] {logging_mixin.py:120} INFO - [2023-06-11T02:34:53.611+0000] {dag.py:2585} INFO - Sync 1 DAGs
[2023-06-11T02:34:53.661+0000] {logging_mixin.py:120} INFO - [2023-06-11T02:34:53.661+0000] {dag.py:3340} INFO - Setting next_dagrun for a_producer to 2023-06-11T00:00:00+00:00, run_after=2023-06-12T00:00:00+00:00
[2023-06-11T02:34:53.707+0000] {processor.py:176} INFO - Processing /opt/airflow/dags/producer.py took 0.344 seconds
[2023-06-11T03:58:53.009+0000] {processor.py:154} INFO - Started process (PID=3340) to work on /opt/airflow/dags/producer.py
[2023-06-11T03:58:53.012+0000] {processor.py:756} INFO - Processing file /opt/airflow/dags/producer.py for tasks to queue
[2023-06-11T03:58:53.015+0000] {logging_mixin.py:120} INFO - [2023-06-11T03:58:53.015+0000] {dagbag.py:537} INFO - Filling up the DagBag from /opt/airflow/dags/producer.py
[2023-06-11T03:58:53.076+0000] {processor.py:766} INFO - DAG(s) dict_keys(['a_producer']) retrieved from /opt/airflow/dags/producer.py
[2023-06-11T03:58:53.167+0000] {logging_mixin.py:120} INFO - [2023-06-11T03:58:53.167+0000] {dag.py:2585} INFO - Sync 1 DAGs
[2023-06-11T03:58:53.215+0000] {logging_mixin.py:120} INFO - [2023-06-11T03:58:53.214+0000] {dag.py:3340} INFO - Setting next_dagrun for a_producer to 2023-06-11T00:00:00+00:00, run_after=2023-06-12T00:00:00+00:00
[2023-06-11T03:58:53.262+0000] {processor.py:176} INFO - Processing /opt/airflow/dags/producer.py took 0.256 seconds
[2023-06-11T04:57:47.507+0000] {processor.py:154} INFO - Started process (PID=3371) to work on /opt/airflow/dags/producer.py
[2023-06-11T04:57:47.516+0000] {processor.py:756} INFO - Processing file /opt/airflow/dags/producer.py for tasks to queue
[2023-06-11T04:57:47.521+0000] {logging_mixin.py:120} INFO - [2023-06-11T04:57:47.520+0000] {dagbag.py:537} INFO - Filling up the DagBag from /opt/airflow/dags/producer.py
[2023-06-11T04:57:47.623+0000] {processor.py:766} INFO - DAG(s) dict_keys(['a_producer']) retrieved from /opt/airflow/dags/producer.py
[2023-06-11T04:57:47.762+0000] {logging_mixin.py:120} INFO - [2023-06-11T04:57:47.762+0000] {dag.py:2585} INFO - Sync 1 DAGs
[2023-06-11T04:57:47.814+0000] {logging_mixin.py:120} INFO - [2023-06-11T04:57:47.814+0000] {dag.py:3340} INFO - Setting next_dagrun for a_producer to 2023-06-11T00:00:00+00:00, run_after=2023-06-12T00:00:00+00:00
[2023-06-11T04:57:47.862+0000] {processor.py:176} INFO - Processing /opt/airflow/dags/producer.py took 0.378 seconds
[2023-06-11T05:01:54.765+0000] {processor.py:154} INFO - Started process (PID=3393) to work on /opt/airflow/dags/producer.py
[2023-06-11T05:01:54.769+0000] {processor.py:756} INFO - Processing file /opt/airflow/dags/producer.py for tasks to queue
[2023-06-11T05:01:54.772+0000] {logging_mixin.py:120} INFO - [2023-06-11T05:01:54.771+0000] {dagbag.py:537} INFO - Filling up the DagBag from /opt/airflow/dags/producer.py
[2023-06-11T05:01:54.838+0000] {processor.py:766} INFO - DAG(s) dict_keys(['a_producer']) retrieved from /opt/airflow/dags/producer.py
[2023-06-11T05:01:54.937+0000] {logging_mixin.py:120} INFO - [2023-06-11T05:01:54.937+0000] {dag.py:2585} INFO - Sync 1 DAGs
[2023-06-11T05:01:54.997+0000] {logging_mixin.py:120} INFO - [2023-06-11T05:01:54.993+0000] {dag.py:3340} INFO - Setting next_dagrun for a_producer to 2023-06-11T00:00:00+00:00, run_after=2023-06-12T00:00:00+00:00
[2023-06-11T05:01:55.049+0000] {processor.py:176} INFO - Processing /opt/airflow/dags/producer.py took 0.290 seconds
[2023-06-11T05:11:23.136+0000] {processor.py:154} INFO - Started process (PID=3425) to work on /opt/airflow/dags/producer.py
[2023-06-11T05:11:23.138+0000] {processor.py:756} INFO - Processing file /opt/airflow/dags/producer.py for tasks to queue
[2023-06-11T05:11:23.140+0000] {logging_mixin.py:120} INFO - [2023-06-11T05:11:23.140+0000] {dagbag.py:537} INFO - Filling up the DagBag from /opt/airflow/dags/producer.py
[2023-06-11T05:11:23.171+0000] {processor.py:766} INFO - DAG(s) dict_keys(['a_producer']) retrieved from /opt/airflow/dags/producer.py
[2023-06-11T05:11:23.218+0000] {logging_mixin.py:120} INFO - [2023-06-11T05:11:23.218+0000] {dag.py:2585} INFO - Sync 1 DAGs
[2023-06-11T05:11:23.241+0000] {logging_mixin.py:120} INFO - [2023-06-11T05:11:23.240+0000] {dag.py:3340} INFO - Setting next_dagrun for a_producer to 2023-06-11T00:00:00+00:00, run_after=2023-06-12T00:00:00+00:00
[2023-06-11T05:11:23.259+0000] {processor.py:176} INFO - Processing /opt/airflow/dags/producer.py took 0.125 seconds
[2023-06-11T05:17:02.315+0000] {processor.py:154} INFO - Started process (PID=3456) to work on /opt/airflow/dags/producer.py
[2023-06-11T05:17:02.320+0000] {processor.py:756} INFO - Processing file /opt/airflow/dags/producer.py for tasks to queue
[2023-06-11T05:17:02.325+0000] {logging_mixin.py:120} INFO - [2023-06-11T05:17:02.325+0000] {dagbag.py:537} INFO - Filling up the DagBag from /opt/airflow/dags/producer.py
[2023-06-11T05:17:02.496+0000] {processor.py:766} INFO - DAG(s) dict_keys(['a_producer']) retrieved from /opt/airflow/dags/producer.py
[2023-06-11T05:17:02.652+0000] {logging_mixin.py:120} INFO - [2023-06-11T05:17:02.652+0000] {dag.py:2585} INFO - Sync 1 DAGs
[2023-06-11T05:17:02.712+0000] {logging_mixin.py:120} INFO - [2023-06-11T05:17:02.711+0000] {dag.py:3340} INFO - Setting next_dagrun for a_producer to 2023-06-11T00:00:00+00:00, run_after=2023-06-12T00:00:00+00:00
[2023-06-11T05:17:02.738+0000] {processor.py:176} INFO - Processing /opt/airflow/dags/producer.py took 0.432 seconds
[2023-06-11T05:31:12.757+0000] {processor.py:154} INFO - Started process (PID=3488) to work on /opt/airflow/dags/producer.py
[2023-06-11T05:31:12.768+0000] {processor.py:756} INFO - Processing file /opt/airflow/dags/producer.py for tasks to queue
[2023-06-11T05:31:12.771+0000] {logging_mixin.py:120} INFO - [2023-06-11T05:31:12.771+0000] {dagbag.py:537} INFO - Filling up the DagBag from /opt/airflow/dags/producer.py
[2023-06-11T05:31:12.867+0000] {processor.py:766} INFO - DAG(s) dict_keys(['a_producer']) retrieved from /opt/airflow/dags/producer.py
[2023-06-11T05:31:12.984+0000] {logging_mixin.py:120} INFO - [2023-06-11T05:31:12.984+0000] {dag.py:2585} INFO - Sync 1 DAGs
[2023-06-11T05:31:13.032+0000] {logging_mixin.py:120} INFO - [2023-06-11T05:31:13.032+0000] {dag.py:3340} INFO - Setting next_dagrun for a_producer to 2023-06-11T00:00:00+00:00, run_after=2023-06-12T00:00:00+00:00
[2023-06-11T05:31:13.064+0000] {processor.py:176} INFO - Processing /opt/airflow/dags/producer.py took 0.317 seconds
[2023-06-11T06:04:27.531+0000] {processor.py:154} INFO - Started process (PID=3511) to work on /opt/airflow/dags/producer.py
[2023-06-11T06:04:27.552+0000] {processor.py:756} INFO - Processing file /opt/airflow/dags/producer.py for tasks to queue
[2023-06-11T06:04:27.555+0000] {logging_mixin.py:120} INFO - [2023-06-11T06:04:27.555+0000] {dagbag.py:537} INFO - Filling up the DagBag from /opt/airflow/dags/producer.py
[2023-06-11T06:04:27.708+0000] {processor.py:766} INFO - DAG(s) dict_keys(['a_producer']) retrieved from /opt/airflow/dags/producer.py
[2023-06-11T06:04:27.801+0000] {logging_mixin.py:120} INFO - [2023-06-11T06:04:27.801+0000] {dag.py:2585} INFO - Sync 1 DAGs
[2023-06-11T06:04:27.837+0000] {logging_mixin.py:120} INFO - [2023-06-11T06:04:27.837+0000] {dag.py:3340} INFO - Setting next_dagrun for a_producer to 2023-06-11T00:00:00+00:00, run_after=2023-06-12T00:00:00+00:00
[2023-06-11T06:04:27.872+0000] {processor.py:176} INFO - Processing /opt/airflow/dags/producer.py took 0.345 seconds
[2023-06-11T07:16:53.593+0000] {processor.py:154} INFO - Started process (PID=3542) to work on /opt/airflow/dags/producer.py
[2023-06-11T07:16:53.603+0000] {processor.py:756} INFO - Processing file /opt/airflow/dags/producer.py for tasks to queue
[2023-06-11T07:16:53.611+0000] {logging_mixin.py:120} INFO - [2023-06-11T07:16:53.611+0000] {dagbag.py:537} INFO - Filling up the DagBag from /opt/airflow/dags/producer.py
[2023-06-11T07:16:53.666+0000] {processor.py:766} INFO - DAG(s) dict_keys(['a_producer']) retrieved from /opt/airflow/dags/producer.py
[2023-06-11T07:16:53.746+0000] {logging_mixin.py:120} INFO - [2023-06-11T07:16:53.746+0000] {dag.py:2585} INFO - Sync 1 DAGs
[2023-06-11T07:16:53.798+0000] {logging_mixin.py:120} INFO - [2023-06-11T07:16:53.798+0000] {dag.py:3340} INFO - Setting next_dagrun for a_producer to 2023-06-11T00:00:00+00:00, run_after=2023-06-12T00:00:00+00:00
[2023-06-11T07:16:53.835+0000] {processor.py:176} INFO - Processing /opt/airflow/dags/producer.py took 0.247 seconds
[2023-06-11T07:47:47.038+0000] {processor.py:154} INFO - Started process (PID=3573) to work on /opt/airflow/dags/producer.py
[2023-06-11T07:47:47.043+0000] {processor.py:756} INFO - Processing file /opt/airflow/dags/producer.py for tasks to queue
[2023-06-11T07:47:47.047+0000] {logging_mixin.py:120} INFO - [2023-06-11T07:47:47.047+0000] {dagbag.py:537} INFO - Filling up the DagBag from /opt/airflow/dags/producer.py
[2023-06-11T07:47:47.137+0000] {processor.py:766} INFO - DAG(s) dict_keys(['a_producer']) retrieved from /opt/airflow/dags/producer.py
[2023-06-11T07:47:47.229+0000] {logging_mixin.py:120} INFO - [2023-06-11T07:47:47.229+0000] {dag.py:2585} INFO - Sync 1 DAGs
[2023-06-11T07:47:47.295+0000] {logging_mixin.py:120} INFO - [2023-06-11T07:47:47.295+0000] {dag.py:3340} INFO - Setting next_dagrun for a_producer to 2023-06-11T00:00:00+00:00, run_after=2023-06-12T00:00:00+00:00
[2023-06-11T07:47:47.365+0000] {processor.py:176} INFO - Processing /opt/airflow/dags/producer.py took 0.340 seconds
[2023-06-11T08:19:24.685+0000] {processor.py:154} INFO - Started process (PID=3603) to work on /opt/airflow/dags/producer.py
[2023-06-11T08:19:24.687+0000] {processor.py:756} INFO - Processing file /opt/airflow/dags/producer.py for tasks to queue
[2023-06-11T08:19:24.701+0000] {logging_mixin.py:120} INFO - [2023-06-11T08:19:24.700+0000] {dagbag.py:537} INFO - Filling up the DagBag from /opt/airflow/dags/producer.py
[2023-06-11T08:19:24.733+0000] {processor.py:766} INFO - DAG(s) dict_keys(['a_producer']) retrieved from /opt/airflow/dags/producer.py
[2023-06-11T08:19:24.776+0000] {logging_mixin.py:120} INFO - [2023-06-11T08:19:24.776+0000] {dag.py:2585} INFO - Sync 1 DAGs
[2023-06-11T08:19:24.796+0000] {logging_mixin.py:120} INFO - [2023-06-11T08:19:24.796+0000] {dag.py:3340} INFO - Setting next_dagrun for a_producer to 2023-06-11T00:00:00+00:00, run_after=2023-06-12T00:00:00+00:00
[2023-06-11T08:19:24.812+0000] {processor.py:176} INFO - Processing /opt/airflow/dags/producer.py took 0.132 seconds
[2023-06-11T08:20:14.160+0000] {processor.py:154} INFO - Started process (PID=3625) to work on /opt/airflow/dags/producer.py
[2023-06-11T08:20:14.163+0000] {processor.py:756} INFO - Processing file /opt/airflow/dags/producer.py for tasks to queue
[2023-06-11T08:20:14.164+0000] {logging_mixin.py:120} INFO - [2023-06-11T08:20:14.164+0000] {dagbag.py:537} INFO - Filling up the DagBag from /opt/airflow/dags/producer.py
[2023-06-11T08:20:14.186+0000] {processor.py:766} INFO - DAG(s) dict_keys(['a_producer']) retrieved from /opt/airflow/dags/producer.py
[2023-06-11T08:20:14.225+0000] {logging_mixin.py:120} INFO - [2023-06-11T08:20:14.224+0000] {dag.py:2585} INFO - Sync 1 DAGs
[2023-06-11T08:20:14.245+0000] {logging_mixin.py:120} INFO - [2023-06-11T08:20:14.245+0000] {dag.py:3340} INFO - Setting next_dagrun for a_producer to 2023-06-11T00:00:00+00:00, run_after=2023-06-12T00:00:00+00:00
[2023-06-11T08:20:14.261+0000] {processor.py:176} INFO - Processing /opt/airflow/dags/producer.py took 0.105 seconds
[2023-06-11T09:15:58.346+0000] {processor.py:154} INFO - Started process (PID=3656) to work on /opt/airflow/dags/producer.py
[2023-06-11T09:15:58.351+0000] {processor.py:756} INFO - Processing file /opt/airflow/dags/producer.py for tasks to queue
[2023-06-11T09:15:58.357+0000] {logging_mixin.py:120} INFO - [2023-06-11T09:15:58.356+0000] {dagbag.py:537} INFO - Filling up the DagBag from /opt/airflow/dags/producer.py
[2023-06-11T09:15:58.447+0000] {processor.py:766} INFO - DAG(s) dict_keys(['a_producer']) retrieved from /opt/airflow/dags/producer.py
[2023-06-11T09:15:58.605+0000] {logging_mixin.py:120} INFO - [2023-06-11T09:15:58.605+0000] {dag.py:2585} INFO - Sync 1 DAGs
[2023-06-11T09:15:58.661+0000] {logging_mixin.py:120} INFO - [2023-06-11T09:15:58.661+0000] {dag.py:3340} INFO - Setting next_dagrun for a_producer to 2023-06-11T00:00:00+00:00, run_after=2023-06-12T00:00:00+00:00
[2023-06-11T09:15:58.724+0000] {processor.py:176} INFO - Processing /opt/airflow/dags/producer.py took 0.385 seconds
[2023-06-11T10:18:49.506+0000] {processor.py:154} INFO - Started process (PID=3686) to work on /opt/airflow/dags/producer.py
[2023-06-11T10:18:49.512+0000] {processor.py:756} INFO - Processing file /opt/airflow/dags/producer.py for tasks to queue
[2023-06-11T10:18:49.519+0000] {logging_mixin.py:120} INFO - [2023-06-11T10:18:49.519+0000] {dagbag.py:537} INFO - Filling up the DagBag from /opt/airflow/dags/producer.py
[2023-06-11T10:18:49.631+0000] {processor.py:766} INFO - DAG(s) dict_keys(['a_producer']) retrieved from /opt/airflow/dags/producer.py
[2023-06-11T10:18:49.750+0000] {logging_mixin.py:120} INFO - [2023-06-11T10:18:49.750+0000] {dag.py:2585} INFO - Sync 1 DAGs
[2023-06-11T10:18:49.807+0000] {logging_mixin.py:120} INFO - [2023-06-11T10:18:49.807+0000] {dag.py:3340} INFO - Setting next_dagrun for a_producer to 2023-06-11T00:00:00+00:00, run_after=2023-06-12T00:00:00+00:00
[2023-06-11T10:18:49.862+0000] {processor.py:176} INFO - Processing /opt/airflow/dags/producer.py took 0.373 seconds
[2023-06-11T11:39:52.847+0000] {processor.py:154} INFO - Started process (PID=3716) to work on /opt/airflow/dags/producer.py
[2023-06-11T11:39:52.857+0000] {processor.py:756} INFO - Processing file /opt/airflow/dags/producer.py for tasks to queue
[2023-06-11T11:39:52.866+0000] {logging_mixin.py:120} INFO - [2023-06-11T11:39:52.865+0000] {dagbag.py:537} INFO - Filling up the DagBag from /opt/airflow/dags/producer.py
[2023-06-11T11:39:53.012+0000] {processor.py:766} INFO - DAG(s) dict_keys(['a_producer']) retrieved from /opt/airflow/dags/producer.py
[2023-06-11T11:39:53.262+0000] {logging_mixin.py:120} INFO - [2023-06-11T11:39:53.262+0000] {dag.py:2585} INFO - Sync 1 DAGs
[2023-06-11T11:39:53.731+0000] {logging_mixin.py:120} INFO - [2023-06-11T11:39:53.731+0000] {dag.py:3340} INFO - Setting next_dagrun for a_producer to 2023-06-11T00:00:00+00:00, run_after=2023-06-12T00:00:00+00:00
[2023-06-11T11:39:53.966+0000] {processor.py:176} INFO - Processing /opt/airflow/dags/producer.py took 1.147 seconds
[2023-06-11T13:00:12.881+0000] {processor.py:154} INFO - Started process (PID=3741) to work on /opt/airflow/dags/producer.py
[2023-06-11T13:00:12.893+0000] {processor.py:756} INFO - Processing file /opt/airflow/dags/producer.py for tasks to queue
[2023-06-11T13:00:12.898+0000] {logging_mixin.py:120} INFO - [2023-06-11T13:00:12.897+0000] {dagbag.py:537} INFO - Filling up the DagBag from /opt/airflow/dags/producer.py
[2023-06-11T13:00:12.978+0000] {processor.py:766} INFO - DAG(s) dict_keys(['a_producer']) retrieved from /opt/airflow/dags/producer.py
[2023-06-11T13:00:13.083+0000] {logging_mixin.py:120} INFO - [2023-06-11T13:00:13.083+0000] {dag.py:2585} INFO - Sync 1 DAGs
[2023-06-11T13:00:13.140+0000] {logging_mixin.py:120} INFO - [2023-06-11T13:00:13.140+0000] {dag.py:3340} INFO - Setting next_dagrun for a_producer to 2023-06-11T00:00:00+00:00, run_after=2023-06-12T00:00:00+00:00
[2023-06-11T13:00:13.200+0000] {processor.py:176} INFO - Processing /opt/airflow/dags/producer.py took 0.330 seconds
[2023-06-11T14:23:07.852+0000] {processor.py:154} INFO - Started process (PID=3772) to work on /opt/airflow/dags/producer.py
[2023-06-11T14:23:07.856+0000] {processor.py:756} INFO - Processing file /opt/airflow/dags/producer.py for tasks to queue
[2023-06-11T14:23:07.859+0000] {logging_mixin.py:120} INFO - [2023-06-11T14:23:07.858+0000] {dagbag.py:537} INFO - Filling up the DagBag from /opt/airflow/dags/producer.py
[2023-06-11T14:23:07.923+0000] {processor.py:766} INFO - DAG(s) dict_keys(['a_producer']) retrieved from /opt/airflow/dags/producer.py
[2023-06-11T14:23:08.035+0000] {logging_mixin.py:120} INFO - [2023-06-11T14:23:08.034+0000] {dag.py:2585} INFO - Sync 1 DAGs
[2023-06-11T14:23:08.108+0000] {logging_mixin.py:120} INFO - [2023-06-11T14:23:08.108+0000] {dag.py:3340} INFO - Setting next_dagrun for a_producer to 2023-06-11T00:00:00+00:00, run_after=2023-06-12T00:00:00+00:00
[2023-06-11T14:23:08.158+0000] {processor.py:176} INFO - Processing /opt/airflow/dags/producer.py took 0.318 seconds
[2023-06-11T15:49:02.845+0000] {processor.py:154} INFO - Started process (PID=3803) to work on /opt/airflow/dags/producer.py
[2023-06-11T15:49:02.854+0000] {processor.py:756} INFO - Processing file /opt/airflow/dags/producer.py for tasks to queue
[2023-06-11T15:49:02.865+0000] {logging_mixin.py:120} INFO - [2023-06-11T15:49:02.864+0000] {dagbag.py:537} INFO - Filling up the DagBag from /opt/airflow/dags/producer.py
[2023-06-11T15:49:02.956+0000] {processor.py:766} INFO - DAG(s) dict_keys(['a_producer']) retrieved from /opt/airflow/dags/producer.py
[2023-06-11T15:49:03.067+0000] {logging_mixin.py:120} INFO - [2023-06-11T15:49:03.067+0000] {dag.py:2585} INFO - Sync 1 DAGs
[2023-06-11T15:49:03.122+0000] {logging_mixin.py:120} INFO - [2023-06-11T15:49:03.122+0000] {dag.py:3340} INFO - Setting next_dagrun for a_producer to 2023-06-11T00:00:00+00:00, run_after=2023-06-12T00:00:00+00:00
[2023-06-11T15:49:03.164+0000] {processor.py:176} INFO - Processing /opt/airflow/dags/producer.py took 0.326 seconds
[2023-06-11T16:45:07.319+0000] {processor.py:154} INFO - Started process (PID=3825) to work on /opt/airflow/dags/producer.py
[2023-06-11T16:45:07.328+0000] {processor.py:756} INFO - Processing file /opt/airflow/dags/producer.py for tasks to queue
[2023-06-11T16:45:07.335+0000] {logging_mixin.py:120} INFO - [2023-06-11T16:45:07.335+0000] {dagbag.py:537} INFO - Filling up the DagBag from /opt/airflow/dags/producer.py
[2023-06-11T16:45:07.462+0000] {processor.py:766} INFO - DAG(s) dict_keys(['a_producer']) retrieved from /opt/airflow/dags/producer.py
[2023-06-11T16:45:07.607+0000] {logging_mixin.py:120} INFO - [2023-06-11T16:45:07.606+0000] {dag.py:2585} INFO - Sync 1 DAGs
[2023-06-11T16:45:07.654+0000] {logging_mixin.py:120} INFO - [2023-06-11T16:45:07.654+0000] {dag.py:3340} INFO - Setting next_dagrun for a_producer to 2023-06-11T00:00:00+00:00, run_after=2023-06-12T00:00:00+00:00
[2023-06-11T16:45:07.718+0000] {processor.py:176} INFO - Processing /opt/airflow/dags/producer.py took 0.415 seconds
[2023-06-11T18:12:08.811+0000] {processor.py:154} INFO - Started process (PID=3856) to work on /opt/airflow/dags/producer.py
[2023-06-11T18:12:08.815+0000] {processor.py:756} INFO - Processing file /opt/airflow/dags/producer.py for tasks to queue
[2023-06-11T18:12:08.820+0000] {logging_mixin.py:120} INFO - [2023-06-11T18:12:08.820+0000] {dagbag.py:537} INFO - Filling up the DagBag from /opt/airflow/dags/producer.py
[2023-06-11T18:12:08.934+0000] {processor.py:766} INFO - DAG(s) dict_keys(['a_producer']) retrieved from /opt/airflow/dags/producer.py
[2023-06-11T18:12:09.063+0000] {logging_mixin.py:120} INFO - [2023-06-11T18:12:09.063+0000] {dag.py:2585} INFO - Sync 1 DAGs
[2023-06-11T18:12:09.195+0000] {logging_mixin.py:120} INFO - [2023-06-11T18:12:09.195+0000] {dag.py:3340} INFO - Setting next_dagrun for a_producer to 2023-06-11T00:00:00+00:00, run_after=2023-06-12T00:00:00+00:00
[2023-06-11T18:12:09.233+0000] {processor.py:176} INFO - Processing /opt/airflow/dags/producer.py took 0.429 seconds
[2023-06-11T19:20:40.367+0000] {processor.py:154} INFO - Started process (PID=3886) to work on /opt/airflow/dags/producer.py
[2023-06-11T19:20:40.370+0000] {processor.py:756} INFO - Processing file /opt/airflow/dags/producer.py for tasks to queue
[2023-06-11T19:20:40.374+0000] {logging_mixin.py:120} INFO - [2023-06-11T19:20:40.374+0000] {dagbag.py:537} INFO - Filling up the DagBag from /opt/airflow/dags/producer.py
[2023-06-11T19:20:40.434+0000] {processor.py:766} INFO - DAG(s) dict_keys(['a_producer']) retrieved from /opt/airflow/dags/producer.py
[2023-06-11T19:20:40.507+0000] {logging_mixin.py:120} INFO - [2023-06-11T19:20:40.507+0000] {dag.py:2585} INFO - Sync 1 DAGs
[2023-06-11T19:20:40.562+0000] {logging_mixin.py:120} INFO - [2023-06-11T19:20:40.562+0000] {dag.py:3340} INFO - Setting next_dagrun for a_producer to 2023-06-11T00:00:00+00:00, run_after=2023-06-12T00:00:00+00:00
[2023-06-11T19:20:40.641+0000] {processor.py:176} INFO - Processing /opt/airflow/dags/producer.py took 0.298 seconds
[2023-06-11T20:42:37.828+0000] {processor.py:154} INFO - Started process (PID=3909) to work on /opt/airflow/dags/producer.py
[2023-06-11T20:42:37.844+0000] {processor.py:756} INFO - Processing file /opt/airflow/dags/producer.py for tasks to queue
[2023-06-11T20:42:37.871+0000] {logging_mixin.py:120} INFO - [2023-06-11T20:42:37.871+0000] {dagbag.py:537} INFO - Filling up the DagBag from /opt/airflow/dags/producer.py
[2023-06-11T20:42:38.186+0000] {processor.py:766} INFO - DAG(s) dict_keys(['a_producer']) retrieved from /opt/airflow/dags/producer.py
[2023-06-11T20:42:39.163+0000] {logging_mixin.py:120} INFO - [2023-06-11T20:42:39.149+0000] {dag.py:2585} INFO - Sync 1 DAGs
[2023-06-11T20:42:39.577+0000] {logging_mixin.py:120} INFO - [2023-06-11T20:42:39.577+0000] {dag.py:3340} INFO - Setting next_dagrun for a_producer to 2023-06-11T00:00:00+00:00, run_after=2023-06-12T00:00:00+00:00
[2023-06-11T20:42:39.770+0000] {processor.py:176} INFO - Processing /opt/airflow/dags/producer.py took 1.960 seconds
[2023-06-11T22:03:27.664+0000] {processor.py:154} INFO - Started process (PID=3941) to work on /opt/airflow/dags/producer.py
[2023-06-11T22:03:27.667+0000] {processor.py:756} INFO - Processing file /opt/airflow/dags/producer.py for tasks to queue
[2023-06-11T22:03:27.669+0000] {logging_mixin.py:120} INFO - [2023-06-11T22:03:27.669+0000] {dagbag.py:537} INFO - Filling up the DagBag from /opt/airflow/dags/producer.py
[2023-06-11T22:03:27.770+0000] {processor.py:766} INFO - DAG(s) dict_keys(['a_producer']) retrieved from /opt/airflow/dags/producer.py
[2023-06-11T22:03:28.067+0000] {logging_mixin.py:120} INFO - [2023-06-11T22:03:28.067+0000] {dag.py:2585} INFO - Sync 1 DAGs
[2023-06-11T22:03:28.161+0000] {logging_mixin.py:120} INFO - [2023-06-11T22:03:28.161+0000] {dag.py:3340} INFO - Setting next_dagrun for a_producer to 2023-06-11T00:00:00+00:00, run_after=2023-06-12T00:00:00+00:00
[2023-06-11T22:03:28.252+0000] {processor.py:176} INFO - Processing /opt/airflow/dags/producer.py took 0.593 seconds
[2023-06-11T23:25:12.877+0000] {processor.py:154} INFO - Started process (PID=3963) to work on /opt/airflow/dags/producer.py
[2023-06-11T23:25:12.886+0000] {processor.py:756} INFO - Processing file /opt/airflow/dags/producer.py for tasks to queue
[2023-06-11T23:25:12.894+0000] {logging_mixin.py:120} INFO - [2023-06-11T23:25:12.894+0000] {dagbag.py:537} INFO - Filling up the DagBag from /opt/airflow/dags/producer.py
[2023-06-11T23:25:13.036+0000] {processor.py:766} INFO - DAG(s) dict_keys(['a_producer']) retrieved from /opt/airflow/dags/producer.py
[2023-06-11T23:25:13.300+0000] {logging_mixin.py:120} INFO - [2023-06-11T23:25:13.300+0000] {dag.py:2585} INFO - Sync 1 DAGs
[2023-06-11T23:25:13.479+0000] {logging_mixin.py:120} INFO - [2023-06-11T23:25:13.478+0000] {dag.py:3340} INFO - Setting next_dagrun for a_producer to 2023-06-11T00:00:00+00:00, run_after=2023-06-12T00:00:00+00:00
[2023-06-11T23:25:13.577+0000] {processor.py:176} INFO - Processing /opt/airflow/dags/producer.py took 0.706 seconds
