[2023-06-11T00:19:34.717+0000] {processor.py:154} INFO - Started process (PID=3247) to work on /opt/airflow/dags/user_processing.py
[2023-06-11T00:19:34.730+0000] {processor.py:756} INFO - Processing file /opt/airflow/dags/user_processing.py for tasks to queue
[2023-06-11T00:19:34.732+0000] {logging_mixin.py:120} INFO - [2023-06-11T00:19:34.732+0000] {dagbag.py:537} INFO - Filling up the DagBag from /opt/airflow/dags/user_processing.py
[2023-06-11T00:19:36.748+0000] {processor.py:766} INFO - DAG(s) dict_keys(['a_user_processing']) retrieved from /opt/airflow/dags/user_processing.py
[2023-06-11T00:19:36.929+0000] {logging_mixin.py:120} INFO - [2023-06-11T00:19:36.928+0000] {dag.py:2585} INFO - Sync 1 DAGs
[2023-06-11T00:19:36.958+0000] {logging_mixin.py:120} INFO - [2023-06-11T00:19:36.958+0000] {dag.py:3340} INFO - Setting next_dagrun for a_user_processing to 2023-06-11T00:00:00+00:00, run_after=2023-06-12T00:00:00+00:00
[2023-06-11T00:19:36.984+0000] {processor.py:176} INFO - Processing /opt/airflow/dags/user_processing.py took 2.273 seconds
[2023-06-11T01:40:55.141+0000] {processor.py:154} INFO - Started process (PID=3286) to work on /opt/airflow/dags/user_processing.py
[2023-06-11T01:40:55.153+0000] {processor.py:756} INFO - Processing file /opt/airflow/dags/user_processing.py for tasks to queue
[2023-06-11T01:40:55.160+0000] {logging_mixin.py:120} INFO - [2023-06-11T01:40:55.160+0000] {dagbag.py:537} INFO - Filling up the DagBag from /opt/airflow/dags/user_processing.py
[2023-06-11T01:40:57.164+0000] {processor.py:766} INFO - DAG(s) dict_keys(['a_user_processing']) retrieved from /opt/airflow/dags/user_processing.py
[2023-06-11T01:40:57.488+0000] {logging_mixin.py:120} INFO - [2023-06-11T01:40:57.487+0000] {dag.py:2585} INFO - Sync 1 DAGs
[2023-06-11T01:40:57.509+0000] {logging_mixin.py:120} INFO - [2023-06-11T01:40:57.509+0000] {dag.py:3340} INFO - Setting next_dagrun for a_user_processing to 2023-06-11T00:00:00+00:00, run_after=2023-06-12T00:00:00+00:00
[2023-06-11T01:40:57.532+0000] {processor.py:176} INFO - Processing /opt/airflow/dags/user_processing.py took 2.409 seconds
[2023-06-11T02:34:53.344+0000] {processor.py:154} INFO - Started process (PID=3308) to work on /opt/airflow/dags/user_processing.py
[2023-06-11T02:34:53.367+0000] {processor.py:756} INFO - Processing file /opt/airflow/dags/user_processing.py for tasks to queue
[2023-06-11T02:34:53.374+0000] {logging_mixin.py:120} INFO - [2023-06-11T02:34:53.374+0000] {dagbag.py:537} INFO - Filling up the DagBag from /opt/airflow/dags/user_processing.py
[2023-06-11T02:34:54.282+0000] {processor.py:766} INFO - DAG(s) dict_keys(['a_user_processing']) retrieved from /opt/airflow/dags/user_processing.py
[2023-06-11T02:34:54.437+0000] {logging_mixin.py:120} INFO - [2023-06-11T02:34:54.436+0000] {dag.py:2585} INFO - Sync 1 DAGs
[2023-06-11T02:34:54.458+0000] {logging_mixin.py:120} INFO - [2023-06-11T02:34:54.458+0000] {dag.py:3340} INFO - Setting next_dagrun for a_user_processing to 2023-06-11T00:00:00+00:00, run_after=2023-06-12T00:00:00+00:00
[2023-06-11T02:34:54.481+0000] {processor.py:176} INFO - Processing /opt/airflow/dags/user_processing.py took 1.150 seconds
[2023-06-11T03:58:53.003+0000] {processor.py:154} INFO - Started process (PID=3339) to work on /opt/airflow/dags/user_processing.py
[2023-06-11T03:58:53.006+0000] {processor.py:756} INFO - Processing file /opt/airflow/dags/user_processing.py for tasks to queue
[2023-06-11T03:58:53.008+0000] {logging_mixin.py:120} INFO - [2023-06-11T03:58:53.008+0000] {dagbag.py:537} INFO - Filling up the DagBag from /opt/airflow/dags/user_processing.py
[2023-06-11T03:58:54.717+0000] {processor.py:766} INFO - DAG(s) dict_keys(['a_user_processing']) retrieved from /opt/airflow/dags/user_processing.py
[2023-06-11T03:58:54.879+0000] {logging_mixin.py:120} INFO - [2023-06-11T03:58:54.878+0000] {dag.py:2585} INFO - Sync 1 DAGs
[2023-06-11T03:58:54.904+0000] {logging_mixin.py:120} INFO - [2023-06-11T03:58:54.904+0000] {dag.py:3340} INFO - Setting next_dagrun for a_user_processing to 2023-06-11T00:00:00+00:00, run_after=2023-06-12T00:00:00+00:00
[2023-06-11T03:58:54.928+0000] {processor.py:176} INFO - Processing /opt/airflow/dags/user_processing.py took 1.938 seconds
[2023-06-11T04:57:47.502+0000] {processor.py:154} INFO - Started process (PID=3370) to work on /opt/airflow/dags/user_processing.py
[2023-06-11T04:57:47.513+0000] {processor.py:756} INFO - Processing file /opt/airflow/dags/user_processing.py for tasks to queue
[2023-06-11T04:57:47.517+0000] {logging_mixin.py:120} INFO - [2023-06-11T04:57:47.517+0000] {dagbag.py:537} INFO - Filling up the DagBag from /opt/airflow/dags/user_processing.py
[2023-06-11T04:57:48.619+0000] {processor.py:766} INFO - DAG(s) dict_keys(['a_user_processing']) retrieved from /opt/airflow/dags/user_processing.py
[2023-06-11T04:57:48.772+0000] {logging_mixin.py:120} INFO - [2023-06-11T04:57:48.772+0000] {dag.py:2585} INFO - Sync 1 DAGs
[2023-06-11T04:57:48.797+0000] {logging_mixin.py:120} INFO - [2023-06-11T04:57:48.797+0000] {dag.py:3340} INFO - Setting next_dagrun for a_user_processing to 2023-06-11T00:00:00+00:00, run_after=2023-06-12T00:00:00+00:00
[2023-06-11T04:57:48.816+0000] {processor.py:176} INFO - Processing /opt/airflow/dags/user_processing.py took 1.332 seconds
[2023-06-11T05:01:54.754+0000] {processor.py:154} INFO - Started process (PID=3392) to work on /opt/airflow/dags/user_processing.py
[2023-06-11T05:01:54.769+0000] {processor.py:756} INFO - Processing file /opt/airflow/dags/user_processing.py for tasks to queue
[2023-06-11T05:01:54.773+0000] {logging_mixin.py:120} INFO - [2023-06-11T05:01:54.773+0000] {dagbag.py:537} INFO - Filling up the DagBag from /opt/airflow/dags/user_processing.py
[2023-06-11T05:01:55.586+0000] {processor.py:766} INFO - DAG(s) dict_keys(['a_user_processing']) retrieved from /opt/airflow/dags/user_processing.py
[2023-06-11T05:01:55.748+0000] {logging_mixin.py:120} INFO - [2023-06-11T05:01:55.748+0000] {dag.py:2585} INFO - Sync 1 DAGs
[2023-06-11T05:01:55.770+0000] {logging_mixin.py:120} INFO - [2023-06-11T05:01:55.770+0000] {dag.py:3340} INFO - Setting next_dagrun for a_user_processing to 2023-06-11T00:00:00+00:00, run_after=2023-06-12T00:00:00+00:00
[2023-06-11T05:01:55.786+0000] {processor.py:176} INFO - Processing /opt/airflow/dags/user_processing.py took 1.054 seconds
[2023-06-11T05:11:23.135+0000] {processor.py:154} INFO - Started process (PID=3424) to work on /opt/airflow/dags/user_processing.py
[2023-06-11T05:11:23.138+0000] {processor.py:756} INFO - Processing file /opt/airflow/dags/user_processing.py for tasks to queue
[2023-06-11T05:11:23.140+0000] {logging_mixin.py:120} INFO - [2023-06-11T05:11:23.140+0000] {dagbag.py:537} INFO - Filling up the DagBag from /opt/airflow/dags/user_processing.py
[2023-06-11T05:11:23.528+0000] {processor.py:766} INFO - DAG(s) dict_keys(['a_user_processing']) retrieved from /opt/airflow/dags/user_processing.py
[2023-06-11T05:11:23.775+0000] {logging_mixin.py:120} INFO - [2023-06-11T05:11:23.775+0000] {dag.py:2585} INFO - Sync 1 DAGs
[2023-06-11T05:11:23.830+0000] {logging_mixin.py:120} INFO - [2023-06-11T05:11:23.829+0000] {dag.py:3340} INFO - Setting next_dagrun for a_user_processing to 2023-06-11T00:00:00+00:00, run_after=2023-06-12T00:00:00+00:00
[2023-06-11T05:11:23.884+0000] {processor.py:176} INFO - Processing /opt/airflow/dags/user_processing.py took 0.755 seconds
[2023-06-11T05:17:02.307+0000] {processor.py:154} INFO - Started process (PID=3455) to work on /opt/airflow/dags/user_processing.py
[2023-06-11T05:17:02.313+0000] {processor.py:756} INFO - Processing file /opt/airflow/dags/user_processing.py for tasks to queue
[2023-06-11T05:17:02.320+0000] {logging_mixin.py:120} INFO - [2023-06-11T05:17:02.319+0000] {dagbag.py:537} INFO - Filling up the DagBag from /opt/airflow/dags/user_processing.py
[2023-06-11T05:17:03.253+0000] {processor.py:766} INFO - DAG(s) dict_keys(['a_user_processing']) retrieved from /opt/airflow/dags/user_processing.py
[2023-06-11T05:17:03.430+0000] {logging_mixin.py:120} INFO - [2023-06-11T05:17:03.429+0000] {dag.py:2585} INFO - Sync 1 DAGs
[2023-06-11T05:17:03.468+0000] {logging_mixin.py:120} INFO - [2023-06-11T05:17:03.468+0000] {dag.py:3340} INFO - Setting next_dagrun for a_user_processing to 2023-06-11T00:00:00+00:00, run_after=2023-06-12T00:00:00+00:00
[2023-06-11T05:17:03.497+0000] {processor.py:176} INFO - Processing /opt/airflow/dags/user_processing.py took 1.203 seconds
[2023-06-11T05:31:12.744+0000] {processor.py:154} INFO - Started process (PID=3487) to work on /opt/airflow/dags/user_processing.py
[2023-06-11T05:31:12.753+0000] {processor.py:756} INFO - Processing file /opt/airflow/dags/user_processing.py for tasks to queue
[2023-06-11T05:31:12.761+0000] {logging_mixin.py:120} INFO - [2023-06-11T05:31:12.761+0000] {dagbag.py:537} INFO - Filling up the DagBag from /opt/airflow/dags/user_processing.py
[2023-06-11T05:31:14.303+0000] {processor.py:766} INFO - DAG(s) dict_keys(['a_user_processing']) retrieved from /opt/airflow/dags/user_processing.py
[2023-06-11T05:31:14.494+0000] {logging_mixin.py:120} INFO - [2023-06-11T05:31:14.493+0000] {dag.py:2585} INFO - Sync 1 DAGs
[2023-06-11T05:31:14.539+0000] {logging_mixin.py:120} INFO - [2023-06-11T05:31:14.539+0000] {dag.py:3340} INFO - Setting next_dagrun for a_user_processing to 2023-06-11T00:00:00+00:00, run_after=2023-06-12T00:00:00+00:00
[2023-06-11T05:31:14.557+0000] {processor.py:176} INFO - Processing /opt/airflow/dags/user_processing.py took 1.822 seconds
[2023-06-11T06:04:27.531+0000] {processor.py:154} INFO - Started process (PID=3510) to work on /opt/airflow/dags/user_processing.py
[2023-06-11T06:04:27.555+0000] {processor.py:756} INFO - Processing file /opt/airflow/dags/user_processing.py for tasks to queue
[2023-06-11T06:04:27.561+0000] {logging_mixin.py:120} INFO - [2023-06-11T06:04:27.560+0000] {dagbag.py:537} INFO - Filling up the DagBag from /opt/airflow/dags/user_processing.py
[2023-06-11T06:04:28.745+0000] {processor.py:766} INFO - DAG(s) dict_keys(['a_user_processing']) retrieved from /opt/airflow/dags/user_processing.py
[2023-06-11T06:04:28.946+0000] {logging_mixin.py:120} INFO - [2023-06-11T06:04:28.945+0000] {dag.py:2585} INFO - Sync 1 DAGs
[2023-06-11T06:04:28.970+0000] {logging_mixin.py:120} INFO - [2023-06-11T06:04:28.970+0000] {dag.py:3340} INFO - Setting next_dagrun for a_user_processing to 2023-06-11T00:00:00+00:00, run_after=2023-06-12T00:00:00+00:00
[2023-06-11T06:04:28.999+0000] {processor.py:176} INFO - Processing /opt/airflow/dags/user_processing.py took 1.480 seconds
[2023-06-11T07:16:53.586+0000] {processor.py:154} INFO - Started process (PID=3541) to work on /opt/airflow/dags/user_processing.py
[2023-06-11T07:16:53.590+0000] {processor.py:756} INFO - Processing file /opt/airflow/dags/user_processing.py for tasks to queue
[2023-06-11T07:16:53.593+0000] {logging_mixin.py:120} INFO - [2023-06-11T07:16:53.593+0000] {dagbag.py:537} INFO - Filling up the DagBag from /opt/airflow/dags/user_processing.py
[2023-06-11T07:16:54.419+0000] {processor.py:766} INFO - DAG(s) dict_keys(['a_user_processing']) retrieved from /opt/airflow/dags/user_processing.py
[2023-06-11T07:16:54.592+0000] {logging_mixin.py:120} INFO - [2023-06-11T07:16:54.592+0000] {dag.py:2585} INFO - Sync 1 DAGs
[2023-06-11T07:16:54.616+0000] {logging_mixin.py:120} INFO - [2023-06-11T07:16:54.616+0000] {dag.py:3340} INFO - Setting next_dagrun for a_user_processing to 2023-06-11T00:00:00+00:00, run_after=2023-06-12T00:00:00+00:00
[2023-06-11T07:16:54.637+0000] {processor.py:176} INFO - Processing /opt/airflow/dags/user_processing.py took 1.063 seconds
[2023-06-11T07:47:47.032+0000] {processor.py:154} INFO - Started process (PID=3572) to work on /opt/airflow/dags/user_processing.py
[2023-06-11T07:47:47.038+0000] {processor.py:756} INFO - Processing file /opt/airflow/dags/user_processing.py for tasks to queue
[2023-06-11T07:47:47.043+0000] {logging_mixin.py:120} INFO - [2023-06-11T07:47:47.043+0000] {dagbag.py:537} INFO - Filling up the DagBag from /opt/airflow/dags/user_processing.py
[2023-06-11T07:47:48.030+0000] {processor.py:766} INFO - DAG(s) dict_keys(['a_user_processing']) retrieved from /opt/airflow/dags/user_processing.py
[2023-06-11T07:47:48.177+0000] {logging_mixin.py:120} INFO - [2023-06-11T07:47:48.176+0000] {dag.py:2585} INFO - Sync 1 DAGs
[2023-06-11T07:47:48.200+0000] {logging_mixin.py:120} INFO - [2023-06-11T07:47:48.200+0000] {dag.py:3340} INFO - Setting next_dagrun for a_user_processing to 2023-06-11T00:00:00+00:00, run_after=2023-06-12T00:00:00+00:00
[2023-06-11T07:47:48.216+0000] {processor.py:176} INFO - Processing /opt/airflow/dags/user_processing.py took 1.199 seconds
[2023-06-11T08:19:24.685+0000] {processor.py:154} INFO - Started process (PID=3602) to work on /opt/airflow/dags/user_processing.py
[2023-06-11T08:19:24.687+0000] {processor.py:756} INFO - Processing file /opt/airflow/dags/user_processing.py for tasks to queue
[2023-06-11T08:19:24.700+0000] {logging_mixin.py:120} INFO - [2023-06-11T08:19:24.700+0000] {dagbag.py:537} INFO - Filling up the DagBag from /opt/airflow/dags/user_processing.py
[2023-06-11T08:19:25.253+0000] {processor.py:766} INFO - DAG(s) dict_keys(['a_user_processing']) retrieved from /opt/airflow/dags/user_processing.py
[2023-06-11T08:19:25.397+0000] {logging_mixin.py:120} INFO - [2023-06-11T08:19:25.397+0000] {dag.py:2585} INFO - Sync 1 DAGs
[2023-06-11T08:19:25.423+0000] {logging_mixin.py:120} INFO - [2023-06-11T08:19:25.423+0000] {dag.py:3340} INFO - Setting next_dagrun for a_user_processing to 2023-06-11T00:00:00+00:00, run_after=2023-06-12T00:00:00+00:00
[2023-06-11T08:19:25.438+0000] {processor.py:176} INFO - Processing /opt/airflow/dags/user_processing.py took 0.758 seconds
[2023-06-11T08:20:14.159+0000] {processor.py:154} INFO - Started process (PID=3624) to work on /opt/airflow/dags/user_processing.py
[2023-06-11T08:20:14.164+0000] {processor.py:756} INFO - Processing file /opt/airflow/dags/user_processing.py for tasks to queue
[2023-06-11T08:20:14.166+0000] {logging_mixin.py:120} INFO - [2023-06-11T08:20:14.166+0000] {dagbag.py:537} INFO - Filling up the DagBag from /opt/airflow/dags/user_processing.py
[2023-06-11T08:20:14.579+0000] {processor.py:766} INFO - DAG(s) dict_keys(['a_user_processing']) retrieved from /opt/airflow/dags/user_processing.py
[2023-06-11T08:20:14.675+0000] {logging_mixin.py:120} INFO - [2023-06-11T08:20:14.674+0000] {dag.py:2585} INFO - Sync 1 DAGs
[2023-06-11T08:20:14.692+0000] {logging_mixin.py:120} INFO - [2023-06-11T08:20:14.692+0000] {dag.py:3340} INFO - Setting next_dagrun for a_user_processing to 2023-06-11T00:00:00+00:00, run_after=2023-06-12T00:00:00+00:00
[2023-06-11T08:20:14.703+0000] {processor.py:176} INFO - Processing /opt/airflow/dags/user_processing.py took 0.548 seconds
[2023-06-11T09:15:58.340+0000] {processor.py:154} INFO - Started process (PID=3655) to work on /opt/airflow/dags/user_processing.py
[2023-06-11T09:15:58.347+0000] {processor.py:756} INFO - Processing file /opt/airflow/dags/user_processing.py for tasks to queue
[2023-06-11T09:15:58.353+0000] {logging_mixin.py:120} INFO - [2023-06-11T09:15:58.353+0000] {dagbag.py:537} INFO - Filling up the DagBag from /opt/airflow/dags/user_processing.py
[2023-06-11T09:15:59.352+0000] {processor.py:766} INFO - DAG(s) dict_keys(['a_user_processing']) retrieved from /opt/airflow/dags/user_processing.py
[2023-06-11T09:15:59.517+0000] {logging_mixin.py:120} INFO - [2023-06-11T09:15:59.517+0000] {dag.py:2585} INFO - Sync 1 DAGs
[2023-06-11T09:15:59.554+0000] {logging_mixin.py:120} INFO - [2023-06-11T09:15:59.554+0000] {dag.py:3340} INFO - Setting next_dagrun for a_user_processing to 2023-06-11T00:00:00+00:00, run_after=2023-06-12T00:00:00+00:00
[2023-06-11T09:15:59.575+0000] {processor.py:176} INFO - Processing /opt/airflow/dags/user_processing.py took 1.251 seconds
[2023-06-11T10:18:49.507+0000] {processor.py:154} INFO - Started process (PID=3685) to work on /opt/airflow/dags/user_processing.py
[2023-06-11T10:18:49.517+0000] {processor.py:756} INFO - Processing file /opt/airflow/dags/user_processing.py for tasks to queue
[2023-06-11T10:18:49.521+0000] {logging_mixin.py:120} INFO - [2023-06-11T10:18:49.521+0000] {dagbag.py:537} INFO - Filling up the DagBag from /opt/airflow/dags/user_processing.py
[2023-06-11T10:18:50.460+0000] {processor.py:766} INFO - DAG(s) dict_keys(['a_user_processing']) retrieved from /opt/airflow/dags/user_processing.py
[2023-06-11T10:18:50.647+0000] {logging_mixin.py:120} INFO - [2023-06-11T10:18:50.647+0000] {dag.py:2585} INFO - Sync 1 DAGs
[2023-06-11T10:18:50.680+0000] {logging_mixin.py:120} INFO - [2023-06-11T10:18:50.680+0000] {dag.py:3340} INFO - Setting next_dagrun for a_user_processing to 2023-06-11T00:00:00+00:00, run_after=2023-06-12T00:00:00+00:00
[2023-06-11T10:18:50.700+0000] {processor.py:176} INFO - Processing /opt/airflow/dags/user_processing.py took 1.211 seconds
[2023-06-11T11:39:52.826+0000] {processor.py:154} INFO - Started process (PID=3715) to work on /opt/airflow/dags/user_processing.py
[2023-06-11T11:39:52.840+0000] {processor.py:756} INFO - Processing file /opt/airflow/dags/user_processing.py for tasks to queue
[2023-06-11T11:39:52.845+0000] {logging_mixin.py:120} INFO - [2023-06-11T11:39:52.845+0000] {dagbag.py:537} INFO - Filling up the DagBag from /opt/airflow/dags/user_processing.py
[2023-06-11T11:39:54.799+0000] {processor.py:766} INFO - DAG(s) dict_keys(['a_user_processing']) retrieved from /opt/airflow/dags/user_processing.py
[2023-06-11T11:39:54.983+0000] {logging_mixin.py:120} INFO - [2023-06-11T11:39:54.982+0000] {dag.py:2585} INFO - Sync 1 DAGs
[2023-06-11T11:39:55.018+0000] {logging_mixin.py:120} INFO - [2023-06-11T11:39:55.018+0000] {dag.py:3340} INFO - Setting next_dagrun for a_user_processing to 2023-06-11T00:00:00+00:00, run_after=2023-06-12T00:00:00+00:00
[2023-06-11T11:39:55.062+0000] {processor.py:176} INFO - Processing /opt/airflow/dags/user_processing.py took 2.246 seconds
[2023-06-11T13:00:12.880+0000] {processor.py:154} INFO - Started process (PID=3740) to work on /opt/airflow/dags/user_processing.py
[2023-06-11T13:00:12.892+0000] {processor.py:756} INFO - Processing file /opt/airflow/dags/user_processing.py for tasks to queue
[2023-06-11T13:00:12.898+0000] {logging_mixin.py:120} INFO - [2023-06-11T13:00:12.898+0000] {dagbag.py:537} INFO - Filling up the DagBag from /opt/airflow/dags/user_processing.py
[2023-06-11T13:00:13.925+0000] {processor.py:766} INFO - DAG(s) dict_keys(['a_user_processing']) retrieved from /opt/airflow/dags/user_processing.py
[2023-06-11T13:00:14.116+0000] {logging_mixin.py:120} INFO - [2023-06-11T13:00:14.115+0000] {dag.py:2585} INFO - Sync 1 DAGs
[2023-06-11T13:00:14.142+0000] {logging_mixin.py:120} INFO - [2023-06-11T13:00:14.142+0000] {dag.py:3340} INFO - Setting next_dagrun for a_user_processing to 2023-06-11T00:00:00+00:00, run_after=2023-06-12T00:00:00+00:00
[2023-06-11T13:00:14.176+0000] {processor.py:176} INFO - Processing /opt/airflow/dags/user_processing.py took 1.307 seconds
[2023-06-11T14:23:07.765+0000] {processor.py:154} INFO - Started process (PID=3771) to work on /opt/airflow/dags/user_processing.py
[2023-06-11T14:23:07.767+0000] {processor.py:756} INFO - Processing file /opt/airflow/dags/user_processing.py for tasks to queue
[2023-06-11T14:23:07.769+0000] {logging_mixin.py:120} INFO - [2023-06-11T14:23:07.769+0000] {dagbag.py:537} INFO - Filling up the DagBag from /opt/airflow/dags/user_processing.py
[2023-06-11T14:23:08.851+0000] {processor.py:766} INFO - DAG(s) dict_keys(['a_user_processing']) retrieved from /opt/airflow/dags/user_processing.py
[2023-06-11T14:23:09.056+0000] {logging_mixin.py:120} INFO - [2023-06-11T14:23:09.055+0000] {dag.py:2585} INFO - Sync 1 DAGs
[2023-06-11T14:23:09.082+0000] {logging_mixin.py:120} INFO - [2023-06-11T14:23:09.082+0000] {dag.py:3340} INFO - Setting next_dagrun for a_user_processing to 2023-06-11T00:00:00+00:00, run_after=2023-06-12T00:00:00+00:00
[2023-06-11T14:23:09.107+0000] {processor.py:176} INFO - Processing /opt/airflow/dags/user_processing.py took 1.348 seconds
[2023-06-11T15:49:02.850+0000] {processor.py:154} INFO - Started process (PID=3802) to work on /opt/airflow/dags/user_processing.py
[2023-06-11T15:49:02.864+0000] {processor.py:756} INFO - Processing file /opt/airflow/dags/user_processing.py for tasks to queue
[2023-06-11T15:49:02.872+0000] {logging_mixin.py:120} INFO - [2023-06-11T15:49:02.871+0000] {dagbag.py:537} INFO - Filling up the DagBag from /opt/airflow/dags/user_processing.py
[2023-06-11T15:49:03.800+0000] {processor.py:766} INFO - DAG(s) dict_keys(['a_user_processing']) retrieved from /opt/airflow/dags/user_processing.py
[2023-06-11T15:49:03.956+0000] {logging_mixin.py:120} INFO - [2023-06-11T15:49:03.955+0000] {dag.py:2585} INFO - Sync 1 DAGs
[2023-06-11T15:49:03.975+0000] {logging_mixin.py:120} INFO - [2023-06-11T15:49:03.975+0000] {dag.py:3340} INFO - Setting next_dagrun for a_user_processing to 2023-06-11T00:00:00+00:00, run_after=2023-06-12T00:00:00+00:00
[2023-06-11T15:49:03.990+0000] {processor.py:176} INFO - Processing /opt/airflow/dags/user_processing.py took 1.164 seconds
[2023-06-11T16:45:07.323+0000] {processor.py:154} INFO - Started process (PID=3824) to work on /opt/airflow/dags/user_processing.py
[2023-06-11T16:45:07.330+0000] {processor.py:756} INFO - Processing file /opt/airflow/dags/user_processing.py for tasks to queue
[2023-06-11T16:45:07.353+0000] {logging_mixin.py:120} INFO - [2023-06-11T16:45:07.353+0000] {dagbag.py:537} INFO - Filling up the DagBag from /opt/airflow/dags/user_processing.py
[2023-06-11T16:45:08.425+0000] {processor.py:766} INFO - DAG(s) dict_keys(['a_user_processing']) retrieved from /opt/airflow/dags/user_processing.py
[2023-06-11T16:45:08.814+0000] {logging_mixin.py:120} INFO - [2023-06-11T16:45:08.814+0000] {dag.py:2585} INFO - Sync 1 DAGs
[2023-06-11T16:45:08.855+0000] {logging_mixin.py:120} INFO - [2023-06-11T16:45:08.855+0000] {dag.py:3340} INFO - Setting next_dagrun for a_user_processing to 2023-06-11T00:00:00+00:00, run_after=2023-06-12T00:00:00+00:00
[2023-06-11T16:45:08.903+0000] {processor.py:176} INFO - Processing /opt/airflow/dags/user_processing.py took 1.597 seconds
[2023-06-11T18:12:08.797+0000] {processor.py:154} INFO - Started process (PID=3855) to work on /opt/airflow/dags/user_processing.py
[2023-06-11T18:12:08.804+0000] {processor.py:756} INFO - Processing file /opt/airflow/dags/user_processing.py for tasks to queue
[2023-06-11T18:12:08.809+0000] {logging_mixin.py:120} INFO - [2023-06-11T18:12:08.809+0000] {dagbag.py:537} INFO - Filling up the DagBag from /opt/airflow/dags/user_processing.py
[2023-06-11T18:12:10.960+0000] {processor.py:766} INFO - DAG(s) dict_keys(['a_user_processing']) retrieved from /opt/airflow/dags/user_processing.py
[2023-06-11T18:12:11.153+0000] {logging_mixin.py:120} INFO - [2023-06-11T18:12:11.153+0000] {dag.py:2585} INFO - Sync 1 DAGs
[2023-06-11T18:12:11.177+0000] {logging_mixin.py:120} INFO - [2023-06-11T18:12:11.177+0000] {dag.py:3340} INFO - Setting next_dagrun for a_user_processing to 2023-06-11T00:00:00+00:00, run_after=2023-06-12T00:00:00+00:00
[2023-06-11T18:12:11.189+0000] {processor.py:176} INFO - Processing /opt/airflow/dags/user_processing.py took 2.410 seconds
[2023-06-11T19:20:40.331+0000] {processor.py:154} INFO - Started process (PID=3885) to work on /opt/airflow/dags/user_processing.py
[2023-06-11T19:20:40.363+0000] {processor.py:756} INFO - Processing file /opt/airflow/dags/user_processing.py for tasks to queue
[2023-06-11T19:20:40.370+0000] {logging_mixin.py:120} INFO - [2023-06-11T19:20:40.370+0000] {dagbag.py:537} INFO - Filling up the DagBag from /opt/airflow/dags/user_processing.py
[2023-06-11T19:20:41.338+0000] {processor.py:766} INFO - DAG(s) dict_keys(['a_user_processing']) retrieved from /opt/airflow/dags/user_processing.py
[2023-06-11T19:20:41.519+0000] {logging_mixin.py:120} INFO - [2023-06-11T19:20:41.519+0000] {dag.py:2585} INFO - Sync 1 DAGs
[2023-06-11T19:20:41.543+0000] {logging_mixin.py:120} INFO - [2023-06-11T19:20:41.542+0000] {dag.py:3340} INFO - Setting next_dagrun for a_user_processing to 2023-06-11T00:00:00+00:00, run_after=2023-06-12T00:00:00+00:00
[2023-06-11T19:20:41.560+0000] {processor.py:176} INFO - Processing /opt/airflow/dags/user_processing.py took 1.248 seconds
[2023-06-11T20:42:37.832+0000] {processor.py:154} INFO - Started process (PID=3908) to work on /opt/airflow/dags/user_processing.py
[2023-06-11T20:42:37.856+0000] {processor.py:756} INFO - Processing file /opt/airflow/dags/user_processing.py for tasks to queue
[2023-06-11T20:42:37.876+0000] {logging_mixin.py:120} INFO - [2023-06-11T20:42:37.875+0000] {dagbag.py:537} INFO - Filling up the DagBag from /opt/airflow/dags/user_processing.py
[2023-06-11T20:42:41.310+0000] {processor.py:766} INFO - DAG(s) dict_keys(['a_user_processing']) retrieved from /opt/airflow/dags/user_processing.py
[2023-06-11T20:42:41.951+0000] {logging_mixin.py:120} INFO - [2023-06-11T20:42:41.950+0000] {dag.py:2585} INFO - Sync 1 DAGs
[2023-06-11T20:42:42.064+0000] {logging_mixin.py:120} INFO - [2023-06-11T20:42:42.064+0000] {dag.py:3340} INFO - Setting next_dagrun for a_user_processing to 2023-06-11T00:00:00+00:00, run_after=2023-06-12T00:00:00+00:00
[2023-06-11T20:42:42.132+0000] {processor.py:176} INFO - Processing /opt/airflow/dags/user_processing.py took 4.332 seconds
[2023-06-11T22:03:27.664+0000] {processor.py:154} INFO - Started process (PID=3940) to work on /opt/airflow/dags/user_processing.py
[2023-06-11T22:03:27.667+0000] {processor.py:756} INFO - Processing file /opt/airflow/dags/user_processing.py for tasks to queue
[2023-06-11T22:03:27.669+0000] {logging_mixin.py:120} INFO - [2023-06-11T22:03:27.669+0000] {dagbag.py:537} INFO - Filling up the DagBag from /opt/airflow/dags/user_processing.py
[2023-06-11T22:03:29.181+0000] {processor.py:766} INFO - DAG(s) dict_keys(['a_user_processing']) retrieved from /opt/airflow/dags/user_processing.py
[2023-06-11T22:03:30.547+0000] {logging_mixin.py:120} INFO - [2023-06-11T22:03:30.546+0000] {dag.py:2585} INFO - Sync 1 DAGs
[2023-06-11T22:03:30.619+0000] {logging_mixin.py:120} INFO - [2023-06-11T22:03:30.619+0000] {dag.py:3340} INFO - Setting next_dagrun for a_user_processing to 2023-06-11T00:00:00+00:00, run_after=2023-06-12T00:00:00+00:00
[2023-06-11T22:03:30.664+0000] {processor.py:176} INFO - Processing /opt/airflow/dags/user_processing.py took 3.005 seconds
[2023-06-11T23:25:12.844+0000] {processor.py:154} INFO - Started process (PID=3962) to work on /opt/airflow/dags/user_processing.py
[2023-06-11T23:25:12.880+0000] {processor.py:756} INFO - Processing file /opt/airflow/dags/user_processing.py for tasks to queue
[2023-06-11T23:25:12.886+0000] {logging_mixin.py:120} INFO - [2023-06-11T23:25:12.885+0000] {dagbag.py:537} INFO - Filling up the DagBag from /opt/airflow/dags/user_processing.py
[2023-06-11T23:25:14.563+0000] {processor.py:766} INFO - DAG(s) dict_keys(['a_user_processing']) retrieved from /opt/airflow/dags/user_processing.py
[2023-06-11T23:25:15.067+0000] {logging_mixin.py:120} INFO - [2023-06-11T23:25:15.064+0000] {dag.py:2585} INFO - Sync 1 DAGs
[2023-06-11T23:25:15.139+0000] {logging_mixin.py:120} INFO - [2023-06-11T23:25:15.139+0000] {dag.py:3340} INFO - Setting next_dagrun for a_user_processing to 2023-06-11T00:00:00+00:00, run_after=2023-06-12T00:00:00+00:00
[2023-06-11T23:25:15.190+0000] {processor.py:176} INFO - Processing /opt/airflow/dags/user_processing.py took 2.371 seconds
