[2023-06-14T00:13:58.094+0000] {taskinstance.py:1165} INFO - Dependencies all met for <TaskInstance: condition_trigger_dag.check_condition scheduled__2023-06-13T00:00:00+00:00 [queued]>
[2023-06-14T00:13:58.114+0000] {taskinstance.py:1165} INFO - Dependencies all met for <TaskInstance: condition_trigger_dag.check_condition scheduled__2023-06-13T00:00:00+00:00 [queued]>
[2023-06-14T00:13:58.118+0000] {taskinstance.py:1362} INFO - 
--------------------------------------------------------------------------------
[2023-06-14T00:13:58.120+0000] {taskinstance.py:1363} INFO - Starting attempt 1 of 1
[2023-06-14T00:13:58.123+0000] {taskinstance.py:1364} INFO - 
--------------------------------------------------------------------------------
[2023-06-14T00:13:58.162+0000] {taskinstance.py:1383} INFO - Executing <Task(BranchPythonOperator): check_condition> on 2023-06-13 00:00:00+00:00
[2023-06-14T00:13:58.189+0000] {standard_task_runner.py:55} INFO - Started process 1125 to run task
[2023-06-14T00:13:58.207+0000] {standard_task_runner.py:82} INFO - Running: ['***', 'tasks', 'run', 'condition_trigger_dag', 'check_condition', 'scheduled__2023-06-13T00:00:00+00:00', '--job-id', '146', '--raw', '--subdir', 'DAGS_FOLDER/condition_trigger_dag.py', '--cfg-path', '/tmp/tmpsj9x4rxy']
[2023-06-14T00:13:58.212+0000] {standard_task_runner.py:83} INFO - Job 146: Subtask check_condition
[2023-06-14T00:13:58.435+0000] {task_command.py:376} INFO - Running <TaskInstance: condition_trigger_dag.check_condition scheduled__2023-06-13T00:00:00+00:00 [running]> on host 5f3b9c67a0bc
[2023-06-14T00:13:58.688+0000] {taskinstance.py:1592} INFO - Exporting the following env vars:
AIRFLOW_CTX_DAG_OWNER=***
AIRFLOW_CTX_DAG_ID=condition_trigger_dag
AIRFLOW_CTX_TASK_ID=check_condition
AIRFLOW_CTX_EXECUTION_DATE=2023-06-13T00:00:00+00:00
AIRFLOW_CTX_TRY_NUMBER=1
AIRFLOW_CTX_DAG_RUN_ID=scheduled__2023-06-13T00:00:00+00:00
[2023-06-14T00:13:58.722+0000] {logging_mixin.py:120} INFO - value
[2023-06-14T00:13:58.725+0000] {python.py:177} INFO - Done. Returned value was: t2
[2023-06-14T00:13:58.727+0000] {skipmixin.py:155} INFO - Following branch t2
[2023-06-14T00:13:58.730+0000] {skipmixin.py:190} INFO - Skipping tasks ['t3']
[2023-06-14T00:13:58.842+0000] {taskinstance.py:1406} INFO - Marking task as SUCCESS. dag_id=condition_trigger_dag, task_id=check_condition, execution_date=20230613T000000, start_date=20230614T001358, end_date=20230614T001358
[2023-06-14T00:13:58.951+0000] {local_task_job.py:164} INFO - Task exited with return code 0
[2023-06-14T00:13:59.036+0000] {local_task_job.py:273} INFO - 1 downstream tasks scheduled from follow-on schedule check
[2023-06-14T04:38:07.317+0000] {taskinstance.py:1165} INFO - Dependencies all met for <TaskInstance: condition_trigger_dag.check_condition scheduled__2023-06-13T00:00:00+00:00 [queued]>
[2023-06-14T04:38:07.333+0000] {taskinstance.py:1165} INFO - Dependencies all met for <TaskInstance: condition_trigger_dag.check_condition scheduled__2023-06-13T00:00:00+00:00 [queued]>
[2023-06-14T04:38:07.333+0000] {taskinstance.py:1362} INFO - 
--------------------------------------------------------------------------------
[2023-06-14T04:38:07.334+0000] {taskinstance.py:1363} INFO - Starting attempt 1 of 1
[2023-06-14T04:38:07.335+0000] {taskinstance.py:1364} INFO - 
--------------------------------------------------------------------------------
[2023-06-14T04:38:07.351+0000] {taskinstance.py:1383} INFO - Executing <Task(BranchPythonOperator): check_condition> on 2023-06-13 00:00:00+00:00
[2023-06-14T04:38:07.356+0000] {standard_task_runner.py:55} INFO - Started process 363 to run task
[2023-06-14T04:38:07.360+0000] {standard_task_runner.py:82} INFO - Running: ['***', 'tasks', 'run', 'condition_trigger_dag', 'check_condition', 'scheduled__2023-06-13T00:00:00+00:00', '--job-id', '4', '--raw', '--subdir', 'DAGS_FOLDER/condition_trigger_dag.py', '--cfg-path', '/tmp/tmpsxb6lpse']
[2023-06-14T04:38:07.362+0000] {standard_task_runner.py:83} INFO - Job 4: Subtask check_condition
[2023-06-14T04:38:07.434+0000] {task_command.py:376} INFO - Running <TaskInstance: condition_trigger_dag.check_condition scheduled__2023-06-13T00:00:00+00:00 [running]> on host eccc8785320d
[2023-06-14T04:38:07.505+0000] {taskinstance.py:1592} INFO - Exporting the following env vars:
AIRFLOW_CTX_DAG_OWNER=***
AIRFLOW_CTX_DAG_ID=condition_trigger_dag
AIRFLOW_CTX_TASK_ID=check_condition
AIRFLOW_CTX_EXECUTION_DATE=2023-06-13T00:00:00+00:00
AIRFLOW_CTX_TRY_NUMBER=1
AIRFLOW_CTX_DAG_RUN_ID=scheduled__2023-06-13T00:00:00+00:00
[2023-06-14T04:38:07.520+0000] {logging_mixin.py:120} INFO - value
[2023-06-14T04:38:07.521+0000] {python.py:177} INFO - Done. Returned value was: t2
[2023-06-14T04:38:07.522+0000] {skipmixin.py:155} INFO - Following branch t2
[2023-06-14T04:38:07.523+0000] {skipmixin.py:190} INFO - Skipping tasks ['t3']
[2023-06-14T04:38:07.577+0000] {taskinstance.py:1406} INFO - Marking task as SUCCESS. dag_id=condition_trigger_dag, task_id=check_condition, execution_date=20230613T000000, start_date=20230614T043807, end_date=20230614T043807
[2023-06-14T04:38:07.612+0000] {local_task_job.py:164} INFO - Task exited with return code 0
[2023-06-14T04:38:07.656+0000] {local_task_job.py:273} INFO - 0 downstream tasks scheduled from follow-on schedule check
