[2023-06-14T03:46:03.571+0000] {taskinstance.py:1165} INFO - Dependencies all met for <TaskInstance: condition_trigger_dag.t1 manual__2023-06-14T03:46:01.998739+00:00 [queued]>
[2023-06-14T03:46:03.582+0000] {taskinstance.py:1165} INFO - Dependencies all met for <TaskInstance: condition_trigger_dag.t1 manual__2023-06-14T03:46:01.998739+00:00 [queued]>
[2023-06-14T03:46:03.583+0000] {taskinstance.py:1362} INFO - 
--------------------------------------------------------------------------------
[2023-06-14T03:46:03.589+0000] {taskinstance.py:1363} INFO - Starting attempt 1 of 1
[2023-06-14T03:46:03.590+0000] {taskinstance.py:1364} INFO - 
--------------------------------------------------------------------------------
[2023-06-14T03:46:03.603+0000] {taskinstance.py:1383} INFO - Executing <Task(PythonOperator): t1> on 2023-06-14 03:46:01.998739+00:00
[2023-06-14T03:46:03.611+0000] {standard_task_runner.py:55} INFO - Started process 304 to run task
[2023-06-14T03:46:03.616+0000] {standard_task_runner.py:82} INFO - Running: ['***', 'tasks', 'run', 'condition_trigger_dag', 't1', 'manual__2023-06-14T03:46:01.998739+00:00', '--job-id', '160', '--raw', '--subdir', 'DAGS_FOLDER/condition_trigger_dag.py', '--cfg-path', '/tmp/tmpnkv4402j']
[2023-06-14T03:46:03.618+0000] {standard_task_runner.py:83} INFO - Job 160: Subtask t1
[2023-06-14T03:46:03.708+0000] {task_command.py:376} INFO - Running <TaskInstance: condition_trigger_dag.t1 manual__2023-06-14T03:46:01.998739+00:00 [running]> on host 5f3b9c67a0bc
[2023-06-14T03:46:03.776+0000] {taskinstance.py:1592} INFO - Exporting the following env vars:
AIRFLOW_CTX_DAG_OWNER=***
AIRFLOW_CTX_DAG_ID=condition_trigger_dag
AIRFLOW_CTX_TASK_ID=t1
AIRFLOW_CTX_EXECUTION_DATE=2023-06-14T03:46:01.998739+00:00
AIRFLOW_CTX_TRY_NUMBER=1
AIRFLOW_CTX_DAG_RUN_ID=manual__2023-06-14T03:46:01.998739+00:00
[2023-06-14T03:46:03.793+0000] {python.py:177} INFO - Done. Returned value was: None
[2023-06-14T03:46:03.806+0000] {taskinstance.py:1406} INFO - Marking task as SUCCESS. dag_id=condition_trigger_dag, task_id=t1, execution_date=20230614T034601, start_date=20230614T034603, end_date=20230614T034603
[2023-06-14T03:46:03.833+0000] {local_task_job.py:164} INFO - Task exited with return code 0
[2023-06-14T03:46:03.858+0000] {local_task_job.py:273} INFO - 1 downstream tasks scheduled from follow-on schedule check
