[2023-06-14T00:14:02.209+0000] {taskinstance.py:1165} INFO - Dependencies all met for <TaskInstance: condition_trigger_dag.t2 scheduled__2023-06-13T00:00:00+00:00 [queued]>
[2023-06-14T00:14:02.246+0000] {taskinstance.py:1165} INFO - Dependencies all met for <TaskInstance: condition_trigger_dag.t2 scheduled__2023-06-13T00:00:00+00:00 [queued]>
[2023-06-14T00:14:02.248+0000] {taskinstance.py:1362} INFO - 
--------------------------------------------------------------------------------
[2023-06-14T00:14:02.252+0000] {taskinstance.py:1363} INFO - Starting attempt 1 of 1
[2023-06-14T00:14:02.254+0000] {taskinstance.py:1364} INFO - 
--------------------------------------------------------------------------------
[2023-06-14T00:14:02.310+0000] {taskinstance.py:1383} INFO - Executing <Task(BashOperator): t2> on 2023-06-13 00:00:00+00:00
[2023-06-14T00:14:02.346+0000] {standard_task_runner.py:55} INFO - Started process 1136 to run task
[2023-06-14T00:14:02.412+0000] {standard_task_runner.py:82} INFO - Running: ['***', 'tasks', 'run', 'condition_trigger_dag', 't2', 'scheduled__2023-06-13T00:00:00+00:00', '--job-id', '151', '--raw', '--subdir', 'DAGS_FOLDER/condition_trigger_dag.py', '--cfg-path', '/tmp/tmpikrq_lbr']
[2023-06-14T00:14:02.419+0000] {standard_task_runner.py:83} INFO - Job 151: Subtask t2
[2023-06-14T00:14:04.465+0000] {task_command.py:376} INFO - Running <TaskInstance: condition_trigger_dag.t2 scheduled__2023-06-13T00:00:00+00:00 [running]> on host 5f3b9c67a0bc
[2023-06-14T00:14:04.663+0000] {taskinstance.py:1592} INFO - Exporting the following env vars:
AIRFLOW_CTX_DAG_OWNER=***
AIRFLOW_CTX_DAG_ID=condition_trigger_dag
AIRFLOW_CTX_TASK_ID=t2
AIRFLOW_CTX_EXECUTION_DATE=2023-06-13T00:00:00+00:00
AIRFLOW_CTX_TRY_NUMBER=1
AIRFLOW_CTX_DAG_RUN_ID=scheduled__2023-06-13T00:00:00+00:00
[2023-06-14T00:14:04.678+0000] {subprocess.py:63} INFO - Tmp dir root location: 
 /tmp
[2023-06-14T00:14:04.688+0000] {subprocess.py:75} INFO - Running command: ['/bin/bash', '-c', "echo 'execute t2'"]
[2023-06-14T00:14:04.735+0000] {subprocess.py:86} INFO - Output:
[2023-06-14T00:14:04.769+0000] {subprocess.py:93} INFO - execute t2
[2023-06-14T00:14:04.772+0000] {subprocess.py:97} INFO - Command exited with return code 0
[2023-06-14T00:14:04.912+0000] {taskinstance.py:1406} INFO - Marking task as SUCCESS. dag_id=condition_trigger_dag, task_id=t2, execution_date=20230613T000000, start_date=20230614T001402, end_date=20230614T001404
[2023-06-14T00:14:05.066+0000] {local_task_job.py:164} INFO - Task exited with return code 0
[2023-06-14T00:14:05.223+0000] {local_task_job.py:273} INFO - 0 downstream tasks scheduled from follow-on schedule check
[2023-06-14T04:38:08.644+0000] {taskinstance.py:1165} INFO - Dependencies all met for <TaskInstance: condition_trigger_dag.t2 scheduled__2023-06-13T00:00:00+00:00 [queued]>
[2023-06-14T04:38:08.665+0000] {taskinstance.py:1165} INFO - Dependencies all met for <TaskInstance: condition_trigger_dag.t2 scheduled__2023-06-13T00:00:00+00:00 [queued]>
[2023-06-14T04:38:08.667+0000] {taskinstance.py:1362} INFO - 
--------------------------------------------------------------------------------
[2023-06-14T04:38:08.669+0000] {taskinstance.py:1363} INFO - Starting attempt 1 of 1
[2023-06-14T04:38:08.670+0000] {taskinstance.py:1364} INFO - 
--------------------------------------------------------------------------------
[2023-06-14T04:38:08.686+0000] {taskinstance.py:1383} INFO - Executing <Task(BashOperator): t2> on 2023-06-13 00:00:00+00:00
[2023-06-14T04:38:08.692+0000] {standard_task_runner.py:55} INFO - Started process 366 to run task
[2023-06-14T04:38:08.697+0000] {standard_task_runner.py:82} INFO - Running: ['***', 'tasks', 'run', 'condition_trigger_dag', 't2', 'scheduled__2023-06-13T00:00:00+00:00', '--job-id', '6', '--raw', '--subdir', 'DAGS_FOLDER/condition_trigger_dag.py', '--cfg-path', '/tmp/tmpfbqfvgh_']
[2023-06-14T04:38:08.699+0000] {standard_task_runner.py:83} INFO - Job 6: Subtask t2
[2023-06-14T04:38:08.764+0000] {task_command.py:376} INFO - Running <TaskInstance: condition_trigger_dag.t2 scheduled__2023-06-13T00:00:00+00:00 [running]> on host eccc8785320d
[2023-06-14T04:38:08.856+0000] {taskinstance.py:1592} INFO - Exporting the following env vars:
AIRFLOW_CTX_DAG_OWNER=***
AIRFLOW_CTX_DAG_ID=condition_trigger_dag
AIRFLOW_CTX_TASK_ID=t2
AIRFLOW_CTX_EXECUTION_DATE=2023-06-13T00:00:00+00:00
AIRFLOW_CTX_TRY_NUMBER=1
AIRFLOW_CTX_DAG_RUN_ID=scheduled__2023-06-13T00:00:00+00:00
[2023-06-14T04:38:08.864+0000] {subprocess.py:63} INFO - Tmp dir root location: 
 /tmp
[2023-06-14T04:38:08.869+0000] {subprocess.py:75} INFO - Running command: ['/bin/bash', '-c', "echo 'execute t2'"]
[2023-06-14T04:38:08.888+0000] {subprocess.py:86} INFO - Output:
[2023-06-14T04:38:08.899+0000] {subprocess.py:93} INFO - execute t2
[2023-06-14T04:38:08.901+0000] {subprocess.py:97} INFO - Command exited with return code 0
[2023-06-14T04:38:08.981+0000] {taskinstance.py:1406} INFO - Marking task as SUCCESS. dag_id=condition_trigger_dag, task_id=t2, execution_date=20230613T000000, start_date=20230614T043808, end_date=20230614T043808
[2023-06-14T04:38:09.085+0000] {local_task_job.py:164} INFO - Task exited with return code 0
[2023-06-14T04:38:09.219+0000] {local_task_job.py:273} INFO - 1 downstream tasks scheduled from follow-on schedule check
