[2023-06-14T03:46:23.600+0000] {taskinstance.py:1165} INFO - Dependencies all met for <TaskInstance: endToend_user_processing.extract_user manual__2023-06-14T03:46:19.171385+00:00 [queued]>
[2023-06-14T03:46:23.616+0000] {taskinstance.py:1165} INFO - Dependencies all met for <TaskInstance: endToend_user_processing.extract_user manual__2023-06-14T03:46:19.171385+00:00 [queued]>
[2023-06-14T03:46:23.622+0000] {taskinstance.py:1362} INFO - 
--------------------------------------------------------------------------------
[2023-06-14T03:46:23.625+0000] {taskinstance.py:1363} INFO - Starting attempt 1 of 1
[2023-06-14T03:46:23.626+0000] {taskinstance.py:1364} INFO - 
--------------------------------------------------------------------------------
[2023-06-14T03:46:23.672+0000] {taskinstance.py:1383} INFO - Executing <Task(SimpleHttpOperator): extract_user> on 2023-06-14 03:46:19.171385+00:00
[2023-06-14T03:46:23.679+0000] {standard_task_runner.py:55} INFO - Started process 354 to run task
[2023-06-14T03:46:23.686+0000] {standard_task_runner.py:82} INFO - Running: ['***', 'tasks', 'run', 'endToend_user_processing', 'extract_user', 'manual__2023-06-14T03:46:19.171385+00:00', '--job-id', '172', '--raw', '--subdir', 'DAGS_FOLDER/user_processing.py', '--cfg-path', '/tmp/tmpaop0001i']
[2023-06-14T03:46:23.692+0000] {standard_task_runner.py:83} INFO - Job 172: Subtask extract_user
[2023-06-14T03:46:23.775+0000] {task_command.py:376} INFO - Running <TaskInstance: endToend_user_processing.extract_user manual__2023-06-14T03:46:19.171385+00:00 [running]> on host 5f3b9c67a0bc
[2023-06-14T03:46:23.840+0000] {taskinstance.py:1592} INFO - Exporting the following env vars:
AIRFLOW_CTX_DAG_OWNER=***
AIRFLOW_CTX_DAG_ID=endToend_user_processing
AIRFLOW_CTX_TASK_ID=extract_user
AIRFLOW_CTX_EXECUTION_DATE=2023-06-14T03:46:19.171385+00:00
AIRFLOW_CTX_TRY_NUMBER=1
AIRFLOW_CTX_DAG_RUN_ID=manual__2023-06-14T03:46:19.171385+00:00
[2023-06-14T03:46:23.842+0000] {http.py:121} INFO - Calling HTTP method
[2023-06-14T03:46:23.853+0000] {base.py:71} INFO - Using connection ID 'user_api' for task execution.
[2023-06-14T03:46:23.856+0000] {http.py:148} INFO - Sending 'GET' to url: https://randomuser.me/api/
[2023-06-14T03:46:24.339+0000] {taskinstance.py:1406} INFO - Marking task as SUCCESS. dag_id=endToend_user_processing, task_id=extract_user, execution_date=20230614T034619, start_date=20230614T034623, end_date=20230614T034624
[2023-06-14T03:46:24.394+0000] {local_task_job.py:164} INFO - Task exited with return code 0
[2023-06-14T03:46:24.421+0000] {local_task_job.py:273} INFO - 1 downstream tasks scheduled from follow-on schedule check
