[2023-06-14T00:13:55.096+0000] {taskinstance.py:1165} INFO - Dependencies all met for <TaskInstance: dateset_producer.update_dataset scheduled__2023-06-13T00:00:00+00:00 [queued]>
[2023-06-14T00:13:55.281+0000] {taskinstance.py:1165} INFO - Dependencies all met for <TaskInstance: dateset_producer.update_dataset scheduled__2023-06-13T00:00:00+00:00 [queued]>
[2023-06-14T00:13:55.291+0000] {taskinstance.py:1362} INFO - 
--------------------------------------------------------------------------------
[2023-06-14T00:13:55.293+0000] {taskinstance.py:1363} INFO - Starting attempt 1 of 1
[2023-06-14T00:13:55.296+0000] {taskinstance.py:1364} INFO - 
--------------------------------------------------------------------------------
[2023-06-14T00:13:55.725+0000] {taskinstance.py:1383} INFO - Executing <Task(_PythonDecoratedOperator): update_dataset> on 2023-06-13 00:00:00+00:00
[2023-06-14T00:13:55.770+0000] {standard_task_runner.py:55} INFO - Started process 1118 to run task
[2023-06-14T00:13:55.865+0000] {standard_task_runner.py:82} INFO - Running: ['***', 'tasks', 'run', 'dateset_producer', 'update_dataset', 'scheduled__2023-06-13T00:00:00+00:00', '--job-id', '145', '--raw', '--subdir', 'DAGS_FOLDER/producer.py', '--cfg-path', '/tmp/tmprw7gqthb']
[2023-06-14T00:13:55.888+0000] {standard_task_runner.py:83} INFO - Job 145: Subtask update_dataset
[2023-06-14T00:13:56.510+0000] {task_command.py:376} INFO - Running <TaskInstance: dateset_producer.update_dataset scheduled__2023-06-13T00:00:00+00:00 [running]> on host 5f3b9c67a0bc
[2023-06-14T00:13:56.926+0000] {taskinstance.py:1592} INFO - Exporting the following env vars:
AIRFLOW_CTX_DAG_OWNER=***
AIRFLOW_CTX_DAG_ID=dateset_producer
AIRFLOW_CTX_TASK_ID=update_dataset
AIRFLOW_CTX_EXECUTION_DATE=2023-06-13T00:00:00+00:00
AIRFLOW_CTX_TRY_NUMBER=1
AIRFLOW_CTX_DAG_RUN_ID=scheduled__2023-06-13T00:00:00+00:00
[2023-06-14T00:13:56.935+0000] {python.py:177} INFO - Done. Returned value was: None
[2023-06-14T00:13:56.963+0000] {warnings.py:110} WARNING - /home/***/.local/lib/python3.7/site-packages/***/models/baseoperator.py:1390: RemovedInAirflow3Warning: Passing 'execution_date' to 'TaskInstance.xcom_push()' is deprecated.
  context['ti'].xcom_push(key=key, value=value, execution_date=execution_date)

[2023-06-14T00:13:57.037+0000] {taskinstance.py:1406} INFO - Marking task as SUCCESS. dag_id=dateset_producer, task_id=update_dataset, execution_date=20230613T000000, start_date=20230614T001355, end_date=20230614T001357
[2023-06-14T00:13:57.172+0000] {local_task_job.py:164} INFO - Task exited with return code 0
[2023-06-14T00:13:57.499+0000] {local_task_job.py:273} INFO - 0 downstream tasks scheduled from follow-on schedule check
[2023-06-14T04:38:07.495+0000] {taskinstance.py:1165} INFO - Dependencies all met for <TaskInstance: dateset_producer.update_dataset scheduled__2023-06-13T00:00:00+00:00 [queued]>
[2023-06-14T04:38:07.504+0000] {taskinstance.py:1165} INFO - Dependencies all met for <TaskInstance: dateset_producer.update_dataset scheduled__2023-06-13T00:00:00+00:00 [queued]>
[2023-06-14T04:38:07.505+0000] {taskinstance.py:1362} INFO - 
--------------------------------------------------------------------------------
[2023-06-14T04:38:07.506+0000] {taskinstance.py:1363} INFO - Starting attempt 1 of 1
[2023-06-14T04:38:07.507+0000] {taskinstance.py:1364} INFO - 
--------------------------------------------------------------------------------
[2023-06-14T04:38:07.517+0000] {taskinstance.py:1383} INFO - Executing <Task(_PythonDecoratedOperator): update_dataset> on 2023-06-13 00:00:00+00:00
[2023-06-14T04:38:07.524+0000] {standard_task_runner.py:55} INFO - Started process 364 to run task
[2023-06-14T04:38:07.529+0000] {standard_task_runner.py:82} INFO - Running: ['***', 'tasks', 'run', 'dateset_producer', 'update_dataset', 'scheduled__2023-06-13T00:00:00+00:00', '--job-id', '5', '--raw', '--subdir', 'DAGS_FOLDER/producer.py', '--cfg-path', '/tmp/tmpxaiqsis9']
[2023-06-14T04:38:07.531+0000] {standard_task_runner.py:83} INFO - Job 5: Subtask update_dataset
[2023-06-14T04:38:07.611+0000] {task_command.py:376} INFO - Running <TaskInstance: dateset_producer.update_dataset scheduled__2023-06-13T00:00:00+00:00 [running]> on host eccc8785320d
[2023-06-14T04:38:07.691+0000] {taskinstance.py:1592} INFO - Exporting the following env vars:
AIRFLOW_CTX_DAG_OWNER=***
AIRFLOW_CTX_DAG_ID=dateset_producer
AIRFLOW_CTX_TASK_ID=update_dataset
AIRFLOW_CTX_EXECUTION_DATE=2023-06-13T00:00:00+00:00
AIRFLOW_CTX_TRY_NUMBER=1
AIRFLOW_CTX_DAG_RUN_ID=scheduled__2023-06-13T00:00:00+00:00
[2023-06-14T04:38:07.696+0000] {python.py:177} INFO - Done. Returned value was: None
[2023-06-14T04:38:07.700+0000] {warnings.py:110} WARNING - /home/***/.local/lib/python3.7/site-packages/***/models/baseoperator.py:1390: RemovedInAirflow3Warning: Passing 'execution_date' to 'TaskInstance.xcom_push()' is deprecated.
  context['ti'].xcom_push(key=key, value=value, execution_date=execution_date)

[2023-06-14T04:38:07.726+0000] {taskinstance.py:1406} INFO - Marking task as SUCCESS. dag_id=dateset_producer, task_id=update_dataset, execution_date=20230613T000000, start_date=20230614T043807, end_date=20230614T043807
[2023-06-14T04:38:07.781+0000] {local_task_job.py:164} INFO - Task exited with return code 0
[2023-06-14T04:38:07.803+0000] {local_task_job.py:273} INFO - 0 downstream tasks scheduled from follow-on schedule check
