[2023-06-13T06:05:30.935+0000] {taskinstance.py:1165} INFO - Dependencies all met for <TaskInstance: group_dag.downloas.download_a manual__2023-06-13T06:05:29.183439+00:00 [queued]>
[2023-06-13T06:05:30.966+0000] {taskinstance.py:1165} INFO - Dependencies all met for <TaskInstance: group_dag.downloas.download_a manual__2023-06-13T06:05:29.183439+00:00 [queued]>
[2023-06-13T06:05:30.979+0000] {taskinstance.py:1362} INFO - 
--------------------------------------------------------------------------------
[2023-06-13T06:05:30.981+0000] {taskinstance.py:1363} INFO - Starting attempt 1 of 1
[2023-06-13T06:05:30.983+0000] {taskinstance.py:1364} INFO - 
--------------------------------------------------------------------------------
[2023-06-13T06:05:31.014+0000] {taskinstance.py:1383} INFO - Executing <Task(BashOperator): downloas.download_a> on 2023-06-13 06:05:29.183439+00:00
[2023-06-13T06:05:31.048+0000] {standard_task_runner.py:55} INFO - Started process 15658 to run task
[2023-06-13T06:05:31.087+0000] {standard_task_runner.py:82} INFO - Running: ['***', 'tasks', 'run', 'group_dag', 'downloas.download_a', 'manual__2023-06-13T06:05:29.183439+00:00', '--job-id', '73', '--raw', '--subdir', 'DAGS_FOLDER/group_dag.py', '--cfg-path', '/tmp/tmp9hzw_b4_']
[2023-06-13T06:05:31.091+0000] {standard_task_runner.py:83} INFO - Job 73: Subtask downloas.download_a
[2023-06-13T06:05:31.335+0000] {task_command.py:376} INFO - Running <TaskInstance: group_dag.downloas.download_a manual__2023-06-13T06:05:29.183439+00:00 [running]> on host c0d3dfdc775c
[2023-06-13T06:05:31.591+0000] {taskinstance.py:1592} INFO - Exporting the following env vars:
AIRFLOW_CTX_DAG_OWNER=***
AIRFLOW_CTX_DAG_ID=group_dag
AIRFLOW_CTX_TASK_ID=downloas.download_a
AIRFLOW_CTX_EXECUTION_DATE=2023-06-13T06:05:29.183439+00:00
AIRFLOW_CTX_TRY_NUMBER=1
AIRFLOW_CTX_DAG_RUN_ID=manual__2023-06-13T06:05:29.183439+00:00
[2023-06-13T06:05:31.600+0000] {subprocess.py:63} INFO - Tmp dir root location: 
 /tmp
[2023-06-13T06:05:31.602+0000] {subprocess.py:75} INFO - Running command: ['/bin/bash', '-c', 'sleep 10']
[2023-06-13T06:05:31.639+0000] {subprocess.py:86} INFO - Output:
[2023-06-13T06:05:41.647+0000] {subprocess.py:97} INFO - Command exited with return code 0
[2023-06-13T06:05:41.680+0000] {taskinstance.py:1406} INFO - Marking task as SUCCESS. dag_id=group_dag, task_id=downloas.download_a, execution_date=20230613T060529, start_date=20230613T060530, end_date=20230613T060541
[2023-06-13T06:05:41.735+0000] {local_task_job.py:164} INFO - Task exited with return code 0
[2023-06-13T06:05:41.754+0000] {local_task_job.py:273} INFO - 0 downstream tasks scheduled from follow-on schedule check
