[2023-06-13T00:20:01.000+0000] {taskinstance.py:1165} INFO - Dependencies all met for <TaskInstance: a_producer.update_dataset scheduled__2023-06-12T00:00:00+00:00 [queued]>
[2023-06-13T00:20:01.038+0000] {taskinstance.py:1165} INFO - Dependencies all met for <TaskInstance: a_producer.update_dataset scheduled__2023-06-12T00:00:00+00:00 [queued]>
[2023-06-13T00:20:01.041+0000] {taskinstance.py:1362} INFO - 
--------------------------------------------------------------------------------
[2023-06-13T00:20:01.044+0000] {taskinstance.py:1363} INFO - Starting attempt 1 of 1
[2023-06-13T00:20:01.047+0000] {taskinstance.py:1364} INFO - 
--------------------------------------------------------------------------------
[2023-06-13T00:20:01.084+0000] {taskinstance.py:1383} INFO - Executing <Task(_PythonDecoratedOperator): update_dataset> on 2023-06-12 00:00:00+00:00
[2023-06-13T00:20:01.093+0000] {standard_task_runner.py:55} INFO - Started process 10190 to run task
[2023-06-13T00:20:01.115+0000] {standard_task_runner.py:82} INFO - Running: ['***', 'tasks', 'run', 'a_producer', 'update_dataset', 'scheduled__2023-06-12T00:00:00+00:00', '--job-id', '63', '--raw', '--subdir', 'DAGS_FOLDER/producer.py', '--cfg-path', '/tmp/tmp2b1q01yi']
[2023-06-13T00:20:01.120+0000] {standard_task_runner.py:83} INFO - Job 63: Subtask update_dataset
[2023-06-13T00:20:01.296+0000] {task_command.py:376} INFO - Running <TaskInstance: a_producer.update_dataset scheduled__2023-06-12T00:00:00+00:00 [running]> on host c0d3dfdc775c
[2023-06-13T00:20:01.437+0000] {taskinstance.py:1592} INFO - Exporting the following env vars:
AIRFLOW_CTX_DAG_OWNER=***
AIRFLOW_CTX_DAG_ID=a_producer
AIRFLOW_CTX_TASK_ID=update_dataset
AIRFLOW_CTX_EXECUTION_DATE=2023-06-12T00:00:00+00:00
AIRFLOW_CTX_TRY_NUMBER=1
AIRFLOW_CTX_DAG_RUN_ID=scheduled__2023-06-12T00:00:00+00:00
[2023-06-13T00:20:01.450+0000] {python.py:177} INFO - Done. Returned value was: None
[2023-06-13T00:20:01.456+0000] {warnings.py:110} WARNING - /home/***/.local/lib/python3.7/site-packages/***/models/baseoperator.py:1390: RemovedInAirflow3Warning: Passing 'execution_date' to 'TaskInstance.xcom_push()' is deprecated.
  context['ti'].xcom_push(key=key, value=value, execution_date=execution_date)

[2023-06-13T00:20:01.507+0000] {taskinstance.py:1406} INFO - Marking task as SUCCESS. dag_id=a_producer, task_id=update_dataset, execution_date=20230612T000000, start_date=20230613T002001, end_date=20230613T002001
[2023-06-13T00:20:01.578+0000] {local_task_job.py:164} INFO - Task exited with return code 0
[2023-06-13T00:20:01.609+0000] {local_task_job.py:273} INFO - 0 downstream tasks scheduled from follow-on schedule check
