[2023-06-13T06:27:16.649+0000] {taskinstance.py:1165} INFO - Dependencies all met for <TaskInstance: xcom_dag.processing_tasks.training_model_a manual__2023-06-13T06:27:11.556434+00:00 [queued]>
[2023-06-13T06:27:16.659+0000] {taskinstance.py:1165} INFO - Dependencies all met for <TaskInstance: xcom_dag.processing_tasks.training_model_a manual__2023-06-13T06:27:11.556434+00:00 [queued]>
[2023-06-13T06:27:16.661+0000] {taskinstance.py:1362} INFO - 
--------------------------------------------------------------------------------
[2023-06-13T06:27:16.662+0000] {taskinstance.py:1363} INFO - Starting attempt 1 of 1
[2023-06-13T06:27:16.668+0000] {taskinstance.py:1364} INFO - 
--------------------------------------------------------------------------------
[2023-06-13T06:27:16.689+0000] {taskinstance.py:1383} INFO - Executing <Task(PythonOperator): processing_tasks.training_model_a> on 2023-06-13 06:27:11.556434+00:00
[2023-06-13T06:27:16.697+0000] {standard_task_runner.py:55} INFO - Started process 16528 to run task
[2023-06-13T06:27:16.709+0000] {standard_task_runner.py:82} INFO - Running: ['***', 'tasks', 'run', 'xcom_dag', 'processing_tasks.training_model_a', 'manual__2023-06-13T06:27:11.556434+00:00', '--job-id', '94', '--raw', '--subdir', 'DAGS_FOLDER/xcom_dag.py', '--cfg-path', '/tmp/tmpx4_9ravi']
[2023-06-13T06:27:16.711+0000] {standard_task_runner.py:83} INFO - Job 94: Subtask processing_tasks.training_model_a
[2023-06-13T06:27:16.812+0000] {task_command.py:376} INFO - Running <TaskInstance: xcom_dag.processing_tasks.training_model_a manual__2023-06-13T06:27:11.556434+00:00 [running]> on host c0d3dfdc775c
[2023-06-13T06:27:16.896+0000] {taskinstance.py:1592} INFO - Exporting the following env vars:
AIRFLOW_CTX_DAG_OWNER=***
AIRFLOW_CTX_DAG_ID=xcom_dag
AIRFLOW_CTX_TASK_ID=processing_tasks.training_model_a
AIRFLOW_CTX_EXECUTION_DATE=2023-06-13T06:27:11.556434+00:00
AIRFLOW_CTX_TRY_NUMBER=1
AIRFLOW_CTX_DAG_RUN_ID=manual__2023-06-13T06:27:11.556434+00:00
[2023-06-13T06:27:16.900+0000] {logging_mixin.py:120} INFO - model's accuracy: 8.51160127509991
[2023-06-13T06:27:16.916+0000] {python.py:177} INFO - Done. Returned value was: None
[2023-06-13T06:27:16.934+0000] {taskinstance.py:1406} INFO - Marking task as SUCCESS. dag_id=xcom_dag, task_id=processing_tasks.training_model_a, execution_date=20230613T062711, start_date=20230613T062716, end_date=20230613T062716
[2023-06-13T06:27:16.960+0000] {local_task_job.py:164} INFO - Task exited with return code 0
[2023-06-13T06:27:16.989+0000] {local_task_job.py:273} INFO - 1 downstream tasks scheduled from follow-on schedule check
