[2023-06-14T03:46:20.120+0000] {taskinstance.py:1165} INFO - Dependencies all met for <TaskInstance: endToend_user_processing.create_table manual__2023-06-14T03:46:19.171385+00:00 [queued]>
[2023-06-14T03:46:20.129+0000] {taskinstance.py:1165} INFO - Dependencies all met for <TaskInstance: endToend_user_processing.create_table manual__2023-06-14T03:46:19.171385+00:00 [queued]>
[2023-06-14T03:46:20.131+0000] {taskinstance.py:1362} INFO - 
--------------------------------------------------------------------------------
[2023-06-14T03:46:20.132+0000] {taskinstance.py:1363} INFO - Starting attempt 1 of 1
[2023-06-14T03:46:20.136+0000] {taskinstance.py:1364} INFO - 
--------------------------------------------------------------------------------
[2023-06-14T03:46:20.150+0000] {taskinstance.py:1383} INFO - Executing <Task(PostgresOperator): create_table> on 2023-06-14 03:46:19.171385+00:00
[2023-06-14T03:46:20.159+0000] {standard_task_runner.py:55} INFO - Started process 339 to run task
[2023-06-14T03:46:20.164+0000] {standard_task_runner.py:82} INFO - Running: ['***', 'tasks', 'run', 'endToend_user_processing', 'create_table', 'manual__2023-06-14T03:46:19.171385+00:00', '--job-id', '167', '--raw', '--subdir', 'DAGS_FOLDER/user_processing.py', '--cfg-path', '/tmp/tmpe3yaos4c']
[2023-06-14T03:46:20.169+0000] {standard_task_runner.py:83} INFO - Job 167: Subtask create_table
[2023-06-14T03:46:20.247+0000] {task_command.py:376} INFO - Running <TaskInstance: endToend_user_processing.create_table manual__2023-06-14T03:46:19.171385+00:00 [running]> on host 5f3b9c67a0bc
[2023-06-14T03:46:20.308+0000] {taskinstance.py:1592} INFO - Exporting the following env vars:
AIRFLOW_CTX_DAG_OWNER=***
AIRFLOW_CTX_DAG_ID=endToend_user_processing
AIRFLOW_CTX_TASK_ID=create_table
AIRFLOW_CTX_EXECUTION_DATE=2023-06-14T03:46:19.171385+00:00
AIRFLOW_CTX_TRY_NUMBER=1
AIRFLOW_CTX_DAG_RUN_ID=manual__2023-06-14T03:46:19.171385+00:00
[2023-06-14T03:46:20.320+0000] {base.py:71} INFO - Using connection ID 'postgres' for task execution.
[2023-06-14T03:46:20.330+0000] {sql.py:315} INFO - Running statement: 
          Create table if not exists users (
               firstname TEXT NOT NULL,
               lastname TEXT NOT NULL,
               country TEXT NOT NULL,
               username TEXT NOT NULL,
               password TEXT NOT NULL,
               email TEXT NOT NULL
          );
        , parameters: None
[2023-06-14T03:46:20.333+0000] {postgres.py:96} INFO - NOTICE:  relation "users" already exists, skipping

[2023-06-14T03:46:20.345+0000] {taskinstance.py:1406} INFO - Marking task as SUCCESS. dag_id=endToend_user_processing, task_id=create_table, execution_date=20230614T034619, start_date=20230614T034620, end_date=20230614T034620
[2023-06-14T03:46:20.378+0000] {local_task_job.py:164} INFO - Task exited with return code 0
[2023-06-14T03:46:20.441+0000] {local_task_job.py:273} INFO - 1 downstream tasks scheduled from follow-on schedule check
