[2023-06-13T06:39:15.759+0000] {taskinstance.py:1165} INFO - Dependencies all met for <TaskInstance: xcom_dag.task_4 manual__2023-06-13T06:39:09.388901+00:00 [queued]>
[2023-06-13T06:39:15.768+0000] {taskinstance.py:1165} INFO - Dependencies all met for <TaskInstance: xcom_dag.task_4 manual__2023-06-13T06:39:09.388901+00:00 [queued]>
[2023-06-13T06:39:15.769+0000] {taskinstance.py:1362} INFO - 
--------------------------------------------------------------------------------
[2023-06-13T06:39:15.771+0000] {taskinstance.py:1363} INFO - Starting attempt 1 of 1
[2023-06-13T06:39:15.772+0000] {taskinstance.py:1364} INFO - 
--------------------------------------------------------------------------------
[2023-06-13T06:39:15.782+0000] {taskinstance.py:1383} INFO - Executing <Task(PythonOperator): task_4> on 2023-06-13 06:39:09.388901+00:00
[2023-06-13T06:39:15.787+0000] {standard_task_runner.py:55} INFO - Started process 17145 to run task
[2023-06-13T06:39:15.791+0000] {standard_task_runner.py:82} INFO - Running: ['***', 'tasks', 'run', 'xcom_dag', 'task_4', 'manual__2023-06-13T06:39:09.388901+00:00', '--job-id', '112', '--raw', '--subdir', 'DAGS_FOLDER/xcom_dag.py', '--cfg-path', '/tmp/tmp4fdoq82_']
[2023-06-13T06:39:15.793+0000] {standard_task_runner.py:83} INFO - Job 112: Subtask task_4
[2023-06-13T06:39:15.855+0000] {task_command.py:376} INFO - Running <TaskInstance: xcom_dag.task_4 manual__2023-06-13T06:39:09.388901+00:00 [running]> on host c0d3dfdc775c
[2023-06-13T06:39:15.908+0000] {taskinstance.py:1592} INFO - Exporting the following env vars:
AIRFLOW_CTX_DAG_OWNER=***
AIRFLOW_CTX_DAG_ID=xcom_dag
AIRFLOW_CTX_TASK_ID=task_4
AIRFLOW_CTX_EXECUTION_DATE=2023-06-13T06:39:09.388901+00:00
AIRFLOW_CTX_TRY_NUMBER=1
AIRFLOW_CTX_DAG_RUN_ID=manual__2023-06-13T06:39:09.388901+00:00
[2023-06-13T06:39:15.910+0000] {logging_mixin.py:120} INFO - choose best model
[2023-06-13T06:39:15.938+0000] {logging_mixin.py:120} INFO - {'model a': 6.995020835980707, 'model b': 2.2325778964549907, 'model c': 0.6828493131387816}
[2023-06-13T06:39:15.939+0000] {logging_mixin.py:120} INFO - Maximum value is of  model a
[2023-06-13T06:39:15.940+0000] {python.py:177} INFO - Done. Returned value was: None
[2023-06-13T06:39:15.950+0000] {taskinstance.py:1406} INFO - Marking task as SUCCESS. dag_id=xcom_dag, task_id=task_4, execution_date=20230613T063909, start_date=20230613T063915, end_date=20230613T063915
[2023-06-13T06:39:16.003+0000] {local_task_job.py:164} INFO - Task exited with return code 0
[2023-06-13T06:39:16.021+0000] {local_task_job.py:273} INFO - 0 downstream tasks scheduled from follow-on schedule check
