[2023-06-14T00:14:06.024+0000] {taskinstance.py:1165} INFO - Dependencies all met for <TaskInstance: xcom_dag.task_4 scheduled__2023-06-13T00:00:00+00:00 [queued]>
[2023-06-14T00:14:06.042+0000] {taskinstance.py:1165} INFO - Dependencies all met for <TaskInstance: xcom_dag.task_4 scheduled__2023-06-13T00:00:00+00:00 [queued]>
[2023-06-14T00:14:06.044+0000] {taskinstance.py:1362} INFO - 
--------------------------------------------------------------------------------
[2023-06-14T00:14:06.047+0000] {taskinstance.py:1363} INFO - Starting attempt 1 of 1
[2023-06-14T00:14:06.048+0000] {taskinstance.py:1364} INFO - 
--------------------------------------------------------------------------------
[2023-06-14T00:14:06.072+0000] {taskinstance.py:1383} INFO - Executing <Task(PythonOperator): task_4> on 2023-06-13 00:00:00+00:00
[2023-06-14T00:14:06.089+0000] {standard_task_runner.py:55} INFO - Started process 1142 to run task
[2023-06-14T00:14:06.094+0000] {standard_task_runner.py:82} INFO - Running: ['***', 'tasks', 'run', 'xcom_dag', 'task_4', 'scheduled__2023-06-13T00:00:00+00:00', '--job-id', '154', '--raw', '--subdir', 'DAGS_FOLDER/xcom_dag.py', '--cfg-path', '/tmp/tmpf4nogomk']
[2023-06-14T00:14:06.097+0000] {standard_task_runner.py:83} INFO - Job 154: Subtask task_4
[2023-06-14T00:14:06.448+0000] {task_command.py:376} INFO - Running <TaskInstance: xcom_dag.task_4 scheduled__2023-06-13T00:00:00+00:00 [running]> on host 5f3b9c67a0bc
[2023-06-14T00:14:06.690+0000] {taskinstance.py:1592} INFO - Exporting the following env vars:
AIRFLOW_CTX_DAG_OWNER=***
AIRFLOW_CTX_DAG_ID=xcom_dag
AIRFLOW_CTX_TASK_ID=task_4
AIRFLOW_CTX_EXECUTION_DATE=2023-06-13T00:00:00+00:00
AIRFLOW_CTX_TRY_NUMBER=1
AIRFLOW_CTX_DAG_RUN_ID=scheduled__2023-06-13T00:00:00+00:00
[2023-06-14T00:14:06.696+0000] {logging_mixin.py:120} INFO - choose best model
[2023-06-14T00:14:06.751+0000] {logging_mixin.py:120} INFO - {'model a': 7.775239934543286, 'model b': 3.5677893111498875, 'model c': 4.5307039080281}
[2023-06-14T00:14:06.753+0000] {logging_mixin.py:120} INFO - Maximum value is of  model a
[2023-06-14T00:14:06.755+0000] {python.py:177} INFO - Done. Returned value was: None
[2023-06-14T00:14:06.779+0000] {taskinstance.py:1406} INFO - Marking task as SUCCESS. dag_id=xcom_dag, task_id=task_4, execution_date=20230613T000000, start_date=20230614T001406, end_date=20230614T001406
[2023-06-14T00:14:06.859+0000] {local_task_job.py:164} INFO - Task exited with return code 0
[2023-06-14T00:14:06.905+0000] {local_task_job.py:273} INFO - 0 downstream tasks scheduled from follow-on schedule check
[2023-06-14T04:38:16.331+0000] {taskinstance.py:1165} INFO - Dependencies all met for <TaskInstance: xcom_dag.task_4 scheduled__2023-06-13T00:00:00+00:00 [queued]>
[2023-06-14T04:38:16.339+0000] {taskinstance.py:1165} INFO - Dependencies all met for <TaskInstance: xcom_dag.task_4 scheduled__2023-06-13T00:00:00+00:00 [queued]>
[2023-06-14T04:38:16.340+0000] {taskinstance.py:1362} INFO - 
--------------------------------------------------------------------------------
[2023-06-14T04:38:16.341+0000] {taskinstance.py:1363} INFO - Starting attempt 1 of 1
[2023-06-14T04:38:16.342+0000] {taskinstance.py:1364} INFO - 
--------------------------------------------------------------------------------
[2023-06-14T04:38:16.353+0000] {taskinstance.py:1383} INFO - Executing <Task(PythonOperator): task_4> on 2023-06-13 00:00:00+00:00
[2023-06-14T04:38:16.360+0000] {standard_task_runner.py:55} INFO - Started process 403 to run task
[2023-06-14T04:38:16.364+0000] {standard_task_runner.py:82} INFO - Running: ['***', 'tasks', 'run', 'xcom_dag', 'task_4', 'scheduled__2023-06-13T00:00:00+00:00', '--job-id', '17', '--raw', '--subdir', 'DAGS_FOLDER/xcom_dag.py', '--cfg-path', '/tmp/tmpt8nx1iaq']
[2023-06-14T04:38:16.367+0000] {standard_task_runner.py:83} INFO - Job 17: Subtask task_4
[2023-06-14T04:38:16.428+0000] {task_command.py:376} INFO - Running <TaskInstance: xcom_dag.task_4 scheduled__2023-06-13T00:00:00+00:00 [running]> on host eccc8785320d
[2023-06-14T04:38:16.486+0000] {taskinstance.py:1592} INFO - Exporting the following env vars:
AIRFLOW_CTX_DAG_OWNER=***
AIRFLOW_CTX_DAG_ID=xcom_dag
AIRFLOW_CTX_TASK_ID=task_4
AIRFLOW_CTX_EXECUTION_DATE=2023-06-13T00:00:00+00:00
AIRFLOW_CTX_TRY_NUMBER=1
AIRFLOW_CTX_DAG_RUN_ID=scheduled__2023-06-13T00:00:00+00:00
[2023-06-14T04:38:16.489+0000] {logging_mixin.py:120} INFO - choose best model
[2023-06-14T04:38:16.517+0000] {logging_mixin.py:120} INFO - {'model a': 0.7659215342972997, 'model b': 6.73292494109029, 'model c': 9.583917244325024}
[2023-06-14T04:38:16.518+0000] {logging_mixin.py:120} INFO - Maximum value is of  model c
[2023-06-14T04:38:16.520+0000] {python.py:177} INFO - Done. Returned value was: None
[2023-06-14T04:38:16.531+0000] {taskinstance.py:1406} INFO - Marking task as SUCCESS. dag_id=xcom_dag, task_id=task_4, execution_date=20230613T000000, start_date=20230614T043816, end_date=20230614T043816
[2023-06-14T04:38:16.577+0000] {local_task_job.py:164} INFO - Task exited with return code 0
[2023-06-14T04:38:16.594+0000] {local_task_job.py:273} INFO - 0 downstream tasks scheduled from follow-on schedule check
