[2023-06-13T06:37:05.724+0000] {taskinstance.py:1165} INFO - Dependencies all met for <TaskInstance: xcom_dag.processing_tasks.training_model_c manual__2023-06-13T06:37:00.220465+00:00 [queued]>
[2023-06-13T06:37:05.739+0000] {taskinstance.py:1165} INFO - Dependencies all met for <TaskInstance: xcom_dag.processing_tasks.training_model_c manual__2023-06-13T06:37:00.220465+00:00 [queued]>
[2023-06-13T06:37:05.755+0000] {taskinstance.py:1362} INFO - 
--------------------------------------------------------------------------------
[2023-06-13T06:37:05.757+0000] {taskinstance.py:1363} INFO - Starting attempt 1 of 1
[2023-06-13T06:37:05.759+0000] {taskinstance.py:1364} INFO - 
--------------------------------------------------------------------------------
[2023-06-13T06:37:05.771+0000] {taskinstance.py:1383} INFO - Executing <Task(PythonOperator): processing_tasks.training_model_c> on 2023-06-13 06:37:00.220465+00:00
[2023-06-13T06:37:05.778+0000] {standard_task_runner.py:55} INFO - Started process 17012 to run task
[2023-06-13T06:37:05.785+0000] {standard_task_runner.py:82} INFO - Running: ['***', 'tasks', 'run', 'xcom_dag', 'processing_tasks.training_model_c', 'manual__2023-06-13T06:37:00.220465+00:00', '--job-id', '101', '--raw', '--subdir', 'DAGS_FOLDER/xcom_dag.py', '--cfg-path', '/tmp/tmpwezjrl52']
[2023-06-13T06:37:05.787+0000] {standard_task_runner.py:83} INFO - Job 101: Subtask processing_tasks.training_model_c
[2023-06-13T06:37:05.898+0000] {task_command.py:376} INFO - Running <TaskInstance: xcom_dag.processing_tasks.training_model_c manual__2023-06-13T06:37:00.220465+00:00 [running]> on host c0d3dfdc775c
[2023-06-13T06:37:05.998+0000] {taskinstance.py:1592} INFO - Exporting the following env vars:
AIRFLOW_CTX_DAG_OWNER=***
AIRFLOW_CTX_DAG_ID=xcom_dag
AIRFLOW_CTX_TASK_ID=processing_tasks.training_model_c
AIRFLOW_CTX_EXECUTION_DATE=2023-06-13T06:37:00.220465+00:00
AIRFLOW_CTX_TRY_NUMBER=1
AIRFLOW_CTX_DAG_RUN_ID=manual__2023-06-13T06:37:00.220465+00:00
[2023-06-13T06:37:06.000+0000] {logging_mixin.py:120} INFO - model's accuracy: 2.0177114117498953
[2023-06-13T06:37:06.015+0000] {python.py:177} INFO - Done. Returned value was: None
[2023-06-13T06:37:06.037+0000] {taskinstance.py:1406} INFO - Marking task as SUCCESS. dag_id=xcom_dag, task_id=processing_tasks.training_model_c, execution_date=20230613T063700, start_date=20230613T063705, end_date=20230613T063706
[2023-06-13T06:37:06.075+0000] {local_task_job.py:164} INFO - Task exited with return code 0
[2023-06-13T06:37:06.099+0000] {local_task_job.py:273} INFO - 1 downstream tasks scheduled from follow-on schedule check
