[2023-06-07T18:15:19.726+0000] {taskinstance.py:1165} INFO - Dependencies all met for <TaskInstance: user_processing.create_table manual__2023-06-07T18:15:18.002479+00:00 [queued]>
[2023-06-07T18:15:19.750+0000] {taskinstance.py:1165} INFO - Dependencies all met for <TaskInstance: user_processing.create_table manual__2023-06-07T18:15:18.002479+00:00 [queued]>
[2023-06-07T18:15:19.753+0000] {taskinstance.py:1362} INFO - 
--------------------------------------------------------------------------------
[2023-06-07T18:15:19.755+0000] {taskinstance.py:1363} INFO - Starting attempt 1 of 1
[2023-06-07T18:15:19.758+0000] {taskinstance.py:1364} INFO - 
--------------------------------------------------------------------------------
[2023-06-07T18:15:19.785+0000] {taskinstance.py:1383} INFO - Executing <Task(PostgresOperator): create_table> on 2023-06-07 18:15:18.002479+00:00
[2023-06-07T18:15:19.796+0000] {standard_task_runner.py:55} INFO - Started process 4992 to run task
[2023-06-07T18:15:19.815+0000] {standard_task_runner.py:82} INFO - Running: ['***', 'tasks', 'run', 'user_processing', 'create_table', 'manual__2023-06-07T18:15:18.002479+00:00', '--job-id', '10', '--raw', '--subdir', 'DAGS_FOLDER/user_processing.py', '--cfg-path', '/tmp/tmp3cpeuoud']
[2023-06-07T18:15:19.820+0000] {standard_task_runner.py:83} INFO - Job 10: Subtask create_table
[2023-06-07T18:15:19.974+0000] {task_command.py:376} INFO - Running <TaskInstance: user_processing.create_table manual__2023-06-07T18:15:18.002479+00:00 [running]> on host 2efdd707d2e6
[2023-06-07T18:15:20.072+0000] {taskinstance.py:1592} INFO - Exporting the following env vars:
AIRFLOW_CTX_DAG_OWNER=***
AIRFLOW_CTX_DAG_ID=user_processing
AIRFLOW_CTX_TASK_ID=create_table
AIRFLOW_CTX_EXECUTION_DATE=2023-06-07T18:15:18.002479+00:00
AIRFLOW_CTX_TRY_NUMBER=1
AIRFLOW_CTX_DAG_RUN_ID=manual__2023-06-07T18:15:18.002479+00:00
[2023-06-07T18:15:20.090+0000] {base.py:71} INFO - Using connection ID 'postgres' for task execution.
[2023-06-07T18:15:20.100+0000] {sql.py:315} INFO - Running statement: 
          Create table if not exists users (
               firstname TEXT NOT NULL,
               lastname TEXT NOT NULL,
               country TEXT NOT NULL,
               username TEXT NOT NULL,
               password TEXT NOT NULL,
               email TEXT NOT NULL
          );
        , parameters: None
[2023-06-07T18:15:20.109+0000] {postgres.py:96} INFO - NOTICE:  relation "users" already exists, skipping

[2023-06-07T18:15:20.134+0000] {taskinstance.py:1406} INFO - Marking task as SUCCESS. dag_id=user_processing, task_id=create_table, execution_date=20230607T181518, start_date=20230607T181519, end_date=20230607T181520
[2023-06-07T18:15:20.185+0000] {local_task_job.py:164} INFO - Task exited with return code 0
[2023-06-07T18:15:20.233+0000] {local_task_job.py:273} INFO - 1 downstream tasks scheduled from follow-on schedule check
