[2023-06-13T06:38:15.099+0000] {taskinstance.py:1165} INFO - Dependencies all met for <TaskInstance: xcom_dag.processing_tasks.training_model_b manual__2023-06-13T06:38:10.082687+00:00 [queued]>
[2023-06-13T06:38:15.111+0000] {taskinstance.py:1165} INFO - Dependencies all met for <TaskInstance: xcom_dag.processing_tasks.training_model_b manual__2023-06-13T06:38:10.082687+00:00 [queued]>
[2023-06-13T06:38:15.130+0000] {taskinstance.py:1362} INFO - 
--------------------------------------------------------------------------------
[2023-06-13T06:38:15.131+0000] {taskinstance.py:1363} INFO - Starting attempt 1 of 1
[2023-06-13T06:38:15.137+0000] {taskinstance.py:1364} INFO - 
--------------------------------------------------------------------------------
[2023-06-13T06:38:15.178+0000] {taskinstance.py:1383} INFO - Executing <Task(PythonOperator): processing_tasks.training_model_b> on 2023-06-13 06:38:10.082687+00:00
[2023-06-13T06:38:15.189+0000] {standard_task_runner.py:55} INFO - Started process 17088 to run task
[2023-06-13T06:38:15.194+0000] {standard_task_runner.py:82} INFO - Running: ['***', 'tasks', 'run', 'xcom_dag', 'processing_tasks.training_model_b', 'manual__2023-06-13T06:38:10.082687+00:00', '--job-id', '106', '--raw', '--subdir', 'DAGS_FOLDER/xcom_dag.py', '--cfg-path', '/tmp/tmp4s8lm_qv']
[2023-06-13T06:38:15.198+0000] {standard_task_runner.py:83} INFO - Job 106: Subtask processing_tasks.training_model_b
[2023-06-13T06:38:15.294+0000] {task_command.py:376} INFO - Running <TaskInstance: xcom_dag.processing_tasks.training_model_b manual__2023-06-13T06:38:10.082687+00:00 [running]> on host c0d3dfdc775c
[2023-06-13T06:38:15.357+0000] {taskinstance.py:1592} INFO - Exporting the following env vars:
AIRFLOW_CTX_DAG_OWNER=***
AIRFLOW_CTX_DAG_ID=xcom_dag
AIRFLOW_CTX_TASK_ID=processing_tasks.training_model_b
AIRFLOW_CTX_EXECUTION_DATE=2023-06-13T06:38:10.082687+00:00
AIRFLOW_CTX_TRY_NUMBER=1
AIRFLOW_CTX_DAG_RUN_ID=manual__2023-06-13T06:38:10.082687+00:00
[2023-06-13T06:38:15.359+0000] {logging_mixin.py:120} INFO - model's accuracy: 0.41979042475489703
[2023-06-13T06:38:15.377+0000] {python.py:177} INFO - Done. Returned value was: None
[2023-06-13T06:38:15.390+0000] {taskinstance.py:1406} INFO - Marking task as SUCCESS. dag_id=xcom_dag, task_id=processing_tasks.training_model_b, execution_date=20230613T063810, start_date=20230613T063815, end_date=20230613T063815
[2023-06-13T06:38:15.415+0000] {local_task_job.py:164} INFO - Task exited with return code 0
[2023-06-13T06:38:15.439+0000] {local_task_job.py:273} INFO - 0 downstream tasks scheduled from follow-on schedule check
