[2023-06-14T00:13:54.810+0000] {taskinstance.py:1165} INFO - Dependencies all met for <TaskInstance: group_dag.downloas.download_a scheduled__2023-06-13T00:00:00+00:00 [queued]>
[2023-06-14T00:13:54.920+0000] {taskinstance.py:1165} INFO - Dependencies all met for <TaskInstance: group_dag.downloas.download_a scheduled__2023-06-13T00:00:00+00:00 [queued]>
[2023-06-14T00:13:54.925+0000] {taskinstance.py:1362} INFO - 
--------------------------------------------------------------------------------
[2023-06-14T00:13:54.929+0000] {taskinstance.py:1363} INFO - Starting attempt 1 of 1
[2023-06-14T00:13:54.938+0000] {taskinstance.py:1364} INFO - 
--------------------------------------------------------------------------------
[2023-06-14T00:13:55.140+0000] {taskinstance.py:1383} INFO - Executing <Task(BashOperator): downloas.download_a> on 2023-06-13 00:00:00+00:00
[2023-06-14T00:13:55.197+0000] {standard_task_runner.py:55} INFO - Started process 1115 to run task
[2023-06-14T00:13:55.307+0000] {standard_task_runner.py:82} INFO - Running: ['***', 'tasks', 'run', 'group_dag', 'downloas.download_a', 'scheduled__2023-06-13T00:00:00+00:00', '--job-id', '140', '--raw', '--subdir', 'DAGS_FOLDER/group_dag.py', '--cfg-path', '/tmp/tmpeqglng3g']
[2023-06-14T00:13:55.351+0000] {standard_task_runner.py:83} INFO - Job 140: Subtask downloas.download_a
[2023-06-14T00:13:56.103+0000] {task_command.py:376} INFO - Running <TaskInstance: group_dag.downloas.download_a scheduled__2023-06-13T00:00:00+00:00 [running]> on host 5f3b9c67a0bc
[2023-06-14T00:13:56.541+0000] {taskinstance.py:1592} INFO - Exporting the following env vars:
AIRFLOW_CTX_DAG_OWNER=***
AIRFLOW_CTX_DAG_ID=group_dag
AIRFLOW_CTX_TASK_ID=downloas.download_a
AIRFLOW_CTX_EXECUTION_DATE=2023-06-13T00:00:00+00:00
AIRFLOW_CTX_TRY_NUMBER=1
AIRFLOW_CTX_DAG_RUN_ID=scheduled__2023-06-13T00:00:00+00:00
[2023-06-14T00:13:56.552+0000] {subprocess.py:63} INFO - Tmp dir root location: 
 /tmp
[2023-06-14T00:13:56.560+0000] {subprocess.py:75} INFO - Running command: ['/bin/bash', '-c', 'sleep 10']
[2023-06-14T00:13:56.672+0000] {subprocess.py:86} INFO - Output:
[2023-06-14T00:14:06.797+0000] {subprocess.py:97} INFO - Command exited with return code 0
[2023-06-14T00:14:06.913+0000] {taskinstance.py:1406} INFO - Marking task as SUCCESS. dag_id=group_dag, task_id=downloas.download_a, execution_date=20230613T000000, start_date=20230614T001354, end_date=20230614T001406
[2023-06-14T00:14:07.035+0000] {local_task_job.py:164} INFO - Task exited with return code 0
[2023-06-14T00:14:07.131+0000] {local_task_job.py:273} INFO - 0 downstream tasks scheduled from follow-on schedule check
[2023-06-14T04:38:10.069+0000] {taskinstance.py:1165} INFO - Dependencies all met for <TaskInstance: group_dag.downloas.download_a scheduled__2023-06-13T00:00:00+00:00 [queued]>
[2023-06-14T04:38:10.102+0000] {taskinstance.py:1165} INFO - Dependencies all met for <TaskInstance: group_dag.downloas.download_a scheduled__2023-06-13T00:00:00+00:00 [queued]>
[2023-06-14T04:38:10.103+0000] {taskinstance.py:1362} INFO - 
--------------------------------------------------------------------------------
[2023-06-14T04:38:10.106+0000] {taskinstance.py:1363} INFO - Starting attempt 1 of 1
[2023-06-14T04:38:10.107+0000] {taskinstance.py:1364} INFO - 
--------------------------------------------------------------------------------
[2023-06-14T04:38:10.149+0000] {taskinstance.py:1383} INFO - Executing <Task(BashOperator): downloas.download_a> on 2023-06-13 00:00:00+00:00
[2023-06-14T04:38:10.160+0000] {standard_task_runner.py:55} INFO - Started process 384 to run task
[2023-06-14T04:38:10.170+0000] {standard_task_runner.py:82} INFO - Running: ['***', 'tasks', 'run', 'group_dag', 'downloas.download_a', 'scheduled__2023-06-13T00:00:00+00:00', '--job-id', '9', '--raw', '--subdir', 'DAGS_FOLDER/group_dag.py', '--cfg-path', '/tmp/tmpvhsh35xy']
[2023-06-14T04:38:10.176+0000] {standard_task_runner.py:83} INFO - Job 9: Subtask downloas.download_a
[2023-06-14T04:38:10.354+0000] {task_command.py:376} INFO - Running <TaskInstance: group_dag.downloas.download_a scheduled__2023-06-13T00:00:00+00:00 [running]> on host eccc8785320d
[2023-06-14T04:38:10.506+0000] {taskinstance.py:1592} INFO - Exporting the following env vars:
AIRFLOW_CTX_DAG_OWNER=***
AIRFLOW_CTX_DAG_ID=group_dag
AIRFLOW_CTX_TASK_ID=downloas.download_a
AIRFLOW_CTX_EXECUTION_DATE=2023-06-13T00:00:00+00:00
AIRFLOW_CTX_TRY_NUMBER=1
AIRFLOW_CTX_DAG_RUN_ID=scheduled__2023-06-13T00:00:00+00:00
[2023-06-14T04:38:10.509+0000] {subprocess.py:63} INFO - Tmp dir root location: 
 /tmp
[2023-06-14T04:38:10.511+0000] {subprocess.py:75} INFO - Running command: ['/bin/bash', '-c', 'sleep 10']
[2023-06-14T04:38:10.538+0000] {subprocess.py:86} INFO - Output:
[2023-06-14T04:38:20.544+0000] {subprocess.py:97} INFO - Command exited with return code 0
[2023-06-14T04:38:20.584+0000] {taskinstance.py:1406} INFO - Marking task as SUCCESS. dag_id=group_dag, task_id=downloas.download_a, execution_date=20230613T000000, start_date=20230614T043810, end_date=20230614T043820
[2023-06-14T04:38:20.630+0000] {local_task_job.py:164} INFO - Task exited with return code 0
[2023-06-14T04:38:20.649+0000] {local_task_job.py:273} INFO - 0 downstream tasks scheduled from follow-on schedule check
