[2023-06-11T00:19:41.436+0000] {taskinstance.py:1165} INFO - Dependencies all met for <TaskInstance: a_user_processing.extract_user scheduled__2023-06-10T00:00:00+00:00 [queued]>
[2023-06-11T00:19:41.444+0000] {taskinstance.py:1165} INFO - Dependencies all met for <TaskInstance: a_user_processing.extract_user scheduled__2023-06-10T00:00:00+00:00 [queued]>
[2023-06-11T00:19:41.445+0000] {taskinstance.py:1362} INFO - 
--------------------------------------------------------------------------------
[2023-06-11T00:19:41.447+0000] {taskinstance.py:1363} INFO - Starting attempt 1 of 1
[2023-06-11T00:19:41.448+0000] {taskinstance.py:1364} INFO - 
--------------------------------------------------------------------------------
[2023-06-11T00:19:41.459+0000] {taskinstance.py:1383} INFO - Executing <Task(SimpleHttpOperator): extract_user> on 2023-06-10 00:00:00+00:00
[2023-06-11T00:19:41.469+0000] {standard_task_runner.py:55} INFO - Started process 2908 to run task
[2023-06-11T00:19:41.473+0000] {standard_task_runner.py:82} INFO - Running: ['***', 'tasks', 'run', 'a_user_processing', 'extract_user', 'scheduled__2023-06-10T00:00:00+00:00', '--job-id', '56', '--raw', '--subdir', 'DAGS_FOLDER/user_processing.py', '--cfg-path', '/tmp/tmpd3oehr5e']
[2023-06-11T00:19:41.475+0000] {standard_task_runner.py:83} INFO - Job 56: Subtask extract_user
[2023-06-11T00:19:41.540+0000] {task_command.py:376} INFO - Running <TaskInstance: a_user_processing.extract_user scheduled__2023-06-10T00:00:00+00:00 [running]> on host c0d3dfdc775c
[2023-06-11T00:19:41.597+0000] {taskinstance.py:1592} INFO - Exporting the following env vars:
AIRFLOW_CTX_DAG_OWNER=***
AIRFLOW_CTX_DAG_ID=a_user_processing
AIRFLOW_CTX_TASK_ID=extract_user
AIRFLOW_CTX_EXECUTION_DATE=2023-06-10T00:00:00+00:00
AIRFLOW_CTX_TRY_NUMBER=1
AIRFLOW_CTX_DAG_RUN_ID=scheduled__2023-06-10T00:00:00+00:00
[2023-06-11T00:19:41.600+0000] {http.py:121} INFO - Calling HTTP method
[2023-06-11T00:19:42.177+0000] {base.py:71} INFO - Using connection ID 'user_api' for task execution.
[2023-06-11T00:19:42.181+0000] {http.py:148} INFO - Sending 'GET' to url: https://randomuser.me/api/
[2023-06-11T00:19:43.236+0000] {taskinstance.py:1406} INFO - Marking task as SUCCESS. dag_id=a_user_processing, task_id=extract_user, execution_date=20230610T000000, start_date=20230611T001941, end_date=20230611T001943
[2023-06-11T00:19:43.279+0000] {local_task_job.py:164} INFO - Task exited with return code 0
[2023-06-11T00:19:43.307+0000] {local_task_job.py:273} INFO - 1 downstream tasks scheduled from follow-on schedule check
