[2023-06-12T00:07:34.299+0000] {taskinstance.py:1165} INFO - Dependencies all met for <TaskInstance: a_consumer.read_dataset dataset_triggered__2023-06-12T00:07:31.308754+00:00 [queued]>
[2023-06-12T00:07:34.381+0000] {taskinstance.py:1165} INFO - Dependencies all met for <TaskInstance: a_consumer.read_dataset dataset_triggered__2023-06-12T00:07:31.308754+00:00 [queued]>
[2023-06-12T00:07:34.389+0000] {taskinstance.py:1362} INFO - 
--------------------------------------------------------------------------------
[2023-06-12T00:07:34.398+0000] {taskinstance.py:1363} INFO - Starting attempt 1 of 1
[2023-06-12T00:07:34.402+0000] {taskinstance.py:1364} INFO - 
--------------------------------------------------------------------------------
[2023-06-12T00:07:34.455+0000] {taskinstance.py:1383} INFO - Executing <Task(_PythonDecoratedOperator): read_dataset> on 2023-06-12 00:07:31.308754+00:00
[2023-06-12T00:07:34.483+0000] {standard_task_runner.py:55} INFO - Started process 3570 to run task
[2023-06-12T00:07:34.508+0000] {standard_task_runner.py:82} INFO - Running: ['***', 'tasks', 'run', 'a_consumer', 'read_dataset', 'dataset_triggered__2023-06-12T00:07:31.308754+00:00', '--job-id', '61', '--raw', '--subdir', 'DAGS_FOLDER/consumer.py', '--cfg-path', '/tmp/tmpepr3oa89']
[2023-06-12T00:07:34.522+0000] {standard_task_runner.py:83} INFO - Job 61: Subtask read_dataset
[2023-06-12T00:07:34.869+0000] {task_command.py:376} INFO - Running <TaskInstance: a_consumer.read_dataset dataset_triggered__2023-06-12T00:07:31.308754+00:00 [running]> on host c0d3dfdc775c
[2023-06-12T00:07:35.488+0000] {taskinstance.py:1592} INFO - Exporting the following env vars:
AIRFLOW_CTX_DAG_OWNER=***
AIRFLOW_CTX_DAG_ID=a_consumer
AIRFLOW_CTX_TASK_ID=read_dataset
AIRFLOW_CTX_EXECUTION_DATE=2023-06-12T00:07:31.308754+00:00
AIRFLOW_CTX_TRY_NUMBER=1
AIRFLOW_CTX_DAG_RUN_ID=dataset_triggered__2023-06-12T00:07:31.308754+00:00
[2023-06-12T00:07:35.500+0000] {logging_mixin.py:120} INFO - producer updateproducer updateproducer updateproducer update
[2023-06-12T00:07:35.506+0000] {python.py:177} INFO - Done. Returned value was: None
[2023-06-12T00:07:35.570+0000] {taskinstance.py:1406} INFO - Marking task as SUCCESS. dag_id=a_consumer, task_id=read_dataset, execution_date=20230612T000731, start_date=20230612T000734, end_date=20230612T000735
[2023-06-12T00:07:35.682+0000] {local_task_job.py:164} INFO - Task exited with return code 0
[2023-06-12T00:07:35.795+0000] {local_task_job.py:273} INFO - 0 downstream tasks scheduled from follow-on schedule check
