[2023-06-14T03:46:35.173+0000] {taskinstance.py:1165} INFO - Dependencies all met for <TaskInstance: xcom_dag.task_4 manual__2023-06-14T03:46:27.684412+00:00 [queued]>
[2023-06-14T03:46:35.182+0000] {taskinstance.py:1165} INFO - Dependencies all met for <TaskInstance: xcom_dag.task_4 manual__2023-06-14T03:46:27.684412+00:00 [queued]>
[2023-06-14T03:46:35.183+0000] {taskinstance.py:1362} INFO - 
--------------------------------------------------------------------------------
[2023-06-14T03:46:35.184+0000] {taskinstance.py:1363} INFO - Starting attempt 1 of 1
[2023-06-14T03:46:35.185+0000] {taskinstance.py:1364} INFO - 
--------------------------------------------------------------------------------
[2023-06-14T03:46:35.196+0000] {taskinstance.py:1383} INFO - Executing <Task(PythonOperator): task_4> on 2023-06-14 03:46:27.684412+00:00
[2023-06-14T03:46:35.203+0000] {standard_task_runner.py:55} INFO - Started process 382 to run task
[2023-06-14T03:46:35.207+0000] {standard_task_runner.py:82} INFO - Running: ['***', 'tasks', 'run', 'xcom_dag', 'task_4', 'manual__2023-06-14T03:46:27.684412+00:00', '--job-id', '180', '--raw', '--subdir', 'DAGS_FOLDER/xcom_dag.py', '--cfg-path', '/tmp/tmpj67l5e5w']
[2023-06-14T03:46:35.208+0000] {standard_task_runner.py:83} INFO - Job 180: Subtask task_4
[2023-06-14T03:46:35.274+0000] {task_command.py:376} INFO - Running <TaskInstance: xcom_dag.task_4 manual__2023-06-14T03:46:27.684412+00:00 [running]> on host 5f3b9c67a0bc
[2023-06-14T03:46:35.340+0000] {taskinstance.py:1592} INFO - Exporting the following env vars:
AIRFLOW_CTX_DAG_OWNER=***
AIRFLOW_CTX_DAG_ID=xcom_dag
AIRFLOW_CTX_TASK_ID=task_4
AIRFLOW_CTX_EXECUTION_DATE=2023-06-14T03:46:27.684412+00:00
AIRFLOW_CTX_TRY_NUMBER=1
AIRFLOW_CTX_DAG_RUN_ID=manual__2023-06-14T03:46:27.684412+00:00
[2023-06-14T03:46:35.349+0000] {logging_mixin.py:120} INFO - choose best model
[2023-06-14T03:46:35.376+0000] {logging_mixin.py:120} INFO - {'model a': 7.012038175571647, 'model b': 9.491289327652114, 'model c': 5.550327385982091}
[2023-06-14T03:46:35.378+0000] {logging_mixin.py:120} INFO - Maximum value is of  model b
[2023-06-14T03:46:35.379+0000] {python.py:177} INFO - Done. Returned value was: None
[2023-06-14T03:46:35.390+0000] {taskinstance.py:1406} INFO - Marking task as SUCCESS. dag_id=xcom_dag, task_id=task_4, execution_date=20230614T034627, start_date=20230614T034635, end_date=20230614T034635
[2023-06-14T03:46:35.421+0000] {local_task_job.py:164} INFO - Task exited with return code 0
[2023-06-14T03:46:35.440+0000] {local_task_job.py:273} INFO - 0 downstream tasks scheduled from follow-on schedule check
