[2023-06-14T04:44:53.459+0000] {taskinstance.py:1165} INFO - Dependencies all met for <TaskInstance: endToend_user_processing.create_table manual__2023-06-14T04:44:52.140702+00:00 [queued]>
[2023-06-14T04:44:53.466+0000] {taskinstance.py:1165} INFO - Dependencies all met for <TaskInstance: endToend_user_processing.create_table manual__2023-06-14T04:44:52.140702+00:00 [queued]>
[2023-06-14T04:44:53.467+0000] {taskinstance.py:1362} INFO - 
--------------------------------------------------------------------------------
[2023-06-14T04:44:53.469+0000] {taskinstance.py:1363} INFO - Starting attempt 1 of 1
[2023-06-14T04:44:53.470+0000] {taskinstance.py:1364} INFO - 
--------------------------------------------------------------------------------
[2023-06-14T04:44:53.478+0000] {taskinstance.py:1383} INFO - Executing <Task(PostgresOperator): create_table> on 2023-06-14 04:44:52.140702+00:00
[2023-06-14T04:44:53.484+0000] {standard_task_runner.py:55} INFO - Started process 738 to run task
[2023-06-14T04:44:53.488+0000] {standard_task_runner.py:82} INFO - Running: ['***', 'tasks', 'run', 'endToend_user_processing', 'create_table', 'manual__2023-06-14T04:44:52.140702+00:00', '--job-id', '21', '--raw', '--subdir', 'DAGS_FOLDER/user_processing.py', '--cfg-path', '/tmp/tmpz9vjfn07']
[2023-06-14T04:44:53.491+0000] {standard_task_runner.py:83} INFO - Job 21: Subtask create_table
[2023-06-14T04:44:53.554+0000] {task_command.py:376} INFO - Running <TaskInstance: endToend_user_processing.create_table manual__2023-06-14T04:44:52.140702+00:00 [running]> on host eccc8785320d
[2023-06-14T04:44:53.606+0000] {taskinstance.py:1592} INFO - Exporting the following env vars:
AIRFLOW_CTX_DAG_OWNER=***
AIRFLOW_CTX_DAG_ID=endToend_user_processing
AIRFLOW_CTX_TASK_ID=create_table
AIRFLOW_CTX_EXECUTION_DATE=2023-06-14T04:44:52.140702+00:00
AIRFLOW_CTX_TRY_NUMBER=1
AIRFLOW_CTX_DAG_RUN_ID=manual__2023-06-14T04:44:52.140702+00:00
[2023-06-14T04:44:53.617+0000] {base.py:71} INFO - Using connection ID 'postgres' for task execution.
[2023-06-14T04:44:53.622+0000] {sql.py:315} INFO - Running statement: 
          Create table if not exists users (
               firstname TEXT NOT NULL,
               lastname TEXT NOT NULL,
               country TEXT NOT NULL,
               username TEXT NOT NULL,
               password TEXT NOT NULL,
               email TEXT NOT NULL
          );
        , parameters: None
[2023-06-14T04:44:53.625+0000] {postgres.py:96} INFO - NOTICE:  relation "users" already exists, skipping

[2023-06-14T04:44:53.635+0000] {taskinstance.py:1406} INFO - Marking task as SUCCESS. dag_id=endToend_user_processing, task_id=create_table, execution_date=20230614T044452, start_date=20230614T044453, end_date=20230614T044453
[2023-06-14T04:44:53.660+0000] {local_task_job.py:164} INFO - Task exited with return code 0
[2023-06-14T04:44:53.684+0000] {local_task_job.py:273} INFO - 1 downstream tasks scheduled from follow-on schedule check
