[2023-06-13T06:19:47.995+0000] {taskinstance.py:1165} INFO - Dependencies all met for <TaskInstance: xcom_dag.processing_tasks.training_model_c manual__2023-06-13T06:19:43.286863+00:00 [queued]>
[2023-06-13T06:19:48.007+0000] {taskinstance.py:1165} INFO - Dependencies all met for <TaskInstance: xcom_dag.processing_tasks.training_model_c manual__2023-06-13T06:19:43.286863+00:00 [queued]>
[2023-06-13T06:19:48.008+0000] {taskinstance.py:1362} INFO - 
--------------------------------------------------------------------------------
[2023-06-13T06:19:48.010+0000] {taskinstance.py:1363} INFO - Starting attempt 1 of 1
[2023-06-13T06:19:48.011+0000] {taskinstance.py:1364} INFO - 
--------------------------------------------------------------------------------
[2023-06-13T06:19:48.040+0000] {taskinstance.py:1383} INFO - Executing <Task(PythonOperator): processing_tasks.training_model_c> on 2023-06-13 06:19:43.286863+00:00
[2023-06-13T06:19:48.048+0000] {standard_task_runner.py:55} INFO - Started process 16400 to run task
[2023-06-13T06:19:48.053+0000] {standard_task_runner.py:82} INFO - Running: ['***', 'tasks', 'run', 'xcom_dag', 'processing_tasks.training_model_c', 'manual__2023-06-13T06:19:43.286863+00:00', '--job-id', '90', '--raw', '--subdir', 'DAGS_FOLDER/xcom_dag.py', '--cfg-path', '/tmp/tmp906qsnct']
[2023-06-13T06:19:48.055+0000] {standard_task_runner.py:83} INFO - Job 90: Subtask processing_tasks.training_model_c
[2023-06-13T06:19:48.144+0000] {task_command.py:376} INFO - Running <TaskInstance: xcom_dag.processing_tasks.training_model_c manual__2023-06-13T06:19:43.286863+00:00 [running]> on host c0d3dfdc775c
[2023-06-13T06:19:48.221+0000] {taskinstance.py:1592} INFO - Exporting the following env vars:
AIRFLOW_CTX_DAG_OWNER=***
AIRFLOW_CTX_DAG_ID=xcom_dag
AIRFLOW_CTX_TASK_ID=processing_tasks.training_model_c
AIRFLOW_CTX_EXECUTION_DATE=2023-06-13T06:19:43.286863+00:00
AIRFLOW_CTX_TRY_NUMBER=1
AIRFLOW_CTX_DAG_RUN_ID=manual__2023-06-13T06:19:43.286863+00:00
[2023-06-13T06:19:48.224+0000] {logging_mixin.py:120} INFO - model's accuracy: 5.6455227504481975
[2023-06-13T06:19:48.240+0000] {python.py:177} INFO - Done. Returned value was: None
[2023-06-13T06:19:48.252+0000] {taskinstance.py:1406} INFO - Marking task as SUCCESS. dag_id=xcom_dag, task_id=processing_tasks.training_model_c, execution_date=20230613T061943, start_date=20230613T061947, end_date=20230613T061948
[2023-06-13T06:19:48.306+0000] {local_task_job.py:164} INFO - Task exited with return code 0
[2023-06-13T06:19:48.326+0000] {local_task_job.py:273} INFO - 1 downstream tasks scheduled from follow-on schedule check
