[2023-06-10T00:06:22.638+0000] {taskinstance.py:1165} INFO - Dependencies all met for <TaskInstance: a_user_processing.extract_user scheduled__2023-06-09T00:00:00+00:00 [queued]>
[2023-06-10T00:06:22.690+0000] {taskinstance.py:1165} INFO - Dependencies all met for <TaskInstance: a_user_processing.extract_user scheduled__2023-06-09T00:00:00+00:00 [queued]>
[2023-06-10T00:06:22.704+0000] {taskinstance.py:1362} INFO - 
--------------------------------------------------------------------------------
[2023-06-10T00:06:22.711+0000] {taskinstance.py:1363} INFO - Starting attempt 1 of 1
[2023-06-10T00:06:22.717+0000] {taskinstance.py:1364} INFO - 
--------------------------------------------------------------------------------
[2023-06-10T00:06:22.764+0000] {taskinstance.py:1383} INFO - Executing <Task(SimpleHttpOperator): extract_user> on 2023-06-09 00:00:00+00:00
[2023-06-10T00:06:22.795+0000] {standard_task_runner.py:55} INFO - Started process 2351 to run task
[2023-06-10T00:06:22.812+0000] {standard_task_runner.py:82} INFO - Running: ['***', 'tasks', 'run', 'a_user_processing', 'extract_user', 'scheduled__2023-06-09T00:00:00+00:00', '--job-id', '49', '--raw', '--subdir', 'DAGS_FOLDER/user_processing.py', '--cfg-path', '/tmp/tmpttq_5k2o']
[2023-06-10T00:06:22.822+0000] {standard_task_runner.py:83} INFO - Job 49: Subtask extract_user
[2023-06-10T00:06:22.969+0000] {task_command.py:376} INFO - Running <TaskInstance: a_user_processing.extract_user scheduled__2023-06-09T00:00:00+00:00 [running]> on host c0d3dfdc775c
[2023-06-10T00:06:23.071+0000] {taskinstance.py:1592} INFO - Exporting the following env vars:
AIRFLOW_CTX_DAG_OWNER=***
AIRFLOW_CTX_DAG_ID=a_user_processing
AIRFLOW_CTX_TASK_ID=extract_user
AIRFLOW_CTX_EXECUTION_DATE=2023-06-09T00:00:00+00:00
AIRFLOW_CTX_TRY_NUMBER=1
AIRFLOW_CTX_DAG_RUN_ID=scheduled__2023-06-09T00:00:00+00:00
[2023-06-10T00:06:23.082+0000] {http.py:121} INFO - Calling HTTP method
[2023-06-10T00:06:23.112+0000] {base.py:71} INFO - Using connection ID 'user_api' for task execution.
[2023-06-10T00:06:23.120+0000] {http.py:148} INFO - Sending 'GET' to url: https://randomuser.me/api/
[2023-06-10T00:06:24.071+0000] {taskinstance.py:1406} INFO - Marking task as SUCCESS. dag_id=a_user_processing, task_id=extract_user, execution_date=20230609T000000, start_date=20230610T000622, end_date=20230610T000624
[2023-06-10T00:06:24.149+0000] {local_task_job.py:164} INFO - Task exited with return code 0
[2023-06-10T00:06:24.173+0000] {local_task_job.py:273} INFO - 1 downstream tasks scheduled from follow-on schedule check
