[2023-06-07T18:13:20.166+0000] {taskinstance.py:1165} INFO - Dependencies all met for <TaskInstance: user_processing.is_api_available manual__2023-06-07T18:13:18.417929+00:00 [queued]>
[2023-06-07T18:13:20.173+0000] {taskinstance.py:1165} INFO - Dependencies all met for <TaskInstance: user_processing.is_api_available manual__2023-06-07T18:13:18.417929+00:00 [queued]>
[2023-06-07T18:13:20.175+0000] {taskinstance.py:1362} INFO - 
--------------------------------------------------------------------------------
[2023-06-07T18:13:20.176+0000] {taskinstance.py:1363} INFO - Starting attempt 1 of 1
[2023-06-07T18:13:20.178+0000] {taskinstance.py:1364} INFO - 
--------------------------------------------------------------------------------
[2023-06-07T18:13:20.186+0000] {taskinstance.py:1383} INFO - Executing <Task(HttpSensor): is_api_available> on 2023-06-07 18:13:18.417929+00:00
[2023-06-07T18:13:20.192+0000] {standard_task_runner.py:55} INFO - Started process 4885 to run task
[2023-06-07T18:13:20.196+0000] {standard_task_runner.py:82} INFO - Running: ['***', 'tasks', 'run', 'user_processing', 'is_api_available', 'manual__2023-06-07T18:13:18.417929+00:00', '--job-id', '7', '--raw', '--subdir', 'DAGS_FOLDER/user_processing.py', '--cfg-path', '/tmp/tmp_j8mp83l']
[2023-06-07T18:13:20.200+0000] {standard_task_runner.py:83} INFO - Job 7: Subtask is_api_available
[2023-06-07T18:13:20.258+0000] {task_command.py:376} INFO - Running <TaskInstance: user_processing.is_api_available manual__2023-06-07T18:13:18.417929+00:00 [running]> on host 2efdd707d2e6
[2023-06-07T18:13:20.311+0000] {taskinstance.py:1592} INFO - Exporting the following env vars:
AIRFLOW_CTX_DAG_OWNER=***
AIRFLOW_CTX_DAG_ID=user_processing
AIRFLOW_CTX_TASK_ID=is_api_available
AIRFLOW_CTX_EXECUTION_DATE=2023-06-07T18:13:18.417929+00:00
AIRFLOW_CTX_TRY_NUMBER=1
AIRFLOW_CTX_DAG_RUN_ID=manual__2023-06-07T18:13:18.417929+00:00
[2023-06-07T18:13:20.314+0000] {http.py:120} INFO - Poking: api/
[2023-06-07T18:13:20.324+0000] {base.py:71} INFO - Using connection ID 'user_api' for task execution.
[2023-06-07T18:13:20.329+0000] {http.py:148} INFO - Sending 'GET' to url: https://randomuser.me/api/
[2023-06-07T18:13:21.211+0000] {base.py:213} INFO - Success criteria met. Exiting.
[2023-06-07T18:13:21.229+0000] {taskinstance.py:1406} INFO - Marking task as SUCCESS. dag_id=user_processing, task_id=is_api_available, execution_date=20230607T181318, start_date=20230607T181320, end_date=20230607T181321
[2023-06-07T18:13:21.264+0000] {local_task_job.py:164} INFO - Task exited with return code 0
[2023-06-07T18:13:21.291+0000] {local_task_job.py:273} INFO - 1 downstream tasks scheduled from follow-on schedule check
