[2023-06-13T06:59:04.538+0000] {taskinstance.py:1165} INFO - Dependencies all met for <TaskInstance: condition_trigger_dag.t1 manual__2023-06-13T06:59:03.997411+00:00 [queued]>
[2023-06-13T06:59:04.546+0000] {taskinstance.py:1165} INFO - Dependencies all met for <TaskInstance: condition_trigger_dag.t1 manual__2023-06-13T06:59:03.997411+00:00 [queued]>
[2023-06-13T06:59:04.549+0000] {taskinstance.py:1362} INFO - 
--------------------------------------------------------------------------------
[2023-06-13T06:59:04.551+0000] {taskinstance.py:1363} INFO - Starting attempt 1 of 1
[2023-06-13T06:59:04.553+0000] {taskinstance.py:1364} INFO - 
--------------------------------------------------------------------------------
[2023-06-13T06:59:04.565+0000] {taskinstance.py:1383} INFO - Executing <Task(PythonOperator): t1> on 2023-06-13 06:59:03.997411+00:00
[2023-06-13T06:59:04.571+0000] {standard_task_runner.py:55} INFO - Started process 18149 to run task
[2023-06-13T06:59:04.575+0000] {standard_task_runner.py:82} INFO - Running: ['***', 'tasks', 'run', 'condition_trigger_dag', 't1', 'manual__2023-06-13T06:59:03.997411+00:00', '--job-id', '122', '--raw', '--subdir', 'DAGS_FOLDER/condition_trigger_dag.py', '--cfg-path', '/tmp/tmpkvipr16t']
[2023-06-13T06:59:04.577+0000] {standard_task_runner.py:83} INFO - Job 122: Subtask t1
[2023-06-13T06:59:04.645+0000] {task_command.py:376} INFO - Running <TaskInstance: condition_trigger_dag.t1 manual__2023-06-13T06:59:03.997411+00:00 [running]> on host c0d3dfdc775c
[2023-06-13T06:59:04.698+0000] {taskinstance.py:1592} INFO - Exporting the following env vars:
AIRFLOW_CTX_DAG_OWNER=***
AIRFLOW_CTX_DAG_ID=condition_trigger_dag
AIRFLOW_CTX_TASK_ID=t1
AIRFLOW_CTX_EXECUTION_DATE=2023-06-13T06:59:03.997411+00:00
AIRFLOW_CTX_TRY_NUMBER=1
AIRFLOW_CTX_DAG_RUN_ID=manual__2023-06-13T06:59:03.997411+00:00
[2023-06-13T06:59:04.711+0000] {python.py:177} INFO - Done. Returned value was: None
[2023-06-13T06:59:04.722+0000] {taskinstance.py:1406} INFO - Marking task as SUCCESS. dag_id=condition_trigger_dag, task_id=t1, execution_date=20230613T065903, start_date=20230613T065904, end_date=20230613T065904
[2023-06-13T06:59:04.747+0000] {local_task_job.py:164} INFO - Task exited with return code 0
[2023-06-13T06:59:04.770+0000] {local_task_job.py:273} INFO - 1 downstream tasks scheduled from follow-on schedule check
