[2023-06-14T03:46:26.630+0000] {taskinstance.py:1165} INFO - Dependencies all met for <TaskInstance: endToend_user_processing.store_user manual__2023-06-14T03:46:19.171385+00:00 [queued]>
[2023-06-14T03:46:26.637+0000] {taskinstance.py:1165} INFO - Dependencies all met for <TaskInstance: endToend_user_processing.store_user manual__2023-06-14T03:46:19.171385+00:00 [queued]>
[2023-06-14T03:46:26.639+0000] {taskinstance.py:1362} INFO - 
--------------------------------------------------------------------------------
[2023-06-14T03:46:26.640+0000] {taskinstance.py:1363} INFO - Starting attempt 1 of 1
[2023-06-14T03:46:26.641+0000] {taskinstance.py:1364} INFO - 
--------------------------------------------------------------------------------
[2023-06-14T03:46:26.651+0000] {taskinstance.py:1383} INFO - Executing <Task(PythonOperator): store_user> on 2023-06-14 03:46:19.171385+00:00
[2023-06-14T03:46:26.657+0000] {standard_task_runner.py:55} INFO - Started process 360 to run task
[2023-06-14T03:46:26.661+0000] {standard_task_runner.py:82} INFO - Running: ['***', 'tasks', 'run', 'endToend_user_processing', 'store_user', 'manual__2023-06-14T03:46:19.171385+00:00', '--job-id', '174', '--raw', '--subdir', 'DAGS_FOLDER/user_processing.py', '--cfg-path', '/tmp/tmphedpiz5u']
[2023-06-14T03:46:26.665+0000] {standard_task_runner.py:83} INFO - Job 174: Subtask store_user
[2023-06-14T03:46:26.726+0000] {task_command.py:376} INFO - Running <TaskInstance: endToend_user_processing.store_user manual__2023-06-14T03:46:19.171385+00:00 [running]> on host 5f3b9c67a0bc
[2023-06-14T03:46:26.785+0000] {taskinstance.py:1592} INFO - Exporting the following env vars:
AIRFLOW_CTX_DAG_OWNER=***
AIRFLOW_CTX_DAG_ID=endToend_user_processing
AIRFLOW_CTX_TASK_ID=store_user
AIRFLOW_CTX_EXECUTION_DATE=2023-06-14T03:46:19.171385+00:00
AIRFLOW_CTX_TRY_NUMBER=1
AIRFLOW_CTX_DAG_RUN_ID=manual__2023-06-14T03:46:19.171385+00:00
[2023-06-14T03:46:26.787+0000] {postgres.py:129} INFO - Running copy expert: COPY users from stdin with delimiter as ',', filename: /tmp/processed_user.csv
[2023-06-14T03:46:26.799+0000] {base.py:71} INFO - Using connection ID 'postgres' for task execution.
[2023-06-14T03:46:26.828+0000] {python.py:177} INFO - Done. Returned value was: None
[2023-06-14T03:46:26.839+0000] {taskinstance.py:1406} INFO - Marking task as SUCCESS. dag_id=endToend_user_processing, task_id=store_user, execution_date=20230614T034619, start_date=20230614T034626, end_date=20230614T034626
[2023-06-14T03:46:26.878+0000] {local_task_job.py:164} INFO - Task exited with return code 0
[2023-06-14T03:46:26.899+0000] {local_task_job.py:273} INFO - 0 downstream tasks scheduled from follow-on schedule check
