[2023-06-08T11:18:27.990+0000] {taskinstance.py:1165} INFO - Dependencies all met for <TaskInstance: a_user_processing.store_user scheduled__2023-06-07T00:00:00+00:00 [queued]>
[2023-06-08T11:18:27.998+0000] {taskinstance.py:1165} INFO - Dependencies all met for <TaskInstance: a_user_processing.store_user scheduled__2023-06-07T00:00:00+00:00 [queued]>
[2023-06-08T11:18:27.999+0000] {taskinstance.py:1362} INFO - 
--------------------------------------------------------------------------------
[2023-06-08T11:18:28.001+0000] {taskinstance.py:1363} INFO - Starting attempt 1 of 1
[2023-06-08T11:18:28.002+0000] {taskinstance.py:1364} INFO - 
--------------------------------------------------------------------------------
[2023-06-08T11:18:28.013+0000] {taskinstance.py:1383} INFO - Executing <Task(PythonOperator): store_user> on 2023-06-07 00:00:00+00:00
[2023-06-08T11:18:28.019+0000] {standard_task_runner.py:55} INFO - Started process 150 to run task
[2023-06-08T11:18:28.023+0000] {standard_task_runner.py:82} INFO - Running: ['***', 'tasks', 'run', 'a_user_processing', 'store_user', 'scheduled__2023-06-07T00:00:00+00:00', '--job-id', '35', '--raw', '--subdir', 'DAGS_FOLDER/user_processing.py', '--cfg-path', '/tmp/tmplu7ivz4p']
[2023-06-08T11:18:28.026+0000] {standard_task_runner.py:83} INFO - Job 35: Subtask store_user
[2023-06-08T11:18:28.093+0000] {task_command.py:376} INFO - Running <TaskInstance: a_user_processing.store_user scheduled__2023-06-07T00:00:00+00:00 [running]> on host 2efdd707d2e6
[2023-06-08T11:18:28.145+0000] {taskinstance.py:1592} INFO - Exporting the following env vars:
AIRFLOW_CTX_DAG_OWNER=***
AIRFLOW_CTX_DAG_ID=a_user_processing
AIRFLOW_CTX_TASK_ID=store_user
AIRFLOW_CTX_EXECUTION_DATE=2023-06-07T00:00:00+00:00
AIRFLOW_CTX_TRY_NUMBER=1
AIRFLOW_CTX_DAG_RUN_ID=scheduled__2023-06-07T00:00:00+00:00
[2023-06-08T11:18:28.148+0000] {postgres.py:129} INFO - Running copy expert: COPY users from stdin with delimiter as ',', filename: /tmp/processed_user.csv
[2023-06-08T11:18:28.158+0000] {base.py:71} INFO - Using connection ID 'postgres' for task execution.
[2023-06-08T11:18:28.166+0000] {python.py:177} INFO - Done. Returned value was: None
[2023-06-08T11:18:28.177+0000] {taskinstance.py:1406} INFO - Marking task as SUCCESS. dag_id=a_user_processing, task_id=store_user, execution_date=20230607T000000, start_date=20230608T111827, end_date=20230608T111828
[2023-06-08T11:18:28.234+0000] {local_task_job.py:164} INFO - Task exited with return code 0
[2023-06-08T11:18:28.253+0000] {local_task_job.py:273} INFO - 0 downstream tasks scheduled from follow-on schedule check
