[2023-06-10T00:06:25.272+0000] {taskinstance.py:1165} INFO - Dependencies all met for <TaskInstance: a_user_processing.process_user scheduled__2023-06-09T00:00:00+00:00 [queued]>
[2023-06-10T00:06:25.303+0000] {taskinstance.py:1165} INFO - Dependencies all met for <TaskInstance: a_user_processing.process_user scheduled__2023-06-09T00:00:00+00:00 [queued]>
[2023-06-10T00:06:25.305+0000] {taskinstance.py:1362} INFO - 
--------------------------------------------------------------------------------
[2023-06-10T00:06:25.306+0000] {taskinstance.py:1363} INFO - Starting attempt 1 of 1
[2023-06-10T00:06:25.307+0000] {taskinstance.py:1364} INFO - 
--------------------------------------------------------------------------------
[2023-06-10T00:06:25.315+0000] {taskinstance.py:1383} INFO - Executing <Task(PythonOperator): process_user> on 2023-06-09 00:00:00+00:00
[2023-06-10T00:06:25.321+0000] {standard_task_runner.py:55} INFO - Started process 2354 to run task
[2023-06-10T00:06:25.325+0000] {standard_task_runner.py:82} INFO - Running: ['***', 'tasks', 'run', 'a_user_processing', 'process_user', 'scheduled__2023-06-09T00:00:00+00:00', '--job-id', '50', '--raw', '--subdir', 'DAGS_FOLDER/user_processing.py', '--cfg-path', '/tmp/tmp3hkxdqr3']
[2023-06-10T00:06:25.328+0000] {standard_task_runner.py:83} INFO - Job 50: Subtask process_user
[2023-06-10T00:06:25.399+0000] {task_command.py:376} INFO - Running <TaskInstance: a_user_processing.process_user scheduled__2023-06-09T00:00:00+00:00 [running]> on host c0d3dfdc775c
[2023-06-10T00:06:25.461+0000] {taskinstance.py:1592} INFO - Exporting the following env vars:
AIRFLOW_CTX_DAG_OWNER=***
AIRFLOW_CTX_DAG_ID=a_user_processing
AIRFLOW_CTX_TASK_ID=process_user
AIRFLOW_CTX_EXECUTION_DATE=2023-06-09T00:00:00+00:00
AIRFLOW_CTX_TRY_NUMBER=1
AIRFLOW_CTX_DAG_RUN_ID=scheduled__2023-06-09T00:00:00+00:00
[2023-06-10T00:06:25.479+0000] {python.py:177} INFO - Done. Returned value was: None
[2023-06-10T00:06:25.490+0000] {taskinstance.py:1406} INFO - Marking task as SUCCESS. dag_id=a_user_processing, task_id=process_user, execution_date=20230609T000000, start_date=20230610T000625, end_date=20230610T000625
[2023-06-10T00:06:25.541+0000] {local_task_job.py:164} INFO - Task exited with return code 0
[2023-06-10T00:06:25.561+0000] {local_task_job.py:273} INFO - 1 downstream tasks scheduled from follow-on schedule check
