[2023-06-08T11:22:54.982+0000] {processor.py:154} INFO - Started process (PID=837) to work on /home/airflow/.local/lib/python3.7/site-packages/airflow/example_dags/example_branch_operator.py
[2023-06-08T11:22:54.985+0000] {processor.py:756} INFO - Processing file /home/airflow/.local/lib/python3.7/site-packages/airflow/example_dags/example_branch_operator.py for tasks to queue
[2023-06-08T11:22:54.986+0000] {logging_mixin.py:120} INFO - [2023-06-08T11:22:54.986+0000] {dagbag.py:537} INFO - Filling up the DagBag from /home/airflow/.local/lib/python3.7/site-packages/airflow/example_dags/example_branch_operator.py
[2023-06-08T11:22:54.999+0000] {processor.py:766} INFO - DAG(s) dict_keys(['example_branch_operator']) retrieved from /home/airflow/.local/lib/python3.7/site-packages/airflow/example_dags/example_branch_operator.py
[2023-06-08T11:22:55.031+0000] {logging_mixin.py:120} INFO - [2023-06-08T11:22:55.031+0000] {dag.py:2585} INFO - Sync 1 DAGs
[2023-06-08T11:22:55.049+0000] {logging_mixin.py:120} INFO - [2023-06-08T11:22:55.049+0000] {dag.py:3340} INFO - Setting next_dagrun for example_branch_operator to 2023-06-07T00:00:00+00:00, run_after=2023-06-08T00:00:00+00:00
[2023-06-08T11:22:55.062+0000] {processor.py:176} INFO - Processing /home/airflow/.local/lib/python3.7/site-packages/airflow/example_dags/example_branch_operator.py took 0.082 seconds
[2023-06-08T11:23:25.559+0000] {processor.py:154} INFO - Started process (PID=905) to work on /home/airflow/.local/lib/python3.7/site-packages/airflow/example_dags/example_branch_operator.py
[2023-06-08T11:23:25.561+0000] {processor.py:756} INFO - Processing file /home/airflow/.local/lib/python3.7/site-packages/airflow/example_dags/example_branch_operator.py for tasks to queue
[2023-06-08T11:23:25.565+0000] {logging_mixin.py:120} INFO - [2023-06-08T11:23:25.565+0000] {dagbag.py:537} INFO - Filling up the DagBag from /home/airflow/.local/lib/python3.7/site-packages/airflow/example_dags/example_branch_operator.py
[2023-06-08T11:23:25.578+0000] {processor.py:766} INFO - DAG(s) dict_keys(['example_branch_operator']) retrieved from /home/airflow/.local/lib/python3.7/site-packages/airflow/example_dags/example_branch_operator.py
[2023-06-08T11:23:25.612+0000] {logging_mixin.py:120} INFO - [2023-06-08T11:23:25.612+0000] {dag.py:2585} INFO - Sync 1 DAGs
[2023-06-08T11:23:25.631+0000] {logging_mixin.py:120} INFO - [2023-06-08T11:23:25.631+0000] {dag.py:3340} INFO - Setting next_dagrun for example_branch_operator to 2023-06-07T00:00:00+00:00, run_after=2023-06-08T00:00:00+00:00
[2023-06-08T11:23:25.645+0000] {processor.py:176} INFO - Processing /home/airflow/.local/lib/python3.7/site-packages/airflow/example_dags/example_branch_operator.py took 0.089 seconds
[2023-06-08T11:23:55.955+0000] {processor.py:154} INFO - Started process (PID=963) to work on /home/airflow/.local/lib/python3.7/site-packages/airflow/example_dags/example_branch_operator.py
[2023-06-08T11:23:55.958+0000] {processor.py:756} INFO - Processing file /home/airflow/.local/lib/python3.7/site-packages/airflow/example_dags/example_branch_operator.py for tasks to queue
[2023-06-08T11:23:55.959+0000] {logging_mixin.py:120} INFO - [2023-06-08T11:23:55.959+0000] {dagbag.py:537} INFO - Filling up the DagBag from /home/airflow/.local/lib/python3.7/site-packages/airflow/example_dags/example_branch_operator.py
[2023-06-08T11:23:55.973+0000] {processor.py:766} INFO - DAG(s) dict_keys(['example_branch_operator']) retrieved from /home/airflow/.local/lib/python3.7/site-packages/airflow/example_dags/example_branch_operator.py
[2023-06-08T11:23:56.006+0000] {logging_mixin.py:120} INFO - [2023-06-08T11:23:56.006+0000] {dag.py:2585} INFO - Sync 1 DAGs
[2023-06-08T11:23:56.024+0000] {logging_mixin.py:120} INFO - [2023-06-08T11:23:56.024+0000] {dag.py:3340} INFO - Setting next_dagrun for example_branch_operator to 2023-06-07T00:00:00+00:00, run_after=2023-06-08T00:00:00+00:00
[2023-06-08T11:23:56.038+0000] {processor.py:176} INFO - Processing /home/airflow/.local/lib/python3.7/site-packages/airflow/example_dags/example_branch_operator.py took 0.086 seconds
