[2023-06-08T11:22:56.139+0000] {processor.py:154} INFO - Started process (PID=840) to work on /home/airflow/.local/lib/python3.7/site-packages/airflow/example_dags/example_task_group_decorator.py
[2023-06-08T11:22:56.141+0000] {processor.py:756} INFO - Processing file /home/airflow/.local/lib/python3.7/site-packages/airflow/example_dags/example_task_group_decorator.py for tasks to queue
[2023-06-08T11:22:56.142+0000] {logging_mixin.py:120} INFO - [2023-06-08T11:22:56.142+0000] {dagbag.py:537} INFO - Filling up the DagBag from /home/airflow/.local/lib/python3.7/site-packages/airflow/example_dags/example_task_group_decorator.py
[2023-06-08T11:22:56.161+0000] {processor.py:766} INFO - DAG(s) dict_keys(['example_task_group_decorator']) retrieved from /home/airflow/.local/lib/python3.7/site-packages/airflow/example_dags/example_task_group_decorator.py
[2023-06-08T11:22:56.193+0000] {logging_mixin.py:120} INFO - [2023-06-08T11:22:56.193+0000] {dag.py:2585} INFO - Sync 1 DAGs
[2023-06-08T11:22:56.211+0000] {logging_mixin.py:120} INFO - [2023-06-08T11:22:56.211+0000] {dag.py:3340} INFO - Setting next_dagrun for example_task_group_decorator to 2023-06-07T11:22:56.210916+00:00, run_after=2023-06-08T11:22:56.210916+00:00
[2023-06-08T11:22:56.225+0000] {processor.py:176} INFO - Processing /home/airflow/.local/lib/python3.7/site-packages/airflow/example_dags/example_task_group_decorator.py took 0.089 seconds
[2023-06-08T11:23:26.689+0000] {processor.py:154} INFO - Started process (PID=908) to work on /home/airflow/.local/lib/python3.7/site-packages/airflow/example_dags/example_task_group_decorator.py
[2023-06-08T11:23:26.701+0000] {processor.py:756} INFO - Processing file /home/airflow/.local/lib/python3.7/site-packages/airflow/example_dags/example_task_group_decorator.py for tasks to queue
[2023-06-08T11:23:26.703+0000] {logging_mixin.py:120} INFO - [2023-06-08T11:23:26.703+0000] {dagbag.py:537} INFO - Filling up the DagBag from /home/airflow/.local/lib/python3.7/site-packages/airflow/example_dags/example_task_group_decorator.py
[2023-06-08T11:23:26.726+0000] {processor.py:766} INFO - DAG(s) dict_keys(['example_task_group_decorator']) retrieved from /home/airflow/.local/lib/python3.7/site-packages/airflow/example_dags/example_task_group_decorator.py
[2023-06-08T11:23:26.774+0000] {logging_mixin.py:120} INFO - [2023-06-08T11:23:26.774+0000] {dag.py:2585} INFO - Sync 1 DAGs
[2023-06-08T11:23:26.795+0000] {logging_mixin.py:120} INFO - [2023-06-08T11:23:26.795+0000] {dag.py:3340} INFO - Setting next_dagrun for example_task_group_decorator to 2023-06-07T11:23:26.795308+00:00, run_after=2023-06-08T11:23:26.795308+00:00
[2023-06-08T11:23:26.813+0000] {processor.py:176} INFO - Processing /home/airflow/.local/lib/python3.7/site-packages/airflow/example_dags/example_task_group_decorator.py took 0.127 seconds
[2023-06-08T11:23:57.178+0000] {processor.py:154} INFO - Started process (PID=975) to work on /home/airflow/.local/lib/python3.7/site-packages/airflow/example_dags/example_task_group_decorator.py
[2023-06-08T11:23:57.187+0000] {processor.py:756} INFO - Processing file /home/airflow/.local/lib/python3.7/site-packages/airflow/example_dags/example_task_group_decorator.py for tasks to queue
[2023-06-08T11:23:57.201+0000] {logging_mixin.py:120} INFO - [2023-06-08T11:23:57.200+0000] {dagbag.py:537} INFO - Filling up the DagBag from /home/airflow/.local/lib/python3.7/site-packages/airflow/example_dags/example_task_group_decorator.py
[2023-06-08T11:23:57.253+0000] {processor.py:766} INFO - DAG(s) dict_keys(['example_task_group_decorator']) retrieved from /home/airflow/.local/lib/python3.7/site-packages/airflow/example_dags/example_task_group_decorator.py
[2023-06-08T11:23:57.348+0000] {logging_mixin.py:120} INFO - [2023-06-08T11:23:57.348+0000] {dag.py:2585} INFO - Sync 1 DAGs
[2023-06-08T11:23:57.393+0000] {logging_mixin.py:120} INFO - [2023-06-08T11:23:57.393+0000] {dag.py:3340} INFO - Setting next_dagrun for example_task_group_decorator to 2023-06-07T11:23:57.393307+00:00, run_after=2023-06-08T11:23:57.393307+00:00
[2023-06-08T11:23:57.417+0000] {processor.py:176} INFO - Processing /home/airflow/.local/lib/python3.7/site-packages/airflow/example_dags/example_task_group_decorator.py took 0.249 seconds
