[2023-06-08T11:22:58.959+0000] {processor.py:154} INFO - Started process (PID=860) to work on /home/airflow/.local/lib/python3.7/site-packages/airflow/example_dags/example_task_group.py
[2023-06-08T11:22:58.961+0000] {processor.py:756} INFO - Processing file /home/airflow/.local/lib/python3.7/site-packages/airflow/example_dags/example_task_group.py for tasks to queue
[2023-06-08T11:22:58.962+0000] {logging_mixin.py:120} INFO - [2023-06-08T11:22:58.962+0000] {dagbag.py:537} INFO - Filling up the DagBag from /home/airflow/.local/lib/python3.7/site-packages/airflow/example_dags/example_task_group.py
[2023-06-08T11:22:58.976+0000] {processor.py:766} INFO - DAG(s) dict_keys(['example_task_group']) retrieved from /home/airflow/.local/lib/python3.7/site-packages/airflow/example_dags/example_task_group.py
[2023-06-08T11:22:59.008+0000] {logging_mixin.py:120} INFO - [2023-06-08T11:22:59.008+0000] {dag.py:2585} INFO - Sync 1 DAGs
[2023-06-08T11:22:59.027+0000] {logging_mixin.py:120} INFO - [2023-06-08T11:22:59.027+0000] {dag.py:3340} INFO - Setting next_dagrun for example_task_group to 2023-06-07T11:22:59.026968+00:00, run_after=2023-06-08T11:22:59.026968+00:00
[2023-06-08T11:22:59.040+0000] {processor.py:176} INFO - Processing /home/airflow/.local/lib/python3.7/site-packages/airflow/example_dags/example_task_group.py took 0.084 seconds
[2023-06-08T11:23:29.374+0000] {processor.py:154} INFO - Started process (PID=928) to work on /home/airflow/.local/lib/python3.7/site-packages/airflow/example_dags/example_task_group.py
[2023-06-08T11:23:29.376+0000] {processor.py:756} INFO - Processing file /home/airflow/.local/lib/python3.7/site-packages/airflow/example_dags/example_task_group.py for tasks to queue
[2023-06-08T11:23:29.377+0000] {logging_mixin.py:120} INFO - [2023-06-08T11:23:29.377+0000] {dagbag.py:537} INFO - Filling up the DagBag from /home/airflow/.local/lib/python3.7/site-packages/airflow/example_dags/example_task_group.py
[2023-06-08T11:23:29.391+0000] {processor.py:766} INFO - DAG(s) dict_keys(['example_task_group']) retrieved from /home/airflow/.local/lib/python3.7/site-packages/airflow/example_dags/example_task_group.py
[2023-06-08T11:23:29.425+0000] {logging_mixin.py:120} INFO - [2023-06-08T11:23:29.425+0000] {dag.py:2585} INFO - Sync 1 DAGs
[2023-06-08T11:23:29.441+0000] {logging_mixin.py:120} INFO - [2023-06-08T11:23:29.440+0000] {dag.py:3340} INFO - Setting next_dagrun for example_task_group to 2023-06-07T11:23:29.440748+00:00, run_after=2023-06-08T11:23:29.440748+00:00
[2023-06-08T11:23:29.453+0000] {processor.py:176} INFO - Processing /home/airflow/.local/lib/python3.7/site-packages/airflow/example_dags/example_task_group.py took 0.081 seconds
[2023-06-08T11:24:00.068+0000] {processor.py:154} INFO - Started process (PID=995) to work on /home/airflow/.local/lib/python3.7/site-packages/airflow/example_dags/example_task_group.py
[2023-06-08T11:24:00.071+0000] {processor.py:756} INFO - Processing file /home/airflow/.local/lib/python3.7/site-packages/airflow/example_dags/example_task_group.py for tasks to queue
[2023-06-08T11:24:00.074+0000] {logging_mixin.py:120} INFO - [2023-06-08T11:24:00.074+0000] {dagbag.py:537} INFO - Filling up the DagBag from /home/airflow/.local/lib/python3.7/site-packages/airflow/example_dags/example_task_group.py
[2023-06-08T11:24:00.088+0000] {processor.py:766} INFO - DAG(s) dict_keys(['example_task_group']) retrieved from /home/airflow/.local/lib/python3.7/site-packages/airflow/example_dags/example_task_group.py
[2023-06-08T11:24:00.122+0000] {logging_mixin.py:120} INFO - [2023-06-08T11:24:00.122+0000] {dag.py:2585} INFO - Sync 1 DAGs
[2023-06-08T11:24:00.142+0000] {logging_mixin.py:120} INFO - [2023-06-08T11:24:00.142+0000] {dag.py:3340} INFO - Setting next_dagrun for example_task_group to 2023-06-07T11:24:00.141919+00:00, run_after=2023-06-08T11:24:00.141919+00:00
[2023-06-08T11:24:00.156+0000] {processor.py:176} INFO - Processing /home/airflow/.local/lib/python3.7/site-packages/airflow/example_dags/example_task_group.py took 0.092 seconds
