[2023-06-08T11:22:54.714+0000] {processor.py:154} INFO - Started process (PID=834) to work on /home/airflow/.local/lib/python3.7/site-packages/airflow/example_dags/example_sla_dag.py
[2023-06-08T11:22:54.717+0000] {processor.py:756} INFO - Processing file /home/airflow/.local/lib/python3.7/site-packages/airflow/example_dags/example_sla_dag.py for tasks to queue
[2023-06-08T11:22:54.720+0000] {logging_mixin.py:120} INFO - [2023-06-08T11:22:54.720+0000] {dagbag.py:537} INFO - Filling up the DagBag from /home/airflow/.local/lib/python3.7/site-packages/airflow/example_dags/example_sla_dag.py
[2023-06-08T11:22:54.738+0000] {processor.py:766} INFO - DAG(s) dict_keys(['example_sla_dag']) retrieved from /home/airflow/.local/lib/python3.7/site-packages/airflow/example_dags/example_sla_dag.py
[2023-06-08T11:22:54.778+0000] {logging_mixin.py:120} INFO - [2023-06-08T11:22:54.778+0000] {dag.py:2585} INFO - Sync 1 DAGs
[2023-06-08T11:22:54.807+0000] {logging_mixin.py:120} INFO - [2023-06-08T11:22:54.807+0000] {dag.py:3340} INFO - Setting next_dagrun for example_sla_dag to 2023-06-08T11:20:00+00:00, run_after=2023-06-08T11:22:00+00:00
[2023-06-08T11:22:54.823+0000] {processor.py:176} INFO - Processing /home/airflow/.local/lib/python3.7/site-packages/airflow/example_dags/example_sla_dag.py took 0.114 seconds
[2023-06-08T11:23:25.330+0000] {processor.py:154} INFO - Started process (PID=902) to work on /home/airflow/.local/lib/python3.7/site-packages/airflow/example_dags/example_sla_dag.py
[2023-06-08T11:23:25.333+0000] {processor.py:756} INFO - Processing file /home/airflow/.local/lib/python3.7/site-packages/airflow/example_dags/example_sla_dag.py for tasks to queue
[2023-06-08T11:23:25.334+0000] {logging_mixin.py:120} INFO - [2023-06-08T11:23:25.334+0000] {dagbag.py:537} INFO - Filling up the DagBag from /home/airflow/.local/lib/python3.7/site-packages/airflow/example_dags/example_sla_dag.py
[2023-06-08T11:23:25.353+0000] {processor.py:766} INFO - DAG(s) dict_keys(['example_sla_dag']) retrieved from /home/airflow/.local/lib/python3.7/site-packages/airflow/example_dags/example_sla_dag.py
[2023-06-08T11:23:25.383+0000] {logging_mixin.py:120} INFO - [2023-06-08T11:23:25.383+0000] {dag.py:2585} INFO - Sync 1 DAGs
[2023-06-08T11:23:25.400+0000] {logging_mixin.py:120} INFO - [2023-06-08T11:23:25.400+0000] {dag.py:3340} INFO - Setting next_dagrun for example_sla_dag to 2023-06-08T11:20:00+00:00, run_after=2023-06-08T11:22:00+00:00
[2023-06-08T11:23:25.412+0000] {processor.py:176} INFO - Processing /home/airflow/.local/lib/python3.7/site-packages/airflow/example_dags/example_sla_dag.py took 0.085 seconds
[2023-06-08T11:23:55.732+0000] {processor.py:154} INFO - Started process (PID=960) to work on /home/airflow/.local/lib/python3.7/site-packages/airflow/example_dags/example_sla_dag.py
[2023-06-08T11:23:55.734+0000] {processor.py:756} INFO - Processing file /home/airflow/.local/lib/python3.7/site-packages/airflow/example_dags/example_sla_dag.py for tasks to queue
[2023-06-08T11:23:55.736+0000] {logging_mixin.py:120} INFO - [2023-06-08T11:23:55.736+0000] {dagbag.py:537} INFO - Filling up the DagBag from /home/airflow/.local/lib/python3.7/site-packages/airflow/example_dags/example_sla_dag.py
[2023-06-08T11:23:55.755+0000] {processor.py:766} INFO - DAG(s) dict_keys(['example_sla_dag']) retrieved from /home/airflow/.local/lib/python3.7/site-packages/airflow/example_dags/example_sla_dag.py
[2023-06-08T11:23:55.786+0000] {logging_mixin.py:120} INFO - [2023-06-08T11:23:55.786+0000] {dag.py:2585} INFO - Sync 1 DAGs
[2023-06-08T11:23:55.804+0000] {logging_mixin.py:120} INFO - [2023-06-08T11:23:55.804+0000] {dag.py:3340} INFO - Setting next_dagrun for example_sla_dag to 2023-06-08T11:20:00+00:00, run_after=2023-06-08T11:22:00+00:00
[2023-06-08T11:23:55.817+0000] {processor.py:176} INFO - Processing /home/airflow/.local/lib/python3.7/site-packages/airflow/example_dags/example_sla_dag.py took 0.088 seconds
