[2023-06-08T11:22:57.125+0000] {processor.py:154} INFO - Started process (PID=850) to work on /home/airflow/.local/lib/python3.7/site-packages/airflow/example_dags/example_branch_labels.py
[2023-06-08T11:22:57.127+0000] {processor.py:756} INFO - Processing file /home/airflow/.local/lib/python3.7/site-packages/airflow/example_dags/example_branch_labels.py for tasks to queue
[2023-06-08T11:22:57.129+0000] {logging_mixin.py:120} INFO - [2023-06-08T11:22:57.128+0000] {dagbag.py:537} INFO - Filling up the DagBag from /home/airflow/.local/lib/python3.7/site-packages/airflow/example_dags/example_branch_labels.py
[2023-06-08T11:22:57.140+0000] {processor.py:766} INFO - DAG(s) dict_keys(['example_branch_labels']) retrieved from /home/airflow/.local/lib/python3.7/site-packages/airflow/example_dags/example_branch_labels.py
[2023-06-08T11:22:57.171+0000] {logging_mixin.py:120} INFO - [2023-06-08T11:22:57.171+0000] {dag.py:2585} INFO - Sync 1 DAGs
[2023-06-08T11:22:57.188+0000] {logging_mixin.py:120} INFO - [2023-06-08T11:22:57.188+0000] {dag.py:3340} INFO - Setting next_dagrun for example_branch_labels to 2023-06-07T00:00:00+00:00, run_after=2023-06-08T00:00:00+00:00
[2023-06-08T11:22:57.200+0000] {processor.py:176} INFO - Processing /home/airflow/.local/lib/python3.7/site-packages/airflow/example_dags/example_branch_labels.py took 0.078 seconds
[2023-06-08T11:23:27.535+0000] {processor.py:154} INFO - Started process (PID=918) to work on /home/airflow/.local/lib/python3.7/site-packages/airflow/example_dags/example_branch_labels.py
[2023-06-08T11:23:27.537+0000] {processor.py:756} INFO - Processing file /home/airflow/.local/lib/python3.7/site-packages/airflow/example_dags/example_branch_labels.py for tasks to queue
[2023-06-08T11:23:27.539+0000] {logging_mixin.py:120} INFO - [2023-06-08T11:23:27.539+0000] {dagbag.py:537} INFO - Filling up the DagBag from /home/airflow/.local/lib/python3.7/site-packages/airflow/example_dags/example_branch_labels.py
[2023-06-08T11:23:27.554+0000] {processor.py:766} INFO - DAG(s) dict_keys(['example_branch_labels']) retrieved from /home/airflow/.local/lib/python3.7/site-packages/airflow/example_dags/example_branch_labels.py
[2023-06-08T11:23:27.589+0000] {logging_mixin.py:120} INFO - [2023-06-08T11:23:27.589+0000] {dag.py:2585} INFO - Sync 1 DAGs
[2023-06-08T11:23:27.611+0000] {logging_mixin.py:120} INFO - [2023-06-08T11:23:27.611+0000] {dag.py:3340} INFO - Setting next_dagrun for example_branch_labels to 2023-06-07T00:00:00+00:00, run_after=2023-06-08T00:00:00+00:00
[2023-06-08T11:23:27.623+0000] {processor.py:176} INFO - Processing /home/airflow/.local/lib/python3.7/site-packages/airflow/example_dags/example_branch_labels.py took 0.092 seconds
[2023-06-08T11:23:58.134+0000] {processor.py:154} INFO - Started process (PID=985) to work on /home/airflow/.local/lib/python3.7/site-packages/airflow/example_dags/example_branch_labels.py
[2023-06-08T11:23:58.142+0000] {processor.py:756} INFO - Processing file /home/airflow/.local/lib/python3.7/site-packages/airflow/example_dags/example_branch_labels.py for tasks to queue
[2023-06-08T11:23:58.144+0000] {logging_mixin.py:120} INFO - [2023-06-08T11:23:58.144+0000] {dagbag.py:537} INFO - Filling up the DagBag from /home/airflow/.local/lib/python3.7/site-packages/airflow/example_dags/example_branch_labels.py
[2023-06-08T11:23:58.162+0000] {processor.py:766} INFO - DAG(s) dict_keys(['example_branch_labels']) retrieved from /home/airflow/.local/lib/python3.7/site-packages/airflow/example_dags/example_branch_labels.py
[2023-06-08T11:23:58.210+0000] {logging_mixin.py:120} INFO - [2023-06-08T11:23:58.209+0000] {dag.py:2585} INFO - Sync 1 DAGs
[2023-06-08T11:23:58.232+0000] {logging_mixin.py:120} INFO - [2023-06-08T11:23:58.232+0000] {dag.py:3340} INFO - Setting next_dagrun for example_branch_labels to 2023-06-07T00:00:00+00:00, run_after=2023-06-08T00:00:00+00:00
[2023-06-08T11:23:58.261+0000] {processor.py:176} INFO - Processing /home/airflow/.local/lib/python3.7/site-packages/airflow/example_dags/example_branch_labels.py took 0.129 seconds
