[2023-06-08T11:22:56.272+0000] {processor.py:154} INFO - Started process (PID=841) to work on /home/airflow/.local/lib/python3.7/site-packages/airflow/example_dags/example_short_circuit_operator.py
[2023-06-08T11:22:56.274+0000] {processor.py:756} INFO - Processing file /home/airflow/.local/lib/python3.7/site-packages/airflow/example_dags/example_short_circuit_operator.py for tasks to queue
[2023-06-08T11:22:56.275+0000] {logging_mixin.py:120} INFO - [2023-06-08T11:22:56.275+0000] {dagbag.py:537} INFO - Filling up the DagBag from /home/airflow/.local/lib/python3.7/site-packages/airflow/example_dags/example_short_circuit_operator.py
[2023-06-08T11:22:56.288+0000] {processor.py:766} INFO - DAG(s) dict_keys(['example_short_circuit_operator']) retrieved from /home/airflow/.local/lib/python3.7/site-packages/airflow/example_dags/example_short_circuit_operator.py
[2023-06-08T11:22:56.321+0000] {logging_mixin.py:120} INFO - [2023-06-08T11:22:56.321+0000] {dag.py:2585} INFO - Sync 1 DAGs
[2023-06-08T11:22:56.338+0000] {logging_mixin.py:120} INFO - [2023-06-08T11:22:56.338+0000] {dag.py:3340} INFO - Setting next_dagrun for example_short_circuit_operator to 2023-06-07T11:22:56.337851+00:00, run_after=2023-06-08T11:22:56.337851+00:00
[2023-06-08T11:22:56.351+0000] {processor.py:176} INFO - Processing /home/airflow/.local/lib/python3.7/site-packages/airflow/example_dags/example_short_circuit_operator.py took 0.082 seconds
[2023-06-08T11:23:26.849+0000] {processor.py:154} INFO - Started process (PID=909) to work on /home/airflow/.local/lib/python3.7/site-packages/airflow/example_dags/example_short_circuit_operator.py
[2023-06-08T11:23:26.851+0000] {processor.py:756} INFO - Processing file /home/airflow/.local/lib/python3.7/site-packages/airflow/example_dags/example_short_circuit_operator.py for tasks to queue
[2023-06-08T11:23:26.854+0000] {logging_mixin.py:120} INFO - [2023-06-08T11:23:26.854+0000] {dagbag.py:537} INFO - Filling up the DagBag from /home/airflow/.local/lib/python3.7/site-packages/airflow/example_dags/example_short_circuit_operator.py
[2023-06-08T11:23:26.868+0000] {processor.py:766} INFO - DAG(s) dict_keys(['example_short_circuit_operator']) retrieved from /home/airflow/.local/lib/python3.7/site-packages/airflow/example_dags/example_short_circuit_operator.py
[2023-06-08T11:23:26.903+0000] {logging_mixin.py:120} INFO - [2023-06-08T11:23:26.903+0000] {dag.py:2585} INFO - Sync 1 DAGs
[2023-06-08T11:23:26.924+0000] {logging_mixin.py:120} INFO - [2023-06-08T11:23:26.924+0000] {dag.py:3340} INFO - Setting next_dagrun for example_short_circuit_operator to 2023-06-07T11:23:26.924049+00:00, run_after=2023-06-08T11:23:26.924049+00:00
[2023-06-08T11:23:26.939+0000] {processor.py:176} INFO - Processing /home/airflow/.local/lib/python3.7/site-packages/airflow/example_dags/example_short_circuit_operator.py took 0.093 seconds
[2023-06-08T11:23:57.473+0000] {processor.py:154} INFO - Started process (PID=976) to work on /home/airflow/.local/lib/python3.7/site-packages/airflow/example_dags/example_short_circuit_operator.py
[2023-06-08T11:23:57.479+0000] {processor.py:756} INFO - Processing file /home/airflow/.local/lib/python3.7/site-packages/airflow/example_dags/example_short_circuit_operator.py for tasks to queue
[2023-06-08T11:23:57.481+0000] {logging_mixin.py:120} INFO - [2023-06-08T11:23:57.481+0000] {dagbag.py:537} INFO - Filling up the DagBag from /home/airflow/.local/lib/python3.7/site-packages/airflow/example_dags/example_short_circuit_operator.py
[2023-06-08T11:23:57.502+0000] {processor.py:766} INFO - DAG(s) dict_keys(['example_short_circuit_operator']) retrieved from /home/airflow/.local/lib/python3.7/site-packages/airflow/example_dags/example_short_circuit_operator.py
[2023-06-08T11:23:57.551+0000] {logging_mixin.py:120} INFO - [2023-06-08T11:23:57.551+0000] {dag.py:2585} INFO - Sync 1 DAGs
[2023-06-08T11:23:57.571+0000] {logging_mixin.py:120} INFO - [2023-06-08T11:23:57.571+0000] {dag.py:3340} INFO - Setting next_dagrun for example_short_circuit_operator to 2023-06-07T11:23:57.571461+00:00, run_after=2023-06-08T11:23:57.571461+00:00
[2023-06-08T11:23:57.589+0000] {processor.py:176} INFO - Processing /home/airflow/.local/lib/python3.7/site-packages/airflow/example_dags/example_short_circuit_operator.py took 0.122 seconds
