[2023-06-08T11:22:54.536+0000] {processor.py:154} INFO - Started process (PID=831) to work on /home/airflow/.local/lib/python3.7/site-packages/airflow/example_dags/example_xcomargs.py
[2023-06-08T11:22:54.539+0000] {processor.py:756} INFO - Processing file /home/airflow/.local/lib/python3.7/site-packages/airflow/example_dags/example_xcomargs.py for tasks to queue
[2023-06-08T11:22:54.543+0000] {logging_mixin.py:120} INFO - [2023-06-08T11:22:54.543+0000] {dagbag.py:537} INFO - Filling up the DagBag from /home/airflow/.local/lib/python3.7/site-packages/airflow/example_dags/example_xcomargs.py
[2023-06-08T11:22:54.567+0000] {processor.py:766} INFO - DAG(s) dict_keys(['example_xcom_args', 'example_xcom_args_with_operators']) retrieved from /home/airflow/.local/lib/python3.7/site-packages/airflow/example_dags/example_xcomargs.py
[2023-06-08T11:22:54.622+0000] {logging_mixin.py:120} INFO - [2023-06-08T11:22:54.622+0000] {dag.py:2585} INFO - Sync 2 DAGs
[2023-06-08T11:22:54.648+0000] {logging_mixin.py:120} INFO - [2023-06-08T11:22:54.648+0000] {dag.py:3340} INFO - Setting next_dagrun for example_xcom_args to None, run_after=None
[2023-06-08T11:22:54.652+0000] {logging_mixin.py:120} INFO - [2023-06-08T11:22:54.652+0000] {dag.py:3340} INFO - Setting next_dagrun for example_xcom_args_with_operators to None, run_after=None
[2023-06-08T11:22:54.668+0000] {processor.py:176} INFO - Processing /home/airflow/.local/lib/python3.7/site-packages/airflow/example_dags/example_xcomargs.py took 0.136 seconds
[2023-06-08T11:23:25.087+0000] {processor.py:154} INFO - Started process (PID=899) to work on /home/airflow/.local/lib/python3.7/site-packages/airflow/example_dags/example_xcomargs.py
[2023-06-08T11:23:25.090+0000] {processor.py:756} INFO - Processing file /home/airflow/.local/lib/python3.7/site-packages/airflow/example_dags/example_xcomargs.py for tasks to queue
[2023-06-08T11:23:25.092+0000] {logging_mixin.py:120} INFO - [2023-06-08T11:23:25.091+0000] {dagbag.py:537} INFO - Filling up the DagBag from /home/airflow/.local/lib/python3.7/site-packages/airflow/example_dags/example_xcomargs.py
[2023-06-08T11:23:25.110+0000] {processor.py:766} INFO - DAG(s) dict_keys(['example_xcom_args_with_operators', 'example_xcom_args']) retrieved from /home/airflow/.local/lib/python3.7/site-packages/airflow/example_dags/example_xcomargs.py
[2023-06-08T11:23:25.146+0000] {logging_mixin.py:120} INFO - [2023-06-08T11:23:25.146+0000] {dag.py:2585} INFO - Sync 2 DAGs
[2023-06-08T11:23:25.164+0000] {logging_mixin.py:120} INFO - [2023-06-08T11:23:25.164+0000] {dag.py:3340} INFO - Setting next_dagrun for example_xcom_args to None, run_after=None
[2023-06-08T11:23:25.167+0000] {logging_mixin.py:120} INFO - [2023-06-08T11:23:25.167+0000] {dag.py:3340} INFO - Setting next_dagrun for example_xcom_args_with_operators to None, run_after=None
[2023-06-08T11:23:25.181+0000] {processor.py:176} INFO - Processing /home/airflow/.local/lib/python3.7/site-packages/airflow/example_dags/example_xcomargs.py took 0.097 seconds
[2023-06-08T11:23:55.493+0000] {processor.py:154} INFO - Started process (PID=957) to work on /home/airflow/.local/lib/python3.7/site-packages/airflow/example_dags/example_xcomargs.py
[2023-06-08T11:23:55.497+0000] {processor.py:756} INFO - Processing file /home/airflow/.local/lib/python3.7/site-packages/airflow/example_dags/example_xcomargs.py for tasks to queue
[2023-06-08T11:23:55.499+0000] {logging_mixin.py:120} INFO - [2023-06-08T11:23:55.499+0000] {dagbag.py:537} INFO - Filling up the DagBag from /home/airflow/.local/lib/python3.7/site-packages/airflow/example_dags/example_xcomargs.py
[2023-06-08T11:23:55.517+0000] {processor.py:766} INFO - DAG(s) dict_keys(['example_xcom_args', 'example_xcom_args_with_operators']) retrieved from /home/airflow/.local/lib/python3.7/site-packages/airflow/example_dags/example_xcomargs.py
[2023-06-08T11:23:55.554+0000] {logging_mixin.py:120} INFO - [2023-06-08T11:23:55.554+0000] {dag.py:2585} INFO - Sync 2 DAGs
[2023-06-08T11:23:55.570+0000] {logging_mixin.py:120} INFO - [2023-06-08T11:23:55.570+0000] {dag.py:3340} INFO - Setting next_dagrun for example_xcom_args to None, run_after=None
[2023-06-08T11:23:55.574+0000] {logging_mixin.py:120} INFO - [2023-06-08T11:23:55.574+0000] {dag.py:3340} INFO - Setting next_dagrun for example_xcom_args_with_operators to None, run_after=None
[2023-06-08T11:23:55.586+0000] {processor.py:176} INFO - Processing /home/airflow/.local/lib/python3.7/site-packages/airflow/example_dags/example_xcomargs.py took 0.099 seconds
