[2023-06-08T11:22:58.179+0000] {processor.py:154} INFO - Started process (PID=851) to work on /home/airflow/.local/lib/python3.7/site-packages/airflow/example_dags/example_branch_datetime_operator.py
[2023-06-08T11:22:58.181+0000] {processor.py:756} INFO - Processing file /home/airflow/.local/lib/python3.7/site-packages/airflow/example_dags/example_branch_datetime_operator.py for tasks to queue
[2023-06-08T11:22:58.182+0000] {logging_mixin.py:120} INFO - [2023-06-08T11:22:58.182+0000] {dagbag.py:537} INFO - Filling up the DagBag from /home/airflow/.local/lib/python3.7/site-packages/airflow/example_dags/example_branch_datetime_operator.py
[2023-06-08T11:22:58.196+0000] {processor.py:766} INFO - DAG(s) dict_keys(['example_branch_datetime_operator_3', 'example_branch_datetime_operator', 'example_branch_datetime_operator_2']) retrieved from /home/airflow/.local/lib/python3.7/site-packages/airflow/example_dags/example_branch_datetime_operator.py
[2023-06-08T11:22:58.234+0000] {logging_mixin.py:120} INFO - [2023-06-08T11:22:58.234+0000] {dag.py:2585} INFO - Sync 3 DAGs
[2023-06-08T11:22:58.254+0000] {logging_mixin.py:120} INFO - [2023-06-08T11:22:58.254+0000] {dag.py:3340} INFO - Setting next_dagrun for example_branch_datetime_operator to 2023-06-07T00:00:00+00:00, run_after=2023-06-08T00:00:00+00:00
[2023-06-08T11:22:58.258+0000] {logging_mixin.py:120} INFO - [2023-06-08T11:22:58.258+0000] {dag.py:3340} INFO - Setting next_dagrun for example_branch_datetime_operator_2 to 2023-06-07T00:00:00+00:00, run_after=2023-06-08T00:00:00+00:00
[2023-06-08T11:22:58.261+0000] {logging_mixin.py:120} INFO - [2023-06-08T11:22:58.261+0000] {dag.py:3340} INFO - Setting next_dagrun for example_branch_datetime_operator_3 to 2023-06-07T00:00:00+00:00, run_after=2023-06-08T00:00:00+00:00
[2023-06-08T11:22:58.280+0000] {processor.py:176} INFO - Processing /home/airflow/.local/lib/python3.7/site-packages/airflow/example_dags/example_branch_datetime_operator.py took 0.105 seconds
[2023-06-08T11:23:28.559+0000] {processor.py:154} INFO - Started process (PID=919) to work on /home/airflow/.local/lib/python3.7/site-packages/airflow/example_dags/example_branch_datetime_operator.py
[2023-06-08T11:23:28.562+0000] {processor.py:756} INFO - Processing file /home/airflow/.local/lib/python3.7/site-packages/airflow/example_dags/example_branch_datetime_operator.py for tasks to queue
[2023-06-08T11:23:28.564+0000] {logging_mixin.py:120} INFO - [2023-06-08T11:23:28.564+0000] {dagbag.py:537} INFO - Filling up the DagBag from /home/airflow/.local/lib/python3.7/site-packages/airflow/example_dags/example_branch_datetime_operator.py
[2023-06-08T11:23:28.578+0000] {processor.py:766} INFO - DAG(s) dict_keys(['example_branch_datetime_operator_2', 'example_branch_datetime_operator_3', 'example_branch_datetime_operator']) retrieved from /home/airflow/.local/lib/python3.7/site-packages/airflow/example_dags/example_branch_datetime_operator.py
[2023-06-08T11:23:28.619+0000] {logging_mixin.py:120} INFO - [2023-06-08T11:23:28.619+0000] {dag.py:2585} INFO - Sync 3 DAGs
[2023-06-08T11:23:28.636+0000] {logging_mixin.py:120} INFO - [2023-06-08T11:23:28.636+0000] {dag.py:3340} INFO - Setting next_dagrun for example_branch_datetime_operator to 2023-06-07T00:00:00+00:00, run_after=2023-06-08T00:00:00+00:00
[2023-06-08T11:23:28.640+0000] {logging_mixin.py:120} INFO - [2023-06-08T11:23:28.640+0000] {dag.py:3340} INFO - Setting next_dagrun for example_branch_datetime_operator_2 to 2023-06-07T00:00:00+00:00, run_after=2023-06-08T00:00:00+00:00
[2023-06-08T11:23:28.643+0000] {logging_mixin.py:120} INFO - [2023-06-08T11:23:28.643+0000] {dag.py:3340} INFO - Setting next_dagrun for example_branch_datetime_operator_3 to 2023-06-07T00:00:00+00:00, run_after=2023-06-08T00:00:00+00:00
[2023-06-08T11:23:28.656+0000] {processor.py:176} INFO - Processing /home/airflow/.local/lib/python3.7/site-packages/airflow/example_dags/example_branch_datetime_operator.py took 0.099 seconds
[2023-06-08T11:23:59.155+0000] {processor.py:154} INFO - Started process (PID=986) to work on /home/airflow/.local/lib/python3.7/site-packages/airflow/example_dags/example_branch_datetime_operator.py
[2023-06-08T11:23:59.160+0000] {processor.py:756} INFO - Processing file /home/airflow/.local/lib/python3.7/site-packages/airflow/example_dags/example_branch_datetime_operator.py for tasks to queue
[2023-06-08T11:23:59.164+0000] {logging_mixin.py:120} INFO - [2023-06-08T11:23:59.164+0000] {dagbag.py:537} INFO - Filling up the DagBag from /home/airflow/.local/lib/python3.7/site-packages/airflow/example_dags/example_branch_datetime_operator.py
[2023-06-08T11:23:59.184+0000] {processor.py:766} INFO - DAG(s) dict_keys(['example_branch_datetime_operator_2', 'example_branch_datetime_operator_3', 'example_branch_datetime_operator']) retrieved from /home/airflow/.local/lib/python3.7/site-packages/airflow/example_dags/example_branch_datetime_operator.py
[2023-06-08T11:23:59.227+0000] {logging_mixin.py:120} INFO - [2023-06-08T11:23:59.227+0000] {dag.py:2585} INFO - Sync 3 DAGs
[2023-06-08T11:23:59.246+0000] {logging_mixin.py:120} INFO - [2023-06-08T11:23:59.246+0000] {dag.py:3340} INFO - Setting next_dagrun for example_branch_datetime_operator to 2023-06-07T00:00:00+00:00, run_after=2023-06-08T00:00:00+00:00
[2023-06-08T11:23:59.251+0000] {logging_mixin.py:120} INFO - [2023-06-08T11:23:59.250+0000] {dag.py:3340} INFO - Setting next_dagrun for example_branch_datetime_operator_2 to 2023-06-07T00:00:00+00:00, run_after=2023-06-08T00:00:00+00:00
[2023-06-08T11:23:59.253+0000] {logging_mixin.py:120} INFO - [2023-06-08T11:23:59.253+0000] {dag.py:3340} INFO - Setting next_dagrun for example_branch_datetime_operator_3 to 2023-06-07T00:00:00+00:00, run_after=2023-06-08T00:00:00+00:00
[2023-06-08T11:23:59.269+0000] {processor.py:176} INFO - Processing /home/airflow/.local/lib/python3.7/site-packages/airflow/example_dags/example_branch_datetime_operator.py took 0.120 seconds
