[2023-06-08T11:22:53.137+0000] {processor.py:154} INFO - Started process (PID=826) to work on /home/airflow/.local/lib/python3.7/site-packages/airflow/example_dags/example_datasets.py
[2023-06-08T11:22:53.139+0000] {processor.py:756} INFO - Processing file /home/airflow/.local/lib/python3.7/site-packages/airflow/example_dags/example_datasets.py for tasks to queue
[2023-06-08T11:22:53.141+0000] {logging_mixin.py:120} INFO - [2023-06-08T11:22:53.141+0000] {dagbag.py:537} INFO - Filling up the DagBag from /home/airflow/.local/lib/python3.7/site-packages/airflow/example_dags/example_datasets.py
[2023-06-08T11:22:53.157+0000] {processor.py:766} INFO - DAG(s) dict_keys(['dataset_consumes_1_never_scheduled', 'dataset_consumes_unknown_never_scheduled', 'dataset_produces_1', 'dataset_produces_2', 'dataset_consumes_1_and_2', 'dataset_consumes_1']) retrieved from /home/airflow/.local/lib/python3.7/site-packages/airflow/example_dags/example_datasets.py
[2023-06-08T11:22:53.207+0000] {logging_mixin.py:120} INFO - [2023-06-08T11:22:53.207+0000] {dag.py:2585} INFO - Sync 6 DAGs
[2023-06-08T11:22:53.226+0000] {logging_mixin.py:120} INFO - [2023-06-08T11:22:53.226+0000] {dag.py:3340} INFO - Setting next_dagrun for dataset_consumes_1 to None, run_after=None
[2023-06-08T11:22:53.230+0000] {logging_mixin.py:120} INFO - [2023-06-08T11:22:53.230+0000] {dag.py:3340} INFO - Setting next_dagrun for dataset_consumes_1_and_2 to None, run_after=None
[2023-06-08T11:22:53.232+0000] {logging_mixin.py:120} INFO - [2023-06-08T11:22:53.232+0000] {dag.py:3340} INFO - Setting next_dagrun for dataset_consumes_1_never_scheduled to None, run_after=None
[2023-06-08T11:22:53.234+0000] {logging_mixin.py:120} INFO - [2023-06-08T11:22:53.234+0000] {dag.py:3340} INFO - Setting next_dagrun for dataset_consumes_unknown_never_scheduled to None, run_after=None
[2023-06-08T11:22:53.238+0000] {logging_mixin.py:120} INFO - [2023-06-08T11:22:53.238+0000] {dag.py:3340} INFO - Setting next_dagrun for dataset_produces_1 to 2023-06-07T00:00:00+00:00, run_after=2023-06-08T00:00:00+00:00
[2023-06-08T11:22:53.240+0000] {logging_mixin.py:120} INFO - [2023-06-08T11:22:53.240+0000] {dag.py:3340} INFO - Setting next_dagrun for dataset_produces_2 to None, run_after=None
[2023-06-08T11:22:53.268+0000] {processor.py:176} INFO - Processing /home/airflow/.local/lib/python3.7/site-packages/airflow/example_dags/example_datasets.py took 0.135 seconds
[2023-06-08T11:23:23.648+0000] {processor.py:154} INFO - Started process (PID=884) to work on /home/airflow/.local/lib/python3.7/site-packages/airflow/example_dags/example_datasets.py
[2023-06-08T11:23:23.651+0000] {processor.py:756} INFO - Processing file /home/airflow/.local/lib/python3.7/site-packages/airflow/example_dags/example_datasets.py for tasks to queue
[2023-06-08T11:23:23.652+0000] {logging_mixin.py:120} INFO - [2023-06-08T11:23:23.652+0000] {dagbag.py:537} INFO - Filling up the DagBag from /home/airflow/.local/lib/python3.7/site-packages/airflow/example_dags/example_datasets.py
[2023-06-08T11:23:23.666+0000] {processor.py:766} INFO - DAG(s) dict_keys(['dataset_consumes_1_and_2', 'dataset_consumes_1', 'dataset_produces_2', 'dataset_consumes_1_never_scheduled', 'dataset_consumes_unknown_never_scheduled', 'dataset_produces_1']) retrieved from /home/airflow/.local/lib/python3.7/site-packages/airflow/example_dags/example_datasets.py
[2023-06-08T11:23:23.712+0000] {logging_mixin.py:120} INFO - [2023-06-08T11:23:23.712+0000] {dag.py:2585} INFO - Sync 6 DAGs
[2023-06-08T11:23:23.731+0000] {logging_mixin.py:120} INFO - [2023-06-08T11:23:23.731+0000] {dag.py:3340} INFO - Setting next_dagrun for dataset_consumes_1 to None, run_after=None
[2023-06-08T11:23:23.735+0000] {logging_mixin.py:120} INFO - [2023-06-08T11:23:23.735+0000] {dag.py:3340} INFO - Setting next_dagrun for dataset_consumes_1_and_2 to None, run_after=None
[2023-06-08T11:23:23.737+0000] {logging_mixin.py:120} INFO - [2023-06-08T11:23:23.737+0000] {dag.py:3340} INFO - Setting next_dagrun for dataset_consumes_1_never_scheduled to None, run_after=None
[2023-06-08T11:23:23.739+0000] {logging_mixin.py:120} INFO - [2023-06-08T11:23:23.739+0000] {dag.py:3340} INFO - Setting next_dagrun for dataset_consumes_unknown_never_scheduled to None, run_after=None
[2023-06-08T11:23:23.743+0000] {logging_mixin.py:120} INFO - [2023-06-08T11:23:23.743+0000] {dag.py:3340} INFO - Setting next_dagrun for dataset_produces_1 to 2023-06-07T00:00:00+00:00, run_after=2023-06-08T00:00:00+00:00
[2023-06-08T11:23:23.749+0000] {logging_mixin.py:120} INFO - [2023-06-08T11:23:23.748+0000] {dag.py:3340} INFO - Setting next_dagrun for dataset_produces_2 to None, run_after=None
[2023-06-08T11:23:23.772+0000] {processor.py:176} INFO - Processing /home/airflow/.local/lib/python3.7/site-packages/airflow/example_dags/example_datasets.py took 0.128 seconds
[2023-06-08T11:23:54.057+0000] {processor.py:154} INFO - Started process (PID=952) to work on /home/airflow/.local/lib/python3.7/site-packages/airflow/example_dags/example_datasets.py
[2023-06-08T11:23:54.060+0000] {processor.py:756} INFO - Processing file /home/airflow/.local/lib/python3.7/site-packages/airflow/example_dags/example_datasets.py for tasks to queue
[2023-06-08T11:23:54.062+0000] {logging_mixin.py:120} INFO - [2023-06-08T11:23:54.062+0000] {dagbag.py:537} INFO - Filling up the DagBag from /home/airflow/.local/lib/python3.7/site-packages/airflow/example_dags/example_datasets.py
[2023-06-08T11:23:54.079+0000] {processor.py:766} INFO - DAG(s) dict_keys(['dataset_consumes_unknown_never_scheduled', 'dataset_produces_2', 'dataset_consumes_1_never_scheduled', 'dataset_consumes_1', 'dataset_produces_1', 'dataset_consumes_1_and_2']) retrieved from /home/airflow/.local/lib/python3.7/site-packages/airflow/example_dags/example_datasets.py
[2023-06-08T11:23:54.136+0000] {logging_mixin.py:120} INFO - [2023-06-08T11:23:54.136+0000] {dag.py:2585} INFO - Sync 6 DAGs
[2023-06-08T11:23:54.157+0000] {logging_mixin.py:120} INFO - [2023-06-08T11:23:54.156+0000] {dag.py:3340} INFO - Setting next_dagrun for dataset_consumes_1 to None, run_after=None
[2023-06-08T11:23:54.160+0000] {logging_mixin.py:120} INFO - [2023-06-08T11:23:54.160+0000] {dag.py:3340} INFO - Setting next_dagrun for dataset_consumes_1_and_2 to None, run_after=None
[2023-06-08T11:23:54.162+0000] {logging_mixin.py:120} INFO - [2023-06-08T11:23:54.162+0000] {dag.py:3340} INFO - Setting next_dagrun for dataset_consumes_1_never_scheduled to None, run_after=None
[2023-06-08T11:23:54.164+0000] {logging_mixin.py:120} INFO - [2023-06-08T11:23:54.164+0000] {dag.py:3340} INFO - Setting next_dagrun for dataset_consumes_unknown_never_scheduled to None, run_after=None
[2023-06-08T11:23:54.167+0000] {logging_mixin.py:120} INFO - [2023-06-08T11:23:54.167+0000] {dag.py:3340} INFO - Setting next_dagrun for dataset_produces_1 to 2023-06-07T00:00:00+00:00, run_after=2023-06-08T00:00:00+00:00
[2023-06-08T11:23:54.169+0000] {logging_mixin.py:120} INFO - [2023-06-08T11:23:54.168+0000] {dag.py:3340} INFO - Setting next_dagrun for dataset_produces_2 to None, run_after=None
[2023-06-08T11:23:54.190+0000] {processor.py:176} INFO - Processing /home/airflow/.local/lib/python3.7/site-packages/airflow/example_dags/example_datasets.py took 0.137 seconds
