[2023-06-08T11:22:56.136+0000] {processor.py:154} INFO - Started process (PID=839) to work on /home/airflow/.local/lib/python3.7/site-packages/airflow/example_dags/example_python_operator.py
[2023-06-08T11:22:56.137+0000] {processor.py:756} INFO - Processing file /home/airflow/.local/lib/python3.7/site-packages/airflow/example_dags/example_python_operator.py for tasks to queue
[2023-06-08T11:22:56.139+0000] {logging_mixin.py:120} INFO - [2023-06-08T11:22:56.139+0000] {dagbag.py:537} INFO - Filling up the DagBag from /home/airflow/.local/lib/python3.7/site-packages/airflow/example_dags/example_python_operator.py
[2023-06-08T11:22:56.152+0000] {logging_mixin.py:120} INFO - [2023-06-08T11:22:56.152+0000] {taskmixin.py:205} WARNING - Dependency <Task(_PythonDecoratedOperator): print_the_context>, log_sql_query already registered for DAG: example_python_operator
[2023-06-08T11:22:56.154+0000] {logging_mixin.py:120} INFO - [2023-06-08T11:22:56.154+0000] {taskmixin.py:205} WARNING - Dependency <Task(_PythonDecoratedOperator): log_sql_query>, print_the_context already registered for DAG: example_python_operator
[2023-06-08T11:22:56.156+0000] {logging_mixin.py:120} INFO - [2023-06-08T11:22:56.156+0000] {taskmixin.py:205} WARNING - Dependency <Task(_PythonDecoratedOperator): print_the_context>, log_sql_query already registered for DAG: example_python_operator
[2023-06-08T11:22:56.157+0000] {logging_mixin.py:120} INFO - [2023-06-08T11:22:56.157+0000] {taskmixin.py:205} WARNING - Dependency <Task(_PythonDecoratedOperator): log_sql_query>, print_the_context already registered for DAG: example_python_operator
[2023-06-08T11:22:56.159+0000] {logging_mixin.py:120} INFO - [2023-06-08T11:22:56.159+0000] {taskmixin.py:205} WARNING - Dependency <Task(_PythonDecoratedOperator): print_the_context>, log_sql_query already registered for DAG: example_python_operator
[2023-06-08T11:22:56.160+0000] {logging_mixin.py:120} INFO - [2023-06-08T11:22:56.160+0000] {taskmixin.py:205} WARNING - Dependency <Task(_PythonDecoratedOperator): log_sql_query>, print_the_context already registered for DAG: example_python_operator
[2023-06-08T11:22:56.162+0000] {logging_mixin.py:120} INFO - [2023-06-08T11:22:56.162+0000] {taskmixin.py:205} WARNING - Dependency <Task(_PythonDecoratedOperator): print_the_context>, log_sql_query already registered for DAG: example_python_operator
[2023-06-08T11:22:56.163+0000] {logging_mixin.py:120} INFO - [2023-06-08T11:22:56.163+0000] {taskmixin.py:205} WARNING - Dependency <Task(_PythonDecoratedOperator): log_sql_query>, print_the_context already registered for DAG: example_python_operator
[2023-06-08T11:22:56.169+0000] {processor.py:766} INFO - DAG(s) dict_keys(['example_python_operator']) retrieved from /home/airflow/.local/lib/python3.7/site-packages/airflow/example_dags/example_python_operator.py
[2023-06-08T11:22:56.199+0000] {logging_mixin.py:120} INFO - [2023-06-08T11:22:56.199+0000] {dag.py:2585} INFO - Sync 1 DAGs
[2023-06-08T11:22:56.216+0000] {logging_mixin.py:120} INFO - [2023-06-08T11:22:56.216+0000] {dag.py:3340} INFO - Setting next_dagrun for example_python_operator to None, run_after=None
[2023-06-08T11:22:56.230+0000] {processor.py:176} INFO - Processing /home/airflow/.local/lib/python3.7/site-packages/airflow/example_dags/example_python_operator.py took 0.099 seconds
[2023-06-08T11:23:26.686+0000] {processor.py:154} INFO - Started process (PID=907) to work on /home/airflow/.local/lib/python3.7/site-packages/airflow/example_dags/example_python_operator.py
[2023-06-08T11:23:26.699+0000] {processor.py:756} INFO - Processing file /home/airflow/.local/lib/python3.7/site-packages/airflow/example_dags/example_python_operator.py for tasks to queue
[2023-06-08T11:23:26.701+0000] {logging_mixin.py:120} INFO - [2023-06-08T11:23:26.701+0000] {dagbag.py:537} INFO - Filling up the DagBag from /home/airflow/.local/lib/python3.7/site-packages/airflow/example_dags/example_python_operator.py
[2023-06-08T11:23:26.717+0000] {logging_mixin.py:120} INFO - [2023-06-08T11:23:26.716+0000] {taskmixin.py:205} WARNING - Dependency <Task(_PythonDecoratedOperator): print_the_context>, log_sql_query already registered for DAG: example_python_operator
[2023-06-08T11:23:26.719+0000] {logging_mixin.py:120} INFO - [2023-06-08T11:23:26.719+0000] {taskmixin.py:205} WARNING - Dependency <Task(_PythonDecoratedOperator): log_sql_query>, print_the_context already registered for DAG: example_python_operator
[2023-06-08T11:23:26.721+0000] {logging_mixin.py:120} INFO - [2023-06-08T11:23:26.721+0000] {taskmixin.py:205} WARNING - Dependency <Task(_PythonDecoratedOperator): print_the_context>, log_sql_query already registered for DAG: example_python_operator
[2023-06-08T11:23:26.722+0000] {logging_mixin.py:120} INFO - [2023-06-08T11:23:26.722+0000] {taskmixin.py:205} WARNING - Dependency <Task(_PythonDecoratedOperator): log_sql_query>, print_the_context already registered for DAG: example_python_operator
[2023-06-08T11:23:26.723+0000] {logging_mixin.py:120} INFO - [2023-06-08T11:23:26.723+0000] {taskmixin.py:205} WARNING - Dependency <Task(_PythonDecoratedOperator): print_the_context>, log_sql_query already registered for DAG: example_python_operator
[2023-06-08T11:23:26.727+0000] {logging_mixin.py:120} INFO - [2023-06-08T11:23:26.727+0000] {taskmixin.py:205} WARNING - Dependency <Task(_PythonDecoratedOperator): log_sql_query>, print_the_context already registered for DAG: example_python_operator
[2023-06-08T11:23:26.730+0000] {logging_mixin.py:120} INFO - [2023-06-08T11:23:26.730+0000] {taskmixin.py:205} WARNING - Dependency <Task(_PythonDecoratedOperator): print_the_context>, log_sql_query already registered for DAG: example_python_operator
[2023-06-08T11:23:26.731+0000] {logging_mixin.py:120} INFO - [2023-06-08T11:23:26.731+0000] {taskmixin.py:205} WARNING - Dependency <Task(_PythonDecoratedOperator): log_sql_query>, print_the_context already registered for DAG: example_python_operator
[2023-06-08T11:23:26.740+0000] {processor.py:766} INFO - DAG(s) dict_keys(['example_python_operator']) retrieved from /home/airflow/.local/lib/python3.7/site-packages/airflow/example_dags/example_python_operator.py
[2023-06-08T11:23:26.784+0000] {logging_mixin.py:120} INFO - [2023-06-08T11:23:26.784+0000] {dag.py:2585} INFO - Sync 1 DAGs
[2023-06-08T11:23:26.810+0000] {logging_mixin.py:120} INFO - [2023-06-08T11:23:26.810+0000] {dag.py:3340} INFO - Setting next_dagrun for example_python_operator to None, run_after=None
[2023-06-08T11:23:26.831+0000] {processor.py:176} INFO - Processing /home/airflow/.local/lib/python3.7/site-packages/airflow/example_dags/example_python_operator.py took 0.150 seconds
[2023-06-08T11:23:57.159+0000] {processor.py:154} INFO - Started process (PID=974) to work on /home/airflow/.local/lib/python3.7/site-packages/airflow/example_dags/example_python_operator.py
[2023-06-08T11:23:57.179+0000] {processor.py:756} INFO - Processing file /home/airflow/.local/lib/python3.7/site-packages/airflow/example_dags/example_python_operator.py for tasks to queue
[2023-06-08T11:23:57.187+0000] {logging_mixin.py:120} INFO - [2023-06-08T11:23:57.186+0000] {dagbag.py:537} INFO - Filling up the DagBag from /home/airflow/.local/lib/python3.7/site-packages/airflow/example_dags/example_python_operator.py
[2023-06-08T11:23:57.244+0000] {logging_mixin.py:120} INFO - [2023-06-08T11:23:57.244+0000] {taskmixin.py:205} WARNING - Dependency <Task(_PythonDecoratedOperator): print_the_context>, log_sql_query already registered for DAG: example_python_operator
[2023-06-08T11:23:57.246+0000] {logging_mixin.py:120} INFO - [2023-06-08T11:23:57.246+0000] {taskmixin.py:205} WARNING - Dependency <Task(_PythonDecoratedOperator): log_sql_query>, print_the_context already registered for DAG: example_python_operator
[2023-06-08T11:23:57.249+0000] {logging_mixin.py:120} INFO - [2023-06-08T11:23:57.249+0000] {taskmixin.py:205} WARNING - Dependency <Task(_PythonDecoratedOperator): print_the_context>, log_sql_query already registered for DAG: example_python_operator
[2023-06-08T11:23:57.253+0000] {logging_mixin.py:120} INFO - [2023-06-08T11:23:57.253+0000] {taskmixin.py:205} WARNING - Dependency <Task(_PythonDecoratedOperator): log_sql_query>, print_the_context already registered for DAG: example_python_operator
[2023-06-08T11:23:57.258+0000] {logging_mixin.py:120} INFO - [2023-06-08T11:23:57.257+0000] {taskmixin.py:205} WARNING - Dependency <Task(_PythonDecoratedOperator): print_the_context>, log_sql_query already registered for DAG: example_python_operator
[2023-06-08T11:23:57.262+0000] {logging_mixin.py:120} INFO - [2023-06-08T11:23:57.262+0000] {taskmixin.py:205} WARNING - Dependency <Task(_PythonDecoratedOperator): log_sql_query>, print_the_context already registered for DAG: example_python_operator
[2023-06-08T11:23:57.265+0000] {logging_mixin.py:120} INFO - [2023-06-08T11:23:57.265+0000] {taskmixin.py:205} WARNING - Dependency <Task(_PythonDecoratedOperator): print_the_context>, log_sql_query already registered for DAG: example_python_operator
[2023-06-08T11:23:57.268+0000] {logging_mixin.py:120} INFO - [2023-06-08T11:23:57.268+0000] {taskmixin.py:205} WARNING - Dependency <Task(_PythonDecoratedOperator): log_sql_query>, print_the_context already registered for DAG: example_python_operator
[2023-06-08T11:23:57.284+0000] {processor.py:766} INFO - DAG(s) dict_keys(['example_python_operator']) retrieved from /home/airflow/.local/lib/python3.7/site-packages/airflow/example_dags/example_python_operator.py
[2023-06-08T11:23:57.390+0000] {logging_mixin.py:120} INFO - [2023-06-08T11:23:57.389+0000] {dag.py:2585} INFO - Sync 1 DAGs
[2023-06-08T11:23:57.427+0000] {logging_mixin.py:120} INFO - [2023-06-08T11:23:57.427+0000] {dag.py:3340} INFO - Setting next_dagrun for example_python_operator to None, run_after=None
[2023-06-08T11:23:57.461+0000] {processor.py:176} INFO - Processing /home/airflow/.local/lib/python3.7/site-packages/airflow/example_dags/example_python_operator.py took 0.315 seconds
