[2023-06-08T11:22:58.698+0000] {processor.py:154} INFO - Started process (PID=857) to work on /home/airflow/.local/lib/python3.7/site-packages/airflow/example_dags/example_external_task_marker_dag.py
[2023-06-08T11:22:58.700+0000] {processor.py:756} INFO - Processing file /home/airflow/.local/lib/python3.7/site-packages/airflow/example_dags/example_external_task_marker_dag.py for tasks to queue
[2023-06-08T11:22:58.702+0000] {logging_mixin.py:120} INFO - [2023-06-08T11:22:58.702+0000] {dagbag.py:537} INFO - Filling up the DagBag from /home/airflow/.local/lib/python3.7/site-packages/airflow/example_dags/example_external_task_marker_dag.py
[2023-06-08T11:22:58.714+0000] {processor.py:766} INFO - DAG(s) dict_keys(['example_external_task_marker_parent', 'example_external_task_marker_child']) retrieved from /home/airflow/.local/lib/python3.7/site-packages/airflow/example_dags/example_external_task_marker_dag.py
[2023-06-08T11:22:58.835+0000] {logging_mixin.py:120} INFO - [2023-06-08T11:22:58.834+0000] {dag.py:2585} INFO - Sync 2 DAGs
[2023-06-08T11:22:58.854+0000] {logging_mixin.py:120} INFO - [2023-06-08T11:22:58.854+0000] {dag.py:3340} INFO - Setting next_dagrun for example_external_task_marker_child to None, run_after=None
[2023-06-08T11:22:58.858+0000] {logging_mixin.py:120} INFO - [2023-06-08T11:22:58.858+0000] {dag.py:3340} INFO - Setting next_dagrun for example_external_task_marker_parent to None, run_after=None
[2023-06-08T11:22:58.873+0000] {processor.py:176} INFO - Processing /home/airflow/.local/lib/python3.7/site-packages/airflow/example_dags/example_external_task_marker_dag.py took 0.178 seconds
[2023-06-08T11:23:28.991+0000] {processor.py:154} INFO - Started process (PID=924) to work on /home/airflow/.local/lib/python3.7/site-packages/airflow/example_dags/example_external_task_marker_dag.py
[2023-06-08T11:23:28.994+0000] {processor.py:756} INFO - Processing file /home/airflow/.local/lib/python3.7/site-packages/airflow/example_dags/example_external_task_marker_dag.py for tasks to queue
[2023-06-08T11:23:28.995+0000] {logging_mixin.py:120} INFO - [2023-06-08T11:23:28.995+0000] {dagbag.py:537} INFO - Filling up the DagBag from /home/airflow/.local/lib/python3.7/site-packages/airflow/example_dags/example_external_task_marker_dag.py
[2023-06-08T11:23:29.007+0000] {processor.py:766} INFO - DAG(s) dict_keys(['example_external_task_marker_parent', 'example_external_task_marker_child']) retrieved from /home/airflow/.local/lib/python3.7/site-packages/airflow/example_dags/example_external_task_marker_dag.py
[2023-06-08T11:23:29.139+0000] {logging_mixin.py:120} INFO - [2023-06-08T11:23:29.139+0000] {dag.py:2585} INFO - Sync 2 DAGs
[2023-06-08T11:23:29.158+0000] {logging_mixin.py:120} INFO - [2023-06-08T11:23:29.158+0000] {dag.py:3340} INFO - Setting next_dagrun for example_external_task_marker_child to None, run_after=None
[2023-06-08T11:23:29.164+0000] {logging_mixin.py:120} INFO - [2023-06-08T11:23:29.164+0000] {dag.py:3340} INFO - Setting next_dagrun for example_external_task_marker_parent to None, run_after=None
[2023-06-08T11:23:29.176+0000] {processor.py:176} INFO - Processing /home/airflow/.local/lib/python3.7/site-packages/airflow/example_dags/example_external_task_marker_dag.py took 0.189 seconds
[2023-06-08T11:23:59.646+0000] {processor.py:154} INFO - Started process (PID=992) to work on /home/airflow/.local/lib/python3.7/site-packages/airflow/example_dags/example_external_task_marker_dag.py
[2023-06-08T11:23:59.648+0000] {processor.py:756} INFO - Processing file /home/airflow/.local/lib/python3.7/site-packages/airflow/example_dags/example_external_task_marker_dag.py for tasks to queue
[2023-06-08T11:23:59.650+0000] {logging_mixin.py:120} INFO - [2023-06-08T11:23:59.649+0000] {dagbag.py:537} INFO - Filling up the DagBag from /home/airflow/.local/lib/python3.7/site-packages/airflow/example_dags/example_external_task_marker_dag.py
[2023-06-08T11:23:59.664+0000] {processor.py:766} INFO - DAG(s) dict_keys(['example_external_task_marker_parent', 'example_external_task_marker_child']) retrieved from /home/airflow/.local/lib/python3.7/site-packages/airflow/example_dags/example_external_task_marker_dag.py
[2023-06-08T11:23:59.809+0000] {logging_mixin.py:120} INFO - [2023-06-08T11:23:59.809+0000] {dag.py:2585} INFO - Sync 2 DAGs
[2023-06-08T11:23:59.828+0000] {logging_mixin.py:120} INFO - [2023-06-08T11:23:59.827+0000] {dag.py:3340} INFO - Setting next_dagrun for example_external_task_marker_child to None, run_after=None
[2023-06-08T11:23:59.833+0000] {logging_mixin.py:120} INFO - [2023-06-08T11:23:59.832+0000] {dag.py:3340} INFO - Setting next_dagrun for example_external_task_marker_parent to None, run_after=None
[2023-06-08T11:23:59.846+0000] {processor.py:176} INFO - Processing /home/airflow/.local/lib/python3.7/site-packages/airflow/example_dags/example_external_task_marker_dag.py took 0.203 seconds
