[2023-06-08T11:22:58.459+0000] {processor.py:154} INFO - Started process (PID=856) to work on /home/airflow/.local/lib/python3.7/site-packages/airflow/example_dags/example_subdag_operator.py
[2023-06-08T11:22:58.461+0000] {processor.py:756} INFO - Processing file /home/airflow/.local/lib/python3.7/site-packages/airflow/example_dags/example_subdag_operator.py for tasks to queue
[2023-06-08T11:22:58.462+0000] {logging_mixin.py:120} INFO - [2023-06-08T11:22:58.462+0000] {dagbag.py:537} INFO - Filling up the DagBag from /home/airflow/.local/lib/python3.7/site-packages/airflow/example_dags/example_subdag_operator.py
[2023-06-08T11:22:58.498+0000] {processor.py:766} INFO - DAG(s) dict_keys(['example_subdag_operator.section-1', 'example_subdag_operator.section-2', 'example_subdag_operator']) retrieved from /home/airflow/.local/lib/python3.7/site-packages/airflow/example_dags/example_subdag_operator.py
[2023-06-08T11:22:58.622+0000] {logging_mixin.py:120} INFO - [2023-06-08T11:22:58.621+0000] {dag.py:2585} INFO - Sync 3 DAGs
[2023-06-08T11:22:58.638+0000] {logging_mixin.py:120} INFO - [2023-06-08T11:22:58.638+0000] {dag.py:3340} INFO - Setting next_dagrun for example_subdag_operator to 2022-01-01T00:00:00+00:00, run_after=2022-01-01T00:00:00+00:00
[2023-06-08T11:22:58.641+0000] {logging_mixin.py:120} INFO - [2023-06-08T11:22:58.641+0000] {dag.py:3340} INFO - Setting next_dagrun for example_subdag_operator.section-1 to None, run_after=None
[2023-06-08T11:22:58.644+0000] {logging_mixin.py:120} INFO - [2023-06-08T11:22:58.644+0000] {dag.py:3340} INFO - Setting next_dagrun for example_subdag_operator.section-2 to None, run_after=None
[2023-06-08T11:22:58.650+0000] {logging_mixin.py:120} INFO - [2023-06-08T11:22:58.649+0000] {dag.py:2585} INFO - Sync 2 DAGs
[2023-06-08T11:22:58.654+0000] {logging_mixin.py:120} INFO - [2023-06-08T11:22:58.654+0000] {dag.py:3340} INFO - Setting next_dagrun for example_subdag_operator.section-1 to None, run_after=None
[2023-06-08T11:22:58.655+0000] {logging_mixin.py:120} INFO - [2023-06-08T11:22:58.655+0000] {dag.py:3340} INFO - Setting next_dagrun for example_subdag_operator.section-2 to None, run_after=None
[2023-06-08T11:22:58.664+0000] {processor.py:176} INFO - Processing /home/airflow/.local/lib/python3.7/site-packages/airflow/example_dags/example_subdag_operator.py took 0.208 seconds
[2023-06-08T11:23:28.783+0000] {processor.py:154} INFO - Started process (PID=922) to work on /home/airflow/.local/lib/python3.7/site-packages/airflow/example_dags/example_subdag_operator.py
[2023-06-08T11:23:28.785+0000] {processor.py:756} INFO - Processing file /home/airflow/.local/lib/python3.7/site-packages/airflow/example_dags/example_subdag_operator.py for tasks to queue
[2023-06-08T11:23:28.786+0000] {logging_mixin.py:120} INFO - [2023-06-08T11:23:28.786+0000] {dagbag.py:537} INFO - Filling up the DagBag from /home/airflow/.local/lib/python3.7/site-packages/airflow/example_dags/example_subdag_operator.py
[2023-06-08T11:23:28.812+0000] {processor.py:766} INFO - DAG(s) dict_keys(['example_subdag_operator.section-1', 'example_subdag_operator.section-2', 'example_subdag_operator']) retrieved from /home/airflow/.local/lib/python3.7/site-packages/airflow/example_dags/example_subdag_operator.py
[2023-06-08T11:23:28.904+0000] {logging_mixin.py:120} INFO - [2023-06-08T11:23:28.904+0000] {dag.py:2585} INFO - Sync 3 DAGs
[2023-06-08T11:23:28.920+0000] {logging_mixin.py:120} INFO - [2023-06-08T11:23:28.920+0000] {dag.py:3340} INFO - Setting next_dagrun for example_subdag_operator to 2022-01-01T00:00:00+00:00, run_after=2022-01-01T00:00:00+00:00
[2023-06-08T11:23:28.924+0000] {logging_mixin.py:120} INFO - [2023-06-08T11:23:28.924+0000] {dag.py:3340} INFO - Setting next_dagrun for example_subdag_operator.section-1 to None, run_after=None
[2023-06-08T11:23:28.926+0000] {logging_mixin.py:120} INFO - [2023-06-08T11:23:28.926+0000] {dag.py:3340} INFO - Setting next_dagrun for example_subdag_operator.section-2 to None, run_after=None
[2023-06-08T11:23:28.932+0000] {logging_mixin.py:120} INFO - [2023-06-08T11:23:28.932+0000] {dag.py:2585} INFO - Sync 2 DAGs
[2023-06-08T11:23:28.937+0000] {logging_mixin.py:120} INFO - [2023-06-08T11:23:28.937+0000] {dag.py:3340} INFO - Setting next_dagrun for example_subdag_operator.section-1 to None, run_after=None
[2023-06-08T11:23:28.938+0000] {logging_mixin.py:120} INFO - [2023-06-08T11:23:28.938+0000] {dag.py:3340} INFO - Setting next_dagrun for example_subdag_operator.section-2 to None, run_after=None
[2023-06-08T11:23:28.948+0000] {processor.py:176} INFO - Processing /home/airflow/.local/lib/python3.7/site-packages/airflow/example_dags/example_subdag_operator.py took 0.168 seconds
[2023-06-08T11:23:59.318+0000] {processor.py:154} INFO - Started process (PID=989) to work on /home/airflow/.local/lib/python3.7/site-packages/airflow/example_dags/example_subdag_operator.py
[2023-06-08T11:23:59.320+0000] {processor.py:756} INFO - Processing file /home/airflow/.local/lib/python3.7/site-packages/airflow/example_dags/example_subdag_operator.py for tasks to queue
[2023-06-08T11:23:59.322+0000] {logging_mixin.py:120} INFO - [2023-06-08T11:23:59.322+0000] {dagbag.py:537} INFO - Filling up the DagBag from /home/airflow/.local/lib/python3.7/site-packages/airflow/example_dags/example_subdag_operator.py
[2023-06-08T11:23:59.358+0000] {processor.py:766} INFO - DAG(s) dict_keys(['example_subdag_operator.section-1', 'example_subdag_operator.section-2', 'example_subdag_operator']) retrieved from /home/airflow/.local/lib/python3.7/site-packages/airflow/example_dags/example_subdag_operator.py
[2023-06-08T11:23:59.517+0000] {logging_mixin.py:120} INFO - [2023-06-08T11:23:59.517+0000] {dag.py:2585} INFO - Sync 3 DAGs
[2023-06-08T11:23:59.545+0000] {logging_mixin.py:120} INFO - [2023-06-08T11:23:59.545+0000] {dag.py:3340} INFO - Setting next_dagrun for example_subdag_operator to 2022-01-01T00:00:00+00:00, run_after=2022-01-01T00:00:00+00:00
[2023-06-08T11:23:59.562+0000] {logging_mixin.py:120} INFO - [2023-06-08T11:23:59.562+0000] {dag.py:3340} INFO - Setting next_dagrun for example_subdag_operator.section-1 to None, run_after=None
[2023-06-08T11:23:59.565+0000] {logging_mixin.py:120} INFO - [2023-06-08T11:23:59.565+0000] {dag.py:3340} INFO - Setting next_dagrun for example_subdag_operator.section-2 to None, run_after=None
[2023-06-08T11:23:59.575+0000] {logging_mixin.py:120} INFO - [2023-06-08T11:23:59.575+0000] {dag.py:2585} INFO - Sync 2 DAGs
[2023-06-08T11:23:59.582+0000] {logging_mixin.py:120} INFO - [2023-06-08T11:23:59.582+0000] {dag.py:3340} INFO - Setting next_dagrun for example_subdag_operator.section-1 to None, run_after=None
[2023-06-08T11:23:59.583+0000] {logging_mixin.py:120} INFO - [2023-06-08T11:23:59.583+0000] {dag.py:3340} INFO - Setting next_dagrun for example_subdag_operator.section-2 to None, run_after=None
[2023-06-08T11:23:59.595+0000] {processor.py:176} INFO - Processing /home/airflow/.local/lib/python3.7/site-packages/airflow/example_dags/example_subdag_operator.py took 0.280 seconds
