[2023-06-08T11:22:57.006+0000] {processor.py:154} INFO - Started process (PID=848) to work on /home/airflow/.local/lib/python3.7/site-packages/airflow/example_dags/example_branch_python_dop_operator_3.py
[2023-06-08T11:22:57.008+0000] {processor.py:756} INFO - Processing file /home/airflow/.local/lib/python3.7/site-packages/airflow/example_dags/example_branch_python_dop_operator_3.py for tasks to queue
[2023-06-08T11:22:57.010+0000] {logging_mixin.py:120} INFO - [2023-06-08T11:22:57.010+0000] {dagbag.py:537} INFO - Filling up the DagBag from /home/airflow/.local/lib/python3.7/site-packages/airflow/example_dags/example_branch_python_dop_operator_3.py
[2023-06-08T11:22:57.027+0000] {processor.py:766} INFO - DAG(s) dict_keys(['example_branch_dop_operator_v3']) retrieved from /home/airflow/.local/lib/python3.7/site-packages/airflow/example_dags/example_branch_python_dop_operator_3.py
[2023-06-08T11:22:57.057+0000] {logging_mixin.py:120} INFO - [2023-06-08T11:22:57.057+0000] {dag.py:2585} INFO - Sync 1 DAGs
[2023-06-08T11:22:57.078+0000] {logging_mixin.py:120} INFO - [2023-06-08T11:22:57.078+0000] {dag.py:3340} INFO - Setting next_dagrun for example_branch_dop_operator_v3 to 2023-06-08T11:21:00+00:00, run_after=2023-06-08T11:22:00+00:00
[2023-06-08T11:22:57.090+0000] {processor.py:176} INFO - Processing /home/airflow/.local/lib/python3.7/site-packages/airflow/example_dags/example_branch_python_dop_operator_3.py took 0.087 seconds
[2023-06-08T11:23:27.396+0000] {processor.py:154} INFO - Started process (PID=917) to work on /home/airflow/.local/lib/python3.7/site-packages/airflow/example_dags/example_branch_python_dop_operator_3.py
[2023-06-08T11:23:27.398+0000] {processor.py:756} INFO - Processing file /home/airflow/.local/lib/python3.7/site-packages/airflow/example_dags/example_branch_python_dop_operator_3.py for tasks to queue
[2023-06-08T11:23:27.399+0000] {logging_mixin.py:120} INFO - [2023-06-08T11:23:27.399+0000] {dagbag.py:537} INFO - Filling up the DagBag from /home/airflow/.local/lib/python3.7/site-packages/airflow/example_dags/example_branch_python_dop_operator_3.py
[2023-06-08T11:23:27.416+0000] {processor.py:766} INFO - DAG(s) dict_keys(['example_branch_dop_operator_v3']) retrieved from /home/airflow/.local/lib/python3.7/site-packages/airflow/example_dags/example_branch_python_dop_operator_3.py
[2023-06-08T11:23:27.451+0000] {logging_mixin.py:120} INFO - [2023-06-08T11:23:27.451+0000] {dag.py:2585} INFO - Sync 1 DAGs
[2023-06-08T11:23:27.472+0000] {logging_mixin.py:120} INFO - [2023-06-08T11:23:27.472+0000] {dag.py:3340} INFO - Setting next_dagrun for example_branch_dop_operator_v3 to 2023-06-08T11:22:00+00:00, run_after=2023-06-08T11:23:00+00:00
[2023-06-08T11:23:27.490+0000] {processor.py:176} INFO - Processing /home/airflow/.local/lib/python3.7/site-packages/airflow/example_dags/example_branch_python_dop_operator_3.py took 0.097 seconds
[2023-06-08T11:23:57.946+0000] {processor.py:154} INFO - Started process (PID=983) to work on /home/airflow/.local/lib/python3.7/site-packages/airflow/example_dags/example_branch_python_dop_operator_3.py
[2023-06-08T11:23:57.955+0000] {processor.py:756} INFO - Processing file /home/airflow/.local/lib/python3.7/site-packages/airflow/example_dags/example_branch_python_dop_operator_3.py for tasks to queue
[2023-06-08T11:23:57.957+0000] {logging_mixin.py:120} INFO - [2023-06-08T11:23:57.957+0000] {dagbag.py:537} INFO - Filling up the DagBag from /home/airflow/.local/lib/python3.7/site-packages/airflow/example_dags/example_branch_python_dop_operator_3.py
[2023-06-08T11:23:57.980+0000] {processor.py:766} INFO - DAG(s) dict_keys(['example_branch_dop_operator_v3']) retrieved from /home/airflow/.local/lib/python3.7/site-packages/airflow/example_dags/example_branch_python_dop_operator_3.py
[2023-06-08T11:23:58.022+0000] {logging_mixin.py:120} INFO - [2023-06-08T11:23:58.021+0000] {dag.py:2585} INFO - Sync 1 DAGs
[2023-06-08T11:23:58.045+0000] {logging_mixin.py:120} INFO - [2023-06-08T11:23:58.045+0000] {dag.py:3340} INFO - Setting next_dagrun for example_branch_dop_operator_v3 to 2023-06-08T11:22:00+00:00, run_after=2023-06-08T11:23:00+00:00
[2023-06-08T11:23:58.069+0000] {processor.py:176} INFO - Processing /home/airflow/.local/lib/python3.7/site-packages/airflow/example_dags/example_branch_python_dop_operator_3.py took 0.127 seconds
