[2023-06-08T11:22:54.537+0000] {processor.py:154} INFO - Started process (PID=832) to work on /home/airflow/.local/lib/python3.7/site-packages/airflow/example_dags/example_nested_branch_dag.py
[2023-06-08T11:22:54.539+0000] {processor.py:756} INFO - Processing file /home/airflow/.local/lib/python3.7/site-packages/airflow/example_dags/example_nested_branch_dag.py for tasks to queue
[2023-06-08T11:22:54.543+0000] {logging_mixin.py:120} INFO - [2023-06-08T11:22:54.543+0000] {dagbag.py:537} INFO - Filling up the DagBag from /home/airflow/.local/lib/python3.7/site-packages/airflow/example_dags/example_nested_branch_dag.py
[2023-06-08T11:22:54.567+0000] {processor.py:766} INFO - DAG(s) dict_keys(['example_nested_branch_dag']) retrieved from /home/airflow/.local/lib/python3.7/site-packages/airflow/example_dags/example_nested_branch_dag.py
[2023-06-08T11:22:54.608+0000] {logging_mixin.py:120} INFO - [2023-06-08T11:22:54.608+0000] {dag.py:2585} INFO - Sync 1 DAGs
[2023-06-08T11:22:54.636+0000] {logging_mixin.py:120} INFO - [2023-06-08T11:22:54.636+0000] {dag.py:3340} INFO - Setting next_dagrun for example_nested_branch_dag to 2023-06-07T00:00:00+00:00, run_after=2023-06-08T00:00:00+00:00
[2023-06-08T11:22:54.656+0000] {processor.py:176} INFO - Processing /home/airflow/.local/lib/python3.7/site-packages/airflow/example_dags/example_nested_branch_dag.py took 0.123 seconds
[2023-06-08T11:23:25.092+0000] {processor.py:154} INFO - Started process (PID=900) to work on /home/airflow/.local/lib/python3.7/site-packages/airflow/example_dags/example_nested_branch_dag.py
[2023-06-08T11:23:25.094+0000] {processor.py:756} INFO - Processing file /home/airflow/.local/lib/python3.7/site-packages/airflow/example_dags/example_nested_branch_dag.py for tasks to queue
[2023-06-08T11:23:25.095+0000] {logging_mixin.py:120} INFO - [2023-06-08T11:23:25.095+0000] {dagbag.py:537} INFO - Filling up the DagBag from /home/airflow/.local/lib/python3.7/site-packages/airflow/example_dags/example_nested_branch_dag.py
[2023-06-08T11:23:25.112+0000] {processor.py:766} INFO - DAG(s) dict_keys(['example_nested_branch_dag']) retrieved from /home/airflow/.local/lib/python3.7/site-packages/airflow/example_dags/example_nested_branch_dag.py
[2023-06-08T11:23:25.154+0000] {logging_mixin.py:120} INFO - [2023-06-08T11:23:25.154+0000] {dag.py:2585} INFO - Sync 1 DAGs
[2023-06-08T11:23:25.172+0000] {logging_mixin.py:120} INFO - [2023-06-08T11:23:25.172+0000] {dag.py:3340} INFO - Setting next_dagrun for example_nested_branch_dag to 2023-06-07T00:00:00+00:00, run_after=2023-06-08T00:00:00+00:00
[2023-06-08T11:23:25.185+0000] {processor.py:176} INFO - Processing /home/airflow/.local/lib/python3.7/site-packages/airflow/example_dags/example_nested_branch_dag.py took 0.096 seconds
[2023-06-08T11:23:55.495+0000] {processor.py:154} INFO - Started process (PID=958) to work on /home/airflow/.local/lib/python3.7/site-packages/airflow/example_dags/example_nested_branch_dag.py
[2023-06-08T11:23:55.497+0000] {processor.py:756} INFO - Processing file /home/airflow/.local/lib/python3.7/site-packages/airflow/example_dags/example_nested_branch_dag.py for tasks to queue
[2023-06-08T11:23:55.499+0000] {logging_mixin.py:120} INFO - [2023-06-08T11:23:55.499+0000] {dagbag.py:537} INFO - Filling up the DagBag from /home/airflow/.local/lib/python3.7/site-packages/airflow/example_dags/example_nested_branch_dag.py
[2023-06-08T11:23:55.518+0000] {processor.py:766} INFO - DAG(s) dict_keys(['example_nested_branch_dag']) retrieved from /home/airflow/.local/lib/python3.7/site-packages/airflow/example_dags/example_nested_branch_dag.py
[2023-06-08T11:23:55.551+0000] {logging_mixin.py:120} INFO - [2023-06-08T11:23:55.551+0000] {dag.py:2585} INFO - Sync 1 DAGs
[2023-06-08T11:23:55.569+0000] {logging_mixin.py:120} INFO - [2023-06-08T11:23:55.569+0000] {dag.py:3340} INFO - Setting next_dagrun for example_nested_branch_dag to 2023-06-07T00:00:00+00:00, run_after=2023-06-08T00:00:00+00:00
[2023-06-08T11:23:55.585+0000] {processor.py:176} INFO - Processing /home/airflow/.local/lib/python3.7/site-packages/airflow/example_dags/example_nested_branch_dag.py took 0.094 seconds
