[2023-06-08T11:22:55.099+0000] {processor.py:154} INFO - Started process (PID=838) to work on /home/airflow/.local/lib/python3.7/site-packages/airflow/example_dags/example_complex.py
[2023-06-08T11:22:55.112+0000] {processor.py:756} INFO - Processing file /home/airflow/.local/lib/python3.7/site-packages/airflow/example_dags/example_complex.py for tasks to queue
[2023-06-08T11:22:55.116+0000] {logging_mixin.py:120} INFO - [2023-06-08T11:22:55.115+0000] {dagbag.py:537} INFO - Filling up the DagBag from /home/airflow/.local/lib/python3.7/site-packages/airflow/example_dags/example_complex.py
[2023-06-08T11:22:55.125+0000] {logging_mixin.py:120} INFO - [2023-06-08T11:22:55.125+0000] {taskmixin.py:205} WARNING - Dependency <Task(BashOperator): create_entry_group>, delete_entry_group already registered for DAG: example_complex
[2023-06-08T11:22:55.127+0000] {logging_mixin.py:120} INFO - [2023-06-08T11:22:55.127+0000] {taskmixin.py:205} WARNING - Dependency <Task(BashOperator): delete_entry_group>, create_entry_group already registered for DAG: example_complex
[2023-06-08T11:22:55.129+0000] {logging_mixin.py:120} INFO - [2023-06-08T11:22:55.129+0000] {taskmixin.py:205} WARNING - Dependency <Task(BashOperator): create_entry_gcs>, delete_entry already registered for DAG: example_complex
[2023-06-08T11:22:55.131+0000] {logging_mixin.py:120} INFO - [2023-06-08T11:22:55.131+0000] {taskmixin.py:205} WARNING - Dependency <Task(BashOperator): delete_entry>, create_entry_gcs already registered for DAG: example_complex
[2023-06-08T11:22:55.133+0000] {logging_mixin.py:120} INFO - [2023-06-08T11:22:55.133+0000] {taskmixin.py:205} WARNING - Dependency <Task(BashOperator): create_tag>, delete_tag already registered for DAG: example_complex
[2023-06-08T11:22:55.134+0000] {logging_mixin.py:120} INFO - [2023-06-08T11:22:55.134+0000] {taskmixin.py:205} WARNING - Dependency <Task(BashOperator): delete_tag>, create_tag already registered for DAG: example_complex
[2023-06-08T11:22:55.142+0000] {processor.py:766} INFO - DAG(s) dict_keys(['example_complex']) retrieved from /home/airflow/.local/lib/python3.7/site-packages/airflow/example_dags/example_complex.py
[2023-06-08T11:22:55.181+0000] {logging_mixin.py:120} INFO - [2023-06-08T11:22:55.180+0000] {dag.py:2585} INFO - Sync 1 DAGs
[2023-06-08T11:22:55.199+0000] {logging_mixin.py:120} INFO - [2023-06-08T11:22:55.198+0000] {dag.py:3340} INFO - Setting next_dagrun for example_complex to None, run_after=None
[2023-06-08T11:22:55.213+0000] {processor.py:176} INFO - Processing /home/airflow/.local/lib/python3.7/site-packages/airflow/example_dags/example_complex.py took 0.118 seconds
[2023-06-08T11:23:25.569+0000] {processor.py:154} INFO - Started process (PID=906) to work on /home/airflow/.local/lib/python3.7/site-packages/airflow/example_dags/example_complex.py
[2023-06-08T11:23:25.571+0000] {processor.py:756} INFO - Processing file /home/airflow/.local/lib/python3.7/site-packages/airflow/example_dags/example_complex.py for tasks to queue
[2023-06-08T11:23:25.572+0000] {logging_mixin.py:120} INFO - [2023-06-08T11:23:25.572+0000] {dagbag.py:537} INFO - Filling up the DagBag from /home/airflow/.local/lib/python3.7/site-packages/airflow/example_dags/example_complex.py
[2023-06-08T11:23:25.580+0000] {logging_mixin.py:120} INFO - [2023-06-08T11:23:25.580+0000] {taskmixin.py:205} WARNING - Dependency <Task(BashOperator): create_entry_group>, delete_entry_group already registered for DAG: example_complex
[2023-06-08T11:23:25.581+0000] {logging_mixin.py:120} INFO - [2023-06-08T11:23:25.581+0000] {taskmixin.py:205} WARNING - Dependency <Task(BashOperator): delete_entry_group>, create_entry_group already registered for DAG: example_complex
[2023-06-08T11:23:25.582+0000] {logging_mixin.py:120} INFO - [2023-06-08T11:23:25.582+0000] {taskmixin.py:205} WARNING - Dependency <Task(BashOperator): create_entry_gcs>, delete_entry already registered for DAG: example_complex
[2023-06-08T11:23:25.586+0000] {logging_mixin.py:120} INFO - [2023-06-08T11:23:25.586+0000] {taskmixin.py:205} WARNING - Dependency <Task(BashOperator): delete_entry>, create_entry_gcs already registered for DAG: example_complex
[2023-06-08T11:23:25.588+0000] {logging_mixin.py:120} INFO - [2023-06-08T11:23:25.588+0000] {taskmixin.py:205} WARNING - Dependency <Task(BashOperator): create_tag>, delete_tag already registered for DAG: example_complex
[2023-06-08T11:23:25.589+0000] {logging_mixin.py:120} INFO - [2023-06-08T11:23:25.589+0000] {taskmixin.py:205} WARNING - Dependency <Task(BashOperator): delete_tag>, create_tag already registered for DAG: example_complex
[2023-06-08T11:23:25.596+0000] {processor.py:766} INFO - DAG(s) dict_keys(['example_complex']) retrieved from /home/airflow/.local/lib/python3.7/site-packages/airflow/example_dags/example_complex.py
[2023-06-08T11:23:25.633+0000] {logging_mixin.py:120} INFO - [2023-06-08T11:23:25.633+0000] {dag.py:2585} INFO - Sync 1 DAGs
[2023-06-08T11:23:25.652+0000] {logging_mixin.py:120} INFO - [2023-06-08T11:23:25.652+0000] {dag.py:3340} INFO - Setting next_dagrun for example_complex to None, run_after=None
[2023-06-08T11:23:25.667+0000] {processor.py:176} INFO - Processing /home/airflow/.local/lib/python3.7/site-packages/airflow/example_dags/example_complex.py took 0.101 seconds
[2023-06-08T11:23:55.956+0000] {processor.py:154} INFO - Started process (PID=964) to work on /home/airflow/.local/lib/python3.7/site-packages/airflow/example_dags/example_complex.py
[2023-06-08T11:23:55.958+0000] {processor.py:756} INFO - Processing file /home/airflow/.local/lib/python3.7/site-packages/airflow/example_dags/example_complex.py for tasks to queue
[2023-06-08T11:23:55.960+0000] {logging_mixin.py:120} INFO - [2023-06-08T11:23:55.960+0000] {dagbag.py:537} INFO - Filling up the DagBag from /home/airflow/.local/lib/python3.7/site-packages/airflow/example_dags/example_complex.py
[2023-06-08T11:23:55.968+0000] {logging_mixin.py:120} INFO - [2023-06-08T11:23:55.968+0000] {taskmixin.py:205} WARNING - Dependency <Task(BashOperator): create_entry_group>, delete_entry_group already registered for DAG: example_complex
[2023-06-08T11:23:55.970+0000] {logging_mixin.py:120} INFO - [2023-06-08T11:23:55.970+0000] {taskmixin.py:205} WARNING - Dependency <Task(BashOperator): delete_entry_group>, create_entry_group already registered for DAG: example_complex
[2023-06-08T11:23:55.971+0000] {logging_mixin.py:120} INFO - [2023-06-08T11:23:55.971+0000] {taskmixin.py:205} WARNING - Dependency <Task(BashOperator): create_entry_gcs>, delete_entry already registered for DAG: example_complex
[2023-06-08T11:23:55.972+0000] {logging_mixin.py:120} INFO - [2023-06-08T11:23:55.972+0000] {taskmixin.py:205} WARNING - Dependency <Task(BashOperator): delete_entry>, create_entry_gcs already registered for DAG: example_complex
[2023-06-08T11:23:55.974+0000] {logging_mixin.py:120} INFO - [2023-06-08T11:23:55.974+0000] {taskmixin.py:205} WARNING - Dependency <Task(BashOperator): create_tag>, delete_tag already registered for DAG: example_complex
[2023-06-08T11:23:55.975+0000] {logging_mixin.py:120} INFO - [2023-06-08T11:23:55.975+0000] {taskmixin.py:205} WARNING - Dependency <Task(BashOperator): delete_tag>, create_tag already registered for DAG: example_complex
[2023-06-08T11:23:55.981+0000] {processor.py:766} INFO - DAG(s) dict_keys(['example_complex']) retrieved from /home/airflow/.local/lib/python3.7/site-packages/airflow/example_dags/example_complex.py
[2023-06-08T11:23:56.014+0000] {logging_mixin.py:120} INFO - [2023-06-08T11:23:56.014+0000] {dag.py:2585} INFO - Sync 1 DAGs
[2023-06-08T11:23:56.030+0000] {logging_mixin.py:120} INFO - [2023-06-08T11:23:56.030+0000] {dag.py:3340} INFO - Setting next_dagrun for example_complex to None, run_after=None
[2023-06-08T11:23:56.045+0000] {processor.py:176} INFO - Processing /home/airflow/.local/lib/python3.7/site-packages/airflow/example_dags/example_complex.py took 0.092 seconds
