[2023-06-08T11:22:53.274+0000] {processor.py:154} INFO - Started process (PID=828) to work on /home/airflow/.local/lib/python3.7/site-packages/airflow/example_dags/example_skip_dag.py
[2023-06-08T11:22:53.288+0000] {processor.py:756} INFO - Processing file /home/airflow/.local/lib/python3.7/site-packages/airflow/example_dags/example_skip_dag.py for tasks to queue
[2023-06-08T11:22:53.289+0000] {logging_mixin.py:120} INFO - [2023-06-08T11:22:53.289+0000] {dagbag.py:537} INFO - Filling up the DagBag from /home/airflow/.local/lib/python3.7/site-packages/airflow/example_dags/example_skip_dag.py
[2023-06-08T11:22:53.304+0000] {processor.py:766} INFO - DAG(s) dict_keys(['example_skip_dag']) retrieved from /home/airflow/.local/lib/python3.7/site-packages/airflow/example_dags/example_skip_dag.py
[2023-06-08T11:22:53.398+0000] {logging_mixin.py:120} INFO - [2023-06-08T11:22:53.398+0000] {dag.py:2585} INFO - Sync 1 DAGs
[2023-06-08T11:22:53.440+0000] {logging_mixin.py:120} INFO - [2023-06-08T11:22:53.440+0000] {dag.py:3340} INFO - Setting next_dagrun for example_skip_dag to 2023-06-07T11:22:53.439833+00:00, run_after=2023-06-08T11:22:53.439833+00:00
[2023-06-08T11:22:53.465+0000] {processor.py:176} INFO - Processing /home/airflow/.local/lib/python3.7/site-packages/airflow/example_dags/example_skip_dag.py took 0.194 seconds
[2023-06-08T11:23:23.778+0000] {processor.py:154} INFO - Started process (PID=886) to work on /home/airflow/.local/lib/python3.7/site-packages/airflow/example_dags/example_skip_dag.py
[2023-06-08T11:23:23.780+0000] {processor.py:756} INFO - Processing file /home/airflow/.local/lib/python3.7/site-packages/airflow/example_dags/example_skip_dag.py for tasks to queue
[2023-06-08T11:23:23.782+0000] {logging_mixin.py:120} INFO - [2023-06-08T11:23:23.782+0000] {dagbag.py:537} INFO - Filling up the DagBag from /home/airflow/.local/lib/python3.7/site-packages/airflow/example_dags/example_skip_dag.py
[2023-06-08T11:23:23.795+0000] {processor.py:766} INFO - DAG(s) dict_keys(['example_skip_dag']) retrieved from /home/airflow/.local/lib/python3.7/site-packages/airflow/example_dags/example_skip_dag.py
[2023-06-08T11:23:23.838+0000] {logging_mixin.py:120} INFO - [2023-06-08T11:23:23.837+0000] {dag.py:2585} INFO - Sync 1 DAGs
[2023-06-08T11:23:23.861+0000] {logging_mixin.py:120} INFO - [2023-06-08T11:23:23.861+0000] {dag.py:3340} INFO - Setting next_dagrun for example_skip_dag to 2023-06-07T11:23:23.861199+00:00, run_after=2023-06-08T11:23:23.861199+00:00
[2023-06-08T11:23:23.878+0000] {processor.py:176} INFO - Processing /home/airflow/.local/lib/python3.7/site-packages/airflow/example_dags/example_skip_dag.py took 0.103 seconds
[2023-06-08T11:23:54.210+0000] {processor.py:154} INFO - Started process (PID=954) to work on /home/airflow/.local/lib/python3.7/site-packages/airflow/example_dags/example_skip_dag.py
[2023-06-08T11:23:54.213+0000] {processor.py:756} INFO - Processing file /home/airflow/.local/lib/python3.7/site-packages/airflow/example_dags/example_skip_dag.py for tasks to queue
[2023-06-08T11:23:54.214+0000] {logging_mixin.py:120} INFO - [2023-06-08T11:23:54.214+0000] {dagbag.py:537} INFO - Filling up the DagBag from /home/airflow/.local/lib/python3.7/site-packages/airflow/example_dags/example_skip_dag.py
[2023-06-08T11:23:54.227+0000] {processor.py:766} INFO - DAG(s) dict_keys(['example_skip_dag']) retrieved from /home/airflow/.local/lib/python3.7/site-packages/airflow/example_dags/example_skip_dag.py
[2023-06-08T11:23:54.265+0000] {logging_mixin.py:120} INFO - [2023-06-08T11:23:54.264+0000] {dag.py:2585} INFO - Sync 1 DAGs
[2023-06-08T11:23:54.284+0000] {logging_mixin.py:120} INFO - [2023-06-08T11:23:54.284+0000] {dag.py:3340} INFO - Setting next_dagrun for example_skip_dag to 2023-06-07T11:23:54.284507+00:00, run_after=2023-06-08T11:23:54.284507+00:00
[2023-06-08T11:23:54.299+0000] {processor.py:176} INFO - Processing /home/airflow/.local/lib/python3.7/site-packages/airflow/example_dags/example_skip_dag.py took 0.092 seconds
