[2023-06-08T11:22:54.855+0000] {processor.py:154} INFO - Started process (PID=835) to work on /home/airflow/.local/lib/python3.7/site-packages/airflow/example_dags/example_latest_only_with_trigger.py
[2023-06-08T11:22:54.860+0000] {processor.py:756} INFO - Processing file /home/airflow/.local/lib/python3.7/site-packages/airflow/example_dags/example_latest_only_with_trigger.py for tasks to queue
[2023-06-08T11:22:54.866+0000] {logging_mixin.py:120} INFO - [2023-06-08T11:22:54.865+0000] {dagbag.py:537} INFO - Filling up the DagBag from /home/airflow/.local/lib/python3.7/site-packages/airflow/example_dags/example_latest_only_with_trigger.py
[2023-06-08T11:22:54.882+0000] {processor.py:766} INFO - DAG(s) dict_keys(['latest_only_with_trigger']) retrieved from /home/airflow/.local/lib/python3.7/site-packages/airflow/example_dags/example_latest_only_with_trigger.py
[2023-06-08T11:22:54.915+0000] {logging_mixin.py:120} INFO - [2023-06-08T11:22:54.915+0000] {dag.py:2585} INFO - Sync 1 DAGs
[2023-06-08T11:22:54.933+0000] {logging_mixin.py:120} INFO - [2023-06-08T11:22:54.933+0000] {dag.py:3340} INFO - Setting next_dagrun for latest_only_with_trigger to 2023-06-08T07:22:54.933248+00:00, run_after=2023-06-08T11:22:54.933248+00:00
[2023-06-08T11:22:54.947+0000] {processor.py:176} INFO - Processing /home/airflow/.local/lib/python3.7/site-packages/airflow/example_dags/example_latest_only_with_trigger.py took 0.096 seconds
[2023-06-08T11:23:25.334+0000] {processor.py:154} INFO - Started process (PID=903) to work on /home/airflow/.local/lib/python3.7/site-packages/airflow/example_dags/example_latest_only_with_trigger.py
[2023-06-08T11:23:25.336+0000] {processor.py:756} INFO - Processing file /home/airflow/.local/lib/python3.7/site-packages/airflow/example_dags/example_latest_only_with_trigger.py for tasks to queue
[2023-06-08T11:23:25.337+0000] {logging_mixin.py:120} INFO - [2023-06-08T11:23:25.337+0000] {dagbag.py:537} INFO - Filling up the DagBag from /home/airflow/.local/lib/python3.7/site-packages/airflow/example_dags/example_latest_only_with_trigger.py
[2023-06-08T11:23:25.349+0000] {processor.py:766} INFO - DAG(s) dict_keys(['latest_only_with_trigger']) retrieved from /home/airflow/.local/lib/python3.7/site-packages/airflow/example_dags/example_latest_only_with_trigger.py
[2023-06-08T11:23:25.380+0000] {logging_mixin.py:120} INFO - [2023-06-08T11:23:25.380+0000] {dag.py:2585} INFO - Sync 1 DAGs
[2023-06-08T11:23:25.397+0000] {logging_mixin.py:120} INFO - [2023-06-08T11:23:25.397+0000] {dag.py:3340} INFO - Setting next_dagrun for latest_only_with_trigger to 2023-06-08T07:23:25.397231+00:00, run_after=2023-06-08T11:23:25.397231+00:00
[2023-06-08T11:23:25.411+0000] {processor.py:176} INFO - Processing /home/airflow/.local/lib/python3.7/site-packages/airflow/example_dags/example_latest_only_with_trigger.py took 0.080 seconds
[2023-06-08T11:23:55.737+0000] {processor.py:154} INFO - Started process (PID=961) to work on /home/airflow/.local/lib/python3.7/site-packages/airflow/example_dags/example_latest_only_with_trigger.py
[2023-06-08T11:23:55.739+0000] {processor.py:756} INFO - Processing file /home/airflow/.local/lib/python3.7/site-packages/airflow/example_dags/example_latest_only_with_trigger.py for tasks to queue
[2023-06-08T11:23:55.740+0000] {logging_mixin.py:120} INFO - [2023-06-08T11:23:55.740+0000] {dagbag.py:537} INFO - Filling up the DagBag from /home/airflow/.local/lib/python3.7/site-packages/airflow/example_dags/example_latest_only_with_trigger.py
[2023-06-08T11:23:55.752+0000] {processor.py:766} INFO - DAG(s) dict_keys(['latest_only_with_trigger']) retrieved from /home/airflow/.local/lib/python3.7/site-packages/airflow/example_dags/example_latest_only_with_trigger.py
[2023-06-08T11:23:55.784+0000] {logging_mixin.py:120} INFO - [2023-06-08T11:23:55.784+0000] {dag.py:2585} INFO - Sync 1 DAGs
[2023-06-08T11:23:55.800+0000] {logging_mixin.py:120} INFO - [2023-06-08T11:23:55.800+0000] {dag.py:3340} INFO - Setting next_dagrun for latest_only_with_trigger to 2023-06-08T07:23:55.800311+00:00, run_after=2023-06-08T11:23:55.800311+00:00
[2023-06-08T11:23:55.814+0000] {processor.py:176} INFO - Processing /home/airflow/.local/lib/python3.7/site-packages/airflow/example_dags/example_latest_only_with_trigger.py took 0.080 seconds
