[2023-06-08T11:22:53.137+0000] {processor.py:154} INFO - Started process (PID=827) to work on /home/airflow/.local/lib/python3.7/site-packages/airflow/example_dags/example_latest_only.py
[2023-06-08T11:22:53.139+0000] {processor.py:756} INFO - Processing file /home/airflow/.local/lib/python3.7/site-packages/airflow/example_dags/example_latest_only.py for tasks to queue
[2023-06-08T11:22:53.141+0000] {logging_mixin.py:120} INFO - [2023-06-08T11:22:53.141+0000] {dagbag.py:537} INFO - Filling up the DagBag from /home/airflow/.local/lib/python3.7/site-packages/airflow/example_dags/example_latest_only.py
[2023-06-08T11:22:53.155+0000] {processor.py:766} INFO - DAG(s) dict_keys(['latest_only']) retrieved from /home/airflow/.local/lib/python3.7/site-packages/airflow/example_dags/example_latest_only.py
[2023-06-08T11:22:53.195+0000] {logging_mixin.py:120} INFO - [2023-06-08T11:22:53.194+0000] {dag.py:2585} INFO - Sync 1 DAGs
[2023-06-08T11:22:53.216+0000] {logging_mixin.py:120} INFO - [2023-06-08T11:22:53.216+0000] {dag.py:3340} INFO - Setting next_dagrun for latest_only to 2023-06-08T07:22:53.216452+00:00, run_after=2023-06-08T11:22:53.216452+00:00
[2023-06-08T11:22:53.236+0000] {processor.py:176} INFO - Processing /home/airflow/.local/lib/python3.7/site-packages/airflow/example_dags/example_latest_only.py took 0.102 seconds
[2023-06-08T11:23:23.649+0000] {processor.py:154} INFO - Started process (PID=885) to work on /home/airflow/.local/lib/python3.7/site-packages/airflow/example_dags/example_latest_only.py
[2023-06-08T11:23:23.651+0000] {processor.py:756} INFO - Processing file /home/airflow/.local/lib/python3.7/site-packages/airflow/example_dags/example_latest_only.py for tasks to queue
[2023-06-08T11:23:23.652+0000] {logging_mixin.py:120} INFO - [2023-06-08T11:23:23.652+0000] {dagbag.py:537} INFO - Filling up the DagBag from /home/airflow/.local/lib/python3.7/site-packages/airflow/example_dags/example_latest_only.py
[2023-06-08T11:23:23.666+0000] {processor.py:766} INFO - DAG(s) dict_keys(['latest_only']) retrieved from /home/airflow/.local/lib/python3.7/site-packages/airflow/example_dags/example_latest_only.py
[2023-06-08T11:23:23.702+0000] {logging_mixin.py:120} INFO - [2023-06-08T11:23:23.702+0000] {dag.py:2585} INFO - Sync 1 DAGs
[2023-06-08T11:23:23.724+0000] {logging_mixin.py:120} INFO - [2023-06-08T11:23:23.724+0000] {dag.py:3340} INFO - Setting next_dagrun for latest_only to 2023-06-08T07:23:23.724031+00:00, run_after=2023-06-08T11:23:23.724031+00:00
[2023-06-08T11:23:23.746+0000] {processor.py:176} INFO - Processing /home/airflow/.local/lib/python3.7/site-packages/airflow/example_dags/example_latest_only.py took 0.102 seconds
[2023-06-08T11:23:54.062+0000] {processor.py:154} INFO - Started process (PID=953) to work on /home/airflow/.local/lib/python3.7/site-packages/airflow/example_dags/example_latest_only.py
[2023-06-08T11:23:54.064+0000] {processor.py:756} INFO - Processing file /home/airflow/.local/lib/python3.7/site-packages/airflow/example_dags/example_latest_only.py for tasks to queue
[2023-06-08T11:23:54.066+0000] {logging_mixin.py:120} INFO - [2023-06-08T11:23:54.066+0000] {dagbag.py:537} INFO - Filling up the DagBag from /home/airflow/.local/lib/python3.7/site-packages/airflow/example_dags/example_latest_only.py
[2023-06-08T11:23:54.078+0000] {processor.py:766} INFO - DAG(s) dict_keys(['latest_only']) retrieved from /home/airflow/.local/lib/python3.7/site-packages/airflow/example_dags/example_latest_only.py
[2023-06-08T11:23:54.129+0000] {logging_mixin.py:120} INFO - [2023-06-08T11:23:54.129+0000] {dag.py:2585} INFO - Sync 1 DAGs
[2023-06-08T11:23:54.152+0000] {logging_mixin.py:120} INFO - [2023-06-08T11:23:54.152+0000] {dag.py:3340} INFO - Setting next_dagrun for latest_only to 2023-06-08T07:23:54.152059+00:00, run_after=2023-06-08T11:23:54.152059+00:00
[2023-06-08T11:23:54.168+0000] {processor.py:176} INFO - Processing /home/airflow/.local/lib/python3.7/site-packages/airflow/example_dags/example_latest_only.py took 0.109 seconds
