[2023-06-08T11:22:53.515+0000] {processor.py:154} INFO - Started process (PID=830) to work on /home/airflow/.local/lib/python3.7/site-packages/airflow/example_dags/example_branch_day_of_week_operator.py
[2023-06-08T11:22:53.516+0000] {processor.py:756} INFO - Processing file /home/airflow/.local/lib/python3.7/site-packages/airflow/example_dags/example_branch_day_of_week_operator.py for tasks to queue
[2023-06-08T11:22:53.518+0000] {logging_mixin.py:120} INFO - [2023-06-08T11:22:53.518+0000] {dagbag.py:537} INFO - Filling up the DagBag from /home/airflow/.local/lib/python3.7/site-packages/airflow/example_dags/example_branch_day_of_week_operator.py
[2023-06-08T11:22:53.536+0000] {processor.py:766} INFO - DAG(s) dict_keys(['example_weekday_branch_operator']) retrieved from /home/airflow/.local/lib/python3.7/site-packages/airflow/example_dags/example_branch_day_of_week_operator.py
[2023-06-08T11:22:53.576+0000] {logging_mixin.py:120} INFO - [2023-06-08T11:22:53.576+0000] {dag.py:2585} INFO - Sync 1 DAGs
[2023-06-08T11:22:53.598+0000] {logging_mixin.py:120} INFO - [2023-06-08T11:22:53.598+0000] {dag.py:3340} INFO - Setting next_dagrun for example_weekday_branch_operator to 2023-06-07T00:00:00+00:00, run_after=2023-06-08T00:00:00+00:00
[2023-06-08T11:22:53.615+0000] {processor.py:176} INFO - Processing /home/airflow/.local/lib/python3.7/site-packages/airflow/example_dags/example_branch_day_of_week_operator.py took 0.103 seconds
[2023-06-08T11:23:23.911+0000] {processor.py:154} INFO - Started process (PID=888) to work on /home/airflow/.local/lib/python3.7/site-packages/airflow/example_dags/example_branch_day_of_week_operator.py
[2023-06-08T11:23:23.913+0000] {processor.py:756} INFO - Processing file /home/airflow/.local/lib/python3.7/site-packages/airflow/example_dags/example_branch_day_of_week_operator.py for tasks to queue
[2023-06-08T11:23:23.917+0000] {logging_mixin.py:120} INFO - [2023-06-08T11:23:23.917+0000] {dagbag.py:537} INFO - Filling up the DagBag from /home/airflow/.local/lib/python3.7/site-packages/airflow/example_dags/example_branch_day_of_week_operator.py
[2023-06-08T11:23:23.947+0000] {processor.py:766} INFO - DAG(s) dict_keys(['example_weekday_branch_operator']) retrieved from /home/airflow/.local/lib/python3.7/site-packages/airflow/example_dags/example_branch_day_of_week_operator.py
[2023-06-08T11:23:24.001+0000] {logging_mixin.py:120} INFO - [2023-06-08T11:23:24.001+0000] {dag.py:2585} INFO - Sync 1 DAGs
[2023-06-08T11:23:24.027+0000] {logging_mixin.py:120} INFO - [2023-06-08T11:23:24.027+0000] {dag.py:3340} INFO - Setting next_dagrun for example_weekday_branch_operator to 2023-06-07T00:00:00+00:00, run_after=2023-06-08T00:00:00+00:00
[2023-06-08T11:23:24.047+0000] {processor.py:176} INFO - Processing /home/airflow/.local/lib/python3.7/site-packages/airflow/example_dags/example_branch_day_of_week_operator.py took 0.139 seconds
[2023-06-08T11:23:54.344+0000] {processor.py:154} INFO - Started process (PID=956) to work on /home/airflow/.local/lib/python3.7/site-packages/airflow/example_dags/example_branch_day_of_week_operator.py
[2023-06-08T11:23:54.347+0000] {processor.py:756} INFO - Processing file /home/airflow/.local/lib/python3.7/site-packages/airflow/example_dags/example_branch_day_of_week_operator.py for tasks to queue
[2023-06-08T11:23:54.348+0000] {logging_mixin.py:120} INFO - [2023-06-08T11:23:54.348+0000] {dagbag.py:537} INFO - Filling up the DagBag from /home/airflow/.local/lib/python3.7/site-packages/airflow/example_dags/example_branch_day_of_week_operator.py
[2023-06-08T11:23:54.361+0000] {processor.py:766} INFO - DAG(s) dict_keys(['example_weekday_branch_operator']) retrieved from /home/airflow/.local/lib/python3.7/site-packages/airflow/example_dags/example_branch_day_of_week_operator.py
[2023-06-08T11:23:54.394+0000] {logging_mixin.py:120} INFO - [2023-06-08T11:23:54.394+0000] {dag.py:2585} INFO - Sync 1 DAGs
[2023-06-08T11:23:54.411+0000] {logging_mixin.py:120} INFO - [2023-06-08T11:23:54.411+0000] {dag.py:3340} INFO - Setting next_dagrun for example_weekday_branch_operator to 2023-06-07T00:00:00+00:00, run_after=2023-06-08T00:00:00+00:00
[2023-06-08T11:23:54.430+0000] {processor.py:176} INFO - Processing /home/airflow/.local/lib/python3.7/site-packages/airflow/example_dags/example_branch_day_of_week_operator.py took 0.089 seconds
