[2023-06-08T11:22:57.007+0000] {processor.py:154} INFO - Started process (PID=849) to work on /home/airflow/.local/lib/python3.7/site-packages/airflow/example_dags/tutorial_dag.py
[2023-06-08T11:22:57.009+0000] {processor.py:756} INFO - Processing file /home/airflow/.local/lib/python3.7/site-packages/airflow/example_dags/tutorial_dag.py for tasks to queue
[2023-06-08T11:22:57.011+0000] {logging_mixin.py:120} INFO - [2023-06-08T11:22:57.011+0000] {dagbag.py:537} INFO - Filling up the DagBag from /home/airflow/.local/lib/python3.7/site-packages/airflow/example_dags/tutorial_dag.py
[2023-06-08T11:22:57.022+0000] {processor.py:766} INFO - DAG(s) dict_keys(['tutorial_dag']) retrieved from /home/airflow/.local/lib/python3.7/site-packages/airflow/example_dags/tutorial_dag.py
[2023-06-08T11:22:57.056+0000] {logging_mixin.py:120} INFO - [2023-06-08T11:22:57.056+0000] {dag.py:2585} INFO - Sync 1 DAGs
[2023-06-08T11:22:57.075+0000] {logging_mixin.py:120} INFO - [2023-06-08T11:22:57.075+0000] {dag.py:3340} INFO - Setting next_dagrun for tutorial_dag to None, run_after=None
[2023-06-08T11:22:57.090+0000] {processor.py:176} INFO - Processing /home/airflow/.local/lib/python3.7/site-packages/airflow/example_dags/tutorial_dag.py took 0.086 seconds
[2023-06-08T11:23:27.278+0000] {processor.py:154} INFO - Started process (PID=916) to work on /home/airflow/.local/lib/python3.7/site-packages/airflow/example_dags/tutorial_dag.py
[2023-06-08T11:23:27.280+0000] {processor.py:756} INFO - Processing file /home/airflow/.local/lib/python3.7/site-packages/airflow/example_dags/tutorial_dag.py for tasks to queue
[2023-06-08T11:23:27.282+0000] {logging_mixin.py:120} INFO - [2023-06-08T11:23:27.281+0000] {dagbag.py:537} INFO - Filling up the DagBag from /home/airflow/.local/lib/python3.7/site-packages/airflow/example_dags/tutorial_dag.py
[2023-06-08T11:23:27.293+0000] {processor.py:766} INFO - DAG(s) dict_keys(['tutorial_dag']) retrieved from /home/airflow/.local/lib/python3.7/site-packages/airflow/example_dags/tutorial_dag.py
[2023-06-08T11:23:27.327+0000] {logging_mixin.py:120} INFO - [2023-06-08T11:23:27.327+0000] {dag.py:2585} INFO - Sync 1 DAGs
[2023-06-08T11:23:27.347+0000] {logging_mixin.py:120} INFO - [2023-06-08T11:23:27.347+0000] {dag.py:3340} INFO - Setting next_dagrun for tutorial_dag to None, run_after=None
[2023-06-08T11:23:27.361+0000] {processor.py:176} INFO - Processing /home/airflow/.local/lib/python3.7/site-packages/airflow/example_dags/tutorial_dag.py took 0.086 seconds
[2023-06-08T11:23:58.132+0000] {processor.py:154} INFO - Started process (PID=984) to work on /home/airflow/.local/lib/python3.7/site-packages/airflow/example_dags/tutorial_dag.py
[2023-06-08T11:23:58.134+0000] {processor.py:756} INFO - Processing file /home/airflow/.local/lib/python3.7/site-packages/airflow/example_dags/tutorial_dag.py for tasks to queue
[2023-06-08T11:23:58.136+0000] {logging_mixin.py:120} INFO - [2023-06-08T11:23:58.135+0000] {dagbag.py:537} INFO - Filling up the DagBag from /home/airflow/.local/lib/python3.7/site-packages/airflow/example_dags/tutorial_dag.py
[2023-06-08T11:23:58.158+0000] {processor.py:766} INFO - DAG(s) dict_keys(['tutorial_dag']) retrieved from /home/airflow/.local/lib/python3.7/site-packages/airflow/example_dags/tutorial_dag.py
[2023-06-08T11:23:58.210+0000] {logging_mixin.py:120} INFO - [2023-06-08T11:23:58.210+0000] {dag.py:2585} INFO - Sync 1 DAGs
[2023-06-08T11:23:58.233+0000] {logging_mixin.py:120} INFO - [2023-06-08T11:23:58.233+0000] {dag.py:3340} INFO - Setting next_dagrun for tutorial_dag to None, run_after=None
[2023-06-08T11:23:58.259+0000] {processor.py:176} INFO - Processing /home/airflow/.local/lib/python3.7/site-packages/airflow/example_dags/tutorial_dag.py took 0.131 seconds
