[2023-06-13T00:20:03.217+0000] {taskinstance.py:1165} INFO - Dependencies all met for <TaskInstance: a_user_processing.is_api_available scheduled__2023-06-12T00:00:00+00:00 [queued]>
[2023-06-13T00:20:03.231+0000] {taskinstance.py:1165} INFO - Dependencies all met for <TaskInstance: a_user_processing.is_api_available scheduled__2023-06-12T00:00:00+00:00 [queued]>
[2023-06-13T00:20:03.233+0000] {taskinstance.py:1362} INFO - 
--------------------------------------------------------------------------------
[2023-06-13T00:20:03.236+0000] {taskinstance.py:1363} INFO - Starting attempt 1 of 1
[2023-06-13T00:20:03.238+0000] {taskinstance.py:1364} INFO - 
--------------------------------------------------------------------------------
[2023-06-13T00:20:03.254+0000] {taskinstance.py:1383} INFO - Executing <Task(HttpSensor): is_api_available> on 2023-06-12 00:00:00+00:00
[2023-06-13T00:20:03.263+0000] {standard_task_runner.py:55} INFO - Started process 10195 to run task
[2023-06-13T00:20:03.273+0000] {standard_task_runner.py:82} INFO - Running: ['***', 'tasks', 'run', 'a_user_processing', 'is_api_available', 'scheduled__2023-06-12T00:00:00+00:00', '--job-id', '65', '--raw', '--subdir', 'DAGS_FOLDER/user_processing.py', '--cfg-path', '/tmp/tmpf4cq479m']
[2023-06-13T00:20:03.283+0000] {standard_task_runner.py:83} INFO - Job 65: Subtask is_api_available
[2023-06-13T00:20:03.442+0000] {task_command.py:376} INFO - Running <TaskInstance: a_user_processing.is_api_available scheduled__2023-06-12T00:00:00+00:00 [running]> on host c0d3dfdc775c
[2023-06-13T00:20:03.564+0000] {taskinstance.py:1592} INFO - Exporting the following env vars:
AIRFLOW_CTX_DAG_OWNER=***
AIRFLOW_CTX_DAG_ID=a_user_processing
AIRFLOW_CTX_TASK_ID=is_api_available
AIRFLOW_CTX_EXECUTION_DATE=2023-06-12T00:00:00+00:00
AIRFLOW_CTX_TRY_NUMBER=1
AIRFLOW_CTX_DAG_RUN_ID=scheduled__2023-06-12T00:00:00+00:00
[2023-06-13T00:20:03.567+0000] {http.py:120} INFO - Poking: api/
[2023-06-13T00:20:03.589+0000] {base.py:71} INFO - Using connection ID 'user_api' for task execution.
[2023-06-13T00:20:03.600+0000] {http.py:148} INFO - Sending 'GET' to url: https://randomuser.me/api/
[2023-06-13T00:20:04.527+0000] {base.py:213} INFO - Success criteria met. Exiting.
[2023-06-13T00:20:04.539+0000] {taskinstance.py:1406} INFO - Marking task as SUCCESS. dag_id=a_user_processing, task_id=is_api_available, execution_date=20230612T000000, start_date=20230613T002003, end_date=20230613T002004
[2023-06-13T00:20:04.572+0000] {local_task_job.py:164} INFO - Task exited with return code 0
[2023-06-13T00:20:04.614+0000] {local_task_job.py:273} INFO - 1 downstream tasks scheduled from follow-on schedule check
