[2023-06-14T03:46:07.333+0000] {taskinstance.py:1165} INFO - Dependencies all met for <TaskInstance: condition_trigger_dag.t4 manual__2023-06-14T03:46:01.998739+00:00 [queued]>
[2023-06-14T03:46:07.342+0000] {taskinstance.py:1165} INFO - Dependencies all met for <TaskInstance: condition_trigger_dag.t4 manual__2023-06-14T03:46:01.998739+00:00 [queued]>
[2023-06-14T03:46:07.348+0000] {taskinstance.py:1362} INFO - 
--------------------------------------------------------------------------------
[2023-06-14T03:46:07.349+0000] {taskinstance.py:1363} INFO - Starting attempt 1 of 1
[2023-06-14T03:46:07.351+0000] {taskinstance.py:1364} INFO - 
--------------------------------------------------------------------------------
[2023-06-14T03:46:07.364+0000] {taskinstance.py:1383} INFO - Executing <Task(BashOperator): t4> on 2023-06-14 03:46:01.998739+00:00
[2023-06-14T03:46:07.371+0000] {standard_task_runner.py:55} INFO - Started process 320 to run task
[2023-06-14T03:46:07.375+0000] {standard_task_runner.py:82} INFO - Running: ['***', 'tasks', 'run', 'condition_trigger_dag', 't4', 'manual__2023-06-14T03:46:01.998739+00:00', '--job-id', '163', '--raw', '--subdir', 'DAGS_FOLDER/condition_trigger_dag.py', '--cfg-path', '/tmp/tmp07ulg_9a']
[2023-06-14T03:46:07.377+0000] {standard_task_runner.py:83} INFO - Job 163: Subtask t4
[2023-06-14T03:46:07.449+0000] {task_command.py:376} INFO - Running <TaskInstance: condition_trigger_dag.t4 manual__2023-06-14T03:46:01.998739+00:00 [running]> on host 5f3b9c67a0bc
[2023-06-14T03:46:07.529+0000] {taskinstance.py:1592} INFO - Exporting the following env vars:
AIRFLOW_CTX_DAG_OWNER=***
AIRFLOW_CTX_DAG_ID=condition_trigger_dag
AIRFLOW_CTX_TASK_ID=t4
AIRFLOW_CTX_EXECUTION_DATE=2023-06-14T03:46:01.998739+00:00
AIRFLOW_CTX_TRY_NUMBER=1
AIRFLOW_CTX_DAG_RUN_ID=manual__2023-06-14T03:46:01.998739+00:00
[2023-06-14T03:46:07.533+0000] {subprocess.py:63} INFO - Tmp dir root location: 
 /tmp
[2023-06-14T03:46:07.536+0000] {subprocess.py:75} INFO - Running command: ['/bin/bash', '-c', "echo 'execute t4'"]
[2023-06-14T03:46:07.559+0000] {subprocess.py:86} INFO - Output:
[2023-06-14T03:46:07.563+0000] {subprocess.py:93} INFO - execute t4
[2023-06-14T03:46:07.566+0000] {subprocess.py:97} INFO - Command exited with return code 0
[2023-06-14T03:46:07.622+0000] {taskinstance.py:1406} INFO - Marking task as SUCCESS. dag_id=condition_trigger_dag, task_id=t4, execution_date=20230614T034601, start_date=20230614T034607, end_date=20230614T034607
[2023-06-14T03:46:07.671+0000] {local_task_job.py:164} INFO - Task exited with return code 0
[2023-06-14T03:46:07.690+0000] {local_task_job.py:273} INFO - 0 downstream tasks scheduled from follow-on schedule check
