[2023-06-08T11:10:30.703+0000] {taskinstance.py:1165} INFO - Dependencies all met for <TaskInstance: consumer.read_dataset dataset_triggered__2023-06-08T11:10:29.938781+00:00 [queued]>
[2023-06-08T11:10:30.710+0000] {taskinstance.py:1165} INFO - Dependencies all met for <TaskInstance: consumer.read_dataset dataset_triggered__2023-06-08T11:10:29.938781+00:00 [queued]>
[2023-06-08T11:10:30.711+0000] {taskinstance.py:1362} INFO - 
--------------------------------------------------------------------------------
[2023-06-08T11:10:30.713+0000] {taskinstance.py:1363} INFO - Starting attempt 1 of 1
[2023-06-08T11:10:30.714+0000] {taskinstance.py:1364} INFO - 
--------------------------------------------------------------------------------
[2023-06-08T11:10:30.723+0000] {taskinstance.py:1383} INFO - Executing <Task(_PythonDecoratedOperator): read_dataset> on 2023-06-08 11:10:29.938781+00:00
[2023-06-08T11:10:30.729+0000] {standard_task_runner.py:55} INFO - Started process 19085 to run task
[2023-06-08T11:10:30.733+0000] {standard_task_runner.py:82} INFO - Running: ['***', 'tasks', 'run', 'consumer', 'read_dataset', 'dataset_triggered__2023-06-08T11:10:29.938781+00:00', '--job-id', '26', '--raw', '--subdir', 'DAGS_FOLDER/consumer.py', '--cfg-path', '/tmp/tmpe6uzy0rb']
[2023-06-08T11:10:30.734+0000] {standard_task_runner.py:83} INFO - Job 26: Subtask read_dataset
[2023-06-08T11:10:30.795+0000] {task_command.py:376} INFO - Running <TaskInstance: consumer.read_dataset dataset_triggered__2023-06-08T11:10:29.938781+00:00 [running]> on host 2efdd707d2e6
[2023-06-08T11:10:30.852+0000] {taskinstance.py:1592} INFO - Exporting the following env vars:
AIRFLOW_CTX_DAG_OWNER=***
AIRFLOW_CTX_DAG_ID=consumer
AIRFLOW_CTX_TASK_ID=read_dataset
AIRFLOW_CTX_EXECUTION_DATE=2023-06-08T11:10:29.938781+00:00
AIRFLOW_CTX_TRY_NUMBER=1
AIRFLOW_CTX_DAG_RUN_ID=dataset_triggered__2023-06-08T11:10:29.938781+00:00
[2023-06-08T11:10:30.855+0000] {logging_mixin.py:120} INFO - producer update
[2023-06-08T11:10:30.856+0000] {python.py:177} INFO - Done. Returned value was: None
[2023-06-08T11:10:30.868+0000] {taskinstance.py:1406} INFO - Marking task as SUCCESS. dag_id=consumer, task_id=read_dataset, execution_date=20230608T111029, start_date=20230608T111030, end_date=20230608T111030
[2023-06-08T11:10:30.906+0000] {local_task_job.py:164} INFO - Task exited with return code 0
[2023-06-08T11:10:30.923+0000] {local_task_job.py:273} INFO - 0 downstream tasks scheduled from follow-on schedule check
