[2023-06-09T00:03:13.851+0000] {taskinstance.py:1165} INFO - Dependencies all met for <TaskInstance: a_user_processing.extract_user scheduled__2023-06-08T00:00:00+00:00 [queued]>
[2023-06-09T00:03:13.866+0000] {taskinstance.py:1165} INFO - Dependencies all met for <TaskInstance: a_user_processing.extract_user scheduled__2023-06-08T00:00:00+00:00 [queued]>
[2023-06-09T00:03:13.876+0000] {taskinstance.py:1362} INFO - 
--------------------------------------------------------------------------------
[2023-06-09T00:03:13.884+0000] {taskinstance.py:1363} INFO - Starting attempt 1 of 1
[2023-06-09T00:03:13.887+0000] {taskinstance.py:1364} INFO - 
--------------------------------------------------------------------------------
[2023-06-09T00:03:13.920+0000] {taskinstance.py:1383} INFO - Executing <Task(SimpleHttpOperator): extract_user> on 2023-06-08 00:00:00+00:00
[2023-06-09T00:03:13.926+0000] {standard_task_runner.py:55} INFO - Started process 1652 to run task
[2023-06-09T00:03:13.930+0000] {standard_task_runner.py:82} INFO - Running: ['***', 'tasks', 'run', 'a_user_processing', 'extract_user', 'scheduled__2023-06-08T00:00:00+00:00', '--job-id', '42', '--raw', '--subdir', 'DAGS_FOLDER/user_processing.py', '--cfg-path', '/tmp/tmp46isq2oa']
[2023-06-09T00:03:14.102+0000] {standard_task_runner.py:83} INFO - Job 42: Subtask extract_user
[2023-06-09T00:03:14.220+0000] {task_command.py:376} INFO - Running <TaskInstance: a_user_processing.extract_user scheduled__2023-06-08T00:00:00+00:00 [running]> on host c0d3dfdc775c
[2023-06-09T00:03:14.322+0000] {taskinstance.py:1592} INFO - Exporting the following env vars:
AIRFLOW_CTX_DAG_OWNER=***
AIRFLOW_CTX_DAG_ID=a_user_processing
AIRFLOW_CTX_TASK_ID=extract_user
AIRFLOW_CTX_EXECUTION_DATE=2023-06-08T00:00:00+00:00
AIRFLOW_CTX_TRY_NUMBER=1
AIRFLOW_CTX_DAG_RUN_ID=scheduled__2023-06-08T00:00:00+00:00
[2023-06-09T00:03:14.326+0000] {http.py:121} INFO - Calling HTTP method
[2023-06-09T00:03:14.337+0000] {base.py:71} INFO - Using connection ID 'user_api' for task execution.
[2023-06-09T00:03:14.341+0000] {http.py:148} INFO - Sending 'GET' to url: https://randomuser.me/api/
[2023-06-09T00:03:15.251+0000] {taskinstance.py:1406} INFO - Marking task as SUCCESS. dag_id=a_user_processing, task_id=extract_user, execution_date=20230608T000000, start_date=20230609T000313, end_date=20230609T000315
[2023-06-09T00:03:15.325+0000] {local_task_job.py:164} INFO - Task exited with return code 0
[2023-06-09T00:03:15.367+0000] {local_task_job.py:273} INFO - 1 downstream tasks scheduled from follow-on schedule check
