[2023-06-07T18:16:32.125+0000] {taskinstance.py:1165} INFO - Dependencies all met for <TaskInstance: user_processing.process_user manual__2023-06-07T18:16:25.887225+00:00 [queued]>
[2023-06-07T18:16:32.133+0000] {taskinstance.py:1165} INFO - Dependencies all met for <TaskInstance: user_processing.process_user manual__2023-06-07T18:16:25.887225+00:00 [queued]>
[2023-06-07T18:16:32.134+0000] {taskinstance.py:1362} INFO - 
--------------------------------------------------------------------------------
[2023-06-07T18:16:32.136+0000] {taskinstance.py:1363} INFO - Starting attempt 1 of 1
[2023-06-07T18:16:32.140+0000] {taskinstance.py:1364} INFO - 
--------------------------------------------------------------------------------
[2023-06-07T18:16:32.149+0000] {taskinstance.py:1383} INFO - Executing <Task(PythonOperator): process_user> on 2023-06-07 18:16:25.887225+00:00
[2023-06-07T18:16:32.155+0000] {standard_task_runner.py:55} INFO - Started process 5078 to run task
[2023-06-07T18:16:32.159+0000] {standard_task_runner.py:82} INFO - Running: ['***', 'tasks', 'run', 'user_processing', 'process_user', 'manual__2023-06-07T18:16:25.887225+00:00', '--job-id', '18', '--raw', '--subdir', 'DAGS_FOLDER/user_processing.py', '--cfg-path', '/tmp/tmp1apzh2vp']
[2023-06-07T18:16:32.162+0000] {standard_task_runner.py:83} INFO - Job 18: Subtask process_user
[2023-06-07T18:16:32.226+0000] {task_command.py:376} INFO - Running <TaskInstance: user_processing.process_user manual__2023-06-07T18:16:25.887225+00:00 [running]> on host 2efdd707d2e6
[2023-06-07T18:16:32.278+0000] {taskinstance.py:1592} INFO - Exporting the following env vars:
AIRFLOW_CTX_DAG_OWNER=***
AIRFLOW_CTX_DAG_ID=user_processing
AIRFLOW_CTX_TASK_ID=process_user
AIRFLOW_CTX_EXECUTION_DATE=2023-06-07T18:16:25.887225+00:00
AIRFLOW_CTX_TRY_NUMBER=1
AIRFLOW_CTX_DAG_RUN_ID=manual__2023-06-07T18:16:25.887225+00:00
[2023-06-07T18:16:32.298+0000] {python.py:177} INFO - Done. Returned value was: None
[2023-06-07T18:16:32.309+0000] {taskinstance.py:1406} INFO - Marking task as SUCCESS. dag_id=user_processing, task_id=process_user, execution_date=20230607T181625, start_date=20230607T181632, end_date=20230607T181632
[2023-06-07T18:16:32.331+0000] {local_task_job.py:164} INFO - Task exited with return code 0
[2023-06-07T18:16:32.351+0000] {local_task_job.py:273} INFO - 1 downstream tasks scheduled from follow-on schedule check
