[2023-06-13T07:10:57.305+0000] {taskinstance.py:1165} INFO - Dependencies all met for <TaskInstance: condition_trigger_dag.t4 manual__2023-06-13T07:10:53.120828+00:00 [queued]>
[2023-06-13T07:10:57.312+0000] {taskinstance.py:1165} INFO - Dependencies all met for <TaskInstance: condition_trigger_dag.t4 manual__2023-06-13T07:10:53.120828+00:00 [queued]>
[2023-06-13T07:10:57.313+0000] {taskinstance.py:1362} INFO - 
--------------------------------------------------------------------------------
[2023-06-13T07:10:57.314+0000] {taskinstance.py:1363} INFO - Starting attempt 1 of 1
[2023-06-13T07:10:57.315+0000] {taskinstance.py:1364} INFO - 
--------------------------------------------------------------------------------
[2023-06-13T07:10:57.324+0000] {taskinstance.py:1383} INFO - Executing <Task(BashOperator): t4> on 2023-06-13 07:10:53.120828+00:00
[2023-06-13T07:10:57.329+0000] {standard_task_runner.py:55} INFO - Started process 18759 to run task
[2023-06-13T07:10:57.334+0000] {standard_task_runner.py:82} INFO - Running: ['***', 'tasks', 'run', 'condition_trigger_dag', 't4', 'manual__2023-06-13T07:10:53.120828+00:00', '--job-id', '135', '--raw', '--subdir', 'DAGS_FOLDER/condition_trigger_dag.py', '--cfg-path', '/tmp/tmpdrwhj6zf']
[2023-06-13T07:10:57.335+0000] {standard_task_runner.py:83} INFO - Job 135: Subtask t4
[2023-06-13T07:10:57.396+0000] {task_command.py:376} INFO - Running <TaskInstance: condition_trigger_dag.t4 manual__2023-06-13T07:10:53.120828+00:00 [running]> on host c0d3dfdc775c
[2023-06-13T07:10:57.449+0000] {taskinstance.py:1592} INFO - Exporting the following env vars:
AIRFLOW_CTX_DAG_OWNER=***
AIRFLOW_CTX_DAG_ID=condition_trigger_dag
AIRFLOW_CTX_TASK_ID=t4
AIRFLOW_CTX_EXECUTION_DATE=2023-06-13T07:10:53.120828+00:00
AIRFLOW_CTX_TRY_NUMBER=1
AIRFLOW_CTX_DAG_RUN_ID=manual__2023-06-13T07:10:53.120828+00:00
[2023-06-13T07:10:57.451+0000] {subprocess.py:63} INFO - Tmp dir root location: 
 /tmp
[2023-06-13T07:10:57.453+0000] {subprocess.py:75} INFO - Running command: ['/bin/bash', '-c', "echo 'execute t4'"]
[2023-06-13T07:10:57.466+0000] {subprocess.py:86} INFO - Output:
[2023-06-13T07:10:57.468+0000] {subprocess.py:93} INFO - execute t4
[2023-06-13T07:10:57.470+0000] {subprocess.py:97} INFO - Command exited with return code 0
[2023-06-13T07:10:57.494+0000] {taskinstance.py:1406} INFO - Marking task as SUCCESS. dag_id=condition_trigger_dag, task_id=t4, execution_date=20230613T071053, start_date=20230613T071057, end_date=20230613T071057
[2023-06-13T07:10:57.548+0000] {local_task_job.py:164} INFO - Task exited with return code 0
[2023-06-13T07:10:57.565+0000] {local_task_job.py:273} INFO - 0 downstream tasks scheduled from follow-on schedule check
