[2023-06-14T03:46:15.316+0000] {taskinstance.py:1165} INFO - Dependencies all met for <TaskInstance: dateset_producer.update_dataset manual__2023-06-14T03:46:14.523381+00:00 [queued]>
[2023-06-14T03:46:15.328+0000] {taskinstance.py:1165} INFO - Dependencies all met for <TaskInstance: dateset_producer.update_dataset manual__2023-06-14T03:46:14.523381+00:00 [queued]>
[2023-06-14T03:46:15.330+0000] {taskinstance.py:1362} INFO - 
--------------------------------------------------------------------------------
[2023-06-14T03:46:15.336+0000] {taskinstance.py:1363} INFO - Starting attempt 1 of 1
[2023-06-14T03:46:15.337+0000] {taskinstance.py:1364} INFO - 
--------------------------------------------------------------------------------
[2023-06-14T03:46:15.347+0000] {taskinstance.py:1383} INFO - Executing <Task(_PythonDecoratedOperator): update_dataset> on 2023-06-14 03:46:14.523381+00:00
[2023-06-14T03:46:15.353+0000] {standard_task_runner.py:55} INFO - Started process 325 to run task
[2023-06-14T03:46:15.358+0000] {standard_task_runner.py:82} INFO - Running: ['***', 'tasks', 'run', 'dateset_producer', 'update_dataset', 'manual__2023-06-14T03:46:14.523381+00:00', '--job-id', '165', '--raw', '--subdir', 'DAGS_FOLDER/producer.py', '--cfg-path', '/tmp/tmpdbrqmcv5']
[2023-06-14T03:46:15.359+0000] {standard_task_runner.py:83} INFO - Job 165: Subtask update_dataset
[2023-06-14T03:46:15.431+0000] {task_command.py:376} INFO - Running <TaskInstance: dateset_producer.update_dataset manual__2023-06-14T03:46:14.523381+00:00 [running]> on host 5f3b9c67a0bc
[2023-06-14T03:46:15.490+0000] {taskinstance.py:1592} INFO - Exporting the following env vars:
AIRFLOW_CTX_DAG_OWNER=***
AIRFLOW_CTX_DAG_ID=dateset_producer
AIRFLOW_CTX_TASK_ID=update_dataset
AIRFLOW_CTX_EXECUTION_DATE=2023-06-14T03:46:14.523381+00:00
AIRFLOW_CTX_TRY_NUMBER=1
AIRFLOW_CTX_DAG_RUN_ID=manual__2023-06-14T03:46:14.523381+00:00
[2023-06-14T03:46:15.495+0000] {python.py:177} INFO - Done. Returned value was: None
[2023-06-14T03:46:15.498+0000] {warnings.py:110} WARNING - /home/***/.local/lib/python3.7/site-packages/***/models/baseoperator.py:1390: RemovedInAirflow3Warning: Passing 'execution_date' to 'TaskInstance.xcom_push()' is deprecated.
  context['ti'].xcom_push(key=key, value=value, execution_date=execution_date)

[2023-06-14T03:46:15.521+0000] {taskinstance.py:1406} INFO - Marking task as SUCCESS. dag_id=dateset_producer, task_id=update_dataset, execution_date=20230614T034614, start_date=20230614T034615, end_date=20230614T034615
[2023-06-14T03:46:15.570+0000] {local_task_job.py:164} INFO - Task exited with return code 0
[2023-06-14T03:46:15.587+0000] {local_task_job.py:273} INFO - 0 downstream tasks scheduled from follow-on schedule check
