[2023-06-09T00:03:11.435+0000] {taskinstance.py:1165} INFO - Dependencies all met for <TaskInstance: a_user_processing.is_api_available scheduled__2023-06-08T00:00:00+00:00 [queued]>
[2023-06-09T00:03:11.453+0000] {taskinstance.py:1165} INFO - Dependencies all met for <TaskInstance: a_user_processing.is_api_available scheduled__2023-06-08T00:00:00+00:00 [queued]>
[2023-06-09T00:03:11.647+0000] {taskinstance.py:1362} INFO - 
--------------------------------------------------------------------------------
[2023-06-09T00:03:11.650+0000] {taskinstance.py:1363} INFO - Starting attempt 1 of 1
[2023-06-09T00:03:11.654+0000] {taskinstance.py:1364} INFO - 
--------------------------------------------------------------------------------
[2023-06-09T00:03:11.671+0000] {taskinstance.py:1383} INFO - Executing <Task(HttpSensor): is_api_available> on 2023-06-08 00:00:00+00:00
[2023-06-09T00:03:11.682+0000] {standard_task_runner.py:55} INFO - Started process 1649 to run task
[2023-06-09T00:03:11.687+0000] {standard_task_runner.py:82} INFO - Running: ['***', 'tasks', 'run', 'a_user_processing', 'is_api_available', 'scheduled__2023-06-08T00:00:00+00:00', '--job-id', '41', '--raw', '--subdir', 'DAGS_FOLDER/user_processing.py', '--cfg-path', '/tmp/tmprx_k4rbh']
[2023-06-09T00:03:11.699+0000] {standard_task_runner.py:83} INFO - Job 41: Subtask is_api_available
[2023-06-09T00:03:11.828+0000] {task_command.py:376} INFO - Running <TaskInstance: a_user_processing.is_api_available scheduled__2023-06-08T00:00:00+00:00 [running]> on host c0d3dfdc775c
[2023-06-09T00:03:11.910+0000] {taskinstance.py:1592} INFO - Exporting the following env vars:
AIRFLOW_CTX_DAG_OWNER=***
AIRFLOW_CTX_DAG_ID=a_user_processing
AIRFLOW_CTX_TASK_ID=is_api_available
AIRFLOW_CTX_EXECUTION_DATE=2023-06-08T00:00:00+00:00
AIRFLOW_CTX_TRY_NUMBER=1
AIRFLOW_CTX_DAG_RUN_ID=scheduled__2023-06-08T00:00:00+00:00
[2023-06-09T00:03:11.919+0000] {http.py:120} INFO - Poking: api/
[2023-06-09T00:03:11.951+0000] {base.py:71} INFO - Using connection ID 'user_api' for task execution.
[2023-06-09T00:03:11.956+0000] {http.py:148} INFO - Sending 'GET' to url: https://randomuser.me/api/
[2023-06-09T00:03:12.945+0000] {base.py:213} INFO - Success criteria met. Exiting.
[2023-06-09T00:03:12.961+0000] {taskinstance.py:1406} INFO - Marking task as SUCCESS. dag_id=a_user_processing, task_id=is_api_available, execution_date=20230608T000000, start_date=20230609T000311, end_date=20230609T000312
[2023-06-09T00:03:12.987+0000] {local_task_job.py:164} INFO - Task exited with return code 0
[2023-06-09T00:03:13.076+0000] {local_task_job.py:273} INFO - 1 downstream tasks scheduled from follow-on schedule check
