[2023-06-07T18:16:30.038+0000] {taskinstance.py:1165} INFO - Dependencies all met for <TaskInstance: user_processing.extract_user manual__2023-06-07T18:16:25.887225+00:00 [queued]>
[2023-06-07T18:16:30.047+0000] {taskinstance.py:1165} INFO - Dependencies all met for <TaskInstance: user_processing.extract_user manual__2023-06-07T18:16:25.887225+00:00 [queued]>
[2023-06-07T18:16:30.053+0000] {taskinstance.py:1362} INFO - 
--------------------------------------------------------------------------------
[2023-06-07T18:16:30.054+0000] {taskinstance.py:1363} INFO - Starting attempt 1 of 1
[2023-06-07T18:16:30.055+0000] {taskinstance.py:1364} INFO - 
--------------------------------------------------------------------------------
[2023-06-07T18:16:30.065+0000] {taskinstance.py:1383} INFO - Executing <Task(SimpleHttpOperator): extract_user> on 2023-06-07 18:16:25.887225+00:00
[2023-06-07T18:16:30.072+0000] {standard_task_runner.py:55} INFO - Started process 5075 to run task
[2023-06-07T18:16:30.076+0000] {standard_task_runner.py:82} INFO - Running: ['***', 'tasks', 'run', 'user_processing', 'extract_user', 'manual__2023-06-07T18:16:25.887225+00:00', '--job-id', '17', '--raw', '--subdir', 'DAGS_FOLDER/user_processing.py', '--cfg-path', '/tmp/tmpfhsycq03']
[2023-06-07T18:16:30.079+0000] {standard_task_runner.py:83} INFO - Job 17: Subtask extract_user
[2023-06-07T18:16:30.143+0000] {task_command.py:376} INFO - Running <TaskInstance: user_processing.extract_user manual__2023-06-07T18:16:25.887225+00:00 [running]> on host 2efdd707d2e6
[2023-06-07T18:16:30.196+0000] {taskinstance.py:1592} INFO - Exporting the following env vars:
AIRFLOW_CTX_DAG_OWNER=***
AIRFLOW_CTX_DAG_ID=user_processing
AIRFLOW_CTX_TASK_ID=extract_user
AIRFLOW_CTX_EXECUTION_DATE=2023-06-07T18:16:25.887225+00:00
AIRFLOW_CTX_TRY_NUMBER=1
AIRFLOW_CTX_DAG_RUN_ID=manual__2023-06-07T18:16:25.887225+00:00
[2023-06-07T18:16:30.199+0000] {http.py:121} INFO - Calling HTTP method
[2023-06-07T18:16:30.210+0000] {base.py:71} INFO - Using connection ID 'user_api' for task execution.
[2023-06-07T18:16:30.212+0000] {http.py:148} INFO - Sending 'GET' to url: https://randomuser.me/api/
[2023-06-07T18:16:31.137+0000] {taskinstance.py:1406} INFO - Marking task as SUCCESS. dag_id=user_processing, task_id=extract_user, execution_date=20230607T181625, start_date=20230607T181630, end_date=20230607T181631
[2023-06-07T18:16:31.189+0000] {local_task_job.py:164} INFO - Task exited with return code 0
[2023-06-07T18:16:31.219+0000] {local_task_job.py:273} INFO - 1 downstream tasks scheduled from follow-on schedule check
