[2023-06-14T03:46:16.431+0000] {taskinstance.py:1165} INFO - Dependencies all met for <TaskInstance: dataset_consumer.read_dataset dataset_triggered__2023-06-14T03:46:15.535054+00:00 [queued]>
[2023-06-14T03:46:16.439+0000] {taskinstance.py:1165} INFO - Dependencies all met for <TaskInstance: dataset_consumer.read_dataset dataset_triggered__2023-06-14T03:46:15.535054+00:00 [queued]>
[2023-06-14T03:46:16.441+0000] {taskinstance.py:1362} INFO - 
--------------------------------------------------------------------------------
[2023-06-14T03:46:16.443+0000] {taskinstance.py:1363} INFO - Starting attempt 1 of 1
[2023-06-14T03:46:16.444+0000] {taskinstance.py:1364} INFO - 
--------------------------------------------------------------------------------
[2023-06-14T03:46:16.453+0000] {taskinstance.py:1383} INFO - Executing <Task(_PythonDecoratedOperator): read_dataset> on 2023-06-14 03:46:15.535054+00:00
[2023-06-14T03:46:16.458+0000] {standard_task_runner.py:55} INFO - Started process 327 to run task
[2023-06-14T03:46:16.462+0000] {standard_task_runner.py:82} INFO - Running: ['***', 'tasks', 'run', 'dataset_consumer', 'read_dataset', 'dataset_triggered__2023-06-14T03:46:15.535054+00:00', '--job-id', '166', '--raw', '--subdir', 'DAGS_FOLDER/consumer.py', '--cfg-path', '/tmp/tmpaa_dy6s5']
[2023-06-14T03:46:16.463+0000] {standard_task_runner.py:83} INFO - Job 166: Subtask read_dataset
[2023-06-14T03:46:16.550+0000] {task_command.py:376} INFO - Running <TaskInstance: dataset_consumer.read_dataset dataset_triggered__2023-06-14T03:46:15.535054+00:00 [running]> on host 5f3b9c67a0bc
[2023-06-14T03:46:16.605+0000] {taskinstance.py:1592} INFO - Exporting the following env vars:
AIRFLOW_CTX_DAG_OWNER=***
AIRFLOW_CTX_DAG_ID=dataset_consumer
AIRFLOW_CTX_TASK_ID=read_dataset
AIRFLOW_CTX_EXECUTION_DATE=2023-06-14T03:46:15.535054+00:00
AIRFLOW_CTX_TRY_NUMBER=1
AIRFLOW_CTX_DAG_RUN_ID=dataset_triggered__2023-06-14T03:46:15.535054+00:00
[2023-06-14T03:46:16.608+0000] {logging_mixin.py:120} INFO - producer updateproducer update
[2023-06-14T03:46:16.609+0000] {python.py:177} INFO - Done. Returned value was: None
[2023-06-14T03:46:16.622+0000] {taskinstance.py:1406} INFO - Marking task as SUCCESS. dag_id=dataset_consumer, task_id=read_dataset, execution_date=20230614T034615, start_date=20230614T034616, end_date=20230614T034616
[2023-06-14T03:46:16.674+0000] {local_task_job.py:164} INFO - Task exited with return code 0
[2023-06-14T03:46:16.692+0000] {local_task_job.py:273} INFO - 0 downstream tasks scheduled from follow-on schedule check
