[2023-06-13T06:44:00.947+0000] {taskinstance.py:1165} INFO - Dependencies all met for <TaskInstance: endToend_user_processing.process_user scheduled__2023-06-12T00:00:00+00:00 [queued]>
[2023-06-13T06:44:00.954+0000] {taskinstance.py:1165} INFO - Dependencies all met for <TaskInstance: endToend_user_processing.process_user scheduled__2023-06-12T00:00:00+00:00 [queued]>
[2023-06-13T06:44:00.956+0000] {taskinstance.py:1362} INFO - 
--------------------------------------------------------------------------------
[2023-06-13T06:44:00.957+0000] {taskinstance.py:1363} INFO - Starting attempt 1 of 1
[2023-06-13T06:44:00.958+0000] {taskinstance.py:1364} INFO - 
--------------------------------------------------------------------------------
[2023-06-13T06:44:00.967+0000] {taskinstance.py:1383} INFO - Executing <Task(PythonOperator): process_user> on 2023-06-12 00:00:00+00:00
[2023-06-13T06:44:00.974+0000] {standard_task_runner.py:55} INFO - Started process 17396 to run task
[2023-06-13T06:44:00.979+0000] {standard_task_runner.py:82} INFO - Running: ['***', 'tasks', 'run', 'endToend_user_processing', 'process_user', 'scheduled__2023-06-12T00:00:00+00:00', '--job-id', '118', '--raw', '--subdir', 'DAGS_FOLDER/user_processing.py', '--cfg-path', '/tmp/tmpxl5p_f5n']
[2023-06-13T06:44:00.981+0000] {standard_task_runner.py:83} INFO - Job 118: Subtask process_user
[2023-06-13T06:44:01.041+0000] {task_command.py:376} INFO - Running <TaskInstance: endToend_user_processing.process_user scheduled__2023-06-12T00:00:00+00:00 [running]> on host c0d3dfdc775c
[2023-06-13T06:44:01.096+0000] {taskinstance.py:1592} INFO - Exporting the following env vars:
AIRFLOW_CTX_DAG_OWNER=***
AIRFLOW_CTX_DAG_ID=endToend_user_processing
AIRFLOW_CTX_TASK_ID=process_user
AIRFLOW_CTX_EXECUTION_DATE=2023-06-12T00:00:00+00:00
AIRFLOW_CTX_TRY_NUMBER=1
AIRFLOW_CTX_DAG_RUN_ID=scheduled__2023-06-12T00:00:00+00:00
[2023-06-13T06:44:01.114+0000] {python.py:177} INFO - Done. Returned value was: None
[2023-06-13T06:44:01.126+0000] {taskinstance.py:1406} INFO - Marking task as SUCCESS. dag_id=endToend_user_processing, task_id=process_user, execution_date=20230612T000000, start_date=20230613T064400, end_date=20230613T064401
[2023-06-13T06:44:01.150+0000] {local_task_job.py:164} INFO - Task exited with return code 0
[2023-06-13T06:44:01.170+0000] {local_task_job.py:273} INFO - 1 downstream tasks scheduled from follow-on schedule check
