[2023-06-14T00:13:54.507+0000] {taskinstance.py:1165} INFO - Dependencies all met for <TaskInstance: condition_trigger_dag.t1 scheduled__2023-06-13T00:00:00+00:00 [queued]>
[2023-06-14T00:13:54.643+0000] {taskinstance.py:1165} INFO - Dependencies all met for <TaskInstance: condition_trigger_dag.t1 scheduled__2023-06-13T00:00:00+00:00 [queued]>
[2023-06-14T00:13:54.646+0000] {taskinstance.py:1362} INFO - 
--------------------------------------------------------------------------------
[2023-06-14T00:13:54.648+0000] {taskinstance.py:1363} INFO - Starting attempt 1 of 1
[2023-06-14T00:13:54.651+0000] {taskinstance.py:1364} INFO - 
--------------------------------------------------------------------------------
[2023-06-14T00:13:54.719+0000] {taskinstance.py:1383} INFO - Executing <Task(PythonOperator): t1> on 2023-06-13 00:00:00+00:00
[2023-06-14T00:13:54.838+0000] {standard_task_runner.py:55} INFO - Started process 1113 to run task
[2023-06-14T00:13:54.891+0000] {standard_task_runner.py:82} INFO - Running: ['***', 'tasks', 'run', 'condition_trigger_dag', 't1', 'scheduled__2023-06-13T00:00:00+00:00', '--job-id', '141', '--raw', '--subdir', 'DAGS_FOLDER/condition_trigger_dag.py', '--cfg-path', '/tmp/tmpaxo78zke']
[2023-06-14T00:13:54.899+0000] {standard_task_runner.py:83} INFO - Job 141: Subtask t1
[2023-06-14T00:13:55.879+0000] {task_command.py:376} INFO - Running <TaskInstance: condition_trigger_dag.t1 scheduled__2023-06-13T00:00:00+00:00 [running]> on host 5f3b9c67a0bc
[2023-06-14T00:13:56.436+0000] {taskinstance.py:1592} INFO - Exporting the following env vars:
AIRFLOW_CTX_DAG_OWNER=***
AIRFLOW_CTX_DAG_ID=condition_trigger_dag
AIRFLOW_CTX_TASK_ID=t1
AIRFLOW_CTX_EXECUTION_DATE=2023-06-13T00:00:00+00:00
AIRFLOW_CTX_TRY_NUMBER=1
AIRFLOW_CTX_DAG_RUN_ID=scheduled__2023-06-13T00:00:00+00:00
[2023-06-14T00:13:56.635+0000] {python.py:177} INFO - Done. Returned value was: None
[2023-06-14T00:13:56.700+0000] {taskinstance.py:1406} INFO - Marking task as SUCCESS. dag_id=condition_trigger_dag, task_id=t1, execution_date=20230613T000000, start_date=20230614T001354, end_date=20230614T001356
[2023-06-14T00:13:56.955+0000] {local_task_job.py:164} INFO - Task exited with return code 0
[2023-06-14T00:13:57.111+0000] {local_task_job.py:273} INFO - 0 downstream tasks scheduled from follow-on schedule check
[2023-06-14T04:38:06.289+0000] {taskinstance.py:1165} INFO - Dependencies all met for <TaskInstance: condition_trigger_dag.t1 scheduled__2023-06-13T00:00:00+00:00 [queued]>
[2023-06-14T04:38:06.299+0000] {taskinstance.py:1165} INFO - Dependencies all met for <TaskInstance: condition_trigger_dag.t1 scheduled__2023-06-13T00:00:00+00:00 [queued]>
[2023-06-14T04:38:06.300+0000] {taskinstance.py:1362} INFO - 
--------------------------------------------------------------------------------
[2023-06-14T04:38:06.301+0000] {taskinstance.py:1363} INFO - Starting attempt 1 of 1
[2023-06-14T04:38:06.302+0000] {taskinstance.py:1364} INFO - 
--------------------------------------------------------------------------------
[2023-06-14T04:38:06.312+0000] {taskinstance.py:1383} INFO - Executing <Task(PythonOperator): t1> on 2023-06-13 00:00:00+00:00
[2023-06-14T04:38:06.317+0000] {standard_task_runner.py:55} INFO - Started process 360 to run task
[2023-06-14T04:38:06.322+0000] {standard_task_runner.py:82} INFO - Running: ['***', 'tasks', 'run', 'condition_trigger_dag', 't1', 'scheduled__2023-06-13T00:00:00+00:00', '--job-id', '3', '--raw', '--subdir', 'DAGS_FOLDER/condition_trigger_dag.py', '--cfg-path', '/tmp/tmp3ipqpc69']
[2023-06-14T04:38:06.323+0000] {standard_task_runner.py:83} INFO - Job 3: Subtask t1
[2023-06-14T04:38:06.384+0000] {task_command.py:376} INFO - Running <TaskInstance: condition_trigger_dag.t1 scheduled__2023-06-13T00:00:00+00:00 [running]> on host eccc8785320d
[2023-06-14T04:38:06.448+0000] {taskinstance.py:1592} INFO - Exporting the following env vars:
AIRFLOW_CTX_DAG_OWNER=***
AIRFLOW_CTX_DAG_ID=condition_trigger_dag
AIRFLOW_CTX_TASK_ID=t1
AIRFLOW_CTX_EXECUTION_DATE=2023-06-13T00:00:00+00:00
AIRFLOW_CTX_TRY_NUMBER=1
AIRFLOW_CTX_DAG_RUN_ID=scheduled__2023-06-13T00:00:00+00:00
[2023-06-14T04:38:06.469+0000] {python.py:177} INFO - Done. Returned value was: None
[2023-06-14T04:38:06.482+0000] {taskinstance.py:1406} INFO - Marking task as SUCCESS. dag_id=condition_trigger_dag, task_id=t1, execution_date=20230613T000000, start_date=20230614T043806, end_date=20230614T043806
[2023-06-14T04:38:06.535+0000] {local_task_job.py:164} INFO - Task exited with return code 0
[2023-06-14T04:38:06.565+0000] {local_task_job.py:273} INFO - 1 downstream tasks scheduled from follow-on schedule check
