[2023-06-13T00:20:03.241+0000] {taskinstance.py:1165} INFO - Dependencies all met for <TaskInstance: a_consumer.read_dataset dataset_triggered__2023-06-13T00:20:01.537960+00:00 [queued]>
[2023-06-13T00:20:03.257+0000] {taskinstance.py:1165} INFO - Dependencies all met for <TaskInstance: a_consumer.read_dataset dataset_triggered__2023-06-13T00:20:01.537960+00:00 [queued]>
[2023-06-13T00:20:03.261+0000] {taskinstance.py:1362} INFO - 
--------------------------------------------------------------------------------
[2023-06-13T00:20:03.262+0000] {taskinstance.py:1363} INFO - Starting attempt 1 of 1
[2023-06-13T00:20:03.268+0000] {taskinstance.py:1364} INFO - 
--------------------------------------------------------------------------------
[2023-06-13T00:20:03.291+0000] {taskinstance.py:1383} INFO - Executing <Task(_PythonDecoratedOperator): read_dataset> on 2023-06-13 00:20:01.537960+00:00
[2023-06-13T00:20:03.310+0000] {standard_task_runner.py:55} INFO - Started process 10196 to run task
[2023-06-13T00:20:03.341+0000] {standard_task_runner.py:82} INFO - Running: ['***', 'tasks', 'run', 'a_consumer', 'read_dataset', 'dataset_triggered__2023-06-13T00:20:01.537960+00:00', '--job-id', '66', '--raw', '--subdir', 'DAGS_FOLDER/consumer.py', '--cfg-path', '/tmp/tmpyc2bis0l']
[2023-06-13T00:20:03.344+0000] {standard_task_runner.py:83} INFO - Job 66: Subtask read_dataset
[2023-06-13T00:20:03.495+0000] {task_command.py:376} INFO - Running <TaskInstance: a_consumer.read_dataset dataset_triggered__2023-06-13T00:20:01.537960+00:00 [running]> on host c0d3dfdc775c
[2023-06-13T00:20:03.595+0000] {taskinstance.py:1592} INFO - Exporting the following env vars:
AIRFLOW_CTX_DAG_OWNER=***
AIRFLOW_CTX_DAG_ID=a_consumer
AIRFLOW_CTX_TASK_ID=read_dataset
AIRFLOW_CTX_EXECUTION_DATE=2023-06-13T00:20:01.537960+00:00
AIRFLOW_CTX_TRY_NUMBER=1
AIRFLOW_CTX_DAG_RUN_ID=dataset_triggered__2023-06-13T00:20:01.537960+00:00
[2023-06-13T00:20:03.598+0000] {logging_mixin.py:120} INFO - producer updateproducer updateproducer updateproducer updateproducer update
[2023-06-13T00:20:03.600+0000] {python.py:177} INFO - Done. Returned value was: None
[2023-06-13T00:20:03.616+0000] {taskinstance.py:1406} INFO - Marking task as SUCCESS. dag_id=a_consumer, task_id=read_dataset, execution_date=20230613T002001, start_date=20230613T002003, end_date=20230613T002003
[2023-06-13T00:20:03.670+0000] {local_task_job.py:164} INFO - Task exited with return code 0
[2023-06-13T00:20:03.696+0000] {local_task_job.py:273} INFO - 0 downstream tasks scheduled from follow-on schedule check
