[2023-06-13T06:05:43.057+0000] {taskinstance.py:1165} INFO - Dependencies all met for <TaskInstance: group_dag.check_file scheduled__2023-06-12T00:00:00+00:00 [queued]>
[2023-06-13T06:05:43.066+0000] {taskinstance.py:1165} INFO - Dependencies all met for <TaskInstance: group_dag.check_file scheduled__2023-06-12T00:00:00+00:00 [queued]>
[2023-06-13T06:05:43.068+0000] {taskinstance.py:1362} INFO - 
--------------------------------------------------------------------------------
[2023-06-13T06:05:43.069+0000] {taskinstance.py:1363} INFO - Starting attempt 1 of 1
[2023-06-13T06:05:43.070+0000] {taskinstance.py:1364} INFO - 
--------------------------------------------------------------------------------
[2023-06-13T06:05:43.085+0000] {taskinstance.py:1383} INFO - Executing <Task(BashOperator): check_file> on 2023-06-12 00:00:00+00:00
[2023-06-13T06:05:43.092+0000] {standard_task_runner.py:55} INFO - Started process 15679 to run task
[2023-06-13T06:05:43.097+0000] {standard_task_runner.py:82} INFO - Running: ['***', 'tasks', 'run', 'group_dag', 'check_file', 'scheduled__2023-06-12T00:00:00+00:00', '--job-id', '76', '--raw', '--subdir', 'DAGS_FOLDER/group_dag.py', '--cfg-path', '/tmp/tmp3l5exqc_']
[2023-06-13T06:05:43.099+0000] {standard_task_runner.py:83} INFO - Job 76: Subtask check_file
[2023-06-13T06:05:43.189+0000] {task_command.py:376} INFO - Running <TaskInstance: group_dag.check_file scheduled__2023-06-12T00:00:00+00:00 [running]> on host c0d3dfdc775c
[2023-06-13T06:05:43.270+0000] {taskinstance.py:1592} INFO - Exporting the following env vars:
AIRFLOW_CTX_DAG_OWNER=***
AIRFLOW_CTX_DAG_ID=group_dag
AIRFLOW_CTX_TASK_ID=check_file
AIRFLOW_CTX_EXECUTION_DATE=2023-06-12T00:00:00+00:00
AIRFLOW_CTX_TRY_NUMBER=1
AIRFLOW_CTX_DAG_RUN_ID=scheduled__2023-06-12T00:00:00+00:00
[2023-06-13T06:05:43.273+0000] {subprocess.py:63} INFO - Tmp dir root location: 
 /tmp
[2023-06-13T06:05:43.275+0000] {subprocess.py:75} INFO - Running command: ['/bin/bash', '-c', 'sleep 10']
[2023-06-13T06:05:43.292+0000] {subprocess.py:86} INFO - Output:
[2023-06-13T06:05:53.305+0000] {subprocess.py:97} INFO - Command exited with return code 0
[2023-06-13T06:05:53.373+0000] {taskinstance.py:1406} INFO - Marking task as SUCCESS. dag_id=group_dag, task_id=check_file, execution_date=20230612T000000, start_date=20230613T060543, end_date=20230613T060553
[2023-06-13T06:05:53.466+0000] {local_task_job.py:164} INFO - Task exited with return code 0
[2023-06-13T06:05:53.496+0000] {local_task_job.py:273} INFO - 0 downstream tasks scheduled from follow-on schedule check
