[2023-06-14T03:46:34.000+0000] {taskinstance.py:1165} INFO - Dependencies all met for <TaskInstance: xcom_dag.processing_tasks.training_model_a manual__2023-06-14T03:46:27.684412+00:00 [queued]>
[2023-06-14T03:46:34.028+0000] {taskinstance.py:1165} INFO - Dependencies all met for <TaskInstance: xcom_dag.processing_tasks.training_model_a manual__2023-06-14T03:46:27.684412+00:00 [queued]>
[2023-06-14T03:46:34.029+0000] {taskinstance.py:1362} INFO - 
--------------------------------------------------------------------------------
[2023-06-14T03:46:34.031+0000] {taskinstance.py:1363} INFO - Starting attempt 1 of 1
[2023-06-14T03:46:34.034+0000] {taskinstance.py:1364} INFO - 
--------------------------------------------------------------------------------
[2023-06-14T03:46:34.046+0000] {taskinstance.py:1383} INFO - Executing <Task(PythonOperator): processing_tasks.training_model_a> on 2023-06-14 03:46:27.684412+00:00
[2023-06-14T03:46:34.053+0000] {standard_task_runner.py:55} INFO - Started process 376 to run task
[2023-06-14T03:46:34.061+0000] {standard_task_runner.py:82} INFO - Running: ['***', 'tasks', 'run', 'xcom_dag', 'processing_tasks.training_model_a', 'manual__2023-06-14T03:46:27.684412+00:00', '--job-id', '176', '--raw', '--subdir', 'DAGS_FOLDER/xcom_dag.py', '--cfg-path', '/tmp/tmpu6if3nj_']
[2023-06-14T03:46:34.063+0000] {standard_task_runner.py:83} INFO - Job 176: Subtask processing_tasks.training_model_a
[2023-06-14T03:46:34.217+0000] {task_command.py:376} INFO - Running <TaskInstance: xcom_dag.processing_tasks.training_model_a manual__2023-06-14T03:46:27.684412+00:00 [running]> on host 5f3b9c67a0bc
[2023-06-14T03:46:34.286+0000] {taskinstance.py:1592} INFO - Exporting the following env vars:
AIRFLOW_CTX_DAG_OWNER=***
AIRFLOW_CTX_DAG_ID=xcom_dag
AIRFLOW_CTX_TASK_ID=processing_tasks.training_model_a
AIRFLOW_CTX_EXECUTION_DATE=2023-06-14T03:46:27.684412+00:00
AIRFLOW_CTX_TRY_NUMBER=1
AIRFLOW_CTX_DAG_RUN_ID=manual__2023-06-14T03:46:27.684412+00:00
[2023-06-14T03:46:34.289+0000] {logging_mixin.py:120} INFO - model's accuracy: 7.012038175571647
[2023-06-14T03:46:34.304+0000] {python.py:177} INFO - Done. Returned value was: None
[2023-06-14T03:46:34.318+0000] {taskinstance.py:1406} INFO - Marking task as SUCCESS. dag_id=xcom_dag, task_id=processing_tasks.training_model_a, execution_date=20230614T034627, start_date=20230614T034634, end_date=20230614T034634
[2023-06-14T03:46:34.351+0000] {local_task_job.py:164} INFO - Task exited with return code 0
[2023-06-14T03:46:34.401+0000] {local_task_job.py:273} INFO - 0 downstream tasks scheduled from follow-on schedule check
