[2023-06-13T06:19:44.122+0000] {taskinstance.py:1165} INFO - Dependencies all met for <TaskInstance: xcom_dag.downloading_data manual__2023-06-13T06:19:43.286863+00:00 [queued]>
[2023-06-13T06:19:44.130+0000] {taskinstance.py:1165} INFO - Dependencies all met for <TaskInstance: xcom_dag.downloading_data manual__2023-06-13T06:19:43.286863+00:00 [queued]>
[2023-06-13T06:19:44.131+0000] {taskinstance.py:1362} INFO - 
--------------------------------------------------------------------------------
[2023-06-13T06:19:44.131+0000] {taskinstance.py:1363} INFO - Starting attempt 1 of 1
[2023-06-13T06:19:44.143+0000] {taskinstance.py:1364} INFO - 
--------------------------------------------------------------------------------
[2023-06-13T06:19:44.152+0000] {taskinstance.py:1383} INFO - Executing <Task(BashOperator): downloading_data> on 2023-06-13 06:19:43.286863+00:00
[2023-06-13T06:19:44.158+0000] {standard_task_runner.py:55} INFO - Started process 16394 to run task
[2023-06-13T06:19:44.162+0000] {standard_task_runner.py:82} INFO - Running: ['***', 'tasks', 'run', 'xcom_dag', 'downloading_data', 'manual__2023-06-13T06:19:43.286863+00:00', '--job-id', '88', '--raw', '--subdir', 'DAGS_FOLDER/xcom_dag.py', '--cfg-path', '/tmp/tmpfgxcvn73']
[2023-06-13T06:19:44.164+0000] {standard_task_runner.py:83} INFO - Job 88: Subtask downloading_data
[2023-06-13T06:19:44.233+0000] {task_command.py:376} INFO - Running <TaskInstance: xcom_dag.downloading_data manual__2023-06-13T06:19:43.286863+00:00 [running]> on host c0d3dfdc775c
[2023-06-13T06:19:44.290+0000] {taskinstance.py:1592} INFO - Exporting the following env vars:
AIRFLOW_CTX_DAG_OWNER=***
AIRFLOW_CTX_DAG_ID=xcom_dag
AIRFLOW_CTX_TASK_ID=downloading_data
AIRFLOW_CTX_EXECUTION_DATE=2023-06-13T06:19:43.286863+00:00
AIRFLOW_CTX_TRY_NUMBER=1
AIRFLOW_CTX_DAG_RUN_ID=manual__2023-06-13T06:19:43.286863+00:00
[2023-06-13T06:19:44.292+0000] {subprocess.py:63} INFO - Tmp dir root location: 
 /tmp
[2023-06-13T06:19:44.294+0000] {subprocess.py:75} INFO - Running command: ['/bin/bash', '-c', 'sleep 3']
[2023-06-13T06:19:44.307+0000] {subprocess.py:86} INFO - Output:
[2023-06-13T06:19:47.323+0000] {subprocess.py:97} INFO - Command exited with return code 0
[2023-06-13T06:19:47.351+0000] {taskinstance.py:1406} INFO - Marking task as SUCCESS. dag_id=xcom_dag, task_id=downloading_data, execution_date=20230613T061943, start_date=20230613T061944, end_date=20230613T061947
[2023-06-13T06:19:47.411+0000] {local_task_job.py:164} INFO - Task exited with return code 0
[2023-06-13T06:19:47.436+0000] {local_task_job.py:273} INFO - 3 downstream tasks scheduled from follow-on schedule check
