[2023-06-14T00:14:06.029+0000] {taskinstance.py:1165} INFO - Dependencies all met for <TaskInstance: condition_trigger_dag.t4 scheduled__2023-06-13T00:00:00+00:00 [queued]>
[2023-06-14T00:14:06.044+0000] {taskinstance.py:1165} INFO - Dependencies all met for <TaskInstance: condition_trigger_dag.t4 scheduled__2023-06-13T00:00:00+00:00 [queued]>
[2023-06-14T00:14:06.047+0000] {taskinstance.py:1362} INFO - 
--------------------------------------------------------------------------------
[2023-06-14T00:14:06.048+0000] {taskinstance.py:1363} INFO - Starting attempt 1 of 1
[2023-06-14T00:14:06.057+0000] {taskinstance.py:1364} INFO - 
--------------------------------------------------------------------------------
[2023-06-14T00:14:06.079+0000] {taskinstance.py:1383} INFO - Executing <Task(BashOperator): t4> on 2023-06-13 00:00:00+00:00
[2023-06-14T00:14:06.091+0000] {standard_task_runner.py:55} INFO - Started process 1143 to run task
[2023-06-14T00:14:06.104+0000] {standard_task_runner.py:82} INFO - Running: ['***', 'tasks', 'run', 'condition_trigger_dag', 't4', 'scheduled__2023-06-13T00:00:00+00:00', '--job-id', '155', '--raw', '--subdir', 'DAGS_FOLDER/condition_trigger_dag.py', '--cfg-path', '/tmp/tmp1otcxq2u']
[2023-06-14T00:14:06.107+0000] {standard_task_runner.py:83} INFO - Job 155: Subtask t4
[2023-06-14T00:14:06.457+0000] {task_command.py:376} INFO - Running <TaskInstance: condition_trigger_dag.t4 scheduled__2023-06-13T00:00:00+00:00 [running]> on host 5f3b9c67a0bc
[2023-06-14T00:14:06.654+0000] {taskinstance.py:1592} INFO - Exporting the following env vars:
AIRFLOW_CTX_DAG_OWNER=***
AIRFLOW_CTX_DAG_ID=condition_trigger_dag
AIRFLOW_CTX_TASK_ID=t4
AIRFLOW_CTX_EXECUTION_DATE=2023-06-13T00:00:00+00:00
AIRFLOW_CTX_TRY_NUMBER=1
AIRFLOW_CTX_DAG_RUN_ID=scheduled__2023-06-13T00:00:00+00:00
[2023-06-14T00:14:06.659+0000] {subprocess.py:63} INFO - Tmp dir root location: 
 /tmp
[2023-06-14T00:14:06.672+0000] {subprocess.py:75} INFO - Running command: ['/bin/bash', '-c', "echo 'execute t4'"]
[2023-06-14T00:14:06.744+0000] {subprocess.py:86} INFO - Output:
[2023-06-14T00:14:06.750+0000] {subprocess.py:93} INFO - execute t4
[2023-06-14T00:14:06.755+0000] {subprocess.py:97} INFO - Command exited with return code 0
[2023-06-14T00:14:06.799+0000] {taskinstance.py:1406} INFO - Marking task as SUCCESS. dag_id=condition_trigger_dag, task_id=t4, execution_date=20230613T000000, start_date=20230614T001406, end_date=20230614T001406
[2023-06-14T00:14:06.857+0000] {local_task_job.py:164} INFO - Task exited with return code 0
[2023-06-14T00:14:06.917+0000] {local_task_job.py:273} INFO - 0 downstream tasks scheduled from follow-on schedule check
[2023-06-14T04:38:10.471+0000] {taskinstance.py:1165} INFO - Dependencies all met for <TaskInstance: condition_trigger_dag.t4 scheduled__2023-06-13T00:00:00+00:00 [queued]>
[2023-06-14T04:38:10.501+0000] {taskinstance.py:1165} INFO - Dependencies all met for <TaskInstance: condition_trigger_dag.t4 scheduled__2023-06-13T00:00:00+00:00 [queued]>
[2023-06-14T04:38:10.506+0000] {taskinstance.py:1362} INFO - 
--------------------------------------------------------------------------------
[2023-06-14T04:38:10.508+0000] {taskinstance.py:1363} INFO - Starting attempt 1 of 1
[2023-06-14T04:38:10.509+0000] {taskinstance.py:1364} INFO - 
--------------------------------------------------------------------------------
[2023-06-14T04:38:10.533+0000] {taskinstance.py:1383} INFO - Executing <Task(BashOperator): t4> on 2023-06-13 00:00:00+00:00
[2023-06-14T04:38:10.541+0000] {standard_task_runner.py:55} INFO - Started process 388 to run task
[2023-06-14T04:38:10.550+0000] {standard_task_runner.py:82} INFO - Running: ['***', 'tasks', 'run', 'condition_trigger_dag', 't4', 'scheduled__2023-06-13T00:00:00+00:00', '--job-id', '11', '--raw', '--subdir', 'DAGS_FOLDER/condition_trigger_dag.py', '--cfg-path', '/tmp/tmpaj90btgr']
[2023-06-14T04:38:10.552+0000] {standard_task_runner.py:83} INFO - Job 11: Subtask t4
[2023-06-14T04:38:10.673+0000] {task_command.py:376} INFO - Running <TaskInstance: condition_trigger_dag.t4 scheduled__2023-06-13T00:00:00+00:00 [running]> on host eccc8785320d
[2023-06-14T04:38:10.760+0000] {taskinstance.py:1592} INFO - Exporting the following env vars:
AIRFLOW_CTX_DAG_OWNER=***
AIRFLOW_CTX_DAG_ID=condition_trigger_dag
AIRFLOW_CTX_TASK_ID=t4
AIRFLOW_CTX_EXECUTION_DATE=2023-06-13T00:00:00+00:00
AIRFLOW_CTX_TRY_NUMBER=1
AIRFLOW_CTX_DAG_RUN_ID=scheduled__2023-06-13T00:00:00+00:00
[2023-06-14T04:38:10.764+0000] {subprocess.py:63} INFO - Tmp dir root location: 
 /tmp
[2023-06-14T04:38:10.767+0000] {subprocess.py:75} INFO - Running command: ['/bin/bash', '-c', "echo 'execute t4'"]
[2023-06-14T04:38:10.782+0000] {subprocess.py:86} INFO - Output:
[2023-06-14T04:38:10.786+0000] {subprocess.py:93} INFO - execute t4
[2023-06-14T04:38:10.787+0000] {subprocess.py:97} INFO - Command exited with return code 0
[2023-06-14T04:38:10.833+0000] {taskinstance.py:1406} INFO - Marking task as SUCCESS. dag_id=condition_trigger_dag, task_id=t4, execution_date=20230613T000000, start_date=20230614T043810, end_date=20230614T043810
[2023-06-14T04:38:10.889+0000] {local_task_job.py:164} INFO - Task exited with return code 0
[2023-06-14T04:38:10.928+0000] {local_task_job.py:273} INFO - 0 downstream tasks scheduled from follow-on schedule check
