[2023-06-13T06:18:43.372+0000] {taskinstance.py:1165} INFO - Dependencies all met for <TaskInstance: xcom_dag.processing_tasks.training_model_c manual__2023-06-13T06:18:37.870450+00:00 [queued]>
[2023-06-13T06:18:43.450+0000] {taskinstance.py:1165} INFO - Dependencies all met for <TaskInstance: xcom_dag.processing_tasks.training_model_c manual__2023-06-13T06:18:37.870450+00:00 [queued]>
[2023-06-13T06:18:43.455+0000] {taskinstance.py:1362} INFO - 
--------------------------------------------------------------------------------
[2023-06-13T06:18:43.466+0000] {taskinstance.py:1363} INFO - Starting attempt 1 of 1
[2023-06-13T06:18:43.471+0000] {taskinstance.py:1364} INFO - 
--------------------------------------------------------------------------------
[2023-06-13T06:18:43.538+0000] {taskinstance.py:1383} INFO - Executing <Task(PythonOperator): processing_tasks.training_model_c> on 2023-06-13 06:18:37.870450+00:00
[2023-06-13T06:18:43.558+0000] {standard_task_runner.py:55} INFO - Started process 16342 to run task
[2023-06-13T06:18:43.581+0000] {standard_task_runner.py:82} INFO - Running: ['***', 'tasks', 'run', 'xcom_dag', 'processing_tasks.training_model_c', 'manual__2023-06-13T06:18:37.870450+00:00', '--job-id', '83', '--raw', '--subdir', 'DAGS_FOLDER/xcom_dag.py', '--cfg-path', '/tmp/tmpl2tkad3w']
[2023-06-13T06:18:43.588+0000] {standard_task_runner.py:83} INFO - Job 83: Subtask processing_tasks.training_model_c
[2023-06-13T06:18:43.898+0000] {task_command.py:376} INFO - Running <TaskInstance: xcom_dag.processing_tasks.training_model_c manual__2023-06-13T06:18:37.870450+00:00 [running]> on host c0d3dfdc775c
[2023-06-13T06:18:44.037+0000] {taskinstance.py:1592} INFO - Exporting the following env vars:
AIRFLOW_CTX_DAG_OWNER=***
AIRFLOW_CTX_DAG_ID=xcom_dag
AIRFLOW_CTX_TASK_ID=processing_tasks.training_model_c
AIRFLOW_CTX_EXECUTION_DATE=2023-06-13T06:18:37.870450+00:00
AIRFLOW_CTX_TRY_NUMBER=1
AIRFLOW_CTX_DAG_RUN_ID=manual__2023-06-13T06:18:37.870450+00:00
[2023-06-13T06:18:44.049+0000] {logging_mixin.py:120} INFO - model's accuracy: 2.6108588494874407
[2023-06-13T06:18:44.086+0000] {python.py:177} INFO - Done. Returned value was: None
[2023-06-13T06:18:44.125+0000] {taskinstance.py:1406} INFO - Marking task as SUCCESS. dag_id=xcom_dag, task_id=processing_tasks.training_model_c, execution_date=20230613T061837, start_date=20230613T061843, end_date=20230613T061844
[2023-06-13T06:18:44.174+0000] {local_task_job.py:164} INFO - Task exited with return code 0
[2023-06-13T06:18:44.229+0000] {local_task_job.py:273} INFO - 1 downstream tasks scheduled from follow-on schedule check
