[2023-06-14T03:46:35.157+0000] {taskinstance.py:1165} INFO - Dependencies all met for <TaskInstance: group_dag.check_file manual__2023-06-14T03:46:22.245958+00:00 [queued]>
[2023-06-14T03:46:35.166+0000] {taskinstance.py:1165} INFO - Dependencies all met for <TaskInstance: group_dag.check_file manual__2023-06-14T03:46:22.245958+00:00 [queued]>
[2023-06-14T03:46:35.167+0000] {taskinstance.py:1362} INFO - 
--------------------------------------------------------------------------------
[2023-06-14T03:46:35.169+0000] {taskinstance.py:1363} INFO - Starting attempt 1 of 1
[2023-06-14T03:46:35.170+0000] {taskinstance.py:1364} INFO - 
--------------------------------------------------------------------------------
[2023-06-14T03:46:35.180+0000] {taskinstance.py:1383} INFO - Executing <Task(BashOperator): check_file> on 2023-06-14 03:46:22.245958+00:00
[2023-06-14T03:46:35.186+0000] {standard_task_runner.py:55} INFO - Started process 381 to run task
[2023-06-14T03:46:35.191+0000] {standard_task_runner.py:82} INFO - Running: ['***', 'tasks', 'run', 'group_dag', 'check_file', 'manual__2023-06-14T03:46:22.245958+00:00', '--job-id', '179', '--raw', '--subdir', 'DAGS_FOLDER/group_dag.py', '--cfg-path', '/tmp/tmpeg4uvvam']
[2023-06-14T03:46:35.193+0000] {standard_task_runner.py:83} INFO - Job 179: Subtask check_file
[2023-06-14T03:46:35.254+0000] {task_command.py:376} INFO - Running <TaskInstance: group_dag.check_file manual__2023-06-14T03:46:22.245958+00:00 [running]> on host 5f3b9c67a0bc
[2023-06-14T03:46:35.316+0000] {taskinstance.py:1592} INFO - Exporting the following env vars:
AIRFLOW_CTX_DAG_OWNER=***
AIRFLOW_CTX_DAG_ID=group_dag
AIRFLOW_CTX_TASK_ID=check_file
AIRFLOW_CTX_EXECUTION_DATE=2023-06-14T03:46:22.245958+00:00
AIRFLOW_CTX_TRY_NUMBER=1
AIRFLOW_CTX_DAG_RUN_ID=manual__2023-06-14T03:46:22.245958+00:00
[2023-06-14T03:46:35.318+0000] {subprocess.py:63} INFO - Tmp dir root location: 
 /tmp
[2023-06-14T03:46:35.319+0000] {subprocess.py:75} INFO - Running command: ['/bin/bash', '-c', 'sleep 10']
[2023-06-14T03:46:35.333+0000] {subprocess.py:86} INFO - Output:
[2023-06-14T03:46:45.340+0000] {subprocess.py:97} INFO - Command exited with return code 0
[2023-06-14T03:46:45.374+0000] {taskinstance.py:1406} INFO - Marking task as SUCCESS. dag_id=group_dag, task_id=check_file, execution_date=20230614T034622, start_date=20230614T034635, end_date=20230614T034645
[2023-06-14T03:46:45.420+0000] {local_task_job.py:164} INFO - Task exited with return code 0
[2023-06-14T03:46:45.437+0000] {local_task_job.py:273} INFO - 0 downstream tasks scheduled from follow-on schedule check
