[2023-06-14T03:46:25.009+0000] {taskinstance.py:1165} INFO - Dependencies all met for <TaskInstance: endToend_user_processing.process_user manual__2023-06-14T03:46:19.171385+00:00 [queued]>
[2023-06-14T03:46:25.016+0000] {taskinstance.py:1165} INFO - Dependencies all met for <TaskInstance: endToend_user_processing.process_user manual__2023-06-14T03:46:19.171385+00:00 [queued]>
[2023-06-14T03:46:25.018+0000] {taskinstance.py:1362} INFO - 
--------------------------------------------------------------------------------
[2023-06-14T03:46:25.019+0000] {taskinstance.py:1363} INFO - Starting attempt 1 of 1
[2023-06-14T03:46:25.020+0000] {taskinstance.py:1364} INFO - 
--------------------------------------------------------------------------------
[2023-06-14T03:46:25.028+0000] {taskinstance.py:1383} INFO - Executing <Task(PythonOperator): process_user> on 2023-06-14 03:46:19.171385+00:00
[2023-06-14T03:46:25.034+0000] {standard_task_runner.py:55} INFO - Started process 357 to run task
[2023-06-14T03:46:25.038+0000] {standard_task_runner.py:82} INFO - Running: ['***', 'tasks', 'run', 'endToend_user_processing', 'process_user', 'manual__2023-06-14T03:46:19.171385+00:00', '--job-id', '173', '--raw', '--subdir', 'DAGS_FOLDER/user_processing.py', '--cfg-path', '/tmp/tmphgfgtf17']
[2023-06-14T03:46:25.062+0000] {standard_task_runner.py:83} INFO - Job 173: Subtask process_user
[2023-06-14T03:46:25.125+0000] {task_command.py:376} INFO - Running <TaskInstance: endToend_user_processing.process_user manual__2023-06-14T03:46:19.171385+00:00 [running]> on host 5f3b9c67a0bc
[2023-06-14T03:46:25.190+0000] {taskinstance.py:1592} INFO - Exporting the following env vars:
AIRFLOW_CTX_DAG_OWNER=***
AIRFLOW_CTX_DAG_ID=endToend_user_processing
AIRFLOW_CTX_TASK_ID=process_user
AIRFLOW_CTX_EXECUTION_DATE=2023-06-14T03:46:19.171385+00:00
AIRFLOW_CTX_TRY_NUMBER=1
AIRFLOW_CTX_DAG_RUN_ID=manual__2023-06-14T03:46:19.171385+00:00
[2023-06-14T03:46:25.218+0000] {python.py:177} INFO - Done. Returned value was: None
[2023-06-14T03:46:25.230+0000] {taskinstance.py:1406} INFO - Marking task as SUCCESS. dag_id=endToend_user_processing, task_id=process_user, execution_date=20230614T034619, start_date=20230614T034625, end_date=20230614T034625
[2023-06-14T03:46:25.292+0000] {local_task_job.py:164} INFO - Task exited with return code 0
[2023-06-14T03:46:25.314+0000] {local_task_job.py:273} INFO - 1 downstream tasks scheduled from follow-on schedule check
