[2023-06-13T06:44:02.093+0000] {taskinstance.py:1165} INFO - Dependencies all met for <TaskInstance: endToend_user_processing.store_user scheduled__2023-06-12T00:00:00+00:00 [queued]>
[2023-06-13T06:44:02.102+0000] {taskinstance.py:1165} INFO - Dependencies all met for <TaskInstance: endToend_user_processing.store_user scheduled__2023-06-12T00:00:00+00:00 [queued]>
[2023-06-13T06:44:02.104+0000] {taskinstance.py:1362} INFO - 
--------------------------------------------------------------------------------
[2023-06-13T06:44:02.106+0000] {taskinstance.py:1363} INFO - Starting attempt 1 of 1
[2023-06-13T06:44:02.107+0000] {taskinstance.py:1364} INFO - 
--------------------------------------------------------------------------------
[2023-06-13T06:44:02.117+0000] {taskinstance.py:1383} INFO - Executing <Task(PythonOperator): store_user> on 2023-06-12 00:00:00+00:00
[2023-06-13T06:44:02.123+0000] {standard_task_runner.py:55} INFO - Started process 17399 to run task
[2023-06-13T06:44:02.128+0000] {standard_task_runner.py:82} INFO - Running: ['***', 'tasks', 'run', 'endToend_user_processing', 'store_user', 'scheduled__2023-06-12T00:00:00+00:00', '--job-id', '119', '--raw', '--subdir', 'DAGS_FOLDER/user_processing.py', '--cfg-path', '/tmp/tmp24wohu64']
[2023-06-13T06:44:02.134+0000] {standard_task_runner.py:83} INFO - Job 119: Subtask store_user
[2023-06-13T06:44:02.224+0000] {task_command.py:376} INFO - Running <TaskInstance: endToend_user_processing.store_user scheduled__2023-06-12T00:00:00+00:00 [running]> on host c0d3dfdc775c
[2023-06-13T06:44:02.290+0000] {taskinstance.py:1592} INFO - Exporting the following env vars:
AIRFLOW_CTX_DAG_OWNER=***
AIRFLOW_CTX_DAG_ID=endToend_user_processing
AIRFLOW_CTX_TASK_ID=store_user
AIRFLOW_CTX_EXECUTION_DATE=2023-06-12T00:00:00+00:00
AIRFLOW_CTX_TRY_NUMBER=1
AIRFLOW_CTX_DAG_RUN_ID=scheduled__2023-06-12T00:00:00+00:00
[2023-06-13T06:44:02.293+0000] {postgres.py:129} INFO - Running copy expert: COPY users from stdin with delimiter as ',', filename: /tmp/processed_user.csv
[2023-06-13T06:44:02.310+0000] {base.py:71} INFO - Using connection ID 'postgres' for task execution.
[2023-06-13T06:44:02.319+0000] {python.py:177} INFO - Done. Returned value was: None
[2023-06-13T06:44:02.331+0000] {taskinstance.py:1406} INFO - Marking task as SUCCESS. dag_id=endToend_user_processing, task_id=store_user, execution_date=20230612T000000, start_date=20230613T064402, end_date=20230613T064402
[2023-06-13T06:44:02.385+0000] {local_task_job.py:164} INFO - Task exited with return code 0
[2023-06-13T06:44:02.405+0000] {local_task_job.py:273} INFO - 0 downstream tasks scheduled from follow-on schedule check
