[2023-06-13T06:18:38.923+0000] {taskinstance.py:1165} INFO - Dependencies all met for <TaskInstance: xcom_dag.downloading_data manual__2023-06-13T06:18:37.870450+00:00 [queued]>
[2023-06-13T06:18:38.934+0000] {taskinstance.py:1165} INFO - Dependencies all met for <TaskInstance: xcom_dag.downloading_data manual__2023-06-13T06:18:37.870450+00:00 [queued]>
[2023-06-13T06:18:38.935+0000] {taskinstance.py:1362} INFO - 
--------------------------------------------------------------------------------
[2023-06-13T06:18:38.937+0000] {taskinstance.py:1363} INFO - Starting attempt 1 of 1
[2023-06-13T06:18:38.938+0000] {taskinstance.py:1364} INFO - 
--------------------------------------------------------------------------------
[2023-06-13T06:18:38.950+0000] {taskinstance.py:1383} INFO - Executing <Task(BashOperator): downloading_data> on 2023-06-13 06:18:37.870450+00:00
[2023-06-13T06:18:38.957+0000] {standard_task_runner.py:55} INFO - Started process 16320 to run task
[2023-06-13T06:18:38.963+0000] {standard_task_runner.py:82} INFO - Running: ['***', 'tasks', 'run', 'xcom_dag', 'downloading_data', 'manual__2023-06-13T06:18:37.870450+00:00', '--job-id', '79', '--raw', '--subdir', 'DAGS_FOLDER/xcom_dag.py', '--cfg-path', '/tmp/tmpj4b4duyl']
[2023-06-13T06:18:38.980+0000] {standard_task_runner.py:83} INFO - Job 79: Subtask downloading_data
[2023-06-13T06:18:39.054+0000] {task_command.py:376} INFO - Running <TaskInstance: xcom_dag.downloading_data manual__2023-06-13T06:18:37.870450+00:00 [running]> on host c0d3dfdc775c
[2023-06-13T06:18:39.130+0000] {taskinstance.py:1592} INFO - Exporting the following env vars:
AIRFLOW_CTX_DAG_OWNER=***
AIRFLOW_CTX_DAG_ID=xcom_dag
AIRFLOW_CTX_TASK_ID=downloading_data
AIRFLOW_CTX_EXECUTION_DATE=2023-06-13T06:18:37.870450+00:00
AIRFLOW_CTX_TRY_NUMBER=1
AIRFLOW_CTX_DAG_RUN_ID=manual__2023-06-13T06:18:37.870450+00:00
[2023-06-13T06:18:39.133+0000] {subprocess.py:63} INFO - Tmp dir root location: 
 /tmp
[2023-06-13T06:18:39.134+0000] {subprocess.py:75} INFO - Running command: ['/bin/bash', '-c', 'sleep 3']
[2023-06-13T06:18:39.149+0000] {subprocess.py:86} INFO - Output:
[2023-06-13T06:18:42.154+0000] {subprocess.py:97} INFO - Command exited with return code 0
[2023-06-13T06:18:42.198+0000] {taskinstance.py:1406} INFO - Marking task as SUCCESS. dag_id=xcom_dag, task_id=downloading_data, execution_date=20230613T061837, start_date=20230613T061838, end_date=20230613T061842
[2023-06-13T06:18:42.237+0000] {local_task_job.py:164} INFO - Task exited with return code 0
[2023-06-13T06:18:42.297+0000] {local_task_job.py:273} INFO - 3 downstream tasks scheduled from follow-on schedule check
