[2023-06-09T00:03:05.909+0000] {processor.py:154} INFO - Started process (PID=1853) to work on /opt/airflow/dags/producer.py
[2023-06-09T00:03:05.912+0000] {processor.py:756} INFO - Processing file /opt/airflow/dags/producer.py for tasks to queue
[2023-06-09T00:03:05.914+0000] {logging_mixin.py:120} INFO - [2023-06-09T00:03:05.914+0000] {dagbag.py:537} INFO - Filling up the DagBag from /opt/airflow/dags/producer.py
[2023-06-09T00:03:06.013+0000] {processor.py:766} INFO - DAG(s) dict_keys(['a_producer']) retrieved from /opt/airflow/dags/producer.py
[2023-06-09T00:03:06.126+0000] {logging_mixin.py:120} INFO - [2023-06-09T00:03:06.126+0000] {dag.py:2585} INFO - Sync 1 DAGs
[2023-06-09T00:03:06.417+0000] {logging_mixin.py:120} INFO - [2023-06-09T00:03:06.417+0000] {dag.py:3340} INFO - Setting next_dagrun for a_producer to 2023-06-09T00:00:00+00:00, run_after=2023-06-10T00:00:00+00:00
[2023-06-09T00:03:06.497+0000] {processor.py:176} INFO - Processing /opt/airflow/dags/producer.py took 0.596 seconds
[2023-06-09T01:26:17.204+0000] {processor.py:154} INFO - Started process (PID=1879) to work on /opt/airflow/dags/producer.py
[2023-06-09T01:26:17.217+0000] {processor.py:756} INFO - Processing file /opt/airflow/dags/producer.py for tasks to queue
[2023-06-09T01:26:17.232+0000] {logging_mixin.py:120} INFO - [2023-06-09T01:26:17.232+0000] {dagbag.py:537} INFO - Filling up the DagBag from /opt/airflow/dags/producer.py
[2023-06-09T01:26:17.390+0000] {processor.py:766} INFO - DAG(s) dict_keys(['a_producer']) retrieved from /opt/airflow/dags/producer.py
[2023-06-09T01:26:17.527+0000] {logging_mixin.py:120} INFO - [2023-06-09T01:26:17.527+0000] {dag.py:2585} INFO - Sync 1 DAGs
[2023-06-09T01:26:17.645+0000] {logging_mixin.py:120} INFO - [2023-06-09T01:26:17.645+0000] {dag.py:3340} INFO - Setting next_dagrun for a_producer to 2023-06-09T00:00:00+00:00, run_after=2023-06-10T00:00:00+00:00
[2023-06-09T01:26:17.769+0000] {processor.py:176} INFO - Processing /opt/airflow/dags/producer.py took 0.589 seconds
[2023-06-09T02:13:25.207+0000] {processor.py:154} INFO - Started process (PID=1910) to work on /opt/airflow/dags/producer.py
[2023-06-09T02:13:25.216+0000] {processor.py:756} INFO - Processing file /opt/airflow/dags/producer.py for tasks to queue
[2023-06-09T02:13:25.218+0000] {logging_mixin.py:120} INFO - [2023-06-09T02:13:25.218+0000] {dagbag.py:537} INFO - Filling up the DagBag from /opt/airflow/dags/producer.py
[2023-06-09T02:13:25.286+0000] {processor.py:766} INFO - DAG(s) dict_keys(['a_producer']) retrieved from /opt/airflow/dags/producer.py
[2023-06-09T02:13:25.387+0000] {logging_mixin.py:120} INFO - [2023-06-09T02:13:25.387+0000] {dag.py:2585} INFO - Sync 1 DAGs
[2023-06-09T02:13:25.424+0000] {logging_mixin.py:120} INFO - [2023-06-09T02:13:25.423+0000] {dag.py:3340} INFO - Setting next_dagrun for a_producer to 2023-06-09T00:00:00+00:00, run_after=2023-06-10T00:00:00+00:00
[2023-06-09T02:13:25.449+0000] {processor.py:176} INFO - Processing /opt/airflow/dags/producer.py took 0.251 seconds
[2023-06-09T02:45:58.318+0000] {processor.py:154} INFO - Started process (PID=1941) to work on /opt/airflow/dags/producer.py
[2023-06-09T02:45:58.322+0000] {processor.py:756} INFO - Processing file /opt/airflow/dags/producer.py for tasks to queue
[2023-06-09T02:45:58.325+0000] {logging_mixin.py:120} INFO - [2023-06-09T02:45:58.325+0000] {dagbag.py:537} INFO - Filling up the DagBag from /opt/airflow/dags/producer.py
[2023-06-09T02:45:58.461+0000] {processor.py:766} INFO - DAG(s) dict_keys(['a_producer']) retrieved from /opt/airflow/dags/producer.py
[2023-06-09T02:45:58.617+0000] {logging_mixin.py:120} INFO - [2023-06-09T02:45:58.616+0000] {dag.py:2585} INFO - Sync 1 DAGs
[2023-06-09T02:45:58.707+0000] {logging_mixin.py:120} INFO - [2023-06-09T02:45:58.707+0000] {dag.py:3340} INFO - Setting next_dagrun for a_producer to 2023-06-09T00:00:00+00:00, run_after=2023-06-10T00:00:00+00:00
[2023-06-09T02:45:58.773+0000] {processor.py:176} INFO - Processing /opt/airflow/dags/producer.py took 0.467 seconds
[2023-06-09T03:51:52.745+0000] {processor.py:154} INFO - Started process (PID=1969) to work on /opt/airflow/dags/producer.py
[2023-06-09T03:51:52.773+0000] {processor.py:756} INFO - Processing file /opt/airflow/dags/producer.py for tasks to queue
[2023-06-09T03:51:52.778+0000] {logging_mixin.py:120} INFO - [2023-06-09T03:51:52.778+0000] {dagbag.py:537} INFO - Filling up the DagBag from /opt/airflow/dags/producer.py
[2023-06-09T03:51:52.932+0000] {processor.py:766} INFO - DAG(s) dict_keys(['a_producer']) retrieved from /opt/airflow/dags/producer.py
[2023-06-09T03:51:53.152+0000] {logging_mixin.py:120} INFO - [2023-06-09T03:51:53.152+0000] {dag.py:2585} INFO - Sync 1 DAGs
[2023-06-09T03:51:53.252+0000] {logging_mixin.py:120} INFO - [2023-06-09T03:51:53.252+0000] {dag.py:3340} INFO - Setting next_dagrun for a_producer to 2023-06-09T00:00:00+00:00, run_after=2023-06-10T00:00:00+00:00
[2023-06-09T03:51:53.328+0000] {processor.py:176} INFO - Processing /opt/airflow/dags/producer.py took 0.588 seconds
[2023-06-09T04:33:45.532+0000] {processor.py:154} INFO - Started process (PID=1993) to work on /opt/airflow/dags/producer.py
[2023-06-09T04:33:45.537+0000] {processor.py:756} INFO - Processing file /opt/airflow/dags/producer.py for tasks to queue
[2023-06-09T04:33:45.541+0000] {logging_mixin.py:120} INFO - [2023-06-09T04:33:45.541+0000] {dagbag.py:537} INFO - Filling up the DagBag from /opt/airflow/dags/producer.py
[2023-06-09T04:33:45.643+0000] {processor.py:766} INFO - DAG(s) dict_keys(['a_producer']) retrieved from /opt/airflow/dags/producer.py
[2023-06-09T04:33:45.801+0000] {logging_mixin.py:120} INFO - [2023-06-09T04:33:45.801+0000] {dag.py:2585} INFO - Sync 1 DAGs
[2023-06-09T04:33:45.876+0000] {logging_mixin.py:120} INFO - [2023-06-09T04:33:45.876+0000] {dag.py:3340} INFO - Setting next_dagrun for a_producer to 2023-06-09T00:00:00+00:00, run_after=2023-06-10T00:00:00+00:00
[2023-06-09T04:33:45.915+0000] {processor.py:176} INFO - Processing /opt/airflow/dags/producer.py took 0.390 seconds
[2023-06-09T04:35:40.098+0000] {processor.py:154} INFO - Started process (PID=2024) to work on /opt/airflow/dags/producer.py
[2023-06-09T04:35:40.102+0000] {processor.py:756} INFO - Processing file /opt/airflow/dags/producer.py for tasks to queue
[2023-06-09T04:35:40.107+0000] {logging_mixin.py:120} INFO - [2023-06-09T04:35:40.107+0000] {dagbag.py:537} INFO - Filling up the DagBag from /opt/airflow/dags/producer.py
[2023-06-09T04:35:40.146+0000] {processor.py:766} INFO - DAG(s) dict_keys(['a_producer']) retrieved from /opt/airflow/dags/producer.py
[2023-06-09T04:35:40.193+0000] {logging_mixin.py:120} INFO - [2023-06-09T04:35:40.193+0000] {dag.py:2585} INFO - Sync 1 DAGs
[2023-06-09T04:35:40.215+0000] {logging_mixin.py:120} INFO - [2023-06-09T04:35:40.215+0000] {dag.py:3340} INFO - Setting next_dagrun for a_producer to 2023-06-09T00:00:00+00:00, run_after=2023-06-10T00:00:00+00:00
[2023-06-09T04:35:40.242+0000] {processor.py:176} INFO - Processing /opt/airflow/dags/producer.py took 0.152 seconds
[2023-06-09T04:38:43.197+0000] {processor.py:154} INFO - Started process (PID=2055) to work on /opt/airflow/dags/producer.py
[2023-06-09T04:38:43.202+0000] {processor.py:756} INFO - Processing file /opt/airflow/dags/producer.py for tasks to queue
[2023-06-09T04:38:43.207+0000] {logging_mixin.py:120} INFO - [2023-06-09T04:38:43.206+0000] {dagbag.py:537} INFO - Filling up the DagBag from /opt/airflow/dags/producer.py
[2023-06-09T04:38:43.321+0000] {processor.py:766} INFO - DAG(s) dict_keys(['a_producer']) retrieved from /opt/airflow/dags/producer.py
[2023-06-09T04:38:43.515+0000] {logging_mixin.py:120} INFO - [2023-06-09T04:38:43.515+0000] {dag.py:2585} INFO - Sync 1 DAGs
[2023-06-09T04:38:43.592+0000] {logging_mixin.py:120} INFO - [2023-06-09T04:38:43.592+0000] {dag.py:3340} INFO - Setting next_dagrun for a_producer to 2023-06-09T00:00:00+00:00, run_after=2023-06-10T00:00:00+00:00
[2023-06-09T04:38:43.661+0000] {processor.py:176} INFO - Processing /opt/airflow/dags/producer.py took 0.474 seconds
[2023-06-09T04:45:29.020+0000] {processor.py:154} INFO - Started process (PID=2078) to work on /opt/airflow/dags/producer.py
[2023-06-09T04:45:29.030+0000] {processor.py:756} INFO - Processing file /opt/airflow/dags/producer.py for tasks to queue
[2023-06-09T04:45:29.034+0000] {logging_mixin.py:120} INFO - [2023-06-09T04:45:29.034+0000] {dagbag.py:537} INFO - Filling up the DagBag from /opt/airflow/dags/producer.py
[2023-06-09T04:45:29.095+0000] {processor.py:766} INFO - DAG(s) dict_keys(['a_producer']) retrieved from /opt/airflow/dags/producer.py
[2023-06-09T04:45:29.201+0000] {logging_mixin.py:120} INFO - [2023-06-09T04:45:29.201+0000] {dag.py:2585} INFO - Sync 1 DAGs
[2023-06-09T04:45:29.242+0000] {logging_mixin.py:120} INFO - [2023-06-09T04:45:29.242+0000] {dag.py:3340} INFO - Setting next_dagrun for a_producer to 2023-06-09T00:00:00+00:00, run_after=2023-06-10T00:00:00+00:00
[2023-06-09T04:45:29.280+0000] {processor.py:176} INFO - Processing /opt/airflow/dags/producer.py took 0.264 seconds
[2023-06-09T04:56:53.113+0000] {processor.py:154} INFO - Started process (PID=2109) to work on /opt/airflow/dags/producer.py
[2023-06-09T04:56:53.121+0000] {processor.py:756} INFO - Processing file /opt/airflow/dags/producer.py for tasks to queue
[2023-06-09T04:56:53.124+0000] {logging_mixin.py:120} INFO - [2023-06-09T04:56:53.124+0000] {dagbag.py:537} INFO - Filling up the DagBag from /opt/airflow/dags/producer.py
[2023-06-09T04:56:53.203+0000] {processor.py:766} INFO - DAG(s) dict_keys(['a_producer']) retrieved from /opt/airflow/dags/producer.py
[2023-06-09T04:56:53.311+0000] {logging_mixin.py:120} INFO - [2023-06-09T04:56:53.311+0000] {dag.py:2585} INFO - Sync 1 DAGs
[2023-06-09T04:56:53.370+0000] {logging_mixin.py:120} INFO - [2023-06-09T04:56:53.369+0000] {dag.py:3340} INFO - Setting next_dagrun for a_producer to 2023-06-09T00:00:00+00:00, run_after=2023-06-10T00:00:00+00:00
[2023-06-09T04:56:53.412+0000] {processor.py:176} INFO - Processing /opt/airflow/dags/producer.py took 0.305 seconds
[2023-06-09T05:17:20.035+0000] {processor.py:154} INFO - Started process (PID=2141) to work on /opt/airflow/dags/producer.py
[2023-06-09T05:17:20.038+0000] {processor.py:756} INFO - Processing file /opt/airflow/dags/producer.py for tasks to queue
[2023-06-09T05:17:20.040+0000] {logging_mixin.py:120} INFO - [2023-06-09T05:17:20.040+0000] {dagbag.py:537} INFO - Filling up the DagBag from /opt/airflow/dags/producer.py
[2023-06-09T05:17:20.073+0000] {processor.py:766} INFO - DAG(s) dict_keys(['a_producer']) retrieved from /opt/airflow/dags/producer.py
[2023-06-09T05:17:20.126+0000] {logging_mixin.py:120} INFO - [2023-06-09T05:17:20.126+0000] {dag.py:2585} INFO - Sync 1 DAGs
[2023-06-09T05:17:20.147+0000] {logging_mixin.py:120} INFO - [2023-06-09T05:17:20.146+0000] {dag.py:3340} INFO - Setting next_dagrun for a_producer to 2023-06-09T00:00:00+00:00, run_after=2023-06-10T00:00:00+00:00
[2023-06-09T05:17:20.162+0000] {processor.py:176} INFO - Processing /opt/airflow/dags/producer.py took 0.129 seconds
[2023-06-09T06:07:55.646+0000] {processor.py:154} INFO - Started process (PID=2164) to work on /opt/airflow/dags/producer.py
[2023-06-09T06:07:55.649+0000] {processor.py:756} INFO - Processing file /opt/airflow/dags/producer.py for tasks to queue
[2023-06-09T06:07:55.651+0000] {logging_mixin.py:120} INFO - [2023-06-09T06:07:55.650+0000] {dagbag.py:537} INFO - Filling up the DagBag from /opt/airflow/dags/producer.py
[2023-06-09T06:07:55.739+0000] {processor.py:766} INFO - DAG(s) dict_keys(['a_producer']) retrieved from /opt/airflow/dags/producer.py
[2023-06-09T06:07:55.838+0000] {logging_mixin.py:120} INFO - [2023-06-09T06:07:55.838+0000] {dag.py:2585} INFO - Sync 1 DAGs
[2023-06-09T06:07:55.879+0000] {logging_mixin.py:120} INFO - [2023-06-09T06:07:55.877+0000] {dag.py:3340} INFO - Setting next_dagrun for a_producer to 2023-06-09T00:00:00+00:00, run_after=2023-06-10T00:00:00+00:00
[2023-06-09T06:07:55.907+0000] {processor.py:176} INFO - Processing /opt/airflow/dags/producer.py took 0.264 seconds
[2023-06-09T07:05:49.088+0000] {processor.py:154} INFO - Started process (PID=2196) to work on /opt/airflow/dags/producer.py
[2023-06-09T07:05:49.094+0000] {processor.py:756} INFO - Processing file /opt/airflow/dags/producer.py for tasks to queue
[2023-06-09T07:05:49.100+0000] {logging_mixin.py:120} INFO - [2023-06-09T07:05:49.100+0000] {dagbag.py:537} INFO - Filling up the DagBag from /opt/airflow/dags/producer.py
[2023-06-09T07:05:49.199+0000] {processor.py:766} INFO - DAG(s) dict_keys(['a_producer']) retrieved from /opt/airflow/dags/producer.py
[2023-06-09T07:05:49.326+0000] {logging_mixin.py:120} INFO - [2023-06-09T07:05:49.326+0000] {dag.py:2585} INFO - Sync 1 DAGs
[2023-06-09T07:05:49.386+0000] {logging_mixin.py:120} INFO - [2023-06-09T07:05:49.385+0000] {dag.py:3340} INFO - Setting next_dagrun for a_producer to 2023-06-09T00:00:00+00:00, run_after=2023-06-10T00:00:00+00:00
[2023-06-09T07:05:49.434+0000] {processor.py:176} INFO - Processing /opt/airflow/dags/producer.py took 0.386 seconds
[2023-06-09T08:04:26.245+0000] {processor.py:154} INFO - Started process (PID=2226) to work on /opt/airflow/dags/producer.py
[2023-06-09T08:04:26.251+0000] {processor.py:756} INFO - Processing file /opt/airflow/dags/producer.py for tasks to queue
[2023-06-09T08:04:26.257+0000] {logging_mixin.py:120} INFO - [2023-06-09T08:04:26.256+0000] {dagbag.py:537} INFO - Filling up the DagBag from /opt/airflow/dags/producer.py
[2023-06-09T08:04:26.335+0000] {processor.py:766} INFO - DAG(s) dict_keys(['a_producer']) retrieved from /opt/airflow/dags/producer.py
[2023-06-09T08:04:26.455+0000] {logging_mixin.py:120} INFO - [2023-06-09T08:04:26.455+0000] {dag.py:2585} INFO - Sync 1 DAGs
[2023-06-09T08:04:26.505+0000] {logging_mixin.py:120} INFO - [2023-06-09T08:04:26.505+0000] {dag.py:3340} INFO - Setting next_dagrun for a_producer to 2023-06-09T00:00:00+00:00, run_after=2023-06-10T00:00:00+00:00
[2023-06-09T08:04:26.573+0000] {processor.py:176} INFO - Processing /opt/airflow/dags/producer.py took 0.334 seconds
[2023-06-09T08:43:12.955+0000] {processor.py:154} INFO - Started process (PID=2247) to work on /opt/airflow/dags/producer.py
[2023-06-09T08:43:12.958+0000] {processor.py:756} INFO - Processing file /opt/airflow/dags/producer.py for tasks to queue
[2023-06-09T08:43:12.960+0000] {logging_mixin.py:120} INFO - [2023-06-09T08:43:12.959+0000] {dagbag.py:537} INFO - Filling up the DagBag from /opt/airflow/dags/producer.py
[2023-06-09T08:43:13.015+0000] {processor.py:766} INFO - DAG(s) dict_keys(['a_producer']) retrieved from /opt/airflow/dags/producer.py
[2023-06-09T08:43:13.103+0000] {logging_mixin.py:120} INFO - [2023-06-09T08:43:13.102+0000] {dag.py:2585} INFO - Sync 1 DAGs
[2023-06-09T08:43:13.130+0000] {logging_mixin.py:120} INFO - [2023-06-09T08:43:13.130+0000] {dag.py:3340} INFO - Setting next_dagrun for a_producer to 2023-06-09T00:00:00+00:00, run_after=2023-06-10T00:00:00+00:00
[2023-06-09T08:43:13.147+0000] {processor.py:176} INFO - Processing /opt/airflow/dags/producer.py took 0.195 seconds
[2023-06-09T09:47:53.095+0000] {processor.py:154} INFO - Started process (PID=2277) to work on /opt/airflow/dags/producer.py
[2023-06-09T09:47:53.105+0000] {processor.py:756} INFO - Processing file /opt/airflow/dags/producer.py for tasks to queue
[2023-06-09T09:47:53.110+0000] {logging_mixin.py:120} INFO - [2023-06-09T09:47:53.110+0000] {dagbag.py:537} INFO - Filling up the DagBag from /opt/airflow/dags/producer.py
[2023-06-09T09:47:53.239+0000] {processor.py:766} INFO - DAG(s) dict_keys(['a_producer']) retrieved from /opt/airflow/dags/producer.py
[2023-06-09T09:47:53.386+0000] {logging_mixin.py:120} INFO - [2023-06-09T09:47:53.386+0000] {dag.py:2585} INFO - Sync 1 DAGs
[2023-06-09T09:47:53.440+0000] {logging_mixin.py:120} INFO - [2023-06-09T09:47:53.440+0000] {dag.py:3340} INFO - Setting next_dagrun for a_producer to 2023-06-09T00:00:00+00:00, run_after=2023-06-10T00:00:00+00:00
[2023-06-09T09:47:53.491+0000] {processor.py:176} INFO - Processing /opt/airflow/dags/producer.py took 0.402 seconds
[2023-06-09T10:50:22.930+0000] {processor.py:154} INFO - Started process (PID=2307) to work on /opt/airflow/dags/producer.py
[2023-06-09T10:50:22.938+0000] {processor.py:756} INFO - Processing file /opt/airflow/dags/producer.py for tasks to queue
[2023-06-09T10:50:22.945+0000] {logging_mixin.py:120} INFO - [2023-06-09T10:50:22.945+0000] {dagbag.py:537} INFO - Filling up the DagBag from /opt/airflow/dags/producer.py
[2023-06-09T10:50:23.025+0000] {processor.py:766} INFO - DAG(s) dict_keys(['a_producer']) retrieved from /opt/airflow/dags/producer.py
[2023-06-09T10:50:23.125+0000] {logging_mixin.py:120} INFO - [2023-06-09T10:50:23.125+0000] {dag.py:2585} INFO - Sync 1 DAGs
[2023-06-09T10:50:23.177+0000] {logging_mixin.py:120} INFO - [2023-06-09T10:50:23.177+0000] {dag.py:3340} INFO - Setting next_dagrun for a_producer to 2023-06-09T00:00:00+00:00, run_after=2023-06-10T00:00:00+00:00
[2023-06-09T10:50:23.220+0000] {processor.py:176} INFO - Processing /opt/airflow/dags/producer.py took 0.305 seconds
[2023-06-09T11:41:35.048+0000] {processor.py:154} INFO - Started process (PID=2337) to work on /opt/airflow/dags/producer.py
[2023-06-09T11:41:35.071+0000] {processor.py:756} INFO - Processing file /opt/airflow/dags/producer.py for tasks to queue
[2023-06-09T11:41:35.076+0000] {logging_mixin.py:120} INFO - [2023-06-09T11:41:35.074+0000] {dagbag.py:537} INFO - Filling up the DagBag from /opt/airflow/dags/producer.py
[2023-06-09T11:41:35.284+0000] {processor.py:766} INFO - DAG(s) dict_keys(['a_producer']) retrieved from /opt/airflow/dags/producer.py
[2023-06-09T11:41:35.544+0000] {logging_mixin.py:120} INFO - [2023-06-09T11:41:35.544+0000] {dag.py:2585} INFO - Sync 1 DAGs
[2023-06-09T11:41:35.693+0000] {logging_mixin.py:120} INFO - [2023-06-09T11:41:35.692+0000] {dag.py:3340} INFO - Setting next_dagrun for a_producer to 2023-06-09T00:00:00+00:00, run_after=2023-06-10T00:00:00+00:00
[2023-06-09T11:41:36.497+0000] {processor.py:176} INFO - Processing /opt/airflow/dags/producer.py took 1.452 seconds
[2023-06-09T12:37:37.105+0000] {processor.py:154} INFO - Started process (PID=2360) to work on /opt/airflow/dags/producer.py
[2023-06-09T12:37:37.110+0000] {processor.py:756} INFO - Processing file /opt/airflow/dags/producer.py for tasks to queue
[2023-06-09T12:37:37.115+0000] {logging_mixin.py:120} INFO - [2023-06-09T12:37:37.114+0000] {dagbag.py:537} INFO - Filling up the DagBag from /opt/airflow/dags/producer.py
[2023-06-09T12:37:37.208+0000] {processor.py:766} INFO - DAG(s) dict_keys(['a_producer']) retrieved from /opt/airflow/dags/producer.py
[2023-06-09T12:37:37.279+0000] {logging_mixin.py:120} INFO - [2023-06-09T12:37:37.278+0000] {dag.py:2585} INFO - Sync 1 DAGs
[2023-06-09T12:37:37.315+0000] {logging_mixin.py:120} INFO - [2023-06-09T12:37:37.315+0000] {dag.py:3340} INFO - Setting next_dagrun for a_producer to 2023-06-09T00:00:00+00:00, run_after=2023-06-10T00:00:00+00:00
[2023-06-09T12:37:37.383+0000] {processor.py:176} INFO - Processing /opt/airflow/dags/producer.py took 0.288 seconds
[2023-06-09T13:44:40.028+0000] {processor.py:154} INFO - Started process (PID=2391) to work on /opt/airflow/dags/producer.py
[2023-06-09T13:44:40.034+0000] {processor.py:756} INFO - Processing file /opt/airflow/dags/producer.py for tasks to queue
[2023-06-09T13:44:40.039+0000] {logging_mixin.py:120} INFO - [2023-06-09T13:44:40.039+0000] {dagbag.py:537} INFO - Filling up the DagBag from /opt/airflow/dags/producer.py
[2023-06-09T13:44:40.132+0000] {processor.py:766} INFO - DAG(s) dict_keys(['a_producer']) retrieved from /opt/airflow/dags/producer.py
[2023-06-09T13:44:40.247+0000] {logging_mixin.py:120} INFO - [2023-06-09T13:44:40.247+0000] {dag.py:2585} INFO - Sync 1 DAGs
[2023-06-09T13:44:40.323+0000] {logging_mixin.py:120} INFO - [2023-06-09T13:44:40.322+0000] {dag.py:3340} INFO - Setting next_dagrun for a_producer to 2023-06-09T00:00:00+00:00, run_after=2023-06-10T00:00:00+00:00
[2023-06-09T13:44:40.390+0000] {processor.py:176} INFO - Processing /opt/airflow/dags/producer.py took 0.375 seconds
[2023-06-09T15:04:44.987+0000] {processor.py:154} INFO - Started process (PID=2420) to work on /opt/airflow/dags/producer.py
[2023-06-09T15:04:44.991+0000] {processor.py:756} INFO - Processing file /opt/airflow/dags/producer.py for tasks to queue
[2023-06-09T15:04:44.999+0000] {logging_mixin.py:120} INFO - [2023-06-09T15:04:44.999+0000] {dagbag.py:537} INFO - Filling up the DagBag from /opt/airflow/dags/producer.py
[2023-06-09T15:04:45.082+0000] {processor.py:766} INFO - DAG(s) dict_keys(['a_producer']) retrieved from /opt/airflow/dags/producer.py
[2023-06-09T15:04:45.194+0000] {logging_mixin.py:120} INFO - [2023-06-09T15:04:45.194+0000] {dag.py:2585} INFO - Sync 1 DAGs
[2023-06-09T15:04:45.258+0000] {logging_mixin.py:120} INFO - [2023-06-09T15:04:45.258+0000] {dag.py:3340} INFO - Setting next_dagrun for a_producer to 2023-06-09T00:00:00+00:00, run_after=2023-06-10T00:00:00+00:00
[2023-06-09T15:04:45.293+0000] {processor.py:176} INFO - Processing /opt/airflow/dags/producer.py took 0.309 seconds
[2023-06-09T16:10:32.937+0000] {processor.py:154} INFO - Started process (PID=2444) to work on /opt/airflow/dags/producer.py
[2023-06-09T16:10:32.941+0000] {processor.py:756} INFO - Processing file /opt/airflow/dags/producer.py for tasks to queue
[2023-06-09T16:10:32.943+0000] {logging_mixin.py:120} INFO - [2023-06-09T16:10:32.943+0000] {dagbag.py:537} INFO - Filling up the DagBag from /opt/airflow/dags/producer.py
[2023-06-09T16:10:32.986+0000] {processor.py:766} INFO - DAG(s) dict_keys(['a_producer']) retrieved from /opt/airflow/dags/producer.py
[2023-06-09T16:10:33.036+0000] {logging_mixin.py:120} INFO - [2023-06-09T16:10:33.035+0000] {dag.py:2585} INFO - Sync 1 DAGs
[2023-06-09T16:10:33.056+0000] {logging_mixin.py:120} INFO - [2023-06-09T16:10:33.056+0000] {dag.py:3340} INFO - Setting next_dagrun for a_producer to 2023-06-09T00:00:00+00:00, run_after=2023-06-10T00:00:00+00:00
[2023-06-09T16:10:33.073+0000] {processor.py:176} INFO - Processing /opt/airflow/dags/producer.py took 0.145 seconds
[2023-06-09T17:33:22.183+0000] {processor.py:154} INFO - Started process (PID=2475) to work on /opt/airflow/dags/producer.py
[2023-06-09T17:33:22.195+0000] {processor.py:756} INFO - Processing file /opt/airflow/dags/producer.py for tasks to queue
[2023-06-09T17:33:22.230+0000] {logging_mixin.py:120} INFO - [2023-06-09T17:33:22.230+0000] {dagbag.py:537} INFO - Filling up the DagBag from /opt/airflow/dags/producer.py
[2023-06-09T17:33:22.381+0000] {processor.py:766} INFO - DAG(s) dict_keys(['a_producer']) retrieved from /opt/airflow/dags/producer.py
[2023-06-09T17:33:22.532+0000] {logging_mixin.py:120} INFO - [2023-06-09T17:33:22.532+0000] {dag.py:2585} INFO - Sync 1 DAGs
[2023-06-09T17:33:22.580+0000] {logging_mixin.py:120} INFO - [2023-06-09T17:33:22.579+0000] {dag.py:3340} INFO - Setting next_dagrun for a_producer to 2023-06-09T00:00:00+00:00, run_after=2023-06-10T00:00:00+00:00
[2023-06-09T17:33:22.624+0000] {processor.py:176} INFO - Processing /opt/airflow/dags/producer.py took 0.447 seconds
[2023-06-09T18:54:36.564+0000] {processor.py:154} INFO - Started process (PID=2503) to work on /opt/airflow/dags/producer.py
[2023-06-09T18:54:36.606+0000] {processor.py:756} INFO - Processing file /opt/airflow/dags/producer.py for tasks to queue
[2023-06-09T18:54:36.616+0000] {logging_mixin.py:120} INFO - [2023-06-09T18:54:36.616+0000] {dagbag.py:537} INFO - Filling up the DagBag from /opt/airflow/dags/producer.py
[2023-06-09T18:54:36.814+0000] {processor.py:766} INFO - DAG(s) dict_keys(['a_producer']) retrieved from /opt/airflow/dags/producer.py
[2023-06-09T18:54:37.063+0000] {logging_mixin.py:120} INFO - [2023-06-09T18:54:37.063+0000] {dag.py:2585} INFO - Sync 1 DAGs
[2023-06-09T18:54:37.181+0000] {logging_mixin.py:120} INFO - [2023-06-09T18:54:37.181+0000] {dag.py:3340} INFO - Setting next_dagrun for a_producer to 2023-06-09T00:00:00+00:00, run_after=2023-06-10T00:00:00+00:00
[2023-06-09T18:54:37.227+0000] {processor.py:176} INFO - Processing /opt/airflow/dags/producer.py took 0.675 seconds
[2023-06-09T19:58:15.254+0000] {processor.py:154} INFO - Started process (PID=2526) to work on /opt/airflow/dags/producer.py
[2023-06-09T19:58:15.260+0000] {processor.py:756} INFO - Processing file /opt/airflow/dags/producer.py for tasks to queue
[2023-06-09T19:58:15.265+0000] {logging_mixin.py:120} INFO - [2023-06-09T19:58:15.265+0000] {dagbag.py:537} INFO - Filling up the DagBag from /opt/airflow/dags/producer.py
[2023-06-09T19:58:15.357+0000] {processor.py:766} INFO - DAG(s) dict_keys(['a_producer']) retrieved from /opt/airflow/dags/producer.py
[2023-06-09T19:58:15.432+0000] {logging_mixin.py:120} INFO - [2023-06-09T19:58:15.432+0000] {dag.py:2585} INFO - Sync 1 DAGs
[2023-06-09T19:58:15.463+0000] {logging_mixin.py:120} INFO - [2023-06-09T19:58:15.462+0000] {dag.py:3340} INFO - Setting next_dagrun for a_producer to 2023-06-09T00:00:00+00:00, run_after=2023-06-10T00:00:00+00:00
[2023-06-09T19:58:15.508+0000] {processor.py:176} INFO - Processing /opt/airflow/dags/producer.py took 0.267 seconds
[2023-06-09T21:20:14.114+0000] {processor.py:154} INFO - Started process (PID=2557) to work on /opt/airflow/dags/producer.py
[2023-06-09T21:20:14.121+0000] {processor.py:756} INFO - Processing file /opt/airflow/dags/producer.py for tasks to queue
[2023-06-09T21:20:14.124+0000] {logging_mixin.py:120} INFO - [2023-06-09T21:20:14.124+0000] {dagbag.py:537} INFO - Filling up the DagBag from /opt/airflow/dags/producer.py
[2023-06-09T21:20:14.211+0000] {processor.py:766} INFO - DAG(s) dict_keys(['a_producer']) retrieved from /opt/airflow/dags/producer.py
[2023-06-09T21:20:14.298+0000] {logging_mixin.py:120} INFO - [2023-06-09T21:20:14.298+0000] {dag.py:2585} INFO - Sync 1 DAGs
[2023-06-09T21:20:14.332+0000] {logging_mixin.py:120} INFO - [2023-06-09T21:20:14.332+0000] {dag.py:3340} INFO - Setting next_dagrun for a_producer to 2023-06-09T00:00:00+00:00, run_after=2023-06-10T00:00:00+00:00
[2023-06-09T21:20:14.370+0000] {processor.py:176} INFO - Processing /opt/airflow/dags/producer.py took 0.261 seconds
[2023-06-09T22:45:04.474+0000] {processor.py:154} INFO - Started process (PID=2578) to work on /opt/airflow/dags/producer.py
[2023-06-09T22:45:04.479+0000] {processor.py:756} INFO - Processing file /opt/airflow/dags/producer.py for tasks to queue
[2023-06-09T22:45:04.483+0000] {logging_mixin.py:120} INFO - [2023-06-09T22:45:04.483+0000] {dagbag.py:537} INFO - Filling up the DagBag from /opt/airflow/dags/producer.py
[2023-06-09T22:45:04.550+0000] {processor.py:766} INFO - DAG(s) dict_keys(['a_producer']) retrieved from /opt/airflow/dags/producer.py
[2023-06-09T22:45:04.703+0000] {logging_mixin.py:120} INFO - [2023-06-09T22:45:04.702+0000] {dag.py:2585} INFO - Sync 1 DAGs
[2023-06-09T22:45:04.763+0000] {logging_mixin.py:120} INFO - [2023-06-09T22:45:04.763+0000] {dag.py:3340} INFO - Setting next_dagrun for a_producer to 2023-06-09T00:00:00+00:00, run_after=2023-06-10T00:00:00+00:00
[2023-06-09T22:45:04.834+0000] {processor.py:176} INFO - Processing /opt/airflow/dags/producer.py took 0.364 seconds
