[2023-06-14T03:46:28.992+0000] {taskinstance.py:1165} INFO - Dependencies all met for <TaskInstance: xcom_dag.downloading_data manual__2023-06-14T03:46:27.684412+00:00 [queued]>
[2023-06-14T03:46:29.004+0000] {taskinstance.py:1165} INFO - Dependencies all met for <TaskInstance: xcom_dag.downloading_data manual__2023-06-14T03:46:27.684412+00:00 [queued]>
[2023-06-14T03:46:29.006+0000] {taskinstance.py:1362} INFO - 
--------------------------------------------------------------------------------
[2023-06-14T03:46:29.008+0000] {taskinstance.py:1363} INFO - Starting attempt 1 of 1
[2023-06-14T03:46:29.010+0000] {taskinstance.py:1364} INFO - 
--------------------------------------------------------------------------------
[2023-06-14T03:46:29.033+0000] {taskinstance.py:1383} INFO - Executing <Task(BashOperator): downloading_data> on 2023-06-14 03:46:27.684412+00:00
[2023-06-14T03:46:29.052+0000] {standard_task_runner.py:55} INFO - Started process 371 to run task
[2023-06-14T03:46:29.066+0000] {standard_task_runner.py:82} INFO - Running: ['***', 'tasks', 'run', 'xcom_dag', 'downloading_data', 'manual__2023-06-14T03:46:27.684412+00:00', '--job-id', '175', '--raw', '--subdir', 'DAGS_FOLDER/xcom_dag.py', '--cfg-path', '/tmp/tmph7_ccncg']
[2023-06-14T03:46:29.068+0000] {standard_task_runner.py:83} INFO - Job 175: Subtask downloading_data
[2023-06-14T03:46:29.207+0000] {task_command.py:376} INFO - Running <TaskInstance: xcom_dag.downloading_data manual__2023-06-14T03:46:27.684412+00:00 [running]> on host 5f3b9c67a0bc
[2023-06-14T03:46:29.302+0000] {taskinstance.py:1592} INFO - Exporting the following env vars:
AIRFLOW_CTX_DAG_OWNER=***
AIRFLOW_CTX_DAG_ID=xcom_dag
AIRFLOW_CTX_TASK_ID=downloading_data
AIRFLOW_CTX_EXECUTION_DATE=2023-06-14T03:46:27.684412+00:00
AIRFLOW_CTX_TRY_NUMBER=1
AIRFLOW_CTX_DAG_RUN_ID=manual__2023-06-14T03:46:27.684412+00:00
[2023-06-14T03:46:29.306+0000] {subprocess.py:63} INFO - Tmp dir root location: 
 /tmp
[2023-06-14T03:46:29.309+0000] {subprocess.py:75} INFO - Running command: ['/bin/bash', '-c', 'sleep 3']
[2023-06-14T03:46:29.369+0000] {subprocess.py:86} INFO - Output:
[2023-06-14T03:46:32.382+0000] {subprocess.py:97} INFO - Command exited with return code 0
[2023-06-14T03:46:32.410+0000] {taskinstance.py:1406} INFO - Marking task as SUCCESS. dag_id=xcom_dag, task_id=downloading_data, execution_date=20230614T034627, start_date=20230614T034628, end_date=20230614T034632
[2023-06-14T03:46:32.455+0000] {local_task_job.py:164} INFO - Task exited with return code 0
[2023-06-14T03:46:32.482+0000] {local_task_job.py:273} INFO - 3 downstream tasks scheduled from follow-on schedule check
