[2023-06-13T06:43:55.615+0000] {taskinstance.py:1165} INFO - Dependencies all met for <TaskInstance: endToend_user_processing.create_table scheduled__2023-06-12T00:00:00+00:00 [queued]>
[2023-06-13T06:43:55.624+0000] {taskinstance.py:1165} INFO - Dependencies all met for <TaskInstance: endToend_user_processing.create_table scheduled__2023-06-12T00:00:00+00:00 [queued]>
[2023-06-13T06:43:55.627+0000] {taskinstance.py:1362} INFO - 
--------------------------------------------------------------------------------
[2023-06-13T06:43:55.629+0000] {taskinstance.py:1363} INFO - Starting attempt 1 of 1
[2023-06-13T06:43:55.632+0000] {taskinstance.py:1364} INFO - 
--------------------------------------------------------------------------------
[2023-06-13T06:43:55.643+0000] {taskinstance.py:1383} INFO - Executing <Task(PostgresOperator): create_table> on 2023-06-12 00:00:00+00:00
[2023-06-13T06:43:55.650+0000] {standard_task_runner.py:55} INFO - Started process 17384 to run task
[2023-06-13T06:43:55.657+0000] {standard_task_runner.py:82} INFO - Running: ['***', 'tasks', 'run', 'endToend_user_processing', 'create_table', 'scheduled__2023-06-12T00:00:00+00:00', '--job-id', '114', '--raw', '--subdir', 'DAGS_FOLDER/user_processing.py', '--cfg-path', '/tmp/tmpqf2dxju9']
[2023-06-13T06:43:55.662+0000] {standard_task_runner.py:83} INFO - Job 114: Subtask create_table
[2023-06-13T06:43:55.726+0000] {task_command.py:376} INFO - Running <TaskInstance: endToend_user_processing.create_table scheduled__2023-06-12T00:00:00+00:00 [running]> on host c0d3dfdc775c
[2023-06-13T06:43:55.780+0000] {taskinstance.py:1592} INFO - Exporting the following env vars:
AIRFLOW_CTX_DAG_OWNER=***
AIRFLOW_CTX_DAG_ID=endToend_user_processing
AIRFLOW_CTX_TASK_ID=create_table
AIRFLOW_CTX_EXECUTION_DATE=2023-06-12T00:00:00+00:00
AIRFLOW_CTX_TRY_NUMBER=1
AIRFLOW_CTX_DAG_RUN_ID=scheduled__2023-06-12T00:00:00+00:00
[2023-06-13T06:43:55.791+0000] {base.py:71} INFO - Using connection ID 'postgres' for task execution.
[2023-06-13T06:43:55.797+0000] {sql.py:315} INFO - Running statement: 
          Create table if not exists users (
               firstname TEXT NOT NULL,
               lastname TEXT NOT NULL,
               country TEXT NOT NULL,
               username TEXT NOT NULL,
               password TEXT NOT NULL,
               email TEXT NOT NULL
          );
        , parameters: None
[2023-06-13T06:43:55.800+0000] {postgres.py:96} INFO - NOTICE:  relation "users" already exists, skipping

[2023-06-13T06:43:55.809+0000] {taskinstance.py:1406} INFO - Marking task as SUCCESS. dag_id=endToend_user_processing, task_id=create_table, execution_date=20230612T000000, start_date=20230613T064355, end_date=20230613T064355
[2023-06-13T06:43:55.872+0000] {local_task_job.py:164} INFO - Task exited with return code 0
[2023-06-13T06:43:55.896+0000] {local_task_job.py:273} INFO - 1 downstream tasks scheduled from follow-on schedule check
