[2023-06-13T06:37:06.944+0000] {taskinstance.py:1165} INFO - Dependencies all met for <TaskInstance: xcom_dag.task_4 manual__2023-06-13T06:37:00.220465+00:00 [queued]>
[2023-06-13T06:37:06.952+0000] {taskinstance.py:1165} INFO - Dependencies all met for <TaskInstance: xcom_dag.task_4 manual__2023-06-13T06:37:00.220465+00:00 [queued]>
[2023-06-13T06:37:06.954+0000] {taskinstance.py:1362} INFO - 
--------------------------------------------------------------------------------
[2023-06-13T06:37:06.955+0000] {taskinstance.py:1363} INFO - Starting attempt 1 of 1
[2023-06-13T06:37:06.956+0000] {taskinstance.py:1364} INFO - 
--------------------------------------------------------------------------------
[2023-06-13T06:37:06.966+0000] {taskinstance.py:1383} INFO - Executing <Task(PythonOperator): task_4> on 2023-06-13 06:37:00.220465+00:00
[2023-06-13T06:37:06.972+0000] {standard_task_runner.py:55} INFO - Started process 17024 to run task
[2023-06-13T06:37:06.976+0000] {standard_task_runner.py:82} INFO - Running: ['***', 'tasks', 'run', 'xcom_dag', 'task_4', 'manual__2023-06-13T06:37:00.220465+00:00', '--job-id', '102', '--raw', '--subdir', 'DAGS_FOLDER/xcom_dag.py', '--cfg-path', '/tmp/tmpqdcr3kad']
[2023-06-13T06:37:06.978+0000] {standard_task_runner.py:83} INFO - Job 102: Subtask task_4
[2023-06-13T06:37:07.046+0000] {task_command.py:376} INFO - Running <TaskInstance: xcom_dag.task_4 manual__2023-06-13T06:37:00.220465+00:00 [running]> on host c0d3dfdc775c
[2023-06-13T06:37:07.105+0000] {taskinstance.py:1592} INFO - Exporting the following env vars:
AIRFLOW_CTX_DAG_OWNER=***
AIRFLOW_CTX_DAG_ID=xcom_dag
AIRFLOW_CTX_TASK_ID=task_4
AIRFLOW_CTX_EXECUTION_DATE=2023-06-13T06:37:00.220465+00:00
AIRFLOW_CTX_TRY_NUMBER=1
AIRFLOW_CTX_DAG_RUN_ID=manual__2023-06-13T06:37:00.220465+00:00
[2023-06-13T06:37:07.108+0000] {logging_mixin.py:120} INFO - choose best model
[2023-06-13T06:37:07.143+0000] {logging_mixin.py:120} INFO - 1.5256288291242466 5.799710318092668 2.0177114117498953
[2023-06-13T06:37:07.145+0000] {python.py:177} INFO - Done. Returned value was: None
[2023-06-13T06:37:07.164+0000] {taskinstance.py:1406} INFO - Marking task as SUCCESS. dag_id=xcom_dag, task_id=task_4, execution_date=20230613T063700, start_date=20230613T063706, end_date=20230613T063707
[2023-06-13T06:37:07.188+0000] {local_task_job.py:164} INFO - Task exited with return code 0
[2023-06-13T06:37:07.207+0000] {local_task_job.py:273} INFO - 0 downstream tasks scheduled from follow-on schedule check
