[2023-06-08T11:18:17.437+0000] {taskinstance.py:1165} INFO - Dependencies all met for <TaskInstance: a_producer.update_dataset scheduled__2023-06-07T00:00:00+00:00 [queued]>
[2023-06-08T11:18:17.447+0000] {taskinstance.py:1165} INFO - Dependencies all met for <TaskInstance: a_producer.update_dataset scheduled__2023-06-07T00:00:00+00:00 [queued]>
[2023-06-08T11:18:17.448+0000] {taskinstance.py:1362} INFO - 
--------------------------------------------------------------------------------
[2023-06-08T11:18:17.449+0000] {taskinstance.py:1363} INFO - Starting attempt 1 of 1
[2023-06-08T11:18:17.450+0000] {taskinstance.py:1364} INFO - 
--------------------------------------------------------------------------------
[2023-06-08T11:18:17.459+0000] {taskinstance.py:1383} INFO - Executing <Task(_PythonDecoratedOperator): update_dataset> on 2023-06-07 00:00:00+00:00
[2023-06-08T11:18:17.466+0000] {standard_task_runner.py:55} INFO - Started process 124 to run task
[2023-06-08T11:18:17.475+0000] {standard_task_runner.py:82} INFO - Running: ['***', 'tasks', 'run', 'a_producer', 'update_dataset', 'scheduled__2023-06-07T00:00:00+00:00', '--job-id', '29', '--raw', '--subdir', 'DAGS_FOLDER/producer.py', '--cfg-path', '/tmp/tmpgmtxztvu']
[2023-06-08T11:18:17.479+0000] {standard_task_runner.py:83} INFO - Job 29: Subtask update_dataset
[2023-06-08T11:18:17.559+0000] {task_command.py:376} INFO - Running <TaskInstance: a_producer.update_dataset scheduled__2023-06-07T00:00:00+00:00 [running]> on host 2efdd707d2e6
[2023-06-08T11:18:17.620+0000] {taskinstance.py:1592} INFO - Exporting the following env vars:
AIRFLOW_CTX_DAG_OWNER=***
AIRFLOW_CTX_DAG_ID=a_producer
AIRFLOW_CTX_TASK_ID=update_dataset
AIRFLOW_CTX_EXECUTION_DATE=2023-06-07T00:00:00+00:00
AIRFLOW_CTX_TRY_NUMBER=1
AIRFLOW_CTX_DAG_RUN_ID=scheduled__2023-06-07T00:00:00+00:00
[2023-06-08T11:18:17.625+0000] {python.py:177} INFO - Done. Returned value was: None
[2023-06-08T11:18:17.629+0000] {warnings.py:110} WARNING - /home/***/.local/lib/python3.7/site-packages/***/models/baseoperator.py:1390: RemovedInAirflow3Warning: Passing 'execution_date' to 'TaskInstance.xcom_push()' is deprecated.
  context['ti'].xcom_push(key=key, value=value, execution_date=execution_date)

[2023-06-08T11:18:17.651+0000] {taskinstance.py:1406} INFO - Marking task as SUCCESS. dag_id=a_producer, task_id=update_dataset, execution_date=20230607T000000, start_date=20230608T111817, end_date=20230608T111817
[2023-06-08T11:18:17.695+0000] {local_task_job.py:164} INFO - Task exited with return code 0
[2023-06-08T11:18:17.713+0000] {local_task_job.py:273} INFO - 0 downstream tasks scheduled from follow-on schedule check
