[2023-06-13T06:18:43.314+0000] {taskinstance.py:1165} INFO - Dependencies all met for <TaskInstance: xcom_dag.processing_tasks.training_model_a scheduled__2023-06-12T00:00:00+00:00 [queued]>
[2023-06-13T06:18:43.350+0000] {taskinstance.py:1165} INFO - Dependencies all met for <TaskInstance: xcom_dag.processing_tasks.training_model_a scheduled__2023-06-12T00:00:00+00:00 [queued]>
[2023-06-13T06:18:43.355+0000] {taskinstance.py:1362} INFO - 
--------------------------------------------------------------------------------
[2023-06-13T06:18:43.358+0000] {taskinstance.py:1363} INFO - Starting attempt 1 of 1
[2023-06-13T06:18:43.362+0000] {taskinstance.py:1364} INFO - 
--------------------------------------------------------------------------------
[2023-06-13T06:18:43.393+0000] {taskinstance.py:1383} INFO - Executing <Task(PythonOperator): processing_tasks.training_model_a> on 2023-06-12 00:00:00+00:00
[2023-06-13T06:18:43.405+0000] {standard_task_runner.py:55} INFO - Started process 16339 to run task
[2023-06-13T06:18:43.418+0000] {standard_task_runner.py:82} INFO - Running: ['***', 'tasks', 'run', 'xcom_dag', 'processing_tasks.training_model_a', 'scheduled__2023-06-12T00:00:00+00:00', '--job-id', '81', '--raw', '--subdir', 'DAGS_FOLDER/xcom_dag.py', '--cfg-path', '/tmp/tmpqcngrgon']
[2023-06-13T06:18:43.421+0000] {standard_task_runner.py:83} INFO - Job 81: Subtask processing_tasks.training_model_a
[2023-06-13T06:18:43.750+0000] {task_command.py:376} INFO - Running <TaskInstance: xcom_dag.processing_tasks.training_model_a scheduled__2023-06-12T00:00:00+00:00 [running]> on host c0d3dfdc775c
[2023-06-13T06:18:43.925+0000] {taskinstance.py:1592} INFO - Exporting the following env vars:
AIRFLOW_CTX_DAG_OWNER=***
AIRFLOW_CTX_DAG_ID=xcom_dag
AIRFLOW_CTX_TASK_ID=processing_tasks.training_model_a
AIRFLOW_CTX_EXECUTION_DATE=2023-06-12T00:00:00+00:00
AIRFLOW_CTX_TRY_NUMBER=1
AIRFLOW_CTX_DAG_RUN_ID=scheduled__2023-06-12T00:00:00+00:00
[2023-06-13T06:18:43.927+0000] {logging_mixin.py:120} INFO - model's accuracy: 4.857629590231163
[2023-06-13T06:18:43.943+0000] {python.py:177} INFO - Done. Returned value was: None
[2023-06-13T06:18:43.964+0000] {taskinstance.py:1406} INFO - Marking task as SUCCESS. dag_id=xcom_dag, task_id=processing_tasks.training_model_a, execution_date=20230612T000000, start_date=20230613T061843, end_date=20230613T061843
[2023-06-13T06:18:44.057+0000] {local_task_job.py:164} INFO - Task exited with return code 0
[2023-06-13T06:18:44.101+0000] {local_task_job.py:273} INFO - 0 downstream tasks scheduled from follow-on schedule check
