[2023-06-13T06:27:17.818+0000] {taskinstance.py:1165} INFO - Dependencies all met for <TaskInstance: xcom_dag.task_4 manual__2023-06-13T06:27:11.556434+00:00 [queued]>
[2023-06-13T06:27:17.827+0000] {taskinstance.py:1165} INFO - Dependencies all met for <TaskInstance: xcom_dag.task_4 manual__2023-06-13T06:27:11.556434+00:00 [queued]>
[2023-06-13T06:27:17.828+0000] {taskinstance.py:1362} INFO - 
--------------------------------------------------------------------------------
[2023-06-13T06:27:17.829+0000] {taskinstance.py:1363} INFO - Starting attempt 1 of 1
[2023-06-13T06:27:17.830+0000] {taskinstance.py:1364} INFO - 
--------------------------------------------------------------------------------
[2023-06-13T06:27:17.839+0000] {taskinstance.py:1383} INFO - Executing <Task(PythonOperator): task_4> on 2023-06-13 06:27:11.556434+00:00
[2023-06-13T06:27:17.845+0000] {standard_task_runner.py:55} INFO - Started process 16532 to run task
[2023-06-13T06:27:17.848+0000] {standard_task_runner.py:82} INFO - Running: ['***', 'tasks', 'run', 'xcom_dag', 'task_4', 'manual__2023-06-13T06:27:11.556434+00:00', '--job-id', '97', '--raw', '--subdir', 'DAGS_FOLDER/xcom_dag.py', '--cfg-path', '/tmp/tmp43wr1bsb']
[2023-06-13T06:27:17.864+0000] {standard_task_runner.py:83} INFO - Job 97: Subtask task_4
[2023-06-13T06:27:17.923+0000] {task_command.py:376} INFO - Running <TaskInstance: xcom_dag.task_4 manual__2023-06-13T06:27:11.556434+00:00 [running]> on host c0d3dfdc775c
[2023-06-13T06:27:17.979+0000] {taskinstance.py:1592} INFO - Exporting the following env vars:
AIRFLOW_CTX_DAG_OWNER=***
AIRFLOW_CTX_DAG_ID=xcom_dag
AIRFLOW_CTX_TASK_ID=task_4
AIRFLOW_CTX_EXECUTION_DATE=2023-06-13T06:27:11.556434+00:00
AIRFLOW_CTX_TRY_NUMBER=1
AIRFLOW_CTX_DAG_RUN_ID=manual__2023-06-13T06:27:11.556434+00:00
[2023-06-13T06:27:17.981+0000] {logging_mixin.py:120} INFO - choose best model
[2023-06-13T06:27:18.008+0000] {logging_mixin.py:120} INFO - None None None
[2023-06-13T06:27:18.009+0000] {python.py:177} INFO - Done. Returned value was: None
[2023-06-13T06:27:18.021+0000] {taskinstance.py:1406} INFO - Marking task as SUCCESS. dag_id=xcom_dag, task_id=task_4, execution_date=20230613T062711, start_date=20230613T062717, end_date=20230613T062718
[2023-06-13T06:27:18.061+0000] {local_task_job.py:164} INFO - Task exited with return code 0
[2023-06-13T06:27:18.078+0000] {local_task_job.py:273} INFO - 0 downstream tasks scheduled from follow-on schedule check
