[2023-06-13T06:37:05.675+0000] {taskinstance.py:1165} INFO - Dependencies all met for <TaskInstance: xcom_dag.processing_tasks.training_model_b manual__2023-06-13T06:37:00.220465+00:00 [queued]>
[2023-06-13T06:37:05.686+0000] {taskinstance.py:1165} INFO - Dependencies all met for <TaskInstance: xcom_dag.processing_tasks.training_model_b manual__2023-06-13T06:37:00.220465+00:00 [queued]>
[2023-06-13T06:37:05.688+0000] {taskinstance.py:1362} INFO - 
--------------------------------------------------------------------------------
[2023-06-13T06:37:05.689+0000] {taskinstance.py:1363} INFO - Starting attempt 1 of 1
[2023-06-13T06:37:05.691+0000] {taskinstance.py:1364} INFO - 
--------------------------------------------------------------------------------
[2023-06-13T06:37:05.703+0000] {taskinstance.py:1383} INFO - Executing <Task(PythonOperator): processing_tasks.training_model_b> on 2023-06-13 06:37:00.220465+00:00
[2023-06-13T06:37:05.711+0000] {standard_task_runner.py:55} INFO - Started process 17011 to run task
[2023-06-13T06:37:05.717+0000] {standard_task_runner.py:82} INFO - Running: ['***', 'tasks', 'run', 'xcom_dag', 'processing_tasks.training_model_b', 'manual__2023-06-13T06:37:00.220465+00:00', '--job-id', '99', '--raw', '--subdir', 'DAGS_FOLDER/xcom_dag.py', '--cfg-path', '/tmp/tmpx_4q_ul1']
[2023-06-13T06:37:05.722+0000] {standard_task_runner.py:83} INFO - Job 99: Subtask processing_tasks.training_model_b
[2023-06-13T06:37:05.816+0000] {task_command.py:376} INFO - Running <TaskInstance: xcom_dag.processing_tasks.training_model_b manual__2023-06-13T06:37:00.220465+00:00 [running]> on host c0d3dfdc775c
[2023-06-13T06:37:05.924+0000] {taskinstance.py:1592} INFO - Exporting the following env vars:
AIRFLOW_CTX_DAG_OWNER=***
AIRFLOW_CTX_DAG_ID=xcom_dag
AIRFLOW_CTX_TASK_ID=processing_tasks.training_model_b
AIRFLOW_CTX_EXECUTION_DATE=2023-06-13T06:37:00.220465+00:00
AIRFLOW_CTX_TRY_NUMBER=1
AIRFLOW_CTX_DAG_RUN_ID=manual__2023-06-13T06:37:00.220465+00:00
[2023-06-13T06:37:05.927+0000] {logging_mixin.py:120} INFO - model's accuracy: 5.799710318092668
[2023-06-13T06:37:05.950+0000] {python.py:177} INFO - Done. Returned value was: None
[2023-06-13T06:37:05.975+0000] {taskinstance.py:1406} INFO - Marking task as SUCCESS. dag_id=xcom_dag, task_id=processing_tasks.training_model_b, execution_date=20230613T063700, start_date=20230613T063705, end_date=20230613T063705
[2023-06-13T06:37:06.009+0000] {local_task_job.py:164} INFO - Task exited with return code 0
[2023-06-13T06:37:06.038+0000] {local_task_job.py:273} INFO - 0 downstream tasks scheduled from follow-on schedule check
