[2023-06-13T07:10:55.048+0000] {taskinstance.py:1165} INFO - Dependencies all met for <TaskInstance: condition_trigger_dag.check_condition manual__2023-06-13T07:10:53.120828+00:00 [queued]>
[2023-06-13T07:10:55.056+0000] {taskinstance.py:1165} INFO - Dependencies all met for <TaskInstance: condition_trigger_dag.check_condition manual__2023-06-13T07:10:53.120828+00:00 [queued]>
[2023-06-13T07:10:55.057+0000] {taskinstance.py:1362} INFO - 
--------------------------------------------------------------------------------
[2023-06-13T07:10:55.063+0000] {taskinstance.py:1363} INFO - Starting attempt 1 of 1
[2023-06-13T07:10:55.064+0000] {taskinstance.py:1364} INFO - 
--------------------------------------------------------------------------------
[2023-06-13T07:10:55.073+0000] {taskinstance.py:1383} INFO - Executing <Task(BranchPythonOperator): check_condition> on 2023-06-13 07:10:53.120828+00:00
[2023-06-13T07:10:55.078+0000] {standard_task_runner.py:55} INFO - Started process 18754 to run task
[2023-06-13T07:10:55.082+0000] {standard_task_runner.py:82} INFO - Running: ['***', 'tasks', 'run', 'condition_trigger_dag', 'check_condition', 'manual__2023-06-13T07:10:53.120828+00:00', '--job-id', '133', '--raw', '--subdir', 'DAGS_FOLDER/condition_trigger_dag.py', '--cfg-path', '/tmp/tmpxm0bt6yv']
[2023-06-13T07:10:55.084+0000] {standard_task_runner.py:83} INFO - Job 133: Subtask check_condition
[2023-06-13T07:10:55.148+0000] {task_command.py:376} INFO - Running <TaskInstance: condition_trigger_dag.check_condition manual__2023-06-13T07:10:53.120828+00:00 [running]> on host c0d3dfdc775c
[2023-06-13T07:10:55.201+0000] {taskinstance.py:1592} INFO - Exporting the following env vars:
AIRFLOW_CTX_DAG_OWNER=***
AIRFLOW_CTX_DAG_ID=condition_trigger_dag
AIRFLOW_CTX_TASK_ID=check_condition
AIRFLOW_CTX_EXECUTION_DATE=2023-06-13T07:10:53.120828+00:00
AIRFLOW_CTX_TRY_NUMBER=1
AIRFLOW_CTX_DAG_RUN_ID=manual__2023-06-13T07:10:53.120828+00:00
[2023-06-13T07:10:55.219+0000] {logging_mixin.py:120} INFO - value
[2023-06-13T07:10:55.221+0000] {python.py:177} INFO - Done. Returned value was: t2
[2023-06-13T07:10:55.223+0000] {skipmixin.py:155} INFO - Following branch t2
[2023-06-13T07:10:55.225+0000] {skipmixin.py:190} INFO - Skipping tasks ['t3']
[2023-06-13T07:10:55.270+0000] {taskinstance.py:1406} INFO - Marking task as SUCCESS. dag_id=condition_trigger_dag, task_id=check_condition, execution_date=20230613T071053, start_date=20230613T071055, end_date=20230613T071055
[2023-06-13T07:10:55.295+0000] {local_task_job.py:164} INFO - Task exited with return code 0
[2023-06-13T07:10:55.322+0000] {local_task_job.py:273} INFO - 1 downstream tasks scheduled from follow-on schedule check
