[2023-06-07T18:16:32.939+0000] {taskinstance.py:1165} INFO - Dependencies all met for <TaskInstance: user_processing.store_user manual__2023-06-07T18:16:25.887225+00:00 [queued]>
[2023-06-07T18:16:32.947+0000] {taskinstance.py:1165} INFO - Dependencies all met for <TaskInstance: user_processing.store_user manual__2023-06-07T18:16:25.887225+00:00 [queued]>
[2023-06-07T18:16:32.949+0000] {taskinstance.py:1362} INFO - 
--------------------------------------------------------------------------------
[2023-06-07T18:16:32.951+0000] {taskinstance.py:1363} INFO - Starting attempt 1 of 1
[2023-06-07T18:16:32.952+0000] {taskinstance.py:1364} INFO - 
--------------------------------------------------------------------------------
[2023-06-07T18:16:32.961+0000] {taskinstance.py:1383} INFO - Executing <Task(PythonOperator): store_user> on 2023-06-07 18:16:25.887225+00:00
[2023-06-07T18:16:32.967+0000] {standard_task_runner.py:55} INFO - Started process 5081 to run task
[2023-06-07T18:16:32.971+0000] {standard_task_runner.py:82} INFO - Running: ['***', 'tasks', 'run', 'user_processing', 'store_user', 'manual__2023-06-07T18:16:25.887225+00:00', '--job-id', '19', '--raw', '--subdir', 'DAGS_FOLDER/user_processing.py', '--cfg-path', '/tmp/tmpotupjlrx']
[2023-06-07T18:16:32.974+0000] {standard_task_runner.py:83} INFO - Job 19: Subtask store_user
[2023-06-07T18:16:33.032+0000] {task_command.py:376} INFO - Running <TaskInstance: user_processing.store_user manual__2023-06-07T18:16:25.887225+00:00 [running]> on host 2efdd707d2e6
[2023-06-07T18:16:33.085+0000] {taskinstance.py:1592} INFO - Exporting the following env vars:
AIRFLOW_CTX_DAG_OWNER=***
AIRFLOW_CTX_DAG_ID=user_processing
AIRFLOW_CTX_TASK_ID=store_user
AIRFLOW_CTX_EXECUTION_DATE=2023-06-07T18:16:25.887225+00:00
AIRFLOW_CTX_TRY_NUMBER=1
AIRFLOW_CTX_DAG_RUN_ID=manual__2023-06-07T18:16:25.887225+00:00
[2023-06-07T18:16:33.087+0000] {postgres.py:129} INFO - Running copy expert: COPY users from stdin with delimiter as ',', filename: /tmp/processed_user.csv
[2023-06-07T18:16:33.097+0000] {base.py:71} INFO - Using connection ID 'postgres' for task execution.
[2023-06-07T18:16:33.106+0000] {python.py:177} INFO - Done. Returned value was: None
[2023-06-07T18:16:33.118+0000] {taskinstance.py:1406} INFO - Marking task as SUCCESS. dag_id=user_processing, task_id=store_user, execution_date=20230607T181625, start_date=20230607T181632, end_date=20230607T181633
[2023-06-07T18:16:33.143+0000] {local_task_job.py:164} INFO - Task exited with return code 0
[2023-06-07T18:16:33.165+0000] {local_task_job.py:273} INFO - 0 downstream tasks scheduled from follow-on schedule check
