[2023-06-14T03:46:23.236+0000] {taskinstance.py:1165} INFO - Dependencies all met for <TaskInstance: group_dag.downloas.download_a manual__2023-06-14T03:46:22.245958+00:00 [queued]>
[2023-06-14T03:46:23.259+0000] {taskinstance.py:1165} INFO - Dependencies all met for <TaskInstance: group_dag.downloas.download_a manual__2023-06-14T03:46:22.245958+00:00 [queued]>
[2023-06-14T03:46:23.263+0000] {taskinstance.py:1362} INFO - 
--------------------------------------------------------------------------------
[2023-06-14T03:46:23.265+0000] {taskinstance.py:1363} INFO - Starting attempt 1 of 1
[2023-06-14T03:46:23.285+0000] {taskinstance.py:1364} INFO - 
--------------------------------------------------------------------------------
[2023-06-14T03:46:23.307+0000] {taskinstance.py:1383} INFO - Executing <Task(BashOperator): downloas.download_a> on 2023-06-14 03:46:22.245958+00:00
[2023-06-14T03:46:23.320+0000] {standard_task_runner.py:55} INFO - Started process 348 to run task
[2023-06-14T03:46:23.333+0000] {standard_task_runner.py:82} INFO - Running: ['***', 'tasks', 'run', 'group_dag', 'downloas.download_a', 'manual__2023-06-14T03:46:22.245958+00:00', '--job-id', '169', '--raw', '--subdir', 'DAGS_FOLDER/group_dag.py', '--cfg-path', '/tmp/tmpct84posx']
[2023-06-14T03:46:23.339+0000] {standard_task_runner.py:83} INFO - Job 169: Subtask downloas.download_a
[2023-06-14T03:46:23.456+0000] {task_command.py:376} INFO - Running <TaskInstance: group_dag.downloas.download_a manual__2023-06-14T03:46:22.245958+00:00 [running]> on host 5f3b9c67a0bc
[2023-06-14T03:46:23.572+0000] {taskinstance.py:1592} INFO - Exporting the following env vars:
AIRFLOW_CTX_DAG_OWNER=***
AIRFLOW_CTX_DAG_ID=group_dag
AIRFLOW_CTX_TASK_ID=downloas.download_a
AIRFLOW_CTX_EXECUTION_DATE=2023-06-14T03:46:22.245958+00:00
AIRFLOW_CTX_TRY_NUMBER=1
AIRFLOW_CTX_DAG_RUN_ID=manual__2023-06-14T03:46:22.245958+00:00
[2023-06-14T03:46:23.581+0000] {subprocess.py:63} INFO - Tmp dir root location: 
 /tmp
[2023-06-14T03:46:23.587+0000] {subprocess.py:75} INFO - Running command: ['/bin/bash', '-c', 'sleep 10']
[2023-06-14T03:46:23.614+0000] {subprocess.py:86} INFO - Output:
[2023-06-14T03:46:33.632+0000] {subprocess.py:97} INFO - Command exited with return code 0
[2023-06-14T03:46:33.729+0000] {taskinstance.py:1406} INFO - Marking task as SUCCESS. dag_id=group_dag, task_id=downloas.download_a, execution_date=20230614T034622, start_date=20230614T034623, end_date=20230614T034633
[2023-06-14T03:46:33.832+0000] {local_task_job.py:164} INFO - Task exited with return code 0
[2023-06-14T03:46:33.877+0000] {local_task_job.py:273} INFO - 1 downstream tasks scheduled from follow-on schedule check
