[2023-06-14T04:42:55.928+0000] {taskinstance.py:1165} INFO - Dependencies all met for <TaskInstance: endToend_user_processing.create_table manual__2023-06-14T04:42:54.284962+00:00 [queued]>
[2023-06-14T04:42:55.936+0000] {taskinstance.py:1165} INFO - Dependencies all met for <TaskInstance: endToend_user_processing.create_table manual__2023-06-14T04:42:54.284962+00:00 [queued]>
[2023-06-14T04:42:55.937+0000] {taskinstance.py:1362} INFO - 
--------------------------------------------------------------------------------
[2023-06-14T04:42:55.938+0000] {taskinstance.py:1363} INFO - Starting attempt 1 of 1
[2023-06-14T04:42:55.939+0000] {taskinstance.py:1364} INFO - 
--------------------------------------------------------------------------------
[2023-06-14T04:42:55.948+0000] {taskinstance.py:1383} INFO - Executing <Task(PostgresOperator): create_table> on 2023-06-14 04:42:54.284962+00:00
[2023-06-14T04:42:55.955+0000] {standard_task_runner.py:55} INFO - Started process 643 to run task
[2023-06-14T04:42:55.960+0000] {standard_task_runner.py:82} INFO - Running: ['***', 'tasks', 'run', 'endToend_user_processing', 'create_table', 'manual__2023-06-14T04:42:54.284962+00:00', '--job-id', '19', '--raw', '--subdir', 'DAGS_FOLDER/user_processing.py', '--cfg-path', '/tmp/tmpr3chacee']
[2023-06-14T04:42:55.963+0000] {standard_task_runner.py:83} INFO - Job 19: Subtask create_table
[2023-06-14T04:42:56.032+0000] {task_command.py:376} INFO - Running <TaskInstance: endToend_user_processing.create_table manual__2023-06-14T04:42:54.284962+00:00 [running]> on host eccc8785320d
[2023-06-14T04:42:56.098+0000] {taskinstance.py:1592} INFO - Exporting the following env vars:
AIRFLOW_CTX_DAG_OWNER=***
AIRFLOW_CTX_DAG_ID=endToend_user_processing
AIRFLOW_CTX_TASK_ID=create_table
AIRFLOW_CTX_EXECUTION_DATE=2023-06-14T04:42:54.284962+00:00
AIRFLOW_CTX_TRY_NUMBER=1
AIRFLOW_CTX_DAG_RUN_ID=manual__2023-06-14T04:42:54.284962+00:00
[2023-06-14T04:42:56.114+0000] {base.py:71} INFO - Using connection ID 'postgres' for task execution.
[2023-06-14T04:42:56.120+0000] {sql.py:315} INFO - Running statement: 
          Create table if not exists users (
               firstname TEXT NOT NULL,
               lastname TEXT NOT NULL,
               country TEXT NOT NULL,
               username TEXT NOT NULL,
               password TEXT NOT NULL,
               email TEXT NOT NULL
          );
        , parameters: None
[2023-06-14T04:42:56.138+0000] {taskinstance.py:1406} INFO - Marking task as SUCCESS. dag_id=endToend_user_processing, task_id=create_table, execution_date=20230614T044254, start_date=20230614T044255, end_date=20230614T044256
[2023-06-14T04:42:56.171+0000] {local_task_job.py:164} INFO - Task exited with return code 0
[2023-06-14T04:42:56.198+0000] {local_task_job.py:273} INFO - 1 downstream tasks scheduled from follow-on schedule check
