[2023-06-13T07:03:47.908+0000] {taskinstance.py:1165} INFO - Dependencies all met for <TaskInstance: condition_trigger_dag.t1 manual__2023-06-13T07:03:46.899362+00:00 [queued]>
[2023-06-13T07:03:47.916+0000] {taskinstance.py:1165} INFO - Dependencies all met for <TaskInstance: condition_trigger_dag.t1 manual__2023-06-13T07:03:46.899362+00:00 [queued]>
[2023-06-13T07:03:47.917+0000] {taskinstance.py:1362} INFO - 
--------------------------------------------------------------------------------
[2023-06-13T07:03:47.919+0000] {taskinstance.py:1363} INFO - Starting attempt 1 of 1
[2023-06-13T07:03:47.921+0000] {taskinstance.py:1364} INFO - 
--------------------------------------------------------------------------------
[2023-06-13T07:03:47.930+0000] {taskinstance.py:1383} INFO - Executing <Task(PythonOperator): t1> on 2023-06-13 07:03:46.899362+00:00
[2023-06-13T07:03:47.936+0000] {standard_task_runner.py:55} INFO - Started process 18384 to run task
[2023-06-13T07:03:47.940+0000] {standard_task_runner.py:82} INFO - Running: ['***', 'tasks', 'run', 'condition_trigger_dag', 't1', 'manual__2023-06-13T07:03:46.899362+00:00', '--job-id', '124', '--raw', '--subdir', 'DAGS_FOLDER/condition_trigger_dag.py', '--cfg-path', '/tmp/tmpximde6ud']
[2023-06-13T07:03:47.942+0000] {standard_task_runner.py:83} INFO - Job 124: Subtask t1
[2023-06-13T07:03:48.002+0000] {task_command.py:376} INFO - Running <TaskInstance: condition_trigger_dag.t1 manual__2023-06-13T07:03:46.899362+00:00 [running]> on host c0d3dfdc775c
[2023-06-13T07:03:48.059+0000] {taskinstance.py:1592} INFO - Exporting the following env vars:
AIRFLOW_CTX_DAG_OWNER=***
AIRFLOW_CTX_DAG_ID=condition_trigger_dag
AIRFLOW_CTX_TASK_ID=t1
AIRFLOW_CTX_EXECUTION_DATE=2023-06-13T07:03:46.899362+00:00
AIRFLOW_CTX_TRY_NUMBER=1
AIRFLOW_CTX_DAG_RUN_ID=manual__2023-06-13T07:03:46.899362+00:00
[2023-06-13T07:03:48.079+0000] {python.py:177} INFO - Done. Returned value was: None
[2023-06-13T07:03:48.099+0000] {taskinstance.py:1406} INFO - Marking task as SUCCESS. dag_id=condition_trigger_dag, task_id=t1, execution_date=20230613T070346, start_date=20230613T070347, end_date=20230613T070348
[2023-06-13T07:03:48.153+0000] {local_task_job.py:164} INFO - Task exited with return code 0
[2023-06-13T07:03:48.176+0000] {local_task_job.py:273} INFO - 1 downstream tasks scheduled from follow-on schedule check
