[2023-06-14T04:38:10.072+0000] {taskinstance.py:1165} INFO - Dependencies all met for <TaskInstance: dataset_consumer.read_dataset dataset_triggered__2023-06-14T04:38:07.744529+00:00 [queued]>
[2023-06-14T04:38:10.086+0000] {taskinstance.py:1165} INFO - Dependencies all met for <TaskInstance: dataset_consumer.read_dataset dataset_triggered__2023-06-14T04:38:07.744529+00:00 [queued]>
[2023-06-14T04:38:10.090+0000] {taskinstance.py:1362} INFO - 
--------------------------------------------------------------------------------
[2023-06-14T04:38:10.092+0000] {taskinstance.py:1363} INFO - Starting attempt 1 of 1
[2023-06-14T04:38:10.094+0000] {taskinstance.py:1364} INFO - 
--------------------------------------------------------------------------------
[2023-06-14T04:38:10.118+0000] {taskinstance.py:1383} INFO - Executing <Task(_PythonDecoratedOperator): read_dataset> on 2023-06-14 04:38:07.744529+00:00
[2023-06-14T04:38:10.129+0000] {standard_task_runner.py:55} INFO - Started process 382 to run task
[2023-06-14T04:38:10.179+0000] {standard_task_runner.py:82} INFO - Running: ['***', 'tasks', 'run', 'dataset_consumer', 'read_dataset', 'dataset_triggered__2023-06-14T04:38:07.744529+00:00', '--job-id', '10', '--raw', '--subdir', 'DAGS_FOLDER/consumer.py', '--cfg-path', '/tmp/tmp59m4c_b5']
[2023-06-14T04:38:10.180+0000] {standard_task_runner.py:83} INFO - Job 10: Subtask read_dataset
[2023-06-14T04:38:10.355+0000] {task_command.py:376} INFO - Running <TaskInstance: dataset_consumer.read_dataset dataset_triggered__2023-06-14T04:38:07.744529+00:00 [running]> on host eccc8785320d
[2023-06-14T04:38:10.521+0000] {taskinstance.py:1592} INFO - Exporting the following env vars:
AIRFLOW_CTX_DAG_OWNER=***
AIRFLOW_CTX_DAG_ID=dataset_consumer
AIRFLOW_CTX_TASK_ID=read_dataset
AIRFLOW_CTX_EXECUTION_DATE=2023-06-14T04:38:07.744529+00:00
AIRFLOW_CTX_TRY_NUMBER=1
AIRFLOW_CTX_DAG_RUN_ID=dataset_triggered__2023-06-14T04:38:07.744529+00:00
[2023-06-14T04:38:10.525+0000] {logging_mixin.py:120} INFO - producer update
[2023-06-14T04:38:10.527+0000] {python.py:177} INFO - Done. Returned value was: None
[2023-06-14T04:38:10.543+0000] {taskinstance.py:1406} INFO - Marking task as SUCCESS. dag_id=dataset_consumer, task_id=read_dataset, execution_date=20230614T043807, start_date=20230614T043810, end_date=20230614T043810
[2023-06-14T04:38:10.598+0000] {local_task_job.py:164} INFO - Task exited with return code 0
[2023-06-14T04:38:10.628+0000] {local_task_job.py:273} INFO - 0 downstream tasks scheduled from follow-on schedule check
