[2023-06-14T00:14:07.808+0000] {taskinstance.py:1165} INFO - Dependencies all met for <TaskInstance: group_dag.check_file scheduled__2023-06-13T00:00:00+00:00 [queued]>
[2023-06-14T00:14:07.818+0000] {taskinstance.py:1165} INFO - Dependencies all met for <TaskInstance: group_dag.check_file scheduled__2023-06-13T00:00:00+00:00 [queued]>
[2023-06-14T00:14:07.828+0000] {taskinstance.py:1362} INFO - 
--------------------------------------------------------------------------------
[2023-06-14T00:14:07.830+0000] {taskinstance.py:1363} INFO - Starting attempt 1 of 1
[2023-06-14T00:14:07.831+0000] {taskinstance.py:1364} INFO - 
--------------------------------------------------------------------------------
[2023-06-14T00:14:07.850+0000] {taskinstance.py:1383} INFO - Executing <Task(BashOperator): check_file> on 2023-06-13 00:00:00+00:00
[2023-06-14T00:14:07.858+0000] {standard_task_runner.py:55} INFO - Started process 1148 to run task
[2023-06-14T00:14:07.864+0000] {standard_task_runner.py:82} INFO - Running: ['***', 'tasks', 'run', 'group_dag', 'check_file', 'scheduled__2023-06-13T00:00:00+00:00', '--job-id', '156', '--raw', '--subdir', 'DAGS_FOLDER/group_dag.py', '--cfg-path', '/tmp/tmpgcqh4zvu']
[2023-06-14T00:14:07.866+0000] {standard_task_runner.py:83} INFO - Job 156: Subtask check_file
[2023-06-14T00:14:07.946+0000] {task_command.py:376} INFO - Running <TaskInstance: group_dag.check_file scheduled__2023-06-13T00:00:00+00:00 [running]> on host 5f3b9c67a0bc
[2023-06-14T00:14:08.033+0000] {taskinstance.py:1592} INFO - Exporting the following env vars:
AIRFLOW_CTX_DAG_OWNER=***
AIRFLOW_CTX_DAG_ID=group_dag
AIRFLOW_CTX_TASK_ID=check_file
AIRFLOW_CTX_EXECUTION_DATE=2023-06-13T00:00:00+00:00
AIRFLOW_CTX_TRY_NUMBER=1
AIRFLOW_CTX_DAG_RUN_ID=scheduled__2023-06-13T00:00:00+00:00
[2023-06-14T00:14:08.039+0000] {subprocess.py:63} INFO - Tmp dir root location: 
 /tmp
[2023-06-14T00:14:08.041+0000] {subprocess.py:75} INFO - Running command: ['/bin/bash', '-c', 'sleep 10']
[2023-06-14T00:14:08.056+0000] {subprocess.py:86} INFO - Output:
[2023-06-14T00:14:18.068+0000] {subprocess.py:97} INFO - Command exited with return code 0
[2023-06-14T01:02:22.158+0000] {taskinstance.py:1406} INFO - Marking task as SUCCESS. dag_id=group_dag, task_id=check_file, execution_date=20230613T000000, start_date=20230614T001407, end_date=20230614T010222
[2023-06-14T01:02:22.283+0000] {local_task_job.py:164} INFO - Task exited with return code 0
[2023-06-14T01:02:22.309+0000] {local_task_job.py:273} INFO - 0 downstream tasks scheduled from follow-on schedule check
[2023-06-14T04:38:21.402+0000] {taskinstance.py:1165} INFO - Dependencies all met for <TaskInstance: group_dag.check_file scheduled__2023-06-13T00:00:00+00:00 [queued]>
[2023-06-14T04:38:21.410+0000] {taskinstance.py:1165} INFO - Dependencies all met for <TaskInstance: group_dag.check_file scheduled__2023-06-13T00:00:00+00:00 [queued]>
[2023-06-14T04:38:21.411+0000] {taskinstance.py:1362} INFO - 
--------------------------------------------------------------------------------
[2023-06-14T04:38:21.412+0000] {taskinstance.py:1363} INFO - Starting attempt 1 of 1
[2023-06-14T04:38:21.413+0000] {taskinstance.py:1364} INFO - 
--------------------------------------------------------------------------------
[2023-06-14T04:38:21.421+0000] {taskinstance.py:1383} INFO - Executing <Task(BashOperator): check_file> on 2023-06-13 00:00:00+00:00
[2023-06-14T04:38:21.426+0000] {standard_task_runner.py:55} INFO - Started process 405 to run task
[2023-06-14T04:38:21.430+0000] {standard_task_runner.py:82} INFO - Running: ['***', 'tasks', 'run', 'group_dag', 'check_file', 'scheduled__2023-06-13T00:00:00+00:00', '--job-id', '18', '--raw', '--subdir', 'DAGS_FOLDER/group_dag.py', '--cfg-path', '/tmp/tmp8ub_4v0c']
[2023-06-14T04:38:21.432+0000] {standard_task_runner.py:83} INFO - Job 18: Subtask check_file
[2023-06-14T04:38:21.489+0000] {task_command.py:376} INFO - Running <TaskInstance: group_dag.check_file scheduled__2023-06-13T00:00:00+00:00 [running]> on host eccc8785320d
[2023-06-14T04:38:21.553+0000] {taskinstance.py:1592} INFO - Exporting the following env vars:
AIRFLOW_CTX_DAG_OWNER=***
AIRFLOW_CTX_DAG_ID=group_dag
AIRFLOW_CTX_TASK_ID=check_file
AIRFLOW_CTX_EXECUTION_DATE=2023-06-13T00:00:00+00:00
AIRFLOW_CTX_TRY_NUMBER=1
AIRFLOW_CTX_DAG_RUN_ID=scheduled__2023-06-13T00:00:00+00:00
[2023-06-14T04:38:21.558+0000] {subprocess.py:63} INFO - Tmp dir root location: 
 /tmp
[2023-06-14T04:38:21.559+0000] {subprocess.py:75} INFO - Running command: ['/bin/bash', '-c', 'sleep 10']
[2023-06-14T04:38:21.570+0000] {subprocess.py:86} INFO - Output:
[2023-06-14T04:38:31.577+0000] {subprocess.py:97} INFO - Command exited with return code 0
[2023-06-14T04:38:31.606+0000] {taskinstance.py:1406} INFO - Marking task as SUCCESS. dag_id=group_dag, task_id=check_file, execution_date=20230613T000000, start_date=20230614T043821, end_date=20230614T043831
[2023-06-14T04:38:31.658+0000] {local_task_job.py:164} INFO - Task exited with return code 0
[2023-06-14T04:38:31.674+0000] {local_task_job.py:273} INFO - 0 downstream tasks scheduled from follow-on schedule check
