[2023-06-14T03:46:06.197+0000] {taskinstance.py:1165} INFO - Dependencies all met for <TaskInstance: condition_trigger_dag.t2 manual__2023-06-14T03:46:01.998739+00:00 [queued]>
[2023-06-14T03:46:06.208+0000] {taskinstance.py:1165} INFO - Dependencies all met for <TaskInstance: condition_trigger_dag.t2 manual__2023-06-14T03:46:01.998739+00:00 [queued]>
[2023-06-14T03:46:06.209+0000] {taskinstance.py:1362} INFO - 
--------------------------------------------------------------------------------
[2023-06-14T03:46:06.210+0000] {taskinstance.py:1363} INFO - Starting attempt 1 of 1
[2023-06-14T03:46:06.211+0000] {taskinstance.py:1364} INFO - 
--------------------------------------------------------------------------------
[2023-06-14T03:46:06.222+0000] {taskinstance.py:1383} INFO - Executing <Task(BashOperator): t2> on 2023-06-14 03:46:01.998739+00:00
[2023-06-14T03:46:06.229+0000] {standard_task_runner.py:55} INFO - Started process 308 to run task
[2023-06-14T03:46:06.234+0000] {standard_task_runner.py:82} INFO - Running: ['***', 'tasks', 'run', 'condition_trigger_dag', 't2', 'manual__2023-06-14T03:46:01.998739+00:00', '--job-id', '162', '--raw', '--subdir', 'DAGS_FOLDER/condition_trigger_dag.py', '--cfg-path', '/tmp/tmppxn73fn1']
[2023-06-14T03:46:06.236+0000] {standard_task_runner.py:83} INFO - Job 162: Subtask t2
[2023-06-14T03:46:06.303+0000] {task_command.py:376} INFO - Running <TaskInstance: condition_trigger_dag.t2 manual__2023-06-14T03:46:01.998739+00:00 [running]> on host 5f3b9c67a0bc
[2023-06-14T03:46:06.374+0000] {taskinstance.py:1592} INFO - Exporting the following env vars:
AIRFLOW_CTX_DAG_OWNER=***
AIRFLOW_CTX_DAG_ID=condition_trigger_dag
AIRFLOW_CTX_TASK_ID=t2
AIRFLOW_CTX_EXECUTION_DATE=2023-06-14T03:46:01.998739+00:00
AIRFLOW_CTX_TRY_NUMBER=1
AIRFLOW_CTX_DAG_RUN_ID=manual__2023-06-14T03:46:01.998739+00:00
[2023-06-14T03:46:06.378+0000] {subprocess.py:63} INFO - Tmp dir root location: 
 /tmp
[2023-06-14T03:46:06.380+0000] {subprocess.py:75} INFO - Running command: ['/bin/bash', '-c', "echo 'execute t2'"]
[2023-06-14T03:46:06.404+0000] {subprocess.py:86} INFO - Output:
[2023-06-14T03:46:06.409+0000] {subprocess.py:93} INFO - execute t2
[2023-06-14T03:46:06.411+0000] {subprocess.py:97} INFO - Command exited with return code 0
[2023-06-14T03:46:06.452+0000] {taskinstance.py:1406} INFO - Marking task as SUCCESS. dag_id=condition_trigger_dag, task_id=t2, execution_date=20230614T034601, start_date=20230614T034606, end_date=20230614T034606
[2023-06-14T03:46:06.487+0000] {local_task_job.py:164} INFO - Task exited with return code 0
[2023-06-14T03:46:06.516+0000] {local_task_job.py:273} INFO - 1 downstream tasks scheduled from follow-on schedule check
