[2023-06-13T00:20:01.396+0000] {taskinstance.py:1165} INFO - Dependencies all met for <TaskInstance: a_user_processing.create_table scheduled__2023-06-12T00:00:00+00:00 [queued]>
[2023-06-13T00:20:01.415+0000] {taskinstance.py:1165} INFO - Dependencies all met for <TaskInstance: a_user_processing.create_table scheduled__2023-06-12T00:00:00+00:00 [queued]>
[2023-06-13T00:20:01.420+0000] {taskinstance.py:1362} INFO - 
--------------------------------------------------------------------------------
[2023-06-13T00:20:01.424+0000] {taskinstance.py:1363} INFO - Starting attempt 1 of 1
[2023-06-13T00:20:01.429+0000] {taskinstance.py:1364} INFO - 
--------------------------------------------------------------------------------
[2023-06-13T00:20:01.459+0000] {taskinstance.py:1383} INFO - Executing <Task(PostgresOperator): create_table> on 2023-06-12 00:00:00+00:00
[2023-06-13T00:20:01.468+0000] {standard_task_runner.py:55} INFO - Started process 10191 to run task
[2023-06-13T00:20:01.475+0000] {standard_task_runner.py:82} INFO - Running: ['***', 'tasks', 'run', 'a_user_processing', 'create_table', 'scheduled__2023-06-12T00:00:00+00:00', '--job-id', '64', '--raw', '--subdir', 'DAGS_FOLDER/user_processing.py', '--cfg-path', '/tmp/tmpf1ocp388']
[2023-06-13T00:20:01.488+0000] {standard_task_runner.py:83} INFO - Job 64: Subtask create_table
[2023-06-13T00:20:01.609+0000] {task_command.py:376} INFO - Running <TaskInstance: a_user_processing.create_table scheduled__2023-06-12T00:00:00+00:00 [running]> on host c0d3dfdc775c
[2023-06-13T00:20:01.714+0000] {taskinstance.py:1592} INFO - Exporting the following env vars:
AIRFLOW_CTX_DAG_OWNER=***
AIRFLOW_CTX_DAG_ID=a_user_processing
AIRFLOW_CTX_TASK_ID=create_table
AIRFLOW_CTX_EXECUTION_DATE=2023-06-12T00:00:00+00:00
AIRFLOW_CTX_TRY_NUMBER=1
AIRFLOW_CTX_DAG_RUN_ID=scheduled__2023-06-12T00:00:00+00:00
[2023-06-13T00:20:01.726+0000] {base.py:71} INFO - Using connection ID 'postgres' for task execution.
[2023-06-13T00:20:01.737+0000] {sql.py:315} INFO - Running statement: 
          Create table if not exists users (
               firstname TEXT NOT NULL,
               lastname TEXT NOT NULL,
               country TEXT NOT NULL,
               username TEXT NOT NULL,
               password TEXT NOT NULL,
               email TEXT NOT NULL
          );
        , parameters: None
[2023-06-13T00:20:01.740+0000] {postgres.py:96} INFO - NOTICE:  relation "users" already exists, skipping

[2023-06-13T00:20:01.755+0000] {taskinstance.py:1406} INFO - Marking task as SUCCESS. dag_id=a_user_processing, task_id=create_table, execution_date=20230612T000000, start_date=20230613T002001, end_date=20230613T002001
[2023-06-13T00:20:01.818+0000] {local_task_job.py:164} INFO - Task exited with return code 0
[2023-06-13T00:20:01.857+0000] {local_task_job.py:273} INFO - 0 downstream tasks scheduled from follow-on schedule check
