[2023-06-14T00:13:58.517+0000] {taskinstance.py:1165} INFO - Dependencies all met for <TaskInstance: dataset_consumer.read_dataset dataset_triggered__2023-06-14T00:13:57.087445+00:00 [queued]>
[2023-06-14T00:13:58.586+0000] {taskinstance.py:1165} INFO - Dependencies all met for <TaskInstance: dataset_consumer.read_dataset dataset_triggered__2023-06-14T00:13:57.087445+00:00 [queued]>
[2023-06-14T00:13:58.592+0000] {taskinstance.py:1362} INFO - 
--------------------------------------------------------------------------------
[2023-06-14T00:13:58.595+0000] {taskinstance.py:1363} INFO - Starting attempt 1 of 1
[2023-06-14T00:13:58.596+0000] {taskinstance.py:1364} INFO - 
--------------------------------------------------------------------------------
[2023-06-14T00:13:58.673+0000] {taskinstance.py:1383} INFO - Executing <Task(_PythonDecoratedOperator): read_dataset> on 2023-06-14 00:13:57.087445+00:00
[2023-06-14T00:13:58.695+0000] {standard_task_runner.py:55} INFO - Started process 1127 to run task
[2023-06-14T00:13:58.738+0000] {standard_task_runner.py:82} INFO - Running: ['***', 'tasks', 'run', 'dataset_consumer', 'read_dataset', 'dataset_triggered__2023-06-14T00:13:57.087445+00:00', '--job-id', '148', '--raw', '--subdir', 'DAGS_FOLDER/consumer.py', '--cfg-path', '/tmp/tmpdydvh6wl']
[2023-06-14T00:13:58.746+0000] {standard_task_runner.py:83} INFO - Job 148: Subtask read_dataset
[2023-06-14T00:13:58.965+0000] {task_command.py:376} INFO - Running <TaskInstance: dataset_consumer.read_dataset dataset_triggered__2023-06-14T00:13:57.087445+00:00 [running]> on host 5f3b9c67a0bc
[2023-06-14T00:13:59.162+0000] {taskinstance.py:1592} INFO - Exporting the following env vars:
AIRFLOW_CTX_DAG_OWNER=***
AIRFLOW_CTX_DAG_ID=dataset_consumer
AIRFLOW_CTX_TASK_ID=read_dataset
AIRFLOW_CTX_EXECUTION_DATE=2023-06-14T00:13:57.087445+00:00
AIRFLOW_CTX_TRY_NUMBER=1
AIRFLOW_CTX_DAG_RUN_ID=dataset_triggered__2023-06-14T00:13:57.087445+00:00
[2023-06-14T00:13:59.168+0000] {logging_mixin.py:120} INFO - producer update
[2023-06-14T00:13:59.173+0000] {python.py:177} INFO - Done. Returned value was: None
[2023-06-14T00:13:59.193+0000] {taskinstance.py:1406} INFO - Marking task as SUCCESS. dag_id=dataset_consumer, task_id=read_dataset, execution_date=20230614T001357, start_date=20230614T001358, end_date=20230614T001359
[2023-06-14T00:13:59.274+0000] {local_task_job.py:164} INFO - Task exited with return code 0
[2023-06-14T00:13:59.323+0000] {local_task_job.py:273} INFO - 0 downstream tasks scheduled from follow-on schedule check
