[2023-06-10T00:06:18.702+0000] {taskinstance.py:1165} INFO - Dependencies all met for <TaskInstance: a_user_processing.is_api_available scheduled__2023-06-09T00:00:00+00:00 [queued]>
[2023-06-10T00:06:18.715+0000] {taskinstance.py:1165} INFO - Dependencies all met for <TaskInstance: a_user_processing.is_api_available scheduled__2023-06-09T00:00:00+00:00 [queued]>
[2023-06-10T00:06:18.718+0000] {taskinstance.py:1362} INFO - 
--------------------------------------------------------------------------------
[2023-06-10T00:06:18.720+0000] {taskinstance.py:1363} INFO - Starting attempt 1 of 1
[2023-06-10T00:06:18.723+0000] {taskinstance.py:1364} INFO - 
--------------------------------------------------------------------------------
[2023-06-10T00:06:18.742+0000] {taskinstance.py:1383} INFO - Executing <Task(HttpSensor): is_api_available> on 2023-06-09 00:00:00+00:00
[2023-06-10T00:06:18.757+0000] {standard_task_runner.py:55} INFO - Started process 2340 to run task
[2023-06-10T00:06:18.762+0000] {standard_task_runner.py:82} INFO - Running: ['***', 'tasks', 'run', 'a_user_processing', 'is_api_available', 'scheduled__2023-06-09T00:00:00+00:00', '--job-id', '48', '--raw', '--subdir', 'DAGS_FOLDER/user_processing.py', '--cfg-path', '/tmp/tmp3ygdxcck']
[2023-06-10T00:06:18.777+0000] {standard_task_runner.py:83} INFO - Job 48: Subtask is_api_available
[2023-06-10T00:06:18.936+0000] {task_command.py:376} INFO - Running <TaskInstance: a_user_processing.is_api_available scheduled__2023-06-09T00:00:00+00:00 [running]> on host c0d3dfdc775c
[2023-06-10T00:06:19.070+0000] {taskinstance.py:1592} INFO - Exporting the following env vars:
AIRFLOW_CTX_DAG_OWNER=***
AIRFLOW_CTX_DAG_ID=a_user_processing
AIRFLOW_CTX_TASK_ID=is_api_available
AIRFLOW_CTX_EXECUTION_DATE=2023-06-09T00:00:00+00:00
AIRFLOW_CTX_TRY_NUMBER=1
AIRFLOW_CTX_DAG_RUN_ID=scheduled__2023-06-09T00:00:00+00:00
[2023-06-10T00:06:19.077+0000] {http.py:120} INFO - Poking: api/
[2023-06-10T00:06:19.103+0000] {base.py:71} INFO - Using connection ID 'user_api' for task execution.
[2023-06-10T00:06:19.108+0000] {http.py:148} INFO - Sending 'GET' to url: https://randomuser.me/api/
[2023-06-10T00:06:20.062+0000] {base.py:213} INFO - Success criteria met. Exiting.
[2023-06-10T00:06:20.090+0000] {taskinstance.py:1406} INFO - Marking task as SUCCESS. dag_id=a_user_processing, task_id=is_api_available, execution_date=20230609T000000, start_date=20230610T000618, end_date=20230610T000620
[2023-06-10T00:06:20.183+0000] {local_task_job.py:164} INFO - Task exited with return code 0
[2023-06-10T00:06:20.339+0000] {local_task_job.py:273} INFO - 1 downstream tasks scheduled from follow-on schedule check
