[2023-06-10T00:06:16.066+0000] {processor.py:154} INFO - Started process (PID=2614) to work on /opt/airflow/dags/producer.py
[2023-06-10T00:06:16.076+0000] {processor.py:756} INFO - Processing file /opt/airflow/dags/producer.py for tasks to queue
[2023-06-10T00:06:16.094+0000] {logging_mixin.py:120} INFO - [2023-06-10T00:06:16.093+0000] {dagbag.py:537} INFO - Filling up the DagBag from /opt/airflow/dags/producer.py
[2023-06-10T00:06:16.210+0000] {processor.py:766} INFO - DAG(s) dict_keys(['a_producer']) retrieved from /opt/airflow/dags/producer.py
[2023-06-10T00:06:16.418+0000] {logging_mixin.py:120} INFO - [2023-06-10T00:06:16.417+0000] {dag.py:2585} INFO - Sync 1 DAGs
[2023-06-10T00:06:16.488+0000] {logging_mixin.py:120} INFO - [2023-06-10T00:06:16.487+0000] {dag.py:3340} INFO - Setting next_dagrun for a_producer to 2023-06-10T00:00:00+00:00, run_after=2023-06-11T00:00:00+00:00
[2023-06-10T00:06:16.545+0000] {processor.py:176} INFO - Processing /opt/airflow/dags/producer.py took 0.504 seconds
[2023-06-10T01:14:17.615+0000] {processor.py:154} INFO - Started process (PID=2649) to work on /opt/airflow/dags/producer.py
[2023-06-10T01:14:17.624+0000] {processor.py:756} INFO - Processing file /opt/airflow/dags/producer.py for tasks to queue
[2023-06-10T01:14:17.627+0000] {logging_mixin.py:120} INFO - [2023-06-10T01:14:17.627+0000] {dagbag.py:537} INFO - Filling up the DagBag from /opt/airflow/dags/producer.py
[2023-06-10T01:14:17.709+0000] {processor.py:766} INFO - DAG(s) dict_keys(['a_producer']) retrieved from /opt/airflow/dags/producer.py
[2023-06-10T01:14:17.849+0000] {logging_mixin.py:120} INFO - [2023-06-10T01:14:17.849+0000] {dag.py:2585} INFO - Sync 1 DAGs
[2023-06-10T01:14:17.910+0000] {logging_mixin.py:120} INFO - [2023-06-10T01:14:17.910+0000] {dag.py:3340} INFO - Setting next_dagrun for a_producer to 2023-06-10T00:00:00+00:00, run_after=2023-06-11T00:00:00+00:00
[2023-06-10T01:14:18.011+0000] {processor.py:176} INFO - Processing /opt/airflow/dags/producer.py took 0.401 seconds
[2023-06-10T01:53:42.368+0000] {processor.py:154} INFO - Started process (PID=2680) to work on /opt/airflow/dags/producer.py
[2023-06-10T01:53:42.371+0000] {processor.py:756} INFO - Processing file /opt/airflow/dags/producer.py for tasks to queue
[2023-06-10T01:53:42.375+0000] {logging_mixin.py:120} INFO - [2023-06-10T01:53:42.375+0000] {dagbag.py:537} INFO - Filling up the DagBag from /opt/airflow/dags/producer.py
[2023-06-10T01:53:42.489+0000] {processor.py:766} INFO - DAG(s) dict_keys(['a_producer']) retrieved from /opt/airflow/dags/producer.py
[2023-06-10T01:53:42.679+0000] {logging_mixin.py:120} INFO - [2023-06-10T01:53:42.679+0000] {dag.py:2585} INFO - Sync 1 DAGs
[2023-06-10T01:53:42.740+0000] {logging_mixin.py:120} INFO - [2023-06-10T01:53:42.740+0000] {dag.py:3340} INFO - Setting next_dagrun for a_producer to 2023-06-10T00:00:00+00:00, run_after=2023-06-11T00:00:00+00:00
[2023-06-10T01:53:42.800+0000] {processor.py:176} INFO - Processing /opt/airflow/dags/producer.py took 0.436 seconds
[2023-06-10T02:11:51.140+0000] {processor.py:154} INFO - Started process (PID=2702) to work on /opt/airflow/dags/producer.py
[2023-06-10T02:11:51.143+0000] {processor.py:756} INFO - Processing file /opt/airflow/dags/producer.py for tasks to queue
[2023-06-10T02:11:51.169+0000] {logging_mixin.py:120} INFO - [2023-06-10T02:11:51.169+0000] {dagbag.py:537} INFO - Filling up the DagBag from /opt/airflow/dags/producer.py
[2023-06-10T02:11:51.295+0000] {processor.py:766} INFO - DAG(s) dict_keys(['a_producer']) retrieved from /opt/airflow/dags/producer.py
[2023-06-10T02:11:51.460+0000] {logging_mixin.py:120} INFO - [2023-06-10T02:11:51.460+0000] {dag.py:2585} INFO - Sync 1 DAGs
[2023-06-10T02:11:51.531+0000] {logging_mixin.py:120} INFO - [2023-06-10T02:11:51.530+0000] {dag.py:3340} INFO - Setting next_dagrun for a_producer to 2023-06-10T00:00:00+00:00, run_after=2023-06-11T00:00:00+00:00
[2023-06-10T02:11:51.575+0000] {processor.py:176} INFO - Processing /opt/airflow/dags/producer.py took 0.445 seconds
[2023-06-10T02:59:23.044+0000] {processor.py:154} INFO - Started process (PID=2733) to work on /opt/airflow/dags/producer.py
[2023-06-10T02:59:23.057+0000] {processor.py:756} INFO - Processing file /opt/airflow/dags/producer.py for tasks to queue
[2023-06-10T02:59:23.062+0000] {logging_mixin.py:120} INFO - [2023-06-10T02:59:23.062+0000] {dagbag.py:537} INFO - Filling up the DagBag from /opt/airflow/dags/producer.py
[2023-06-10T02:59:23.188+0000] {processor.py:766} INFO - DAG(s) dict_keys(['a_producer']) retrieved from /opt/airflow/dags/producer.py
[2023-06-10T02:59:23.309+0000] {logging_mixin.py:120} INFO - [2023-06-10T02:59:23.309+0000] {dag.py:2585} INFO - Sync 1 DAGs
[2023-06-10T02:59:23.374+0000] {logging_mixin.py:120} INFO - [2023-06-10T02:59:23.374+0000] {dag.py:3340} INFO - Setting next_dagrun for a_producer to 2023-06-10T00:00:00+00:00, run_after=2023-06-11T00:00:00+00:00
[2023-06-10T02:59:23.434+0000] {processor.py:176} INFO - Processing /opt/airflow/dags/producer.py took 0.407 seconds
[2023-06-10T04:07:24.711+0000] {processor.py:154} INFO - Started process (PID=2764) to work on /opt/airflow/dags/producer.py
[2023-06-10T04:07:24.719+0000] {processor.py:756} INFO - Processing file /opt/airflow/dags/producer.py for tasks to queue
[2023-06-10T04:07:24.723+0000] {logging_mixin.py:120} INFO - [2023-06-10T04:07:24.723+0000] {dagbag.py:537} INFO - Filling up the DagBag from /opt/airflow/dags/producer.py
[2023-06-10T04:07:24.797+0000] {processor.py:766} INFO - DAG(s) dict_keys(['a_producer']) retrieved from /opt/airflow/dags/producer.py
[2023-06-10T04:07:24.898+0000] {logging_mixin.py:120} INFO - [2023-06-10T04:07:24.898+0000] {dag.py:2585} INFO - Sync 1 DAGs
[2023-06-10T04:07:24.947+0000] {logging_mixin.py:120} INFO - [2023-06-10T04:07:24.944+0000] {dag.py:3340} INFO - Setting next_dagrun for a_producer to 2023-06-10T00:00:00+00:00, run_after=2023-06-11T00:00:00+00:00
[2023-06-10T04:07:25.016+0000] {processor.py:176} INFO - Processing /opt/airflow/dags/producer.py took 0.310 seconds
[2023-06-10T05:15:33.518+0000] {processor.py:154} INFO - Started process (PID=2793) to work on /opt/airflow/dags/producer.py
[2023-06-10T05:15:33.525+0000] {processor.py:756} INFO - Processing file /opt/airflow/dags/producer.py for tasks to queue
[2023-06-10T05:15:33.528+0000] {logging_mixin.py:120} INFO - [2023-06-10T05:15:33.528+0000] {dagbag.py:537} INFO - Filling up the DagBag from /opt/airflow/dags/producer.py
[2023-06-10T05:15:33.675+0000] {processor.py:766} INFO - DAG(s) dict_keys(['a_producer']) retrieved from /opt/airflow/dags/producer.py
[2023-06-10T05:15:33.811+0000] {logging_mixin.py:120} INFO - [2023-06-10T05:15:33.811+0000] {dag.py:2585} INFO - Sync 1 DAGs
[2023-06-10T05:15:33.863+0000] {logging_mixin.py:120} INFO - [2023-06-10T05:15:33.863+0000] {dag.py:3340} INFO - Setting next_dagrun for a_producer to 2023-06-10T00:00:00+00:00, run_after=2023-06-11T00:00:00+00:00
[2023-06-10T05:15:33.914+0000] {processor.py:176} INFO - Processing /opt/airflow/dags/producer.py took 0.408 seconds
[2023-06-10T06:40:55.017+0000] {processor.py:154} INFO - Started process (PID=2818) to work on /opt/airflow/dags/producer.py
[2023-06-10T06:40:55.022+0000] {processor.py:756} INFO - Processing file /opt/airflow/dags/producer.py for tasks to queue
[2023-06-10T06:40:55.024+0000] {logging_mixin.py:120} INFO - [2023-06-10T06:40:55.024+0000] {dagbag.py:537} INFO - Filling up the DagBag from /opt/airflow/dags/producer.py
[2023-06-10T06:40:55.122+0000] {processor.py:766} INFO - DAG(s) dict_keys(['a_producer']) retrieved from /opt/airflow/dags/producer.py
[2023-06-10T06:40:55.244+0000] {logging_mixin.py:120} INFO - [2023-06-10T06:40:55.243+0000] {dag.py:2585} INFO - Sync 1 DAGs
[2023-06-10T06:40:55.314+0000] {logging_mixin.py:120} INFO - [2023-06-10T06:40:55.314+0000] {dag.py:3340} INFO - Setting next_dagrun for a_producer to 2023-06-10T00:00:00+00:00, run_after=2023-06-11T00:00:00+00:00
[2023-06-10T06:40:55.376+0000] {processor.py:176} INFO - Processing /opt/airflow/dags/producer.py took 0.364 seconds
[2023-06-10T07:48:24.799+0000] {processor.py:154} INFO - Started process (PID=2849) to work on /opt/airflow/dags/producer.py
[2023-06-10T07:48:24.803+0000] {processor.py:756} INFO - Processing file /opt/airflow/dags/producer.py for tasks to queue
[2023-06-10T07:48:24.806+0000] {logging_mixin.py:120} INFO - [2023-06-10T07:48:24.806+0000] {dagbag.py:537} INFO - Filling up the DagBag from /opt/airflow/dags/producer.py
[2023-06-10T07:48:24.859+0000] {processor.py:766} INFO - DAG(s) dict_keys(['a_producer']) retrieved from /opt/airflow/dags/producer.py
[2023-06-10T07:48:25.022+0000] {logging_mixin.py:120} INFO - [2023-06-10T07:48:25.022+0000] {dag.py:2585} INFO - Sync 1 DAGs
[2023-06-10T07:48:25.097+0000] {logging_mixin.py:120} INFO - [2023-06-10T07:48:25.097+0000] {dag.py:3340} INFO - Setting next_dagrun for a_producer to 2023-06-10T00:00:00+00:00, run_after=2023-06-11T00:00:00+00:00
[2023-06-10T07:48:25.146+0000] {processor.py:176} INFO - Processing /opt/airflow/dags/producer.py took 0.351 seconds
[2023-06-10T08:38:24.068+0000] {processor.py:154} INFO - Started process (PID=2880) to work on /opt/airflow/dags/producer.py
[2023-06-10T08:38:24.070+0000] {processor.py:756} INFO - Processing file /opt/airflow/dags/producer.py for tasks to queue
[2023-06-10T08:38:24.074+0000] {logging_mixin.py:120} INFO - [2023-06-10T08:38:24.074+0000] {dagbag.py:537} INFO - Filling up the DagBag from /opt/airflow/dags/producer.py
[2023-06-10T08:38:24.120+0000] {processor.py:766} INFO - DAG(s) dict_keys(['a_producer']) retrieved from /opt/airflow/dags/producer.py
[2023-06-10T08:38:24.172+0000] {logging_mixin.py:120} INFO - [2023-06-10T08:38:24.171+0000] {dag.py:2585} INFO - Sync 1 DAGs
[2023-06-10T08:38:24.198+0000] {logging_mixin.py:120} INFO - [2023-06-10T08:38:24.197+0000] {dag.py:3340} INFO - Setting next_dagrun for a_producer to 2023-06-10T00:00:00+00:00, run_after=2023-06-11T00:00:00+00:00
[2023-06-10T08:38:24.216+0000] {processor.py:176} INFO - Processing /opt/airflow/dags/producer.py took 0.152 seconds
[2023-06-10T09:58:48.992+0000] {processor.py:154} INFO - Started process (PID=2901) to work on /opt/airflow/dags/producer.py
[2023-06-10T09:58:48.996+0000] {processor.py:756} INFO - Processing file /opt/airflow/dags/producer.py for tasks to queue
[2023-06-10T09:58:49.004+0000] {logging_mixin.py:120} INFO - [2023-06-10T09:58:49.003+0000] {dagbag.py:537} INFO - Filling up the DagBag from /opt/airflow/dags/producer.py
[2023-06-10T09:58:49.101+0000] {processor.py:766} INFO - DAG(s) dict_keys(['a_producer']) retrieved from /opt/airflow/dags/producer.py
[2023-06-10T09:58:49.206+0000] {logging_mixin.py:120} INFO - [2023-06-10T09:58:49.206+0000] {dag.py:2585} INFO - Sync 1 DAGs
[2023-06-10T09:58:49.259+0000] {logging_mixin.py:120} INFO - [2023-06-10T09:58:49.258+0000] {dag.py:3340} INFO - Setting next_dagrun for a_producer to 2023-06-10T00:00:00+00:00, run_after=2023-06-11T00:00:00+00:00
[2023-06-10T09:58:49.308+0000] {processor.py:176} INFO - Processing /opt/airflow/dags/producer.py took 0.330 seconds
[2023-06-10T11:20:00.980+0000] {processor.py:154} INFO - Started process (PID=2932) to work on /opt/airflow/dags/producer.py
[2023-06-10T11:20:00.998+0000] {processor.py:756} INFO - Processing file /opt/airflow/dags/producer.py for tasks to queue
[2023-06-10T11:20:01.017+0000] {logging_mixin.py:120} INFO - [2023-06-10T11:20:01.011+0000] {dagbag.py:537} INFO - Filling up the DagBag from /opt/airflow/dags/producer.py
[2023-06-10T11:20:01.074+0000] {processor.py:766} INFO - DAG(s) dict_keys(['a_producer']) retrieved from /opt/airflow/dags/producer.py
[2023-06-10T11:20:01.187+0000] {logging_mixin.py:120} INFO - [2023-06-10T11:20:01.187+0000] {dag.py:2585} INFO - Sync 1 DAGs
[2023-06-10T11:20:01.256+0000] {logging_mixin.py:120} INFO - [2023-06-10T11:20:01.256+0000] {dag.py:3340} INFO - Setting next_dagrun for a_producer to 2023-06-10T00:00:00+00:00, run_after=2023-06-11T00:00:00+00:00
[2023-06-10T11:20:01.298+0000] {processor.py:176} INFO - Processing /opt/airflow/dags/producer.py took 0.329 seconds
[2023-06-10T12:23:01.794+0000] {processor.py:154} INFO - Started process (PID=2963) to work on /opt/airflow/dags/producer.py
[2023-06-10T12:23:01.810+0000] {processor.py:756} INFO - Processing file /opt/airflow/dags/producer.py for tasks to queue
[2023-06-10T12:23:01.819+0000] {logging_mixin.py:120} INFO - [2023-06-10T12:23:01.819+0000] {dagbag.py:537} INFO - Filling up the DagBag from /opt/airflow/dags/producer.py
[2023-06-10T12:23:01.940+0000] {processor.py:766} INFO - DAG(s) dict_keys(['a_producer']) retrieved from /opt/airflow/dags/producer.py
[2023-06-10T12:23:02.059+0000] {logging_mixin.py:120} INFO - [2023-06-10T12:23:02.059+0000] {dag.py:2585} INFO - Sync 1 DAGs
[2023-06-10T12:23:02.108+0000] {logging_mixin.py:120} INFO - [2023-06-10T12:23:02.107+0000] {dag.py:3340} INFO - Setting next_dagrun for a_producer to 2023-06-10T00:00:00+00:00, run_after=2023-06-11T00:00:00+00:00
[2023-06-10T12:23:02.154+0000] {processor.py:176} INFO - Processing /opt/airflow/dags/producer.py took 0.381 seconds
[2023-06-10T13:28:05.851+0000] {processor.py:154} INFO - Started process (PID=2985) to work on /opt/airflow/dags/producer.py
[2023-06-10T13:28:05.856+0000] {processor.py:756} INFO - Processing file /opt/airflow/dags/producer.py for tasks to queue
[2023-06-10T13:28:05.859+0000] {logging_mixin.py:120} INFO - [2023-06-10T13:28:05.859+0000] {dagbag.py:537} INFO - Filling up the DagBag from /opt/airflow/dags/producer.py
[2023-06-10T13:28:05.964+0000] {processor.py:766} INFO - DAG(s) dict_keys(['a_producer']) retrieved from /opt/airflow/dags/producer.py
[2023-06-10T13:28:06.090+0000] {logging_mixin.py:120} INFO - [2023-06-10T13:28:06.090+0000] {dag.py:2585} INFO - Sync 1 DAGs
[2023-06-10T13:28:06.170+0000] {logging_mixin.py:120} INFO - [2023-06-10T13:28:06.170+0000] {dag.py:3340} INFO - Setting next_dagrun for a_producer to 2023-06-10T00:00:00+00:00, run_after=2023-06-11T00:00:00+00:00
[2023-06-10T13:28:06.212+0000] {processor.py:176} INFO - Processing /opt/airflow/dags/producer.py took 0.382 seconds
[2023-06-10T14:18:26.376+0000] {processor.py:154} INFO - Started process (PID=3016) to work on /opt/airflow/dags/producer.py
[2023-06-10T14:18:26.385+0000] {processor.py:756} INFO - Processing file /opt/airflow/dags/producer.py for tasks to queue
[2023-06-10T14:18:26.388+0000] {logging_mixin.py:120} INFO - [2023-06-10T14:18:26.388+0000] {dagbag.py:537} INFO - Filling up the DagBag from /opt/airflow/dags/producer.py
[2023-06-10T14:18:26.452+0000] {processor.py:766} INFO - DAG(s) dict_keys(['a_producer']) retrieved from /opt/airflow/dags/producer.py
[2023-06-10T14:18:26.561+0000] {logging_mixin.py:120} INFO - [2023-06-10T14:18:26.560+0000] {dag.py:2585} INFO - Sync 1 DAGs
[2023-06-10T14:18:26.603+0000] {logging_mixin.py:120} INFO - [2023-06-10T14:18:26.603+0000] {dag.py:3340} INFO - Setting next_dagrun for a_producer to 2023-06-10T00:00:00+00:00, run_after=2023-06-11T00:00:00+00:00
[2023-06-10T14:18:26.634+0000] {processor.py:176} INFO - Processing /opt/airflow/dags/producer.py took 0.266 seconds
[2023-06-10T15:23:44.825+0000] {processor.py:154} INFO - Started process (PID=3047) to work on /opt/airflow/dags/producer.py
[2023-06-10T15:23:44.828+0000] {processor.py:756} INFO - Processing file /opt/airflow/dags/producer.py for tasks to queue
[2023-06-10T15:23:44.830+0000] {logging_mixin.py:120} INFO - [2023-06-10T15:23:44.830+0000] {dagbag.py:537} INFO - Filling up the DagBag from /opt/airflow/dags/producer.py
[2023-06-10T15:23:44.890+0000] {processor.py:766} INFO - DAG(s) dict_keys(['a_producer']) retrieved from /opt/airflow/dags/producer.py
[2023-06-10T15:23:44.971+0000] {logging_mixin.py:120} INFO - [2023-06-10T15:23:44.970+0000] {dag.py:2585} INFO - Sync 1 DAGs
[2023-06-10T15:23:45.009+0000] {logging_mixin.py:120} INFO - [2023-06-10T15:23:45.009+0000] {dag.py:3340} INFO - Setting next_dagrun for a_producer to 2023-06-10T00:00:00+00:00, run_after=2023-06-11T00:00:00+00:00
[2023-06-10T15:23:45.035+0000] {processor.py:176} INFO - Processing /opt/airflow/dags/producer.py took 0.218 seconds
[2023-06-10T16:47:09.741+0000] {processor.py:154} INFO - Started process (PID=3070) to work on /opt/airflow/dags/producer.py
[2023-06-10T16:47:09.744+0000] {processor.py:756} INFO - Processing file /opt/airflow/dags/producer.py for tasks to queue
[2023-06-10T16:47:09.747+0000] {logging_mixin.py:120} INFO - [2023-06-10T16:47:09.747+0000] {dagbag.py:537} INFO - Filling up the DagBag from /opt/airflow/dags/producer.py
[2023-06-10T16:47:09.783+0000] {processor.py:766} INFO - DAG(s) dict_keys(['a_producer']) retrieved from /opt/airflow/dags/producer.py
[2023-06-10T16:47:09.836+0000] {logging_mixin.py:120} INFO - [2023-06-10T16:47:09.836+0000] {dag.py:2585} INFO - Sync 1 DAGs
[2023-06-10T16:47:09.913+0000] {logging_mixin.py:120} INFO - [2023-06-10T16:47:09.913+0000] {dag.py:3340} INFO - Setting next_dagrun for a_producer to 2023-06-10T00:00:00+00:00, run_after=2023-06-11T00:00:00+00:00
[2023-06-10T16:47:10.012+0000] {processor.py:176} INFO - Processing /opt/airflow/dags/producer.py took 0.274 seconds
[2023-06-10T17:55:00.204+0000] {processor.py:154} INFO - Started process (PID=3101) to work on /opt/airflow/dags/producer.py
[2023-06-10T17:55:00.217+0000] {processor.py:756} INFO - Processing file /opt/airflow/dags/producer.py for tasks to queue
[2023-06-10T17:55:00.222+0000] {logging_mixin.py:120} INFO - [2023-06-10T17:55:00.222+0000] {dagbag.py:537} INFO - Filling up the DagBag from /opt/airflow/dags/producer.py
[2023-06-10T17:55:00.302+0000] {processor.py:766} INFO - DAG(s) dict_keys(['a_producer']) retrieved from /opt/airflow/dags/producer.py
[2023-06-10T17:55:00.385+0000] {logging_mixin.py:120} INFO - [2023-06-10T17:55:00.385+0000] {dag.py:2585} INFO - Sync 1 DAGs
[2023-06-10T17:55:00.424+0000] {logging_mixin.py:120} INFO - [2023-06-10T17:55:00.423+0000] {dag.py:3340} INFO - Setting next_dagrun for a_producer to 2023-06-10T00:00:00+00:00, run_after=2023-06-11T00:00:00+00:00
[2023-06-10T17:55:00.476+0000] {processor.py:176} INFO - Processing /opt/airflow/dags/producer.py took 0.284 seconds
[2023-06-10T19:02:25.431+0000] {processor.py:154} INFO - Started process (PID=3133) to work on /opt/airflow/dags/producer.py
[2023-06-10T19:02:25.445+0000] {processor.py:756} INFO - Processing file /opt/airflow/dags/producer.py for tasks to queue
[2023-06-10T19:02:25.453+0000] {logging_mixin.py:120} INFO - [2023-06-10T19:02:25.453+0000] {dagbag.py:537} INFO - Filling up the DagBag from /opt/airflow/dags/producer.py
[2023-06-10T19:02:25.610+0000] {processor.py:766} INFO - DAG(s) dict_keys(['a_producer']) retrieved from /opt/airflow/dags/producer.py
[2023-06-10T19:02:25.806+0000] {logging_mixin.py:120} INFO - [2023-06-10T19:02:25.806+0000] {dag.py:2585} INFO - Sync 1 DAGs
[2023-06-10T19:02:25.867+0000] {logging_mixin.py:120} INFO - [2023-06-10T19:02:25.866+0000] {dag.py:3340} INFO - Setting next_dagrun for a_producer to 2023-06-10T00:00:00+00:00, run_after=2023-06-11T00:00:00+00:00
[2023-06-10T19:02:25.902+0000] {processor.py:176} INFO - Processing /opt/airflow/dags/producer.py took 0.483 seconds
[2023-06-10T20:20:44.750+0000] {processor.py:154} INFO - Started process (PID=3164) to work on /opt/airflow/dags/producer.py
[2023-06-10T20:20:44.753+0000] {processor.py:756} INFO - Processing file /opt/airflow/dags/producer.py for tasks to queue
[2023-06-10T20:20:44.755+0000] {logging_mixin.py:120} INFO - [2023-06-10T20:20:44.755+0000] {dagbag.py:537} INFO - Filling up the DagBag from /opt/airflow/dags/producer.py
[2023-06-10T20:20:44.801+0000] {processor.py:766} INFO - DAG(s) dict_keys(['a_producer']) retrieved from /opt/airflow/dags/producer.py
[2023-06-10T20:20:44.964+0000] {logging_mixin.py:120} INFO - [2023-06-10T20:20:44.964+0000] {dag.py:2585} INFO - Sync 1 DAGs
[2023-06-10T20:20:45.062+0000] {logging_mixin.py:120} INFO - [2023-06-10T20:20:45.060+0000] {dag.py:3340} INFO - Setting next_dagrun for a_producer to 2023-06-10T00:00:00+00:00, run_after=2023-06-11T00:00:00+00:00
[2023-06-10T20:20:45.111+0000] {processor.py:176} INFO - Processing /opt/airflow/dags/producer.py took 0.364 seconds
[2023-06-10T21:45:07.081+0000] {processor.py:154} INFO - Started process (PID=3186) to work on /opt/airflow/dags/producer.py
[2023-06-10T21:45:07.091+0000] {processor.py:756} INFO - Processing file /opt/airflow/dags/producer.py for tasks to queue
[2023-06-10T21:45:07.096+0000] {logging_mixin.py:120} INFO - [2023-06-10T21:45:07.096+0000] {dagbag.py:537} INFO - Filling up the DagBag from /opt/airflow/dags/producer.py
[2023-06-10T21:45:07.186+0000] {processor.py:766} INFO - DAG(s) dict_keys(['a_producer']) retrieved from /opt/airflow/dags/producer.py
[2023-06-10T21:45:07.336+0000] {logging_mixin.py:120} INFO - [2023-06-10T21:45:07.335+0000] {dag.py:2585} INFO - Sync 1 DAGs
[2023-06-10T21:45:07.431+0000] {logging_mixin.py:120} INFO - [2023-06-10T21:45:07.431+0000] {dag.py:3340} INFO - Setting next_dagrun for a_producer to 2023-06-10T00:00:00+00:00, run_after=2023-06-11T00:00:00+00:00
[2023-06-10T21:45:07.495+0000] {processor.py:176} INFO - Processing /opt/airflow/dags/producer.py took 0.419 seconds
[2023-06-10T22:53:38.052+0000] {processor.py:154} INFO - Started process (PID=3217) to work on /opt/airflow/dags/producer.py
[2023-06-10T22:53:38.055+0000] {processor.py:756} INFO - Processing file /opt/airflow/dags/producer.py for tasks to queue
[2023-06-10T22:53:38.058+0000] {logging_mixin.py:120} INFO - [2023-06-10T22:53:38.058+0000] {dagbag.py:537} INFO - Filling up the DagBag from /opt/airflow/dags/producer.py
[2023-06-10T22:53:38.113+0000] {processor.py:766} INFO - DAG(s) dict_keys(['a_producer']) retrieved from /opt/airflow/dags/producer.py
[2023-06-10T22:53:38.183+0000] {logging_mixin.py:120} INFO - [2023-06-10T22:53:38.182+0000] {dag.py:2585} INFO - Sync 1 DAGs
[2023-06-10T22:53:38.211+0000] {logging_mixin.py:120} INFO - [2023-06-10T22:53:38.211+0000] {dag.py:3340} INFO - Setting next_dagrun for a_producer to 2023-06-10T00:00:00+00:00, run_after=2023-06-11T00:00:00+00:00
[2023-06-10T22:53:38.230+0000] {processor.py:176} INFO - Processing /opt/airflow/dags/producer.py took 0.181 seconds
