[2023-06-08T11:18:20.954+0000] {taskinstance.py:1165} INFO - Dependencies all met for <TaskInstance: a_user_processing.create_table scheduled__2023-06-07T00:00:00+00:00 [queued]>
[2023-06-08T11:18:20.963+0000] {taskinstance.py:1165} INFO - Dependencies all met for <TaskInstance: a_user_processing.create_table scheduled__2023-06-07T00:00:00+00:00 [queued]>
[2023-06-08T11:18:20.964+0000] {taskinstance.py:1362} INFO - 
--------------------------------------------------------------------------------
[2023-06-08T11:18:20.966+0000] {taskinstance.py:1363} INFO - Starting attempt 1 of 1
[2023-06-08T11:18:20.967+0000] {taskinstance.py:1364} INFO - 
--------------------------------------------------------------------------------
[2023-06-08T11:18:20.979+0000] {taskinstance.py:1383} INFO - Executing <Task(PostgresOperator): create_table> on 2023-06-07 00:00:00+00:00
[2023-06-08T11:18:20.991+0000] {standard_task_runner.py:55} INFO - Started process 138 to run task
[2023-06-08T11:18:20.997+0000] {standard_task_runner.py:82} INFO - Running: ['***', 'tasks', 'run', 'a_user_processing', 'create_table', 'scheduled__2023-06-07T00:00:00+00:00', '--job-id', '31', '--raw', '--subdir', 'DAGS_FOLDER/user_processing.py', '--cfg-path', '/tmp/tmp3mwwksk9']
[2023-06-08T11:18:21.004+0000] {standard_task_runner.py:83} INFO - Job 31: Subtask create_table
[2023-06-08T11:18:21.092+0000] {task_command.py:376} INFO - Running <TaskInstance: a_user_processing.create_table scheduled__2023-06-07T00:00:00+00:00 [running]> on host 2efdd707d2e6
[2023-06-08T11:18:21.152+0000] {taskinstance.py:1592} INFO - Exporting the following env vars:
AIRFLOW_CTX_DAG_OWNER=***
AIRFLOW_CTX_DAG_ID=a_user_processing
AIRFLOW_CTX_TASK_ID=create_table
AIRFLOW_CTX_EXECUTION_DATE=2023-06-07T00:00:00+00:00
AIRFLOW_CTX_TRY_NUMBER=1
AIRFLOW_CTX_DAG_RUN_ID=scheduled__2023-06-07T00:00:00+00:00
[2023-06-08T11:18:21.163+0000] {base.py:71} INFO - Using connection ID 'postgres' for task execution.
[2023-06-08T11:18:21.169+0000] {sql.py:315} INFO - Running statement: 
          Create table if not exists users (
               firstname TEXT NOT NULL,
               lastname TEXT NOT NULL,
               country TEXT NOT NULL,
               username TEXT NOT NULL,
               password TEXT NOT NULL,
               email TEXT NOT NULL
          );
        , parameters: None
[2023-06-08T11:18:21.171+0000] {postgres.py:96} INFO - NOTICE:  relation "users" already exists, skipping

[2023-06-08T11:18:21.184+0000] {taskinstance.py:1406} INFO - Marking task as SUCCESS. dag_id=a_user_processing, task_id=create_table, execution_date=20230607T000000, start_date=20230608T111820, end_date=20230608T111821
[2023-06-08T11:18:21.210+0000] {local_task_job.py:164} INFO - Task exited with return code 0
[2023-06-08T11:18:21.238+0000] {local_task_job.py:273} INFO - 1 downstream tasks scheduled from follow-on schedule check
