[2023-06-14T00:14:01.899+0000] {taskinstance.py:1165} INFO - Dependencies all met for <TaskInstance: xcom_dag.processing_tasks.training_model_a scheduled__2023-06-13T00:00:00+00:00 [queued]>
[2023-06-14T00:14:01.980+0000] {taskinstance.py:1165} INFO - Dependencies all met for <TaskInstance: xcom_dag.processing_tasks.training_model_a scheduled__2023-06-13T00:00:00+00:00 [queued]>
[2023-06-14T00:14:01.985+0000] {taskinstance.py:1362} INFO - 
--------------------------------------------------------------------------------
[2023-06-14T00:14:01.988+0000] {taskinstance.py:1363} INFO - Starting attempt 1 of 1
[2023-06-14T00:14:01.991+0000] {taskinstance.py:1364} INFO - 
--------------------------------------------------------------------------------
[2023-06-14T00:14:02.065+0000] {taskinstance.py:1383} INFO - Executing <Task(PythonOperator): processing_tasks.training_model_a> on 2023-06-13 00:00:00+00:00
[2023-06-14T00:14:02.131+0000] {standard_task_runner.py:55} INFO - Started process 1134 to run task
[2023-06-14T00:14:02.168+0000] {standard_task_runner.py:82} INFO - Running: ['***', 'tasks', 'run', 'xcom_dag', 'processing_tasks.training_model_a', 'scheduled__2023-06-13T00:00:00+00:00', '--job-id', '150', '--raw', '--subdir', 'DAGS_FOLDER/xcom_dag.py', '--cfg-path', '/tmp/tmp6de8ubev']
[2023-06-14T00:14:02.175+0000] {standard_task_runner.py:83} INFO - Job 150: Subtask processing_tasks.training_model_a
[2023-06-14T00:14:03.347+0000] {task_command.py:376} INFO - Running <TaskInstance: xcom_dag.processing_tasks.training_model_a scheduled__2023-06-13T00:00:00+00:00 [running]> on host 5f3b9c67a0bc
[2023-06-14T00:14:04.021+0000] {taskinstance.py:1592} INFO - Exporting the following env vars:
AIRFLOW_CTX_DAG_OWNER=***
AIRFLOW_CTX_DAG_ID=xcom_dag
AIRFLOW_CTX_TASK_ID=processing_tasks.training_model_a
AIRFLOW_CTX_EXECUTION_DATE=2023-06-13T00:00:00+00:00
AIRFLOW_CTX_TRY_NUMBER=1
AIRFLOW_CTX_DAG_RUN_ID=scheduled__2023-06-13T00:00:00+00:00
[2023-06-14T00:14:04.064+0000] {logging_mixin.py:120} INFO - model's accuracy: 7.775239934543286
[2023-06-14T00:14:04.166+0000] {python.py:177} INFO - Done. Returned value was: None
[2023-06-14T00:14:04.254+0000] {taskinstance.py:1406} INFO - Marking task as SUCCESS. dag_id=xcom_dag, task_id=processing_tasks.training_model_a, execution_date=20230613T000000, start_date=20230614T001401, end_date=20230614T001404
[2023-06-14T00:14:04.481+0000] {local_task_job.py:164} INFO - Task exited with return code 0
[2023-06-14T00:14:04.669+0000] {local_task_job.py:273} INFO - 0 downstream tasks scheduled from follow-on schedule check
[2023-06-14T04:38:15.483+0000] {taskinstance.py:1165} INFO - Dependencies all met for <TaskInstance: xcom_dag.processing_tasks.training_model_a scheduled__2023-06-13T00:00:00+00:00 [queued]>
[2023-06-14T04:38:15.493+0000] {taskinstance.py:1165} INFO - Dependencies all met for <TaskInstance: xcom_dag.processing_tasks.training_model_a scheduled__2023-06-13T00:00:00+00:00 [queued]>
[2023-06-14T04:38:15.497+0000] {taskinstance.py:1362} INFO - 
--------------------------------------------------------------------------------
[2023-06-14T04:38:15.498+0000] {taskinstance.py:1363} INFO - Starting attempt 1 of 1
[2023-06-14T04:38:15.499+0000] {taskinstance.py:1364} INFO - 
--------------------------------------------------------------------------------
[2023-06-14T04:38:15.510+0000] {taskinstance.py:1383} INFO - Executing <Task(PythonOperator): processing_tasks.training_model_a> on 2023-06-13 00:00:00+00:00
[2023-06-14T04:38:15.515+0000] {standard_task_runner.py:55} INFO - Started process 399 to run task
[2023-06-14T04:38:15.519+0000] {standard_task_runner.py:82} INFO - Running: ['***', 'tasks', 'run', 'xcom_dag', 'processing_tasks.training_model_a', 'scheduled__2023-06-13T00:00:00+00:00', '--job-id', '14', '--raw', '--subdir', 'DAGS_FOLDER/xcom_dag.py', '--cfg-path', '/tmp/tmpsyejpg_w']
[2023-06-14T04:38:15.520+0000] {standard_task_runner.py:83} INFO - Job 14: Subtask processing_tasks.training_model_a
[2023-06-14T04:38:15.595+0000] {task_command.py:376} INFO - Running <TaskInstance: xcom_dag.processing_tasks.training_model_a scheduled__2023-06-13T00:00:00+00:00 [running]> on host eccc8785320d
[2023-06-14T04:38:15.663+0000] {taskinstance.py:1592} INFO - Exporting the following env vars:
AIRFLOW_CTX_DAG_OWNER=***
AIRFLOW_CTX_DAG_ID=xcom_dag
AIRFLOW_CTX_TASK_ID=processing_tasks.training_model_a
AIRFLOW_CTX_EXECUTION_DATE=2023-06-13T00:00:00+00:00
AIRFLOW_CTX_TRY_NUMBER=1
AIRFLOW_CTX_DAG_RUN_ID=scheduled__2023-06-13T00:00:00+00:00
[2023-06-14T04:38:15.667+0000] {logging_mixin.py:120} INFO - model's accuracy: 0.7659215342972997
[2023-06-14T04:38:15.681+0000] {python.py:177} INFO - Done. Returned value was: None
[2023-06-14T04:38:15.692+0000] {taskinstance.py:1406} INFO - Marking task as SUCCESS. dag_id=xcom_dag, task_id=processing_tasks.training_model_a, execution_date=20230613T000000, start_date=20230614T043815, end_date=20230614T043815
[2023-06-14T04:38:15.731+0000] {local_task_job.py:164} INFO - Task exited with return code 0
[2023-06-14T04:38:15.754+0000] {local_task_job.py:273} INFO - 1 downstream tasks scheduled from follow-on schedule check
