[2023-06-13T06:43:56.490+0000] {taskinstance.py:1165} INFO - Dependencies all met for <TaskInstance: dataset_consumer.read_dataset dataset_triggered__2023-06-13T06:43:55.471587+00:00 [queued]>
[2023-06-13T06:43:56.500+0000] {taskinstance.py:1165} INFO - Dependencies all met for <TaskInstance: dataset_consumer.read_dataset dataset_triggered__2023-06-13T06:43:55.471587+00:00 [queued]>
[2023-06-13T06:43:56.501+0000] {taskinstance.py:1362} INFO - 
--------------------------------------------------------------------------------
[2023-06-13T06:43:56.502+0000] {taskinstance.py:1363} INFO - Starting attempt 1 of 1
[2023-06-13T06:43:56.503+0000] {taskinstance.py:1364} INFO - 
--------------------------------------------------------------------------------
[2023-06-13T06:43:56.514+0000] {taskinstance.py:1383} INFO - Executing <Task(_PythonDecoratedOperator): read_dataset> on 2023-06-13 06:43:55.471587+00:00
[2023-06-13T06:43:56.519+0000] {standard_task_runner.py:55} INFO - Started process 17389 to run task
[2023-06-13T06:43:56.523+0000] {standard_task_runner.py:82} INFO - Running: ['***', 'tasks', 'run', 'dataset_consumer', 'read_dataset', 'dataset_triggered__2023-06-13T06:43:55.471587+00:00', '--job-id', '115', '--raw', '--subdir', 'DAGS_FOLDER/consumer.py', '--cfg-path', '/tmp/tmpcfh26lbb']
[2023-06-13T06:43:56.525+0000] {standard_task_runner.py:83} INFO - Job 115: Subtask read_dataset
[2023-06-13T06:43:56.668+0000] {task_command.py:376} INFO - Running <TaskInstance: dataset_consumer.read_dataset dataset_triggered__2023-06-13T06:43:55.471587+00:00 [running]> on host c0d3dfdc775c
[2023-06-13T06:43:56.740+0000] {taskinstance.py:1592} INFO - Exporting the following env vars:
AIRFLOW_CTX_DAG_OWNER=***
AIRFLOW_CTX_DAG_ID=dataset_consumer
AIRFLOW_CTX_TASK_ID=read_dataset
AIRFLOW_CTX_EXECUTION_DATE=2023-06-13T06:43:55.471587+00:00
AIRFLOW_CTX_TRY_NUMBER=1
AIRFLOW_CTX_DAG_RUN_ID=dataset_triggered__2023-06-13T06:43:55.471587+00:00
[2023-06-13T06:43:56.742+0000] {logging_mixin.py:120} INFO - producer updateproducer updateproducer updateproducer updateproducer updateproducer update
[2023-06-13T06:43:56.744+0000] {python.py:177} INFO - Done. Returned value was: None
[2023-06-13T06:43:56.759+0000] {taskinstance.py:1406} INFO - Marking task as SUCCESS. dag_id=dataset_consumer, task_id=read_dataset, execution_date=20230613T064355, start_date=20230613T064356, end_date=20230613T064356
[2023-06-13T06:43:56.824+0000] {local_task_job.py:164} INFO - Task exited with return code 0
[2023-06-13T06:43:56.845+0000] {local_task_job.py:273} INFO - 0 downstream tasks scheduled from follow-on schedule check
