[2023-06-11T00:19:37.148+0000] {taskinstance.py:1165} INFO - Dependencies all met for <TaskInstance: a_user_processing.create_table scheduled__2023-06-10T00:00:00+00:00 [queued]>
[2023-06-11T00:19:37.159+0000] {taskinstance.py:1165} INFO - Dependencies all met for <TaskInstance: a_user_processing.create_table scheduled__2023-06-10T00:00:00+00:00 [queued]>
[2023-06-11T00:19:37.161+0000] {taskinstance.py:1362} INFO - 
--------------------------------------------------------------------------------
[2023-06-11T00:19:37.162+0000] {taskinstance.py:1363} INFO - Starting attempt 1 of 1
[2023-06-11T00:19:37.163+0000] {taskinstance.py:1364} INFO - 
--------------------------------------------------------------------------------
[2023-06-11T00:19:37.188+0000] {taskinstance.py:1383} INFO - Executing <Task(PostgresOperator): create_table> on 2023-06-10 00:00:00+00:00
[2023-06-11T00:19:37.204+0000] {standard_task_runner.py:55} INFO - Started process 2900 to run task
[2023-06-11T00:19:37.213+0000] {standard_task_runner.py:82} INFO - Running: ['***', 'tasks', 'run', 'a_user_processing', 'create_table', 'scheduled__2023-06-10T00:00:00+00:00', '--job-id', '53', '--raw', '--subdir', 'DAGS_FOLDER/user_processing.py', '--cfg-path', '/tmp/tmpvqoiy9ag']
[2023-06-11T00:19:37.220+0000] {standard_task_runner.py:83} INFO - Job 53: Subtask create_table
[2023-06-11T00:19:37.332+0000] {task_command.py:376} INFO - Running <TaskInstance: a_user_processing.create_table scheduled__2023-06-10T00:00:00+00:00 [running]> on host c0d3dfdc775c
[2023-06-11T00:19:37.465+0000] {taskinstance.py:1592} INFO - Exporting the following env vars:
AIRFLOW_CTX_DAG_OWNER=***
AIRFLOW_CTX_DAG_ID=a_user_processing
AIRFLOW_CTX_TASK_ID=create_table
AIRFLOW_CTX_EXECUTION_DATE=2023-06-10T00:00:00+00:00
AIRFLOW_CTX_TRY_NUMBER=1
AIRFLOW_CTX_DAG_RUN_ID=scheduled__2023-06-10T00:00:00+00:00
[2023-06-11T00:19:37.483+0000] {base.py:71} INFO - Using connection ID 'postgres' for task execution.
[2023-06-11T00:19:37.495+0000] {sql.py:315} INFO - Running statement: 
          Create table if not exists users (
               firstname TEXT NOT NULL,
               lastname TEXT NOT NULL,
               country TEXT NOT NULL,
               username TEXT NOT NULL,
               password TEXT NOT NULL,
               email TEXT NOT NULL
          );
        , parameters: None
[2023-06-11T00:19:37.505+0000] {postgres.py:96} INFO - NOTICE:  relation "users" already exists, skipping

[2023-06-11T00:19:37.520+0000] {taskinstance.py:1406} INFO - Marking task as SUCCESS. dag_id=a_user_processing, task_id=create_table, execution_date=20230610T000000, start_date=20230611T001937, end_date=20230611T001937
[2023-06-11T00:19:37.592+0000] {local_task_job.py:164} INFO - Task exited with return code 0
[2023-06-11T00:19:37.625+0000] {local_task_job.py:273} INFO - 1 downstream tasks scheduled from follow-on schedule check
