[2023-06-13T07:09:13.572+0000] {taskinstance.py:1165} INFO - Dependencies all met for <TaskInstance: condition_trigger_dag.t2 manual__2023-06-13T07:09:10.927364+00:00 [queued]>
[2023-06-13T07:09:13.582+0000] {taskinstance.py:1165} INFO - Dependencies all met for <TaskInstance: condition_trigger_dag.t2 manual__2023-06-13T07:09:10.927364+00:00 [queued]>
[2023-06-13T07:09:13.583+0000] {taskinstance.py:1362} INFO - 
--------------------------------------------------------------------------------
[2023-06-13T07:09:13.584+0000] {taskinstance.py:1363} INFO - Starting attempt 1 of 1
[2023-06-13T07:09:13.585+0000] {taskinstance.py:1364} INFO - 
--------------------------------------------------------------------------------
[2023-06-13T07:09:13.595+0000] {taskinstance.py:1383} INFO - Executing <Task(BashOperator): t2> on 2023-06-13 07:09:10.927364+00:00
[2023-06-13T07:09:13.600+0000] {standard_task_runner.py:55} INFO - Started process 18669 to run task
[2023-06-13T07:09:13.604+0000] {standard_task_runner.py:82} INFO - Running: ['***', 'tasks', 'run', 'condition_trigger_dag', 't2', 'manual__2023-06-13T07:09:10.927364+00:00', '--job-id', '131', '--raw', '--subdir', 'DAGS_FOLDER/condition_trigger_dag.py', '--cfg-path', '/tmp/tmphjbl5xnl']
[2023-06-13T07:09:13.606+0000] {standard_task_runner.py:83} INFO - Job 131: Subtask t2
[2023-06-13T07:09:13.670+0000] {task_command.py:376} INFO - Running <TaskInstance: condition_trigger_dag.t2 manual__2023-06-13T07:09:10.927364+00:00 [running]> on host c0d3dfdc775c
[2023-06-13T07:09:13.734+0000] {taskinstance.py:1592} INFO - Exporting the following env vars:
AIRFLOW_CTX_DAG_OWNER=***
AIRFLOW_CTX_DAG_ID=condition_trigger_dag
AIRFLOW_CTX_TASK_ID=t2
AIRFLOW_CTX_EXECUTION_DATE=2023-06-13T07:09:10.927364+00:00
AIRFLOW_CTX_TRY_NUMBER=1
AIRFLOW_CTX_DAG_RUN_ID=manual__2023-06-13T07:09:10.927364+00:00
[2023-06-13T07:09:13.737+0000] {subprocess.py:63} INFO - Tmp dir root location: 
 /tmp
[2023-06-13T07:09:13.740+0000] {subprocess.py:75} INFO - Running command: ['/bin/bash', '-c', "echo 'execute t2'"]
[2023-06-13T07:09:13.754+0000] {subprocess.py:86} INFO - Output:
[2023-06-13T07:09:13.758+0000] {subprocess.py:93} INFO - execute t2
[2023-06-13T07:09:13.759+0000] {subprocess.py:97} INFO - Command exited with return code 0
[2023-06-13T07:09:13.787+0000] {taskinstance.py:1406} INFO - Marking task as SUCCESS. dag_id=condition_trigger_dag, task_id=t2, execution_date=20230613T070910, start_date=20230613T070913, end_date=20230613T070913
[2023-06-13T07:09:13.816+0000] {local_task_job.py:164} INFO - Task exited with return code 0
[2023-06-13T07:09:13.835+0000] {local_task_job.py:273} INFO - 0 downstream tasks scheduled from follow-on schedule check
