[2023-06-14T03:46:04.792+0000] {taskinstance.py:1165} INFO - Dependencies all met for <TaskInstance: condition_trigger_dag.check_condition manual__2023-06-14T03:46:01.998739+00:00 [queued]>
[2023-06-14T03:46:04.800+0000] {taskinstance.py:1165} INFO - Dependencies all met for <TaskInstance: condition_trigger_dag.check_condition manual__2023-06-14T03:46:01.998739+00:00 [queued]>
[2023-06-14T03:46:04.801+0000] {taskinstance.py:1362} INFO - 
--------------------------------------------------------------------------------
[2023-06-14T03:46:04.803+0000] {taskinstance.py:1363} INFO - Starting attempt 1 of 1
[2023-06-14T03:46:04.804+0000] {taskinstance.py:1364} INFO - 
--------------------------------------------------------------------------------
[2023-06-14T03:46:04.815+0000] {taskinstance.py:1383} INFO - Executing <Task(BranchPythonOperator): check_condition> on 2023-06-14 03:46:01.998739+00:00
[2023-06-14T03:46:04.820+0000] {standard_task_runner.py:55} INFO - Started process 306 to run task
[2023-06-14T03:46:04.838+0000] {standard_task_runner.py:82} INFO - Running: ['***', 'tasks', 'run', 'condition_trigger_dag', 'check_condition', 'manual__2023-06-14T03:46:01.998739+00:00', '--job-id', '161', '--raw', '--subdir', 'DAGS_FOLDER/condition_trigger_dag.py', '--cfg-path', '/tmp/tmp0w6x_kxl']
[2023-06-14T03:46:04.840+0000] {standard_task_runner.py:83} INFO - Job 161: Subtask check_condition
[2023-06-14T03:46:04.919+0000] {task_command.py:376} INFO - Running <TaskInstance: condition_trigger_dag.check_condition manual__2023-06-14T03:46:01.998739+00:00 [running]> on host 5f3b9c67a0bc
[2023-06-14T03:46:04.977+0000] {taskinstance.py:1592} INFO - Exporting the following env vars:
AIRFLOW_CTX_DAG_OWNER=***
AIRFLOW_CTX_DAG_ID=condition_trigger_dag
AIRFLOW_CTX_TASK_ID=check_condition
AIRFLOW_CTX_EXECUTION_DATE=2023-06-14T03:46:01.998739+00:00
AIRFLOW_CTX_TRY_NUMBER=1
AIRFLOW_CTX_DAG_RUN_ID=manual__2023-06-14T03:46:01.998739+00:00
[2023-06-14T03:46:04.990+0000] {logging_mixin.py:120} INFO - value
[2023-06-14T03:46:04.992+0000] {python.py:177} INFO - Done. Returned value was: t2
[2023-06-14T03:46:04.993+0000] {skipmixin.py:155} INFO - Following branch t2
[2023-06-14T03:46:04.995+0000] {skipmixin.py:190} INFO - Skipping tasks ['t3']
[2023-06-14T03:46:05.035+0000] {taskinstance.py:1406} INFO - Marking task as SUCCESS. dag_id=condition_trigger_dag, task_id=check_condition, execution_date=20230614T034601, start_date=20230614T034604, end_date=20230614T034605
[2023-06-14T03:46:05.058+0000] {local_task_job.py:164} INFO - Task exited with return code 0
[2023-06-14T03:46:05.093+0000] {local_task_job.py:273} INFO - 1 downstream tasks scheduled from follow-on schedule check
