[2023-06-14T03:46:09.294+0000] {taskinstance.py:1165} INFO - Dependencies all met for <TaskInstance: dataset_consumer.read_dataset manual__2023-06-14T03:46:07.970678+00:00 [queued]>
[2023-06-14T03:46:09.302+0000] {taskinstance.py:1165} INFO - Dependencies all met for <TaskInstance: dataset_consumer.read_dataset manual__2023-06-14T03:46:07.970678+00:00 [queued]>
[2023-06-14T03:46:09.303+0000] {taskinstance.py:1362} INFO - 
--------------------------------------------------------------------------------
[2023-06-14T03:46:09.305+0000] {taskinstance.py:1363} INFO - Starting attempt 1 of 1
[2023-06-14T03:46:09.306+0000] {taskinstance.py:1364} INFO - 
--------------------------------------------------------------------------------
[2023-06-14T03:46:09.315+0000] {taskinstance.py:1383} INFO - Executing <Task(_PythonDecoratedOperator): read_dataset> on 2023-06-14 03:46:07.970678+00:00
[2023-06-14T03:46:09.321+0000] {standard_task_runner.py:55} INFO - Started process 323 to run task
[2023-06-14T03:46:09.325+0000] {standard_task_runner.py:82} INFO - Running: ['***', 'tasks', 'run', 'dataset_consumer', 'read_dataset', 'manual__2023-06-14T03:46:07.970678+00:00', '--job-id', '164', '--raw', '--subdir', 'DAGS_FOLDER/consumer.py', '--cfg-path', '/tmp/tmp1xt2w8lu']
[2023-06-14T03:46:09.326+0000] {standard_task_runner.py:83} INFO - Job 164: Subtask read_dataset
[2023-06-14T03:46:09.391+0000] {task_command.py:376} INFO - Running <TaskInstance: dataset_consumer.read_dataset manual__2023-06-14T03:46:07.970678+00:00 [running]> on host 5f3b9c67a0bc
[2023-06-14T03:46:09.450+0000] {taskinstance.py:1592} INFO - Exporting the following env vars:
AIRFLOW_CTX_DAG_OWNER=***
AIRFLOW_CTX_DAG_ID=dataset_consumer
AIRFLOW_CTX_TASK_ID=read_dataset
AIRFLOW_CTX_EXECUTION_DATE=2023-06-14T03:46:07.970678+00:00
AIRFLOW_CTX_TRY_NUMBER=1
AIRFLOW_CTX_DAG_RUN_ID=manual__2023-06-14T03:46:07.970678+00:00
[2023-06-14T03:46:09.452+0000] {logging_mixin.py:120} INFO - producer update
[2023-06-14T03:46:09.453+0000] {python.py:177} INFO - Done. Returned value was: None
[2023-06-14T03:46:09.467+0000] {taskinstance.py:1406} INFO - Marking task as SUCCESS. dag_id=dataset_consumer, task_id=read_dataset, execution_date=20230614T034607, start_date=20230614T034609, end_date=20230614T034609
[2023-06-14T03:46:09.499+0000] {local_task_job.py:164} INFO - Task exited with return code 0
[2023-06-14T03:46:09.516+0000] {local_task_job.py:273} INFO - 0 downstream tasks scheduled from follow-on schedule check
