[2023-06-14T04:44:56.240+0000] {taskinstance.py:1165} INFO - Dependencies all met for <TaskInstance: endToend_user_processing.extract_user manual__2023-06-14T04:44:52.140702+00:00 [queued]>
[2023-06-14T04:44:56.249+0000] {taskinstance.py:1165} INFO - Dependencies all met for <TaskInstance: endToend_user_processing.extract_user manual__2023-06-14T04:44:52.140702+00:00 [queued]>
[2023-06-14T04:44:56.250+0000] {taskinstance.py:1362} INFO - 
--------------------------------------------------------------------------------
[2023-06-14T04:44:56.251+0000] {taskinstance.py:1363} INFO - Starting attempt 1 of 1
[2023-06-14T04:44:56.252+0000] {taskinstance.py:1364} INFO - 
--------------------------------------------------------------------------------
[2023-06-14T04:44:56.261+0000] {taskinstance.py:1383} INFO - Executing <Task(SimpleHttpOperator): extract_user> on 2023-06-14 04:44:52.140702+00:00
[2023-06-14T04:44:56.267+0000] {standard_task_runner.py:55} INFO - Started process 753 to run task
[2023-06-14T04:44:56.271+0000] {standard_task_runner.py:82} INFO - Running: ['***', 'tasks', 'run', 'endToend_user_processing', 'extract_user', 'manual__2023-06-14T04:44:52.140702+00:00', '--job-id', '23', '--raw', '--subdir', 'DAGS_FOLDER/user_processing.py', '--cfg-path', '/tmp/tmpqofo_1xt']
[2023-06-14T04:44:56.275+0000] {standard_task_runner.py:83} INFO - Job 23: Subtask extract_user
[2023-06-14T04:44:56.335+0000] {task_command.py:376} INFO - Running <TaskInstance: endToend_user_processing.extract_user manual__2023-06-14T04:44:52.140702+00:00 [running]> on host eccc8785320d
[2023-06-14T04:44:56.396+0000] {taskinstance.py:1592} INFO - Exporting the following env vars:
AIRFLOW_CTX_DAG_OWNER=***
AIRFLOW_CTX_DAG_ID=endToend_user_processing
AIRFLOW_CTX_TASK_ID=extract_user
AIRFLOW_CTX_EXECUTION_DATE=2023-06-14T04:44:52.140702+00:00
AIRFLOW_CTX_TRY_NUMBER=1
AIRFLOW_CTX_DAG_RUN_ID=manual__2023-06-14T04:44:52.140702+00:00
[2023-06-14T04:44:56.397+0000] {http.py:121} INFO - Calling HTTP method
[2023-06-14T04:44:56.407+0000] {base.py:71} INFO - Using connection ID 'user_api' for task execution.
[2023-06-14T04:44:56.409+0000] {http.py:148} INFO - Sending 'GET' to url: https://randomuser.me/api/
[2023-06-14T04:44:56.871+0000] {taskinstance.py:1406} INFO - Marking task as SUCCESS. dag_id=endToend_user_processing, task_id=extract_user, execution_date=20230614T044452, start_date=20230614T044456, end_date=20230614T044456
[2023-06-14T04:44:56.897+0000] {local_task_job.py:164} INFO - Task exited with return code 0
[2023-06-14T04:44:56.925+0000] {local_task_job.py:273} INFO - 1 downstream tasks scheduled from follow-on schedule check
