[2023-06-13T07:07:50.842+0000] {taskinstance.py:1165} INFO - Dependencies all met for <TaskInstance: condition_trigger_dag.t1 manual__2023-06-13T07:07:50.286551+00:00 [queued]>
[2023-06-13T07:07:50.851+0000] {taskinstance.py:1165} INFO - Dependencies all met for <TaskInstance: condition_trigger_dag.t1 manual__2023-06-13T07:07:50.286551+00:00 [queued]>
[2023-06-13T07:07:50.853+0000] {taskinstance.py:1362} INFO - 
--------------------------------------------------------------------------------
[2023-06-13T07:07:50.854+0000] {taskinstance.py:1363} INFO - Starting attempt 1 of 1
[2023-06-13T07:07:50.856+0000] {taskinstance.py:1364} INFO - 
--------------------------------------------------------------------------------
[2023-06-13T07:07:50.865+0000] {taskinstance.py:1383} INFO - Executing <Task(PythonOperator): t1> on 2023-06-13 07:07:50.286551+00:00
[2023-06-13T07:07:50.872+0000] {standard_task_runner.py:55} INFO - Started process 18586 to run task
[2023-06-13T07:07:50.877+0000] {standard_task_runner.py:82} INFO - Running: ['***', 'tasks', 'run', 'condition_trigger_dag', 't1', 'manual__2023-06-13T07:07:50.286551+00:00', '--job-id', '126', '--raw', '--subdir', 'DAGS_FOLDER/condition_trigger_dag.py', '--cfg-path', '/tmp/tmphz6ao9e4']
[2023-06-13T07:07:50.878+0000] {standard_task_runner.py:83} INFO - Job 126: Subtask t1
[2023-06-13T07:07:50.953+0000] {task_command.py:376} INFO - Running <TaskInstance: condition_trigger_dag.t1 manual__2023-06-13T07:07:50.286551+00:00 [running]> on host c0d3dfdc775c
[2023-06-13T07:07:51.013+0000] {taskinstance.py:1592} INFO - Exporting the following env vars:
AIRFLOW_CTX_DAG_OWNER=***
AIRFLOW_CTX_DAG_ID=condition_trigger_dag
AIRFLOW_CTX_TASK_ID=t1
AIRFLOW_CTX_EXECUTION_DATE=2023-06-13T07:07:50.286551+00:00
AIRFLOW_CTX_TRY_NUMBER=1
AIRFLOW_CTX_DAG_RUN_ID=manual__2023-06-13T07:07:50.286551+00:00
[2023-06-13T07:07:51.028+0000] {python.py:177} INFO - Done. Returned value was: None
[2023-06-13T07:07:51.040+0000] {taskinstance.py:1406} INFO - Marking task as SUCCESS. dag_id=condition_trigger_dag, task_id=t1, execution_date=20230613T070750, start_date=20230613T070750, end_date=20230613T070751
[2023-06-13T07:07:51.095+0000] {local_task_job.py:164} INFO - Task exited with return code 0
[2023-06-13T07:07:51.119+0000] {local_task_job.py:273} INFO - 1 downstream tasks scheduled from follow-on schedule check
