[2023-06-13T06:05:30.607+0000] {taskinstance.py:1165} INFO - Dependencies all met for <TaskInstance: group_dag.downloas.download_a scheduled__2023-06-12T00:00:00+00:00 [queued]>
[2023-06-13T06:05:30.627+0000] {taskinstance.py:1165} INFO - Dependencies all met for <TaskInstance: group_dag.downloas.download_a scheduled__2023-06-12T00:00:00+00:00 [queued]>
[2023-06-13T06:05:30.641+0000] {taskinstance.py:1362} INFO - 
--------------------------------------------------------------------------------
[2023-06-13T06:05:30.645+0000] {taskinstance.py:1363} INFO - Starting attempt 1 of 1
[2023-06-13T06:05:30.648+0000] {taskinstance.py:1364} INFO - 
--------------------------------------------------------------------------------
[2023-06-13T06:05:30.700+0000] {taskinstance.py:1383} INFO - Executing <Task(BashOperator): downloas.download_a> on 2023-06-12 00:00:00+00:00
[2023-06-13T06:05:30.729+0000] {standard_task_runner.py:55} INFO - Started process 15656 to run task
[2023-06-13T06:05:30.760+0000] {standard_task_runner.py:82} INFO - Running: ['***', 'tasks', 'run', 'group_dag', 'downloas.download_a', 'scheduled__2023-06-12T00:00:00+00:00', '--job-id', '70', '--raw', '--subdir', 'DAGS_FOLDER/group_dag.py', '--cfg-path', '/tmp/tmp82dtbcv2']
[2023-06-13T06:05:30.764+0000] {standard_task_runner.py:83} INFO - Job 70: Subtask downloas.download_a
[2023-06-13T06:05:31.071+0000] {task_command.py:376} INFO - Running <TaskInstance: group_dag.downloas.download_a scheduled__2023-06-12T00:00:00+00:00 [running]> on host c0d3dfdc775c
[2023-06-13T06:05:31.379+0000] {taskinstance.py:1592} INFO - Exporting the following env vars:
AIRFLOW_CTX_DAG_OWNER=***
AIRFLOW_CTX_DAG_ID=group_dag
AIRFLOW_CTX_TASK_ID=downloas.download_a
AIRFLOW_CTX_EXECUTION_DATE=2023-06-12T00:00:00+00:00
AIRFLOW_CTX_TRY_NUMBER=1
AIRFLOW_CTX_DAG_RUN_ID=scheduled__2023-06-12T00:00:00+00:00
[2023-06-13T06:05:31.392+0000] {subprocess.py:63} INFO - Tmp dir root location: 
 /tmp
[2023-06-13T06:05:31.397+0000] {subprocess.py:75} INFO - Running command: ['/bin/bash', '-c', 'sleep 10']
[2023-06-13T06:05:31.443+0000] {subprocess.py:86} INFO - Output:
[2023-06-13T06:05:41.467+0000] {subprocess.py:97} INFO - Command exited with return code 0
[2023-06-13T06:05:41.493+0000] {taskinstance.py:1406} INFO - Marking task as SUCCESS. dag_id=group_dag, task_id=downloas.download_a, execution_date=20230612T000000, start_date=20230613T060530, end_date=20230613T060541
[2023-06-13T06:05:41.531+0000] {local_task_job.py:164} INFO - Task exited with return code 0
[2023-06-13T06:05:41.552+0000] {local_task_job.py:273} INFO - 0 downstream tasks scheduled from follow-on schedule check
