[2023-06-08T11:18:24.611+0000] {taskinstance.py:1165} INFO - Dependencies all met for <TaskInstance: a_user_processing.extract_user scheduled__2023-06-07T00:00:00+00:00 [queued]>
[2023-06-08T11:18:24.621+0000] {taskinstance.py:1165} INFO - Dependencies all met for <TaskInstance: a_user_processing.extract_user scheduled__2023-06-07T00:00:00+00:00 [queued]>
[2023-06-08T11:18:24.622+0000] {taskinstance.py:1362} INFO - 
--------------------------------------------------------------------------------
[2023-06-08T11:18:24.623+0000] {taskinstance.py:1363} INFO - Starting attempt 1 of 1
[2023-06-08T11:18:24.624+0000] {taskinstance.py:1364} INFO - 
--------------------------------------------------------------------------------
[2023-06-08T11:18:24.634+0000] {taskinstance.py:1383} INFO - Executing <Task(SimpleHttpOperator): extract_user> on 2023-06-07 00:00:00+00:00
[2023-06-08T11:18:24.639+0000] {standard_task_runner.py:55} INFO - Started process 144 to run task
[2023-06-08T11:18:24.643+0000] {standard_task_runner.py:82} INFO - Running: ['***', 'tasks', 'run', 'a_user_processing', 'extract_user', 'scheduled__2023-06-07T00:00:00+00:00', '--job-id', '33', '--raw', '--subdir', 'DAGS_FOLDER/user_processing.py', '--cfg-path', '/tmp/tmpnjxfko4n']
[2023-06-08T11:18:24.646+0000] {standard_task_runner.py:83} INFO - Job 33: Subtask extract_user
[2023-06-08T11:18:24.711+0000] {task_command.py:376} INFO - Running <TaskInstance: a_user_processing.extract_user scheduled__2023-06-07T00:00:00+00:00 [running]> on host 2efdd707d2e6
[2023-06-08T11:18:24.773+0000] {taskinstance.py:1592} INFO - Exporting the following env vars:
AIRFLOW_CTX_DAG_OWNER=***
AIRFLOW_CTX_DAG_ID=a_user_processing
AIRFLOW_CTX_TASK_ID=extract_user
AIRFLOW_CTX_EXECUTION_DATE=2023-06-07T00:00:00+00:00
AIRFLOW_CTX_TRY_NUMBER=1
AIRFLOW_CTX_DAG_RUN_ID=scheduled__2023-06-07T00:00:00+00:00
[2023-06-08T11:18:24.775+0000] {http.py:121} INFO - Calling HTTP method
[2023-06-08T11:18:24.786+0000] {base.py:71} INFO - Using connection ID 'user_api' for task execution.
[2023-06-08T11:18:24.789+0000] {http.py:148} INFO - Sending 'GET' to url: https://randomuser.me/api/
[2023-06-08T11:18:25.670+0000] {taskinstance.py:1406} INFO - Marking task as SUCCESS. dag_id=a_user_processing, task_id=extract_user, execution_date=20230607T000000, start_date=20230608T111824, end_date=20230608T111825
[2023-06-08T11:18:25.691+0000] {local_task_job.py:164} INFO - Task exited with return code 0
[2023-06-08T11:18:25.715+0000] {local_task_job.py:273} INFO - 1 downstream tasks scheduled from follow-on schedule check
