[2023-06-07T16:41:21.085+0000] {taskinstance.py:1165} INFO - Dependencies all met for <TaskInstance: dataset_consumes_1.consuming_1 manual__2023-06-07T16:41:20.026772+00:00 [queued]>
[2023-06-07T16:41:21.094+0000] {taskinstance.py:1165} INFO - Dependencies all met for <TaskInstance: dataset_consumes_1.consuming_1 manual__2023-06-07T16:41:20.026772+00:00 [queued]>
[2023-06-07T16:41:21.095+0000] {taskinstance.py:1362} INFO - 
--------------------------------------------------------------------------------
[2023-06-07T16:41:21.096+0000] {taskinstance.py:1363} INFO - Starting attempt 1 of 1
[2023-06-07T16:41:21.098+0000] {taskinstance.py:1364} INFO - 
--------------------------------------------------------------------------------
[2023-06-07T16:41:21.108+0000] {taskinstance.py:1383} INFO - Executing <Task(BashOperator): consuming_1> on 2023-06-07 16:41:20.026772+00:00
[2023-06-07T16:41:21.113+0000] {standard_task_runner.py:55} INFO - Started process 345 to run task
[2023-06-07T16:41:21.118+0000] {standard_task_runner.py:82} INFO - Running: ['***', 'tasks', 'run', 'dataset_consumes_1', 'consuming_1', 'manual__2023-06-07T16:41:20.026772+00:00', '--job-id', '3', '--raw', '--subdir', '/home/***/.local/lib/python3.7/site-packages/***/example_dags/example_datasets.py', '--cfg-path', '/tmp/tmpq_5b2emt']
[2023-06-07T16:41:21.120+0000] {standard_task_runner.py:83} INFO - Job 3: Subtask consuming_1
[2023-06-07T16:41:21.180+0000] {task_command.py:376} INFO - Running <TaskInstance: dataset_consumes_1.consuming_1 manual__2023-06-07T16:41:20.026772+00:00 [running]> on host 2efdd707d2e6
[2023-06-07T16:41:21.237+0000] {taskinstance.py:1592} INFO - Exporting the following env vars:
AIRFLOW_CTX_DAG_OWNER=***
AIRFLOW_CTX_DAG_ID=dataset_consumes_1
AIRFLOW_CTX_TASK_ID=consuming_1
AIRFLOW_CTX_EXECUTION_DATE=2023-06-07T16:41:20.026772+00:00
AIRFLOW_CTX_TRY_NUMBER=1
AIRFLOW_CTX_DAG_RUN_ID=manual__2023-06-07T16:41:20.026772+00:00
[2023-06-07T16:41:21.240+0000] {subprocess.py:63} INFO - Tmp dir root location: 
 /tmp
[2023-06-07T16:41:21.241+0000] {subprocess.py:75} INFO - Running command: ['/bin/bash', '-c', 'sleep 5']
[2023-06-07T16:41:21.255+0000] {subprocess.py:86} INFO - Output:
[2023-06-07T16:41:26.262+0000] {subprocess.py:97} INFO - Command exited with return code 0
[2023-06-07T16:41:26.287+0000] {warnings.py:110} WARNING - /home/***/.local/lib/python3.7/site-packages/***/models/baseoperator.py:1390: RemovedInAirflow3Warning: Passing 'execution_date' to 'TaskInstance.xcom_push()' is deprecated.
  context['ti'].xcom_push(key=key, value=value, execution_date=execution_date)

[2023-06-07T16:41:26.313+0000] {taskinstance.py:1406} INFO - Marking task as SUCCESS. dag_id=dataset_consumes_1, task_id=consuming_1, execution_date=20230607T164120, start_date=20230607T164121, end_date=20230607T164126
[2023-06-07T16:41:26.354+0000] {local_task_job.py:164} INFO - Task exited with return code 0
[2023-06-07T16:41:26.375+0000] {local_task_job.py:273} INFO - 0 downstream tasks scheduled from follow-on schedule check
