[2023-06-14T00:13:54.771+0000] {taskinstance.py:1165} INFO - Dependencies all met for <TaskInstance: xcom_dag.downloading_data scheduled__2023-06-13T00:00:00+00:00 [queued]>
[2023-06-14T00:13:54.892+0000] {taskinstance.py:1165} INFO - Dependencies all met for <TaskInstance: xcom_dag.downloading_data scheduled__2023-06-13T00:00:00+00:00 [queued]>
[2023-06-14T00:13:54.906+0000] {taskinstance.py:1362} INFO - 
--------------------------------------------------------------------------------
[2023-06-14T00:13:54.909+0000] {taskinstance.py:1363} INFO - Starting attempt 1 of 1
[2023-06-14T00:13:54.913+0000] {taskinstance.py:1364} INFO - 
--------------------------------------------------------------------------------
[2023-06-14T00:13:55.048+0000] {taskinstance.py:1383} INFO - Executing <Task(BashOperator): downloading_data> on 2023-06-13 00:00:00+00:00
[2023-06-14T00:13:55.185+0000] {standard_task_runner.py:55} INFO - Started process 1114 to run task
[2023-06-14T00:13:55.223+0000] {standard_task_runner.py:82} INFO - Running: ['***', 'tasks', 'run', 'xcom_dag', 'downloading_data', 'scheduled__2023-06-13T00:00:00+00:00', '--job-id', '144', '--raw', '--subdir', 'DAGS_FOLDER/xcom_dag.py', '--cfg-path', '/tmp/tmp3m3vxlfy']
[2023-06-14T00:13:55.226+0000] {standard_task_runner.py:83} INFO - Job 144: Subtask downloading_data
[2023-06-14T00:13:56.035+0000] {task_command.py:376} INFO - Running <TaskInstance: xcom_dag.downloading_data scheduled__2023-06-13T00:00:00+00:00 [running]> on host 5f3b9c67a0bc
[2023-06-14T00:13:56.786+0000] {taskinstance.py:1592} INFO - Exporting the following env vars:
AIRFLOW_CTX_DAG_OWNER=***
AIRFLOW_CTX_DAG_ID=xcom_dag
AIRFLOW_CTX_TASK_ID=downloading_data
AIRFLOW_CTX_EXECUTION_DATE=2023-06-13T00:00:00+00:00
AIRFLOW_CTX_TRY_NUMBER=1
AIRFLOW_CTX_DAG_RUN_ID=scheduled__2023-06-13T00:00:00+00:00
[2023-06-14T00:13:56.803+0000] {subprocess.py:63} INFO - Tmp dir root location: 
 /tmp
[2023-06-14T00:13:56.825+0000] {subprocess.py:75} INFO - Running command: ['/bin/bash', '-c', 'sleep 3']
[2023-06-14T00:13:56.911+0000] {subprocess.py:86} INFO - Output:
[2023-06-14T00:13:59.928+0000] {subprocess.py:97} INFO - Command exited with return code 0
[2023-06-14T00:14:00.084+0000] {taskinstance.py:1406} INFO - Marking task as SUCCESS. dag_id=xcom_dag, task_id=downloading_data, execution_date=20230613T000000, start_date=20230614T001354, end_date=20230614T001400
[2023-06-14T00:14:00.199+0000] {local_task_job.py:164} INFO - Task exited with return code 0
[2023-06-14T00:14:00.351+0000] {local_task_job.py:273} INFO - 3 downstream tasks scheduled from follow-on schedule check
[2023-06-14T04:38:11.061+0000] {taskinstance.py:1165} INFO - Dependencies all met for <TaskInstance: xcom_dag.downloading_data scheduled__2023-06-13T00:00:00+00:00 [queued]>
[2023-06-14T04:38:11.070+0000] {taskinstance.py:1165} INFO - Dependencies all met for <TaskInstance: xcom_dag.downloading_data scheduled__2023-06-13T00:00:00+00:00 [queued]>
[2023-06-14T04:38:11.071+0000] {taskinstance.py:1362} INFO - 
--------------------------------------------------------------------------------
[2023-06-14T04:38:11.072+0000] {taskinstance.py:1363} INFO - Starting attempt 1 of 1
[2023-06-14T04:38:11.073+0000] {taskinstance.py:1364} INFO - 
--------------------------------------------------------------------------------
[2023-06-14T04:38:11.089+0000] {taskinstance.py:1383} INFO - Executing <Task(BashOperator): downloading_data> on 2023-06-13 00:00:00+00:00
[2023-06-14T04:38:11.094+0000] {standard_task_runner.py:55} INFO - Started process 393 to run task
[2023-06-14T04:38:11.100+0000] {standard_task_runner.py:82} INFO - Running: ['***', 'tasks', 'run', 'xcom_dag', 'downloading_data', 'scheduled__2023-06-13T00:00:00+00:00', '--job-id', '12', '--raw', '--subdir', 'DAGS_FOLDER/xcom_dag.py', '--cfg-path', '/tmp/tmpny7z9fdl']
[2023-06-14T04:38:11.101+0000] {standard_task_runner.py:83} INFO - Job 12: Subtask downloading_data
[2023-06-14T04:38:11.180+0000] {task_command.py:376} INFO - Running <TaskInstance: xcom_dag.downloading_data scheduled__2023-06-13T00:00:00+00:00 [running]> on host eccc8785320d
[2023-06-14T04:38:11.260+0000] {taskinstance.py:1592} INFO - Exporting the following env vars:
AIRFLOW_CTX_DAG_OWNER=***
AIRFLOW_CTX_DAG_ID=xcom_dag
AIRFLOW_CTX_TASK_ID=downloading_data
AIRFLOW_CTX_EXECUTION_DATE=2023-06-13T00:00:00+00:00
AIRFLOW_CTX_TRY_NUMBER=1
AIRFLOW_CTX_DAG_RUN_ID=scheduled__2023-06-13T00:00:00+00:00
[2023-06-14T04:38:11.266+0000] {subprocess.py:63} INFO - Tmp dir root location: 
 /tmp
[2023-06-14T04:38:11.270+0000] {subprocess.py:75} INFO - Running command: ['/bin/bash', '-c', 'sleep 3']
[2023-06-14T04:38:11.308+0000] {subprocess.py:86} INFO - Output:
[2023-06-14T04:38:14.314+0000] {subprocess.py:97} INFO - Command exited with return code 0
[2023-06-14T04:38:14.342+0000] {taskinstance.py:1406} INFO - Marking task as SUCCESS. dag_id=xcom_dag, task_id=downloading_data, execution_date=20230613T000000, start_date=20230614T043811, end_date=20230614T043814
[2023-06-14T04:38:14.391+0000] {local_task_job.py:164} INFO - Task exited with return code 0
[2023-06-14T04:38:14.418+0000] {local_task_job.py:273} INFO - 3 downstream tasks scheduled from follow-on schedule check
