[2023-06-13T07:09:12.600+0000] {taskinstance.py:1165} INFO - Dependencies all met for <TaskInstance: condition_trigger_dag.check_condition manual__2023-06-13T07:09:10.927364+00:00 [queued]>
[2023-06-13T07:09:12.608+0000] {taskinstance.py:1165} INFO - Dependencies all met for <TaskInstance: condition_trigger_dag.check_condition manual__2023-06-13T07:09:10.927364+00:00 [queued]>
[2023-06-13T07:09:12.609+0000] {taskinstance.py:1362} INFO - 
--------------------------------------------------------------------------------
[2023-06-13T07:09:12.611+0000] {taskinstance.py:1363} INFO - Starting attempt 1 of 1
[2023-06-13T07:09:12.612+0000] {taskinstance.py:1364} INFO - 
--------------------------------------------------------------------------------
[2023-06-13T07:09:12.623+0000] {taskinstance.py:1383} INFO - Executing <Task(BranchPythonOperator): check_condition> on 2023-06-13 07:09:10.927364+00:00
[2023-06-13T07:09:12.628+0000] {standard_task_runner.py:55} INFO - Started process 18667 to run task
[2023-06-13T07:09:12.634+0000] {standard_task_runner.py:82} INFO - Running: ['***', 'tasks', 'run', 'condition_trigger_dag', 'check_condition', 'manual__2023-06-13T07:09:10.927364+00:00', '--job-id', '130', '--raw', '--subdir', 'DAGS_FOLDER/condition_trigger_dag.py', '--cfg-path', '/tmp/tmpckq_m8fx']
[2023-06-13T07:09:12.636+0000] {standard_task_runner.py:83} INFO - Job 130: Subtask check_condition
[2023-06-13T07:09:12.714+0000] {task_command.py:376} INFO - Running <TaskInstance: condition_trigger_dag.check_condition manual__2023-06-13T07:09:10.927364+00:00 [running]> on host c0d3dfdc775c
[2023-06-13T07:09:12.768+0000] {taskinstance.py:1592} INFO - Exporting the following env vars:
AIRFLOW_CTX_DAG_OWNER=***
AIRFLOW_CTX_DAG_ID=condition_trigger_dag
AIRFLOW_CTX_TASK_ID=check_condition
AIRFLOW_CTX_EXECUTION_DATE=2023-06-13T07:09:10.927364+00:00
AIRFLOW_CTX_TRY_NUMBER=1
AIRFLOW_CTX_DAG_RUN_ID=manual__2023-06-13T07:09:10.927364+00:00
[2023-06-13T07:09:12.780+0000] {logging_mixin.py:120} INFO - value
[2023-06-13T07:09:12.782+0000] {python.py:177} INFO - Done. Returned value was: t2
[2023-06-13T07:09:12.783+0000] {skipmixin.py:155} INFO - Following branch t2
[2023-06-13T07:09:12.785+0000] {skipmixin.py:190} INFO - Skipping tasks ['t3']
[2023-06-13T07:09:12.824+0000] {taskinstance.py:1406} INFO - Marking task as SUCCESS. dag_id=condition_trigger_dag, task_id=check_condition, execution_date=20230613T070910, start_date=20230613T070912, end_date=20230613T070912
[2023-06-13T07:09:12.847+0000] {local_task_job.py:164} INFO - Task exited with return code 0
[2023-06-13T07:09:12.876+0000] {local_task_job.py:273} INFO - 1 downstream tasks scheduled from follow-on schedule check
